[01m[K/home/gin/ros/workspaces/final/src/tum_ics_ur10_controller_tutorial/src/jointspace_controller.cpp:[m[K In member function â€˜[01m[KTum::Vector6d tum_ics_ur_robot_lli::RobotControllers::JointSpaceController_1::operational_control_tracking(Tum::Vector6d, Tum::Vector6d, Tum::Vector6d, double, double, const tum_ics_ur_robot_lli::RobotTime&)[m[Kâ€™:
[01m[K/home/gin/ros/workspaces/final/src/tum_ics_ur10_controller_tutorial/src/jointspace_controller.cpp:952:7:[m[K [01;31m[Kerror: [m[Kâ€˜[01m[KXd_v[m[Kâ€™ was not declared in this scope
  952 |       [01;31m[KXd_v[m[K = T_ef_0_start_.position() + offset;
      |       [01;31m[K^~~~[m[K
[01m[K/home/gin/ros/workspaces/final/src/tum_ics_ur10_controller_tutorial/src/jointspace_controller.cpp:967:22:[m[K [01;31m[Kerror: [m[Kâ€˜[01m[KR_goal[m[Kâ€™ was not declared in this scope; did you mean â€˜[01m[KQ_goal[m[Kâ€™?
  967 |       Quaterniond kd([01;31m[KR_goal[m[K);
      |                      [01;31m[K^~~~~~[m[K
      |                      [32m[KQ_goal[m[K
[01m[K/home/gin/ros/workspaces/final/src/tum_ics_ur10_controller_tutorial/src/jointspace_controller.cpp:[m[K In member function â€˜[01m[KEigen::Matrix3d tum_ics_ur_robot_lli::RobotControllers::JointSpaceController_1::R_for_marker_tracking()[m[Kâ€™:
[01m[K/home/gin/ros/workspaces/final/src/tum_ics_ur10_controller_tutorial/src/jointspace_controller.cpp:975:60:[m[K [01;31m[Kerror: [m[Kâ€˜[01m[KQ[m[Kâ€™ was not declared in this scope
  975 |       cc::HomogeneousTransformation T_ef_0 = model_.T_ef_0([01;31m[KQ[m[K);
      |                                                            [01;31m[K^[m[K
make[2]: *** [CMakeFiles/ur10_control.dir/build.make:63: CMakeFiles/ur10_control.dir/src/jointspace_controller.cpp.o] Error 1
make[1]: *** [CMakeFiles/Makefile2:2045: CMakeFiles/ur10_control.dir/all] Error 2
make: *** [Makefile:141: all] Error 2
