[01m[K/home/gin/ros/workspaces/final/src/tum_ics_ur10_controller_tutorial/src/jointspace_controller_1.cpp:[m[K In member function â€˜[01m[KTum::Vector6d tum_ics_ur_robot_lli::RobotControllers::JointSpaceController_1::impedance_control_joint3(Tum::Vector6d, Tum::Vector6d, Tum::Vector7d, Tum::Vector6d)[m[Kâ€™:
[01m[K/home/gin/ros/workspaces/final/src/tum_ics_ur10_controller_tutorial/src/jointspace_controller_1.cpp:840:24:[m[K [01;31m[Kerror: [m[Kno matching function for call to â€˜[01m[Kur::URModel::matrix_IK()[m[Kâ€™
  840 |       model_.matrix_IK([01;31m[K)[m[K
      |                        [01;31m[K^[m[K
In file included from [01m[K/home/gin/ros/workspaces/final/src/tum_ics_ur10_controller_tutorial/include/tum_ics_ur10_controller_tutorial/jointspace_controller_1.h:5[m[K,
                 from [01m[K/home/gin/ros/workspaces/final/src/tum_ics_ur10_controller_tutorial/src/jointspace_controller_1.cpp:1[m[K:
[01m[K/home/gin/ros/workspaces/final/src/ur_model/include/ur_model/ur_model.h:374:10:[m[K [01;36m[Knote: [m[Kcandidate: â€˜[01m[Kvoid ur::URModel::matrix_IK(ur::URModel::IKSolutions&, const HomogeneousTransformation&, cc::Scalar) const[m[Kâ€™
  374 |     void [01;36m[Kmatrix_IK[m[K(IKSolutions &Qs, const cc::HomogeneousTransformation &Tef, cc::Scalar q6_d) const;
      |          [01;36m[K^~~~~~~~~[m[K
[01m[K/home/gin/ros/workspaces/final/src/ur_model/include/ur_model/ur_model.h:374:10:[m[K [01;36m[Knote: [m[K  candidate expects 3 arguments, 0 provided
make[2]: *** [CMakeFiles/ur10_control.dir/build.make:76: CMakeFiles/ur10_control.dir/src/jointspace_controller_1.cpp.o] Error 1
make[1]: *** [CMakeFiles/Makefile2:2045: CMakeFiles/ur10_control.dir/all] Error 2
make: *** [Makefile:141: all] Error 2
