[01m[K/home/gin/ros/workspaces/final/src/tum_ics_ur10_controller_tutorial/src/jointspace_controller.cpp:[m[K In member function â€˜[01m[KTum::Vector6d tum_ics_ur_robot_lli::RobotControllers::JointSpaceController_1::operational_control(Tum::Vector6d, Tum::Vector6d, Tum::Vector6d, double, double, const tum_ics_ur_robot_lli::RobotTime&)[m[Kâ€™:
[01m[K/home/gin/ros/workspaces/final/src/tum_ics_ur10_controller_tutorial/src/jointspace_controller.cpp:750:39:[m[K [01;31m[Kerror: [m[Kâ€˜[01m[KXdp_eul[m[Kâ€™ was not declared in this scope; did you mean â€˜[01m[KXp_eul[m[Kâ€™?
  750 |       Vector3d DeltaXp_eul = Xp_eul - [01;31m[KXdp_eul[m[K;
      |                                       [01;31m[K^~~~~~~[m[K
      |                                       [32m[KXp_eul[m[K
[01m[K/home/gin/ros/workspaces/final/src/tum_ics_ur10_controller_tutorial/src/jointspace_controller.cpp:752:29:[m[K [01;31m[Kerror: [m[Kâ€˜[01m[KDeltaXp_w[m[Kâ€™ was not declared in this scope; did you mean â€˜[01m[KDeltaXp_v[m[Kâ€™?
  752 |       DeltaXp << DeltaXp_v, [01;31m[KDeltaXp_w[m[K;
      |                             [01;31m[K^~~~~~~~~[m[K
      |                             [32m[KDeltaXp_v[m[K
[01m[K/home/gin/ros/workspaces/final/src/tum_ics_ur10_controller_tutorial/src/jointspace_controller.cpp:808:35:[m[K [01;31m[Kerror: [m[Kâ€˜[01m[Kkd[m[Kâ€™ was not declared in this scope; did you mean â€˜[01m[KRd[m[Kâ€™?
  808 |       pose_d.pose.orientation.w = [01;31m[Kkd[m[K.w();
      |                                   [01;31m[K^~[m[K
      |                                   [32m[KRd[m[K
make[2]: *** [CMakeFiles/ur10_control.dir/build.make:63: CMakeFiles/ur10_control.dir/src/jointspace_controller.cpp.o] Error 1
make[1]: *** [CMakeFiles/Makefile2:2045: CMakeFiles/ur10_control.dir/all] Error 2
make: *** [Makefile:141: all] Error 2
