In file included from [01m[K/home/gin/ros/workspaces/final/src/tum_ics_ur10_controller_tutorial/src/jointspace_controller_1.cpp:1[m[K:
[01m[K/home/gin/ros/workspaces/final/src/tum_ics_ur10_controller_tutorial/include/tum_ics_ur10_controller_tutorial/jointspace_controller_1.h:156:4:[m[K [01;31m[Kerror: [m[Kexpected â€˜[01m[K;[m[Kâ€™ after class definition
  156 |   }[01;31m[K [m[K// namespace RobotControllers
      |    [01;31m[K^[m[K
      |    [32m[K;[m[K
[01m[K/home/gin/ros/workspaces/final/src/tum_ics_ur10_controller_tutorial/include/tum_ics_ur10_controller_tutorial/jointspace_controller_1.h:[m[K In member function â€˜[01m[KTum::Vector6d tum_ics_ur_robot_lli::RobotControllers::JointSpaceController_1::operational_control_multi_obstacle_avoidance_and_circular_motion(Tum::Vector6d, Tum::Vector6d, Tum::Vector6d, double, double, const tum_ics_ur_robot_lli::RobotTime&)[m[Kâ€™:
[01m[K/home/gin/ros/workspaces/final/src/tum_ics_ur10_controller_tutorial/include/tum_ics_ur10_controller_tutorial/jointspace_controller_1.h:149:5:[m[K [01;31m[Kerror: [m[Kexpected primary-expression before â€˜[01m[Kpublic[m[Kâ€™
  149 |     [01;31m[Kpublic[m[K:
      |     [01;31m[K^~~~~~[m[K
In file included from [01m[K/home/gin/ros/workspaces/final/src/tum_ics_ur10_controller_tutorial/src/jointspace_controller_1.cpp:3[m[K:
[01m[K/opt/ros/noetic/include/tum_ics_ur_robot_msgs/ControlData.h:[m[K At global scope:
[01m[K/opt/ros/noetic/include/tum_ics_ur_robot_msgs/ControlData.h:205:32:[m[K [01;31m[Kerror: [m[Kâ€˜[01m[K::tum_ics_ur_robot_msgs[m[Kâ€™ has not been declared; did you mean â€˜[01m[Ktum_ics_ur_robot_lli::tum_ics_ur_robot_msgs[m[Kâ€™?
  205 |   typedef boost::shared_ptr< ::[01;31m[Ktum_ics_ur_robot_msgs[m[K::ControlData_<ContainerAllocator> > Ptr;
      |                                [01;31m[K^~~~~~~~~~~~~~~~~~~~~[m[K
      |                                [32m[Ktum_ics_ur_robot_lli::tum_ics_ur_robot_msgs[m[K
[01m[K/opt/ros/noetic/include/tum_ics_ur_robot_msgs/ControlData.h:20:11:[m[K [01;36m[Knote: [m[Kâ€˜[01m[Ktum_ics_ur_robot_lli::tum_ics_ur_robot_msgs[m[Kâ€™ declared here
   20 | namespace [01;36m[Ktum_ics_ur_robot_msgs[m[K
      |           [01;36m[K^~~~~~~~~~~~~~~~~~~~~[m[K
[01m[K/opt/ros/noetic/include/tum_ics_ur_robot_msgs/ControlData.h:205:32:[m[K [01;31m[Kerror: [m[Kâ€˜[01m[K::tum_ics_ur_robot_msgs[m[Kâ€™ has not been declared; did you mean â€˜[01m[Ktum_ics_ur_robot_lli::tum_ics_ur_robot_msgs[m[Kâ€™?
  205 |   typedef boost::shared_ptr< ::[01;31m[Ktum_ics_ur_robot_msgs[m[K::ControlData_<ContainerAllocator> > Ptr;
      |                                [01;31m[K^~~~~~~~~~~~~~~~~~~~~[m[K
      |                                [32m[Ktum_ics_ur_robot_lli::tum_ics_ur_robot_msgs[m[K
[01m[K/opt/ros/noetic/include/tum_ics_ur_robot_msgs/ControlData.h:20:11:[m[K [01;36m[Knote: [m[Kâ€˜[01m[Ktum_ics_ur_robot_lli::tum_ics_ur_robot_msgs[m[Kâ€™ declared here
   20 | namespace [01;36m[Ktum_ics_ur_robot_msgs[m[K
      |           [01;36m[K^~~~~~~~~~~~~~~~~~~~~[m[K
[01m[K/opt/ros/noetic/include/tum_ics_ur_robot_msgs/ControlData.h:205:88:[m[K [01;31m[Kerror: [m[Ktemplate argument 1 is invalid
  205 |   typedef boost::shared_ptr< ::tum_ics_ur_robot_msgs::ControlData_<ContainerAllocator> [01;31m[K>[m[K Ptr;
      |                                                                                        [01;31m[K^[m[K
[01m[K/opt/ros/noetic/include/tum_ics_ur_robot_msgs/ControlData.h:206:32:[m[K [01;31m[Kerror: [m[Kâ€˜[01m[K::tum_ics_ur_robot_msgs[m[Kâ€™ has not been declared; did you mean â€˜[01m[Ktum_ics_ur_robot_lli::tum_ics_ur_robot_msgs[m[Kâ€™?
  206 |   typedef boost::shared_ptr< ::[01;31m[Ktum_ics_ur_robot_msgs[m[K::ControlData_<ContainerAllocator> const> ConstPtr;
      |                                [01;31m[K^~~~~~~~~~~~~~~~~~~~~[m[K
      |                                [32m[Ktum_ics_ur_robot_lli::tum_ics_ur_robot_msgs[m[K
[01m[K/opt/ros/noetic/include/tum_ics_ur_robot_msgs/ControlData.h:20:11:[m[K [01;36m[Knote: [m[Kâ€˜[01m[Ktum_ics_ur_robot_lli::tum_ics_ur_robot_msgs[m[Kâ€™ declared here
   20 | namespace [01;36m[Ktum_ics_ur_robot_msgs[m[K
      |           [01;36m[K^~~~~~~~~~~~~~~~~~~~~[m[K
[01m[K/opt/ros/noetic/include/tum_ics_ur_robot_msgs/ControlData.h:206:32:[m[K [01;31m[Kerror: [m[Kâ€˜[01m[K::tum_ics_ur_robot_msgs[m[Kâ€™ has not been declared; did you mean â€˜[01m[Ktum_ics_ur_robot_lli::tum_ics_ur_robot_msgs[m[Kâ€™?
  206 |   typedef boost::shared_ptr< ::[01;31m[Ktum_ics_ur_robot_msgs[m[K::ControlData_<ContainerAllocator> const> ConstPtr;
      |                                [01;31m[K^~~~~~~~~~~~~~~~~~~~~[m[K
      |                                [32m[Ktum_ics_ur_robot_lli::tum_ics_ur_robot_msgs[m[K
[01m[K/opt/ros/noetic/include/tum_ics_ur_robot_msgs/ControlData.h:20:11:[m[K [01;36m[Knote: [m[Kâ€˜[01m[Ktum_ics_ur_robot_lli::tum_ics_ur_robot_msgs[m[Kâ€™ declared here
   20 | namespace [01;36m[Ktum_ics_ur_robot_msgs[m[K
      |           [01;36m[K^~~~~~~~~~~~~~~~~~~~~[m[K
[01m[K/opt/ros/noetic/include/tum_ics_ur_robot_msgs/ControlData.h:206:93:[m[K [01;31m[Kerror: [m[Ktemplate argument 1 is invalid
  206 |   typedef boost::shared_ptr< ::tum_ics_ur_robot_msgs::ControlData_<ContainerAllocator> const[01;31m[K>[m[K ConstPtr;
      |                                                                                             [01;31m[K^[m[K
[01m[K/opt/ros/noetic/include/tum_ics_ur_robot_msgs/ControlData.h:210:11:[m[K [01;31m[Kerror: [m[Kâ€˜[01m[Ktum_ics_ur_robot_msgs[m[Kâ€™ in namespace â€˜[01m[K::[m[Kâ€™ does not name a type; did you mean â€˜[01m[Ktum_ics_ur_robot_lli[m[Kâ€™?
  210 | typedef ::[01;31m[Ktum_ics_ur_robot_msgs[m[K::ControlData_<std::allocator<void> > ControlData;
      |           [01;31m[K^~~~~~~~~~~~~~~~~~~~~[m[K
      |           [32m[Ktum_ics_ur_robot_lli[m[K
[01m[K/opt/ros/noetic/include/tum_ics_ur_robot_msgs/ControlData.h:212:30:[m[K [01;31m[Kerror: [m[Kâ€˜[01m[K::tum_ics_ur_robot_msgs[m[Kâ€™ has not been declared; did you mean â€˜[01m[Ktum_ics_ur_robot_lli::tum_ics_ur_robot_msgs[m[Kâ€™?
  212 | typedef boost::shared_ptr< ::[01;31m[Ktum_ics_ur_robot_msgs[m[K::ControlData > ControlDataPtr;
      |                              [01;31m[K^~~~~~~~~~~~~~~~~~~~~[m[K
      |                              [32m[Ktum_ics_ur_robot_lli::tum_ics_ur_robot_msgs[m[K
[01m[K/opt/ros/noetic/include/tum_ics_ur_robot_msgs/ControlData.h:20:11:[m[K [01;36m[Knote: [m[Kâ€˜[01m[Ktum_ics_ur_robot_lli::tum_ics_ur_robot_msgs[m[Kâ€™ declared here
   20 | namespace [01;36m[Ktum_ics_ur_robot_msgs[m[K
      |           [01;36m[K^~~~~~~~~~~~~~~~~~~~~[m[K
[01m[K/opt/ros/noetic/include/tum_ics_ur_robot_msgs/ControlData.h:212:30:[m[K [01;31m[Kerror: [m[Kâ€˜[01m[K::tum_ics_ur_robot_msgs[m[Kâ€™ has not been declared; did you mean â€˜[01m[Ktum_ics_ur_robot_lli::tum_ics_ur_robot_msgs[m[Kâ€™?
  212 | typedef boost::shared_ptr< ::[01;31m[Ktum_ics_ur_robot_msgs[m[K::ControlData > ControlDataPtr;
      |                              [01;31m[K^~~~~~~~~~~~~~~~~~~~~[m[K
      |                              [32m[Ktum_ics_ur_robot_lli::tum_ics_ur_robot_msgs[m[K
[01m[K/opt/ros/noetic/include/tum_ics_ur_robot_msgs/ControlData.h:20:11:[m[K [01;36m[Knote: [m[Kâ€˜[01m[Ktum_ics_ur_robot_lli::tum_ics_ur_robot_msgs[m[Kâ€™ declared here
   20 | namespace [01;36m[Ktum_ics_ur_robot_msgs[m[K
      |           [01;36m[K^~~~~~~~~~~~~~~~~~~~~[m[K
[01m[K/opt/ros/noetic/include/tum_ics_ur_robot_msgs/ControlData.h:212:65:[m[K [01;31m[Kerror: [m[Ktemplate argument 1 is invalid
  212 | typedef boost::shared_ptr< ::tum_ics_ur_robot_msgs::ControlData [01;31m[K>[m[K ControlDataPtr;
      |                                                                 [01;31m[K^[m[K
[01m[K/opt/ros/noetic/include/tum_ics_ur_robot_msgs/ControlData.h:213:30:[m[K [01;31m[Kerror: [m[Kâ€˜[01m[K::tum_ics_ur_robot_msgs[m[Kâ€™ has not been declared; did you mean â€˜[01m[Ktum_ics_ur_robot_lli::tum_ics_ur_robot_msgs[m[Kâ€™?
  213 | typedef boost::shared_ptr< ::[01;31m[Ktum_ics_ur_robot_msgs[m[K::ControlData const> ControlDataConstPtr;
      |                              [01;31m[K^~~~~~~~~~~~~~~~~~~~~[m[K
      |                              [32m[Ktum_ics_ur_robot_lli::tum_ics_ur_robot_msgs[m[K
[01m[K/opt/ros/noetic/include/tum_ics_ur_robot_msgs/ControlData.h:20:11:[m[K [01;36m[Knote: [m[Kâ€˜[01m[Ktum_ics_ur_robot_lli::tum_ics_ur_robot_msgs[m[Kâ€™ declared here
   20 | namespace [01;36m[Ktum_ics_ur_robot_msgs[m[K
      |           [01;36m[K^~~~~~~~~~~~~~~~~~~~~[m[K
[01m[K/opt/ros/noetic/include/tum_ics_ur_robot_msgs/ControlData.h:213:30:[m[K [01;31m[Kerror: [m[Kâ€˜[01m[K::tum_ics_ur_robot_msgs[m[Kâ€™ has not been declared; did you mean â€˜[01m[Ktum_ics_ur_robot_lli::tum_ics_ur_robot_msgs[m[Kâ€™?
  213 | typedef boost::shared_ptr< ::[01;31m[Ktum_ics_ur_robot_msgs[m[K::ControlData const> ControlDataConstPtr;
      |                              [01;31m[K^~~~~~~~~~~~~~~~~~~~~[m[K
      |                              [32m[Ktum_ics_ur_robot_lli::tum_ics_ur_robot_msgs[m[K
[01m[K/opt/ros/noetic/include/tum_ics_ur_robot_msgs/ControlData.h:20:11:[m[K [01;36m[Knote: [m[Kâ€˜[01m[Ktum_ics_ur_robot_lli::tum_ics_ur_robot_msgs[m[Kâ€™ declared here
   20 | namespace [01;36m[Ktum_ics_ur_robot_msgs[m[K
      |           [01;36m[K^~~~~~~~~~~~~~~~~~~~~[m[K
[01m[K/opt/ros/noetic/include/tum_ics_ur_robot_msgs/ControlData.h:213:70:[m[K [01;31m[Kerror: [m[Ktemplate argument 1 is invalid
  213 | typedef boost::shared_ptr< ::tum_ics_ur_robot_msgs::ControlData const[01;31m[K>[m[K ControlDataConstPtr;
      |                                                                      [01;31m[K^[m[K
[01m[K/opt/ros/noetic/include/tum_ics_ur_robot_msgs/ControlData.h:220:51:[m[K [01;31m[Kerror: [m[Kâ€˜[01m[Ktum_ics_ur_robot_msgs[m[Kâ€™ in namespace â€˜[01m[K::[m[Kâ€™ does not name a type; did you mean â€˜[01m[Ktum_ics_ur_robot_lli[m[Kâ€™?
  220 | std::ostream& operator<<(std::ostream& s, const ::[01;31m[Ktum_ics_ur_robot_msgs[m[K::ControlData_<ContainerAllocator> & v)
      |                                                   [01;31m[K^~~~~~~~~~~~~~~~~~~~~[m[K
      |                                                   [32m[Ktum_ics_ur_robot_lli[m[K
[01m[K/opt/ros/noetic/include/tum_ics_ur_robot_msgs/ControlData.h:220:86:[m[K [01;31m[Kerror: [m[Kexpected unqualified-id before â€˜[01m[K<[m[Kâ€™ token
  220 | std::ostream& operator<<(std::ostream& s, const ::tum_ics_ur_robot_msgs::ControlData_[01;31m[K<[m[KContainerAllocator> & v)
      |                                                                                      [01;31m[K^[m[K
[01m[K/opt/ros/noetic/include/tum_ics_ur_robot_msgs/ControlData.h:220:86:[m[K [01;31m[Kerror: [m[Kexpected â€˜[01m[K)[m[Kâ€™ before â€˜[01m[K<[m[Kâ€™ token
  220 | std::ostream& operator<<[34m[K([m[Kstd::ostream& s, const ::tum_ics_ur_robot_msgs::ControlData_[01;31m[K<[m[KContainerAllocator> & v)
      |                         [34m[K~[m[K                                                            [01;31m[K^[m[K
      |                                                                                      [32m[K)[m[K
[01m[K/opt/ros/noetic/include/tum_ics_ur_robot_msgs/ControlData.h:220:86:[m[K [01;31m[Kerror: [m[Kexpected initializer before â€˜[01m[K<[m[Kâ€™ token
[01m[K/opt/ros/noetic/include/tum_ics_ur_robot_msgs/ControlData.h:228:25:[m[K [01;31m[Kerror: [m[Kâ€˜[01m[Ktum_ics_ur_robot_msgs[m[Kâ€™ in namespace â€˜[01m[K::[m[Kâ€™ does not name a type; did you mean â€˜[01m[Ktum_ics_ur_robot_lli[m[Kâ€™?
  228 | bool operator==(const ::[01;31m[Ktum_ics_ur_robot_msgs[m[K::ControlData_<ContainerAllocator1> & lhs, const ::tum_ics_ur_robot_msgs::ControlData_<ContainerAllocator2> & rhs)
      |                         [01;31m[K^~~~~~~~~~~~~~~~~~~~~[m[K
      |                         [32m[Ktum_ics_ur_robot_lli[m[K
[01m[K/opt/ros/noetic/include/tum_ics_ur_robot_msgs/ControlData.h:228:60:[m[K [01;31m[Kerror: [m[Kexpected unqualified-id before â€˜[01m[K<[m[Kâ€™ token
  228 | bool operator==(const ::tum_ics_ur_robot_msgs::ControlData_[01;31m[K<[m[KContainerAllocator1> & lhs, const ::tum_ics_ur_robot_msgs::ControlData_<ContainerAllocator2> & rhs)
      |                                                            [01;31m[K^[m[K
[01m[K/opt/ros/noetic/include/tum_ics_ur_robot_msgs/ControlData.h:228:60:[m[K [01;31m[Kerror: [m[Kexpected â€˜[01m[K)[m[Kâ€™ before â€˜[01m[K<[m[Kâ€™ token
  228 | bool operator==[34m[K([m[Kconst ::tum_ics_ur_robot_msgs::ControlData_[01;31m[K<[m[KContainerAllocator1> & lhs, const ::tum_ics_ur_robot_msgs::ControlData_<ContainerAllocator2> & rhs)
      |                [34m[K~[m[K                                           [01;31m[K^[m[K
      |                                                            [32m[K)[m[K
[01m[K/opt/ros/noetic/include/tum_ics_ur_robot_msgs/ControlData.h:228:60:[m[K [01;31m[Kerror: [m[Kexpected initializer before â€˜[01m[K<[m[Kâ€™ token
In file included from [01m[K/home/gin/ros/workspaces/final/src/tum_ics_ur10_controller_tutorial/src/jointspace_controller_1.cpp:3[m[K:
[01m[K/opt/ros/noetic/include/tum_ics_ur_robot_msgs/ControlData.h:253:25:[m[K [01;31m[Kerror: [m[Kâ€˜[01m[Ktum_ics_ur_robot_msgs[m[Kâ€™ in namespace â€˜[01m[K::[m[Kâ€™ does not name a type; did you mean â€˜[01m[Ktum_ics_ur_robot_lli[m[Kâ€™?
  253 | bool operator!=(const ::[01;31m[Ktum_ics_ur_robot_msgs[m[K::ControlData_<ContainerAllocator1> & lhs, const ::tum_ics_ur_robot_msgs::ControlData_<ContainerAllocator2> & rhs)
      |                         [01;31m[K^~~~~~~~~~~~~~~~~~~~~[m[K
      |                         [32m[Ktum_ics_ur_robot_lli[m[K
[01m[K/opt/ros/noetic/include/tum_ics_ur_robot_msgs/ControlData.h:253:60:[m[K [01;31m[Kerror: [m[Kexpected unqualified-id before â€˜[01m[K<[m[Kâ€™ token
  253 | bool operator!=(const ::tum_ics_ur_robot_msgs::ControlData_[01;31m[K<[m[KContainerAllocator1> & lhs, const ::tum_ics_ur_robot_msgs::ControlData_<ContainerAllocator2> & rhs)
      |                                                            [01;31m[K^[m[K
[01m[K/opt/ros/noetic/include/tum_ics_ur_robot_msgs/ControlData.h:253:60:[m[K [01;31m[Kerror: [m[Kexpected â€˜[01m[K)[m[Kâ€™ before â€˜[01m[K<[m[Kâ€™ token
  253 | bool operator!=[34m[K([m[Kconst ::tum_ics_ur_robot_msgs::ControlData_[01;31m[K<[m[KContainerAllocator1> & lhs, const ::tum_ics_ur_robot_msgs::ControlData_<ContainerAllocator2> & rhs)
      |                [34m[K~[m[K                                           [01;31m[K^[m[K
      |                                                            [32m[K)[m[K
[01m[K/opt/ros/noetic/include/tum_ics_ur_robot_msgs/ControlData.h:253:60:[m[K [01;31m[Kerror: [m[Kexpected initializer before â€˜[01m[K<[m[Kâ€™ token
[01m[K/opt/ros/noetic/include/tum_ics_ur_robot_msgs/ControlData.h:271:8:[m[K [01;31m[Kerror: [m[Kâ€˜[01m[KIsMessage[m[Kâ€™ is not a class template
  271 | struct [01;31m[KIsMessage[m[K< ::tum_ics_ur_robot_msgs::ControlData_<ContainerAllocator> >
      |        [01;31m[K^~~~~~~~~[m[K
[01m[K/opt/ros/noetic/include/tum_ics_ur_robot_msgs/ControlData.h:271:21:[m[K [01;31m[Kerror: [m[Kâ€˜[01m[K::tum_ics_ur_robot_msgs[m[Kâ€™ has not been declared; did you mean â€˜[01m[Ktum_ics_ur_robot_lli::tum_ics_ur_robot_msgs[m[Kâ€™?
  271 | struct IsMessage< ::[01;31m[Ktum_ics_ur_robot_msgs[m[K::ControlData_<ContainerAllocator> >
      |                     [01;31m[K^~~~~~~~~~~~~~~~~~~~~[m[K
      |                     [32m[Ktum_ics_ur_robot_lli::tum_ics_ur_robot_msgs[m[K
In file included from [01m[K/home/gin/ros/workspaces/final/src/tum_ics_ur10_controller_tutorial/src/jointspace_controller_1.cpp:3[m[K:
[01m[K/opt/ros/noetic/include/tum_ics_ur_robot_msgs/ControlData.h:20:11:[m[K [01;36m[Knote: [m[Kâ€˜[01m[Ktum_ics_ur_robot_lli::tum_ics_ur_robot_msgs[m[Kâ€™ declared here
   20 | namespace [01;36m[Ktum_ics_ur_robot_msgs[m[K
      |           [01;36m[K^~~~~~~~~~~~~~~~~~~~~[m[K
In file included from [01m[K/home/gin/ros/workspaces/final/src/tum_ics_ur10_controller_tutorial/src/jointspace_controller_1.cpp:3[m[K:
[01m[K/opt/ros/noetic/include/tum_ics_ur_robot_msgs/ControlData.h:271:21:[m[K [01;31m[Kerror: [m[Kâ€˜[01m[K::tum_ics_ur_robot_msgs[m[Kâ€™ has not been declared; did you mean â€˜[01m[Ktum_ics_ur_robot_lli::tum_ics_ur_robot_msgs[m[Kâ€™?
  271 | struct IsMessage< ::[01;31m[Ktum_ics_ur_robot_msgs[m[K::ControlData_<ContainerAllocator> >
      |                     [01;31m[K^~~~~~~~~~~~~~~~~~~~~[m[K
      |                     [32m[Ktum_ics_ur_robot_lli::tum_ics_ur_robot_msgs[m[K
In file included from [01m[K/home/gin/ros/workspaces/final/src/tum_ics_ur10_controller_tutorial/src/jointspace_controller_1.cpp:3[m[K:
[01m[K/opt/ros/noetic/include/tum_ics_ur_robot_msgs/ControlData.h:20:11:[m[K [01;36m[Knote: [m[Kâ€˜[01m[Ktum_ics_ur_robot_lli::tum_ics_ur_robot_msgs[m[Kâ€™ declared here
   20 | namespace [01;36m[Ktum_ics_ur_robot_msgs[m[K
      |           [01;36m[K^~~~~~~~~~~~~~~~~~~~~[m[K
In file included from [01m[K/home/gin/ros/workspaces/final/src/tum_ics_ur10_controller_tutorial/src/jointspace_controller_1.cpp:3[m[K:
[01m[K/opt/ros/noetic/include/tum_ics_ur_robot_msgs/ControlData.h:273:3:[m[K [01;31m[Kerror: [m[Kexpected class-name before â€˜[01m[K{[m[Kâ€™ token
  273 |   [01;31m[K{[m[K };
      |   [01;31m[K^[m[K
[01m[K/opt/ros/noetic/include/tum_ics_ur_robot_msgs/ControlData.h:276:21:[m[K [01;31m[Kerror: [m[Kâ€˜[01m[K::tum_ics_ur_robot_msgs[m[Kâ€™ has not been declared; did you mean â€˜[01m[Ktum_ics_ur_robot_lli::tum_ics_ur_robot_msgs[m[Kâ€™?
  276 | struct IsMessage< ::[01;31m[Ktum_ics_ur_robot_msgs[m[K::ControlData_<ContainerAllocator> const>
      |                     [01;31m[K^~~~~~~~~~~~~~~~~~~~~[m[K
      |                     [32m[Ktum_ics_ur_robot_lli::tum_ics_ur_robot_msgs[m[K
In file included from [01m[K/home/gin/ros/workspaces/final/src/tum_ics_ur10_controller_tutorial/src/jointspace_controller_1.cpp:3[m[K:
[01m[K/opt/ros/noetic/include/tum_ics_ur_robot_msgs/ControlData.h:20:11:[m[K [01;36m[Knote: [m[Kâ€˜[01m[Ktum_ics_ur_robot_lli::tum_ics_ur_robot_msgs[m[Kâ€™ declared here
   20 | namespace [01;36m[Ktum_ics_ur_robot_msgs[m[K
      |           [01;36m[K^~~~~~~~~~~~~~~~~~~~~[m[K
In file included from [01m[K/home/gin/ros/workspaces/final/src/tum_ics_ur10_controller_tutorial/src/jointspace_controller_1.cpp:3[m[K:
[01m[K/opt/ros/noetic/include/tum_ics_ur_robot_msgs/ControlData.h:276:21:[m[K [01;31m[Kerror: [m[Kâ€˜[01m[K::tum_ics_ur_robot_msgs[m[Kâ€™ has not been declared; did you mean â€˜[01m[Ktum_ics_ur_robot_lli::tum_ics_ur_robot_msgs[m[Kâ€™?
  276 | struct IsMessage< ::[01;31m[Ktum_ics_ur_robot_msgs[m[K::ControlData_<ContainerAllocator> const>
      |                     [01;31m[K^~~~~~~~~~~~~~~~~~~~~[m[K
      |                     [32m[Ktum_ics_ur_robot_lli::tum_ics_ur_robot_msgs[m[K
In file included from [01m[K/home/gin/ros/workspaces/final/src/tum_ics_ur10_controller_tutorial/src/jointspace_controller_1.cpp:3[m[K:
[01m[K/opt/ros/noetic/include/tum_ics_ur_robot_msgs/ControlData.h:20:11:[m[K [01;36m[Knote: [m[Kâ€˜[01m[Ktum_ics_ur_robot_lli::tum_ics_ur_robot_msgs[m[Kâ€™ declared here
   20 | namespace [01;36m[Ktum_ics_ur_robot_msgs[m[K
      |           [01;36m[K^~~~~~~~~~~~~~~~~~~~~[m[K
In file included from [01m[K/home/gin/ros/workspaces/final/src/tum_ics_ur10_controller_tutorial/src/jointspace_controller_1.cpp:3[m[K:
[01m[K/opt/ros/noetic/include/tum_ics_ur_robot_msgs/ControlData.h:276:82:[m[K [01;31m[Kerror: [m[Ktemplate argument 1 is invalid
  276 | struct IsMessage< ::tum_ics_ur_robot_msgs::ControlData_<ContainerAllocator> const[01;31m[K>[m[K
      |                                                                                  [01;31m[K^[m[K
[01m[K/opt/ros/noetic/include/tum_ics_ur_robot_msgs/ControlData.h:278:3:[m[K [01;31m[Kerror: [m[Kexpected class-name before â€˜[01m[K{[m[Kâ€™ token
  278 |   [01;31m[K{[m[K };
      |   [01;31m[K^[m[K
[01m[K/opt/ros/noetic/include/tum_ics_ur_robot_msgs/ControlData.h:281:8:[m[K [01;31m[Kerror: [m[Kâ€˜[01m[KIsFixedSize[m[Kâ€™ is not a class template
  281 | struct [01;31m[KIsFixedSize[m[K< ::tum_ics_ur_robot_msgs::ControlData_<ContainerAllocator> >
      |        [01;31m[K^~~~~~~~~~~[m[K
[01m[K/opt/ros/noetic/include/tum_ics_ur_robot_msgs/ControlData.h:281:23:[m[K [01;31m[Kerror: [m[Kâ€˜[01m[K::tum_ics_ur_robot_msgs[m[Kâ€™ has not been declared; did you mean â€˜[01m[Ktum_ics_ur_robot_lli::tum_ics_ur_robot_msgs[m[Kâ€™?
  281 | struct IsFixedSize< ::[01;31m[Ktum_ics_ur_robot_msgs[m[K::ControlData_<ContainerAllocator> >
      |                       [01;31m[K^~~~~~~~~~~~~~~~~~~~~[m[K
      |                       [32m[Ktum_ics_ur_robot_lli::tum_ics_ur_robot_msgs[m[K
In file included from [01m[K/home/gin/ros/workspaces/final/src/tum_ics_ur10_controller_tutorial/src/jointspace_controller_1.cpp:3[m[K:
[01m[K/opt/ros/noetic/include/tum_ics_ur_robot_msgs/ControlData.h:20:11:[m[K [01;36m[Knote: [m[Kâ€˜[01m[Ktum_ics_ur_robot_lli::tum_ics_ur_robot_msgs[m[Kâ€™ declared here
   20 | namespace [01;36m[Ktum_ics_ur_robot_msgs[m[K
      |           [01;36m[K^~~~~~~~~~~~~~~~~~~~~[m[K
In file included from [01m[K/home/gin/ros/workspaces/final/src/tum_ics_ur10_controller_tutorial/src/jointspace_controller_1.cpp:3[m[K:
[01m[K/opt/ros/noetic/include/tum_ics_ur_robot_msgs/ControlData.h:281:23:[m[K [01;31m[Kerror: [m[Kâ€˜[01m[K::tum_ics_ur_robot_msgs[m[Kâ€™ has not been declared; did you mean â€˜[01m[Ktum_ics_ur_robot_lli::tum_ics_ur_robot_msgs[m[Kâ€™?
  281 | struct IsFixedSize< ::[01;31m[Ktum_ics_ur_robot_msgs[m[K::ControlData_<ContainerAllocator> >
      |                       [01;31m[K^~~~~~~~~~~~~~~~~~~~~[m[K
      |                       [32m[Ktum_ics_ur_robot_lli::tum_ics_ur_robot_msgs[m[K
In file included from [01m[K/home/gin/ros/workspaces/final/src/tum_ics_ur10_controller_tutorial/src/jointspace_controller_1.cpp:3[m[K:
[01m[K/opt/ros/noetic/include/tum_ics_ur_robot_msgs/ControlData.h:20:11:[m[K [01;36m[Knote: [m[Kâ€˜[01m[Ktum_ics_ur_robot_lli::tum_ics_ur_robot_msgs[m[Kâ€™ declared here
   20 | namespace [01;36m[Ktum_ics_ur_robot_msgs[m[K
      |           [01;36m[K^~~~~~~~~~~~~~~~~~~~~[m[K
In file included from [01m[K/home/gin/ros/workspaces/final/src/tum_ics_ur10_controller_tutorial/src/jointspace_controller_1.cpp:3[m[K:
[01m[K/opt/ros/noetic/include/tum_ics_ur_robot_msgs/ControlData.h:283:3:[m[K [01;31m[Kerror: [m[Kexpected class-name before â€˜[01m[K{[m[Kâ€™ token
  283 |   [01;31m[K{[m[K };
      |   [01;31m[K^[m[K
[01m[K/opt/ros/noetic/include/tum_ics_ur_robot_msgs/ControlData.h:286:23:[m[K [01;31m[Kerror: [m[Kâ€˜[01m[K::tum_ics_ur_robot_msgs[m[Kâ€™ has not been declared; did you mean â€˜[01m[Ktum_ics_ur_robot_lli::tum_ics_ur_robot_msgs[m[Kâ€™?
  286 | struct IsFixedSize< ::[01;31m[Ktum_ics_ur_robot_msgs[m[K::ControlData_<ContainerAllocator> const>
      |                       [01;31m[K^~~~~~~~~~~~~~~~~~~~~[m[K
      |                       [32m[Ktum_ics_ur_robot_lli::tum_ics_ur_robot_msgs[m[K
In file included from [01m[K/home/gin/ros/workspaces/final/src/tum_ics_ur10_controller_tutorial/src/jointspace_controller_1.cpp:3[m[K:
[01m[K/opt/ros/noetic/include/tum_ics_ur_robot_msgs/ControlData.h:20:11:[m[K [01;36m[Knote: [m[Kâ€˜[01m[Ktum_ics_ur_robot_lli::tum_ics_ur_robot_msgs[m[Kâ€™ declared here
   20 | namespace [01;36m[Ktum_ics_ur_robot_msgs[m[K
      |           [01;36m[K^~~~~~~~~~~~~~~~~~~~~[m[K
In file included from [01m[K/home/gin/ros/workspaces/final/src/tum_ics_ur10_controller_tutorial/src/jointspace_controller_1.cpp:3[m[K:
[01m[K/opt/ros/noetic/include/tum_ics_ur_robot_msgs/ControlData.h:286:23:[m[K [01;31m[Kerror: [m[Kâ€˜[01m[K::tum_ics_ur_robot_msgs[m[Kâ€™ has not been declared; did you mean â€˜[01m[Ktum_ics_ur_robot_lli::tum_ics_ur_robot_msgs[m[Kâ€™?
  286 | struct IsFixedSize< ::[01;31m[Ktum_ics_ur_robot_msgs[m[K::ControlData_<ContainerAllocator> const>
      |                       [01;31m[K^~~~~~~~~~~~~~~~~~~~~[m[K
      |                       [32m[Ktum_ics_ur_robot_lli::tum_ics_ur_robot_msgs[m[K
In file included from [01m[K/home/gin/ros/workspaces/final/src/tum_ics_ur10_controller_tutorial/src/jointspace_controller_1.cpp:3[m[K:
[01m[K/opt/ros/noetic/include/tum_ics_ur_robot_msgs/ControlData.h:20:11:[m[K [01;36m[Knote: [m[Kâ€˜[01m[Ktum_ics_ur_robot_lli::tum_ics_ur_robot_msgs[m[Kâ€™ declared here
   20 | namespace [01;36m[Ktum_ics_ur_robot_msgs[m[K
      |           [01;36m[K^~~~~~~~~~~~~~~~~~~~~[m[K
In file included from [01m[K/home/gin/ros/workspaces/final/src/tum_ics_ur10_controller_tutorial/src/jointspace_controller_1.cpp:3[m[K:
[01m[K/opt/ros/noetic/include/tum_ics_ur_robot_msgs/ControlData.h:286:84:[m[K [01;31m[Kerror: [m[Ktemplate argument 1 is invalid
  286 | struct IsFixedSize< ::tum_ics_ur_robot_msgs::ControlData_<ContainerAllocator> const[01;31m[K>[m[K
      |                                                                                    [01;31m[K^[m[K
[01m[K/opt/ros/noetic/include/tum_ics_ur_robot_msgs/ControlData.h:288:3:[m[K [01;31m[Kerror: [m[Kexpected class-name before â€˜[01m[K{[m[Kâ€™ token
  288 |   [01;31m[K{[m[K };
      |   [01;31m[K^[m[K
[01m[K/opt/ros/noetic/include/tum_ics_ur_robot_msgs/ControlData.h:291:8:[m[K [01;31m[Kerror: [m[Kâ€˜[01m[KHasHeader[m[Kâ€™ is not a class template
  291 | struct [01;31m[KHasHeader[m[K< ::tum_ics_ur_robot_msgs::ControlData_<ContainerAllocator> >
      |        [01;31m[K^~~~~~~~~[m[K
[01m[K/opt/ros/noetic/include/tum_ics_ur_robot_msgs/ControlData.h:291:21:[m[K [01;31m[Kerror: [m[Kâ€˜[01m[K::tum_ics_ur_robot_msgs[m[Kâ€™ has not been declared; did you mean â€˜[01m[Ktum_ics_ur_robot_lli::tum_ics_ur_robot_msgs[m[Kâ€™?
  291 | struct HasHeader< ::[01;31m[Ktum_ics_ur_robot_msgs[m[K::ControlData_<ContainerAllocator> >
      |                     [01;31m[K^~~~~~~~~~~~~~~~~~~~~[m[K
      |                     [32m[Ktum_ics_ur_robot_lli::tum_ics_ur_robot_msgs[m[K
In file included from [01m[K/home/gin/ros/workspaces/final/src/tum_ics_ur10_controller_tutorial/src/jointspace_controller_1.cpp:3[m[K:
[01m[K/opt/ros/noetic/include/tum_ics_ur_robot_msgs/ControlData.h:20:11:[m[K [01;36m[Knote: [m[Kâ€˜[01m[Ktum_ics_ur_robot_lli::tum_ics_ur_robot_msgs[m[Kâ€™ declared here
   20 | namespace [01;36m[Ktum_ics_ur_robot_msgs[m[K
      |           [01;36m[K^~~~~~~~~~~~~~~~~~~~~[m[K
In file included from [01m[K/home/gin/ros/workspaces/final/src/tum_ics_ur10_controller_tutorial/src/jointspace_controller_1.cpp:3[m[K:
[01m[K/opt/ros/noetic/include/tum_ics_ur_robot_msgs/ControlData.h:291:21:[m[K [01;31m[Kerror: [m[Kâ€˜[01m[K::tum_ics_ur_robot_msgs[m[Kâ€™ has not been declared; did you mean â€˜[01m[Ktum_ics_ur_robot_lli::tum_ics_ur_robot_msgs[m[Kâ€™?
  291 | struct HasHeader< ::[01;31m[Ktum_ics_ur_robot_msgs[m[K::ControlData_<ContainerAllocator> >
      |                     [01;31m[K^~~~~~~~~~~~~~~~~~~~~[m[K
      |                     [32m[Ktum_ics_ur_robot_lli::tum_ics_ur_robot_msgs[m[K
In file included from [01m[K/home/gin/ros/workspaces/final/src/tum_ics_ur10_controller_tutorial/src/jointspace_controller_1.cpp:3[m[K:
[01m[K/opt/ros/noetic/include/tum_ics_ur_robot_msgs/ControlData.h:20:11:[m[K [01;36m[Knote: [m[Kâ€˜[01m[Ktum_ics_ur_robot_lli::tum_ics_ur_robot_msgs[m[Kâ€™ declared here
   20 | namespace [01;36m[Ktum_ics_ur_robot_msgs[m[K
      |           [01;36m[K^~~~~~~~~~~~~~~~~~~~~[m[K
In file included from [01m[K/home/gin/ros/workspaces/final/src/tum_ics_ur10_controller_tutorial/src/jointspace_controller_1.cpp:3[m[K:
[01m[K/opt/ros/noetic/include/tum_ics_ur_robot_msgs/ControlData.h:293:3:[m[K [01;31m[Kerror: [m[Kexpected class-name before â€˜[01m[K{[m[Kâ€™ token
  293 |   [01;31m[K{[m[K };
      |   [01;31m[K^[m[K
[01m[K/opt/ros/noetic/include/tum_ics_ur_robot_msgs/ControlData.h:296:21:[m[K [01;31m[Kerror: [m[Kâ€˜[01m[K::tum_ics_ur_robot_msgs[m[Kâ€™ has not been declared; did you mean â€˜[01m[Ktum_ics_ur_robot_lli::tum_ics_ur_robot_msgs[m[Kâ€™?
  296 | struct HasHeader< ::[01;31m[Ktum_ics_ur_robot_msgs[m[K::ControlData_<ContainerAllocator> const>
      |                     [01;31m[K^~~~~~~~~~~~~~~~~~~~~[m[K
      |                     [32m[Ktum_ics_ur_robot_lli::tum_ics_ur_robot_msgs[m[K
In file included from [01m[K/home/gin/ros/workspaces/final/src/tum_ics_ur10_controller_tutorial/src/jointspace_controller_1.cpp:3[m[K:
[01m[K/opt/ros/noetic/include/tum_ics_ur_robot_msgs/ControlData.h:20:11:[m[K [01;36m[Knote: [m[Kâ€˜[01m[Ktum_ics_ur_robot_lli::tum_ics_ur_robot_msgs[m[Kâ€™ declared here
   20 | namespace [01;36m[Ktum_ics_ur_robot_msgs[m[K
      |           [01;36m[K^~~~~~~~~~~~~~~~~~~~~[m[K
In file included from [01m[K/home/gin/ros/workspaces/final/src/tum_ics_ur10_controller_tutorial/src/jointspace_controller_1.cpp:3[m[K:
[01m[K/opt/ros/noetic/include/tum_ics_ur_robot_msgs/ControlData.h:296:21:[m[K [01;31m[Kerror: [m[Kâ€˜[01m[K::tum_ics_ur_robot_msgs[m[Kâ€™ has not been declared; did you mean â€˜[01m[Ktum_ics_ur_robot_lli::tum_ics_ur_robot_msgs[m[Kâ€™?
  296 | struct HasHeader< ::[01;31m[Ktum_ics_ur_robot_msgs[m[K::ControlData_<ContainerAllocator> const>
      |                     [01;31m[K^~~~~~~~~~~~~~~~~~~~~[m[K
      |                     [32m[Ktum_ics_ur_robot_lli::tum_ics_ur_robot_msgs[m[K
In file included from [01m[K/home/gin/ros/workspaces/final/src/tum_ics_ur10_controller_tutorial/src/jointspace_controller_1.cpp:3[m[K:
[01m[K/opt/ros/noetic/include/tum_ics_ur_robot_msgs/ControlData.h:20:11:[m[K [01;36m[Knote: [m[Kâ€˜[01m[Ktum_ics_ur_robot_lli::tum_ics_ur_robot_msgs[m[Kâ€™ declared here
   20 | namespace [01;36m[Ktum_ics_ur_robot_msgs[m[K
      |           [01;36m[K^~~~~~~~~~~~~~~~~~~~~[m[K
In file included from [01m[K/home/gin/ros/workspaces/final/src/tum_ics_ur10_controller_tutorial/src/jointspace_controller_1.cpp:3[m[K:
[01m[K/opt/ros/noetic/include/tum_ics_ur_robot_msgs/ControlData.h:296:82:[m[K [01;31m[Kerror: [m[Ktemplate argument 1 is invalid
  296 | struct HasHeader< ::tum_ics_ur_robot_msgs::ControlData_<ContainerAllocator> const[01;31m[K>[m[K
      |                                                                                  [01;31m[K^[m[K
[01m[K/opt/ros/noetic/include/tum_ics_ur_robot_msgs/ControlData.h:298:3:[m[K [01;31m[Kerror: [m[Kexpected class-name before â€˜[01m[K{[m[Kâ€™ token
  298 |   [01;31m[K{[m[K };
      |   [01;31m[K^[m[K
[01m[K/opt/ros/noetic/include/tum_ics_ur_robot_msgs/ControlData.h:302:8:[m[K [01;31m[Kerror: [m[Kâ€˜[01m[KMD5Sum[m[Kâ€™ is not a class template
  302 | struct [01;31m[KMD5Sum[m[K< ::tum_ics_ur_robot_msgs::ControlData_<ContainerAllocator> >
      |        [01;31m[K^~~~~~[m[K
[01m[K/opt/ros/noetic/include/tum_ics_ur_robot_msgs/ControlData.h:302:18:[m[K [01;31m[Kerror: [m[Kâ€˜[01m[K::tum_ics_ur_robot_msgs[m[Kâ€™ has not been declared; did you mean â€˜[01m[Ktum_ics_ur_robot_lli::tum_ics_ur_robot_msgs[m[Kâ€™?
  302 | struct MD5Sum< ::[01;31m[Ktum_ics_ur_robot_msgs[m[K::ControlData_<ContainerAllocator> >
      |                  [01;31m[K^~~~~~~~~~~~~~~~~~~~~[m[K
      |                  [32m[Ktum_ics_ur_robot_lli::tum_ics_ur_robot_msgs[m[K
In file included from [01m[K/home/gin/ros/workspaces/final/src/tum_ics_ur10_controller_tutorial/src/jointspace_controller_1.cpp:3[m[K:
[01m[K/opt/ros/noetic/include/tum_ics_ur_robot_msgs/ControlData.h:20:11:[m[K [01;36m[Knote: [m[Kâ€˜[01m[Ktum_ics_ur_robot_lli::tum_ics_ur_robot_msgs[m[Kâ€™ declared here
   20 | namespace [01;36m[Ktum_ics_ur_robot_msgs[m[K
      |           [01;36m[K^~~~~~~~~~~~~~~~~~~~~[m[K
In file included from [01m[K/home/gin/ros/workspaces/final/src/tum_ics_ur10_controller_tutorial/src/jointspace_controller_1.cpp:3[m[K:
[01m[K/opt/ros/noetic/include/tum_ics_ur_robot_msgs/ControlData.h:302:18:[m[K [01;31m[Kerror: [m[Kâ€˜[01m[K::tum_ics_ur_robot_msgs[m[Kâ€™ has not been declared; did you mean â€˜[01m[Ktum_ics_ur_robot_lli::tum_ics_ur_robot_msgs[m[Kâ€™?
  302 | struct MD5Sum< ::[01;31m[Ktum_ics_ur_robot_msgs[m[K::ControlData_<ContainerAllocator> >
      |                  [01;31m[K^~~~~~~~~~~~~~~~~~~~~[m[K
      |                  [32m[Ktum_ics_ur_robot_lli::tum_ics_ur_robot_msgs[m[K
In file included from [01m[K/home/gin/ros/workspaces/final/src/tum_ics_ur10_controller_tutorial/src/jointspace_controller_1.cpp:3[m[K:
[01m[K/opt/ros/noetic/include/tum_ics_ur_robot_msgs/ControlData.h:20:11:[m[K [01;36m[Knote: [m[Kâ€˜[01m[Ktum_ics_ur_robot_lli::tum_ics_ur_robot_msgs[m[Kâ€™ declared here
   20 | namespace [01;36m[Ktum_ics_ur_robot_msgs[m[K
      |           [01;36m[K^~~~~~~~~~~~~~~~~~~~~[m[K
In file included from [01m[K/home/gin/ros/workspaces/final/src/tum_ics_ur10_controller_tutorial/src/jointspace_controller_1.cpp:3[m[K:
[01m[K/opt/ros/noetic/include/tum_ics_ur_robot_msgs/ControlData.h:309:36:[m[K [01;31m[Kerror: [m[Kâ€˜[01m[Ktum_ics_ur_robot_msgs[m[Kâ€™ in namespace â€˜[01m[K::[m[Kâ€™ does not name a type; did you mean â€˜[01m[Ktum_ics_ur_robot_lli[m[Kâ€™?
  309 |   static const char* value(const ::[01;31m[Ktum_ics_ur_robot_msgs[m[K::ControlData_<ContainerAllocator>&) { return value(); }
      |                                    [01;31m[K^~~~~~~~~~~~~~~~~~~~~[m[K
      |                                    [32m[Ktum_ics_ur_robot_lli[m[K
[01m[K/opt/ros/noetic/include/tum_ics_ur_robot_msgs/ControlData.h:309:71:[m[K [01;31m[Kerror: [m[Kexpected unqualified-id before â€˜[01m[K<[m[Kâ€™ token
  309 |   static const char* value(const ::tum_ics_ur_robot_msgs::ControlData_[01;31m[K<[m[KContainerAllocator>&) { return value(); }
      |                                                                       [01;31m[K^[m[K
[01m[K/opt/ros/noetic/include/tum_ics_ur_robot_msgs/ControlData.h:309:71:[m[K [01;31m[Kerror: [m[Kexpected â€˜[01m[K)[m[Kâ€™ before â€˜[01m[K<[m[Kâ€™ token
  309 |   static const char* value[34m[K([m[Kconst ::tum_ics_ur_robot_msgs::ControlData_[01;31m[K<[m[KContainerAllocator>&) { return value(); }
      |                           [34m[K~[m[K                                           [01;31m[K^[m[K
      |                                                                       [32m[K)[m[K
[01m[K/opt/ros/noetic/include/tum_ics_ur_robot_msgs/ControlData.h:309:59:[m[K [01;31m[Kerror: [m[Kexpected â€˜[01m[K;[m[Kâ€™ at end of member declaration
  309 |   static const char* value(const ::tum_ics_ur_robot_msgs::[01;31m[KControlData_[m[K<ContainerAllocator>&) { return value(); }
      |                                                           [01;31m[K^~~~~~~~~~~~[m[K
      |                                                                       [32m[K;[m[K
[01m[K/opt/ros/noetic/include/tum_ics_ur_robot_msgs/ControlData.h:309:71:[m[K [01;31m[Kerror: [m[Kexpected unqualified-id before â€˜[01m[K<[m[Kâ€™ token
  309 |   static const char* value(const ::tum_ics_ur_robot_msgs::ControlData_[01;31m[K<[m[KContainerAllocator>&) { return value(); }
      |                                                                       [01;31m[K^[m[K
[01m[K/opt/ros/noetic/include/tum_ics_ur_robot_msgs/ControlData.h:315:8:[m[K [01;31m[Kerror: [m[Kâ€˜[01m[KDataType[m[Kâ€™ is not a class template
  315 | struct [01;31m[KDataType[m[K< ::tum_ics_ur_robot_msgs::ControlData_<ContainerAllocator> >
      |        [01;31m[K^~~~~~~~[m[K
[01m[K/opt/ros/noetic/include/tum_ics_ur_robot_msgs/ControlData.h:315:20:[m[K [01;31m[Kerror: [m[Kâ€˜[01m[K::tum_ics_ur_robot_msgs[m[Kâ€™ has not been declared; did you mean â€˜[01m[Ktum_ics_ur_robot_lli::tum_ics_ur_robot_msgs[m[Kâ€™?
  315 | struct DataType< ::[01;31m[Ktum_ics_ur_robot_msgs[m[K::ControlData_<ContainerAllocator> >
      |                    [01;31m[K^~~~~~~~~~~~~~~~~~~~~[m[K
      |                    [32m[Ktum_ics_ur_robot_lli::tum_ics_ur_robot_msgs[m[K
In file included from [01m[K/home/gin/ros/workspaces/final/src/tum_ics_ur10_controller_tutorial/src/jointspace_controller_1.cpp:3[m[K:
[01m[K/opt/ros/noetic/include/tum_ics_ur_robot_msgs/ControlData.h:20:11:[m[K [01;36m[Knote: [m[Kâ€˜[01m[Ktum_ics_ur_robot_lli::tum_ics_ur_robot_msgs[m[Kâ€™ declared here
   20 | namespace [01;36m[Ktum_ics_ur_robot_msgs[m[K
      |           [01;36m[K^~~~~~~~~~~~~~~~~~~~~[m[K
In file included from [01m[K/home/gin/ros/workspaces/final/src/tum_ics_ur10_controller_tutorial/src/jointspace_controller_1.cpp:3[m[K:
[01m[K/opt/ros/noetic/include/tum_ics_ur_robot_msgs/ControlData.h:315:20:[m[K [01;31m[Kerror: [m[Kâ€˜[01m[K::tum_ics_ur_robot_msgs[m[Kâ€™ has not been declared; did you mean â€˜[01m[Ktum_ics_ur_robot_lli::tum_ics_ur_robot_msgs[m[Kâ€™?
  315 | struct DataType< ::[01;31m[Ktum_ics_ur_robot_msgs[m[K::ControlData_<ContainerAllocator> >
      |                    [01;31m[K^~~~~~~~~~~~~~~~~~~~~[m[K
      |                    [32m[Ktum_ics_ur_robot_lli::tum_ics_ur_robot_msgs[m[K
In file included from [01m[K/home/gin/ros/workspaces/final/src/tum_ics_ur10_controller_tutorial/src/jointspace_controller_1.cpp:3[m[K:
[01m[K/opt/ros/noetic/include/tum_ics_ur_robot_msgs/ControlData.h:20:11:[m[K [01;36m[Knote: [m[Kâ€˜[01m[Ktum_ics_ur_robot_lli::tum_ics_ur_robot_msgs[m[Kâ€™ declared here
   20 | namespace [01;36m[Ktum_ics_ur_robot_msgs[m[K
      |           [01;36m[K^~~~~~~~~~~~~~~~~~~~~[m[K
In file included from [01m[K/home/gin/ros/workspaces/final/src/tum_ics_ur10_controller_tutorial/src/jointspace_controller_1.cpp:3[m[K:
[01m[K/opt/ros/noetic/include/tum_ics_ur_robot_msgs/ControlData.h:322:36:[m[K [01;31m[Kerror: [m[Kâ€˜[01m[Ktum_ics_ur_robot_msgs[m[Kâ€™ in namespace â€˜[01m[K::[m[Kâ€™ does not name a type; did you mean â€˜[01m[Ktum_ics_ur_robot_lli[m[Kâ€™?
  322 |   static const char* value(const ::[01;31m[Ktum_ics_ur_robot_msgs[m[K::ControlData_<ContainerAllocator>&) { return value(); }
      |                                    [01;31m[K^~~~~~~~~~~~~~~~~~~~~[m[K
      |                                    [32m[Ktum_ics_ur_robot_lli[m[K
[01m[K/opt/ros/noetic/include/tum_ics_ur_robot_msgs/ControlData.h:322:71:[m[K [01;31m[Kerror: [m[Kexpected unqualified-id before â€˜[01m[K<[m[Kâ€™ token
  322 |   static const char* value(const ::tum_ics_ur_robot_msgs::ControlData_[01;31m[K<[m[KContainerAllocator>&) { return value(); }
      |                                                                       [01;31m[K^[m[K
[01m[K/opt/ros/noetic/include/tum_ics_ur_robot_msgs/ControlData.h:322:71:[m[K [01;31m[Kerror: [m[Kexpected â€˜[01m[K)[m[Kâ€™ before â€˜[01m[K<[m[Kâ€™ token
  322 |   static const char* value[34m[K([m[Kconst ::tum_ics_ur_robot_msgs::ControlData_[01;31m[K<[m[KContainerAllocator>&) { return value(); }
      |                           [34m[K~[m[K                                           [01;31m[K^[m[K
      |                                                                       [32m[K)[m[K
[01m[K/opt/ros/noetic/include/tum_ics_ur_robot_msgs/ControlData.h:322:59:[m[K [01;31m[Kerror: [m[Kexpected â€˜[01m[K;[m[Kâ€™ at end of member declaration
  322 |   static const char* value(const ::tum_ics_ur_robot_msgs::[01;31m[KControlData_[m[K<ContainerAllocator>&) { return value(); }
      |                                                           [01;31m[K^~~~~~~~~~~~[m[K
      |                                                                       [32m[K;[m[K
[01m[K/opt/ros/noetic/include/tum_ics_ur_robot_msgs/ControlData.h:322:71:[m[K [01;31m[Kerror: [m[Kexpected unqualified-id before â€˜[01m[K<[m[Kâ€™ token
  322 |   static const char* value(const ::tum_ics_ur_robot_msgs::ControlData_[01;31m[K<[m[KContainerAllocator>&) { return value(); }
      |                                                                       [01;31m[K^[m[K
[01m[K/opt/ros/noetic/include/tum_ics_ur_robot_msgs/ControlData.h:326:8:[m[K [01;31m[Kerror: [m[Kâ€˜[01m[KDefinition[m[Kâ€™ is not a class template
  326 | struct [01;31m[KDefinition[m[K< ::tum_ics_ur_robot_msgs::ControlData_<ContainerAllocator> >
      |        [01;31m[K^~~~~~~~~~[m[K
[01m[K/opt/ros/noetic/include/tum_ics_ur_robot_msgs/ControlData.h:326:22:[m[K [01;31m[Kerror: [m[Kâ€˜[01m[K::tum_ics_ur_robot_msgs[m[Kâ€™ has not been declared; did you mean â€˜[01m[Ktum_ics_ur_robot_lli::tum_ics_ur_robot_msgs[m[Kâ€™?
  326 | struct Definition< ::[01;31m[Ktum_ics_ur_robot_msgs[m[K::ControlData_<ContainerAllocator> >
      |                      [01;31m[K^~~~~~~~~~~~~~~~~~~~~[m[K
      |                      [32m[Ktum_ics_ur_robot_lli::tum_ics_ur_robot_msgs[m[K
In file included from [01m[K/home/gin/ros/workspaces/final/src/tum_ics_ur10_controller_tutorial/src/jointspace_controller_1.cpp:3[m[K:
[01m[K/opt/ros/noetic/include/tum_ics_ur_robot_msgs/ControlData.h:20:11:[m[K [01;36m[Knote: [m[Kâ€˜[01m[Ktum_ics_ur_robot_lli::tum_ics_ur_robot_msgs[m[Kâ€™ declared here
   20 | namespace [01;36m[Ktum_ics_ur_robot_msgs[m[K
      |           [01;36m[K^~~~~~~~~~~~~~~~~~~~~[m[K
In file included from [01m[K/home/gin/ros/workspaces/final/src/tum_ics_ur10_controller_tutorial/src/jointspace_controller_1.cpp:3[m[K:
[01m[K/opt/ros/noetic/include/tum_ics_ur_robot_msgs/ControlData.h:326:22:[m[K [01;31m[Kerror: [m[Kâ€˜[01m[K::tum_ics_ur_robot_msgs[m[Kâ€™ has not been declared; did you mean â€˜[01m[Ktum_ics_ur_robot_lli::tum_ics_ur_robot_msgs[m[Kâ€™?
  326 | struct Definition< ::[01;31m[Ktum_ics_ur_robot_msgs[m[K::ControlData_<ContainerAllocator> >
      |                      [01;31m[K^~~~~~~~~~~~~~~~~~~~~[m[K
      |                      [32m[Ktum_ics_ur_robot_lli::tum_ics_ur_robot_msgs[m[K
In file included from [01m[K/home/gin/ros/workspaces/final/src/tum_ics_ur10_controller_tutorial/src/jointspace_controller_1.cpp:3[m[K:
[01m[K/opt/ros/noetic/include/tum_ics_ur_robot_msgs/ControlData.h:20:11:[m[K [01;36m[Knote: [m[Kâ€˜[01m[Ktum_ics_ur_robot_lli::tum_ics_ur_robot_msgs[m[Kâ€™ declared here
   20 | namespace [01;36m[Ktum_ics_ur_robot_msgs[m[K
      |           [01;36m[K^~~~~~~~~~~~~~~~~~~~~[m[K
In file included from [01m[K/home/gin/ros/workspaces/final/src/tum_ics_ur10_controller_tutorial/src/jointspace_controller_1.cpp:3[m[K:
[01m[K/opt/ros/noetic/include/tum_ics_ur_robot_msgs/ControlData.h:390:36:[m[K [01;31m[Kerror: [m[Kâ€˜[01m[Ktum_ics_ur_robot_msgs[m[Kâ€™ in namespace â€˜[01m[K::[m[Kâ€™ does not name a type; did you mean â€˜[01m[Ktum_ics_ur_robot_lli[m[Kâ€™?
  390 |   static const char* value(const ::[01;31m[Ktum_ics_ur_robot_msgs[m[K::ControlData_<ContainerAllocator>&) { return value(); }
      |                                    [01;31m[K^~~~~~~~~~~~~~~~~~~~~[m[K
      |                                    [32m[Ktum_ics_ur_robot_lli[m[K
[01m[K/opt/ros/noetic/include/tum_ics_ur_robot_msgs/ControlData.h:390:71:[m[K [01;31m[Kerror: [m[Kexpected unqualified-id before â€˜[01m[K<[m[Kâ€™ token
  390 |   static const char* value(const ::tum_ics_ur_robot_msgs::ControlData_[01;31m[K<[m[KContainerAllocator>&) { return value(); }
      |                                                                       [01;31m[K^[m[K
[01m[K/opt/ros/noetic/include/tum_ics_ur_robot_msgs/ControlData.h:390:71:[m[K [01;31m[Kerror: [m[Kexpected â€˜[01m[K)[m[Kâ€™ before â€˜[01m[K<[m[Kâ€™ token
  390 |   static const char* value[34m[K([m[Kconst ::tum_ics_ur_robot_msgs::ControlData_[01;31m[K<[m[KContainerAllocator>&) { return value(); }
      |                           [34m[K~[m[K                                           [01;31m[K^[m[K
      |                                                                       [32m[K)[m[K
[01m[K/opt/ros/noetic/include/tum_ics_ur_robot_msgs/ControlData.h:390:59:[m[K [01;31m[Kerror: [m[Kexpected â€˜[01m[K;[m[Kâ€™ at end of member declaration
  390 |   static const char* value(const ::tum_ics_ur_robot_msgs::[01;31m[KControlData_[m[K<ContainerAllocator>&) { return value(); }
      |                                                           [01;31m[K^~~~~~~~~~~~[m[K
      |                                                                       [32m[K;[m[K
[01m[K/opt/ros/noetic/include/tum_ics_ur_robot_msgs/ControlData.h:390:71:[m[K [01;31m[Kerror: [m[Kexpected unqualified-id before â€˜[01m[K<[m[Kâ€™ token
  390 |   static const char* value(const ::tum_ics_ur_robot_msgs::ControlData_[01;31m[K<[m[KContainerAllocator>&) { return value(); }
      |                                                                       [01;31m[K^[m[K
[01m[K/opt/ros/noetic/include/tum_ics_ur_robot_msgs/ControlData.h:401:45:[m[K [01;31m[Kerror: [m[Kâ€˜[01m[KSerializer[m[Kâ€™ is not a class template
  401 |   template<class ContainerAllocator> struct [01;31m[KSerializer[m[K< ::tum_ics_ur_robot_msgs::ControlData_<ContainerAllocator> >
      |                                             [01;31m[K^~~~~~~~~~[m[K
[01m[K/opt/ros/noetic/include/tum_ics_ur_robot_msgs/ControlData.h:401:59:[m[K [01;31m[Kerror: [m[Kâ€˜[01m[K::tum_ics_ur_robot_msgs[m[Kâ€™ has not been declared; did you mean â€˜[01m[Ktum_ics_ur_robot_lli::tum_ics_ur_robot_msgs[m[Kâ€™?
  401 |   template<class ContainerAllocator> struct Serializer< ::[01;31m[Ktum_ics_ur_robot_msgs[m[K::ControlData_<ContainerAllocator> >
      |                                                           [01;31m[K^~~~~~~~~~~~~~~~~~~~~[m[K
      |                                                           [32m[Ktum_ics_ur_robot_lli::tum_ics_ur_robot_msgs[m[K
In file included from [01m[K/home/gin/ros/workspaces/final/src/tum_ics_ur10_controller_tutorial/src/jointspace_controller_1.cpp:3[m[K:
[01m[K/opt/ros/noetic/include/tum_ics_ur_robot_msgs/ControlData.h:20:11:[m[K [01;36m[Knote: [m[Kâ€˜[01m[Ktum_ics_ur_robot_lli::tum_ics_ur_robot_msgs[m[Kâ€™ declared here
   20 | namespace [01;36m[Ktum_ics_ur_robot_msgs[m[K
      |           [01;36m[K^~~~~~~~~~~~~~~~~~~~~[m[K
In file included from [01m[K/home/gin/ros/workspaces/final/src/tum_ics_ur10_controller_tutorial/src/jointspace_controller_1.cpp:3[m[K:
[01m[K/opt/ros/noetic/include/tum_ics_ur_robot_msgs/ControlData.h:401:59:[m[K [01;31m[Kerror: [m[Kâ€˜[01m[K::tum_ics_ur_robot_msgs[m[Kâ€™ has not been declared; did you mean â€˜[01m[Ktum_ics_ur_robot_lli::tum_ics_ur_robot_msgs[m[Kâ€™?
  401 |   template<class ContainerAllocator> struct Serializer< ::[01;31m[Ktum_ics_ur_robot_msgs[m[K::ControlData_<ContainerAllocator> >
      |                                                           [01;31m[K^~~~~~~~~~~~~~~~~~~~~[m[K
      |                                                           [32m[Ktum_ics_ur_robot_lli::tum_ics_ur_robot_msgs[m[K
In file included from [01m[K/home/gin/ros/workspaces/final/src/tum_ics_ur10_controller_tutorial/src/jointspace_controller_1.cpp:3[m[K:
[01m[K/opt/ros/noetic/include/tum_ics_ur_robot_msgs/ControlData.h:20:11:[m[K [01;36m[Knote: [m[Kâ€˜[01m[Ktum_ics_ur_robot_lli::tum_ics_ur_robot_msgs[m[Kâ€™ declared here
   20 | namespace [01;36m[Ktum_ics_ur_robot_msgs[m[K
      |           [01;36m[K^~~~~~~~~~~~~~~~~~~~~[m[K
In file included from [01m[K/opt/ros/noetic/include/sensor_msgs/JointState.h:14[m[K,
                 from [01m[K/opt/ros/noetic/include/tum_ics_ur_robot_lli/JointState.h:13[m[K,
                 from [01m[K/opt/ros/noetic/include/tum_ics_ur_robot_lli/RobotControllers/Controller.h:14[m[K,
                 from [01m[K/opt/ros/noetic/include/tum_ics_ur_robot_lli/RobotControllers/ControlEffort.h:4[m[K,
                 from [01m[K/home/gin/ros/workspaces/final/src/tum_ics_ur10_controller_tutorial/include/tum_ics_ur10_controller_tutorial/jointspace_controller_1.h:4[m[K,
                 from [01m[K/home/gin/ros/workspaces/final/src/tum_ics_ur10_controller_tutorial/src/jointspace_controller_1.cpp:1[m[K:
[01m[K/opt/ros/noetic/include/tum_ics_ur_robot_msgs/ControlData.h:[m[K In static member function â€˜[01m[Kstatic uint32_t tum_ics_ur_robot_lli::ros::serialization::Serializer<ContainerAllocator>::serializedLength(const T&)[m[Kâ€™:
[01m[K/opt/ros/noetic/include/ros/serialization.h:89:5:[m[K [01;31m[Kerror: [m[Kâ€˜[01m[KLStream[m[Kâ€™ was not declared in this scope; did you mean â€˜[01m[Kros::serialization::LStream[m[Kâ€™?
   89 |     [01;31m[KLStream[m[K stream; \
      |     [01;31m[K^~~~~~~[m[K
[01m[K/opt/ros/noetic/include/ros/serialization.h:89:5:[m[K [01;36m[Knote: [m[Kin definition of macro â€˜[01m[KROS_DECLARE_ALLINONE_SERIALIZER[m[Kâ€™
   89 |     [01;36m[KLStream[m[K stream; \
      |     [01;36m[K^~~~~~~[m[K
In file included from [01m[K/opt/ros/noetic/include/sensor_msgs/JointState.h:14[m[K,
                 from [01m[K/opt/ros/noetic/include/tum_ics_ur_robot_lli/JointState.h:13[m[K,
                 from [01m[K/opt/ros/noetic/include/tum_ics_ur_robot_lli/RobotControllers/Controller.h:14[m[K,
                 from [01m[K/opt/ros/noetic/include/tum_ics_ur_robot_lli/RobotControllers/ControlEffort.h:4[m[K,
                 from [01m[K/home/gin/ros/workspaces/final/src/tum_ics_ur10_controller_tutorial/include/tum_ics_ur10_controller_tutorial/jointspace_controller_1.h:4[m[K,
                 from [01m[K/home/gin/ros/workspaces/final/src/tum_ics_ur10_controller_tutorial/src/jointspace_controller_1.cpp:1[m[K:
[01m[K/opt/ros/noetic/include/ros/serialization.h:764:34:[m[K [01;36m[Knote: [m[Kâ€˜[01m[Kros::serialization::LStream[m[Kâ€™ declared here
  764 | struct ROSCPP_SERIALIZATION_DECL [01;36m[KLStream[m[K
      |                                  [01;36m[K^~~~~~~[m[K
In file included from [01m[K/opt/ros/noetic/include/sensor_msgs/JointState.h:14[m[K,
                 from [01m[K/opt/ros/noetic/include/tum_ics_ur_robot_lli/JointState.h:13[m[K,
                 from [01m[K/opt/ros/noetic/include/tum_ics_ur_robot_lli/RobotControllers/Controller.h:14[m[K,
                 from [01m[K/opt/ros/noetic/include/tum_ics_ur_robot_lli/RobotControllers/ControlEffort.h:4[m[K,
                 from [01m[K/home/gin/ros/workspaces/final/src/tum_ics_ur10_controller_tutorial/include/tum_ics_ur10_controller_tutorial/jointspace_controller_1.h:4[m[K,
                 from [01m[K/home/gin/ros/workspaces/final/src/tum_ics_ur10_controller_tutorial/src/jointspace_controller_1.cpp:1[m[K:
[01m[K/opt/ros/noetic/include/ros/serialization.h:90:33:[m[K [01;31m[Kerror: [m[Kâ€˜[01m[Kstream[m[Kâ€™ was not declared in this scope; did you mean â€˜[01m[Kstd::io_errc::stream[m[Kâ€™?
   90 |     allInOne<LStream, const T&>([01;31m[Kstream[m[K, t); \
      |                                 [01;31m[K^~~~~~[m[K
[01m[K/opt/ros/noetic/include/ros/serialization.h:90:33:[m[K [01;36m[Knote: [m[Kin definition of macro â€˜[01m[KROS_DECLARE_ALLINONE_SERIALIZER[m[Kâ€™
   90 |     allInOne<LStream, const T&>([01;36m[Kstream[m[K, t); \
      |                                 [01;36m[K^~~~~~[m[K
In file included from [01m[K/usr/include/c++/9/ios:42[m[K,
                 from [01m[K/usr/include/c++/9/ostream:38[m[K,
                 from [01m[K/usr/include/c++/9/iterator:64[m[K,
                 from [01m[K/usr/include/x86_64-linux-gnu/qt5/QtCore/qbytearray.h:53[m[K,
                 from [01m[K/usr/include/x86_64-linux-gnu/qt5/QtCore/qstring.h:49[m[K,
                 from [01m[K/usr/include/x86_64-linux-gnu/qt5/QtCore/qhashfunctions.h:44[m[K,
                 from [01m[K/usr/include/x86_64-linux-gnu/qt5/QtCore/qlist.h:47[m[K,
                 from [01m[K/usr/include/x86_64-linux-gnu/qt5/QtCore/qvector.h:45[m[K,
                 from [01m[K/usr/include/x86_64-linux-gnu/qt5/QtCore/QVector:1[m[K,
                 from [01m[K/usr/include/tumtools/Math/MathDefs.h:4[m[K,
                 from [01m[K/usr/include/tumtools/Math/EigenDefs.h:4[m[K,
                 from [01m[K/opt/ros/noetic/include/tum_ics_ur_robot_lli/JointState.h:11[m[K,
                 from [01m[K/opt/ros/noetic/include/tum_ics_ur_robot_lli/RobotControllers/Controller.h:14[m[K,
                 from [01m[K/opt/ros/noetic/include/tum_ics_ur_robot_lli/RobotControllers/ControlEffort.h:4[m[K,
                 from [01m[K/home/gin/ros/workspaces/final/src/tum_ics_ur10_controller_tutorial/include/tum_ics_ur10_controller_tutorial/jointspace_controller_1.h:4[m[K,
                 from [01m[K/home/gin/ros/workspaces/final/src/tum_ics_ur10_controller_tutorial/src/jointspace_controller_1.cpp:1[m[K:
[01m[K/usr/include/c++/9/bits/ios_base.h:203:24:[m[K [01;36m[Knote: [m[Kâ€˜[01m[Kstd::io_errc::stream[m[Kâ€™ declared here
  203 |   enum class io_errc { [01;36m[Kstream[m[K = 1 };
      |                        [01;36m[K^~~~~~[m[K
In file included from [01m[K/home/gin/ros/workspaces/final/src/tum_ics_ur10_controller_tutorial/src/jointspace_controller_1.cpp:3[m[K:
[01m[K/opt/ros/noetic/include/tum_ics_ur_robot_msgs/ControlData.h:[m[K At global scope:
[01m[K/opt/ros/noetic/include/tum_ics_ur_robot_msgs/ControlData.h:439:8:[m[K [01;31m[Kerror: [m[Kâ€˜[01m[KPrinter[m[Kâ€™ is not a class template
  439 | struct [01;31m[KPrinter[m[K< ::tum_ics_ur_robot_msgs::ControlData_<ContainerAllocator> >
      |        [01;31m[K^~~~~~~[m[K
[01m[K/opt/ros/noetic/include/tum_ics_ur_robot_msgs/ControlData.h:439:19:[m[K [01;31m[Kerror: [m[Kâ€˜[01m[K::tum_ics_ur_robot_msgs[m[Kâ€™ has not been declared; did you mean â€˜[01m[Ktum_ics_ur_robot_lli::tum_ics_ur_robot_msgs[m[Kâ€™?
  439 | struct Printer< ::[01;31m[Ktum_ics_ur_robot_msgs[m[K::ControlData_<ContainerAllocator> >
      |                   [01;31m[K^~~~~~~~~~~~~~~~~~~~~[m[K
      |                   [32m[Ktum_ics_ur_robot_lli::tum_ics_ur_robot_msgs[m[K
In file included from [01m[K/home/gin/ros/workspaces/final/src/tum_ics_ur10_controller_tutorial/src/jointspace_controller_1.cpp:3[m[K:
[01m[K/opt/ros/noetic/include/tum_ics_ur_robot_msgs/ControlData.h:20:11:[m[K [01;36m[Knote: [m[Kâ€˜[01m[Ktum_ics_ur_robot_lli::tum_ics_ur_robot_msgs[m[Kâ€™ declared here
   20 | namespace [01;36m[Ktum_ics_ur_robot_msgs[m[K
      |           [01;36m[K^~~~~~~~~~~~~~~~~~~~~[m[K
In file included from [01m[K/home/gin/ros/workspaces/final/src/tum_ics_ur10_controller_tutorial/src/jointspace_controller_1.cpp:3[m[K:
[01m[K/opt/ros/noetic/include/tum_ics_ur_robot_msgs/ControlData.h:439:19:[m[K [01;31m[Kerror: [m[Kâ€˜[01m[K::tum_ics_ur_robot_msgs[m[Kâ€™ has not been declared; did you mean â€˜[01m[Ktum_ics_ur_robot_lli::tum_ics_ur_robot_msgs[m[Kâ€™?
  439 | struct Printer< ::[01;31m[Ktum_ics_ur_robot_msgs[m[K::ControlData_<ContainerAllocator> >
      |                   [01;31m[K^~~~~~~~~~~~~~~~~~~~~[m[K
      |                   [32m[Ktum_ics_ur_robot_lli::tum_ics_ur_robot_msgs[m[K
In file included from [01m[K/home/gin/ros/workspaces/final/src/tum_ics_ur10_controller_tutorial/src/jointspace_controller_1.cpp:3[m[K:
[01m[K/opt/ros/noetic/include/tum_ics_ur_robot_msgs/ControlData.h:20:11:[m[K [01;36m[Knote: [m[Kâ€˜[01m[Ktum_ics_ur_robot_lli::tum_ics_ur_robot_msgs[m[Kâ€™ declared here
   20 | namespace [01;36m[Ktum_ics_ur_robot_msgs[m[K
      |           [01;36m[K^~~~~~~~~~~~~~~~~~~~~[m[K
In file included from [01m[K/home/gin/ros/workspaces/final/src/tum_ics_ur10_controller_tutorial/src/jointspace_controller_1.cpp:3[m[K:
[01m[K/opt/ros/noetic/include/tum_ics_ur_robot_msgs/ControlData.h:441:94:[m[K [01;31m[Kerror: [m[Kâ€˜[01m[Ktum_ics_ur_robot_msgs[m[Kâ€™ in namespace â€˜[01m[K::[m[Kâ€™ does not name a type; did you mean â€˜[01m[Ktum_ics_ur_robot_lli[m[Kâ€™?
  441 |   template<typename Stream> static void stream(Stream& s, const std::string& indent, const ::[01;31m[Ktum_ics_ur_robot_msgs[m[K::ControlData_<ContainerAllocator>& v)
      |                                                                                              [01;31m[K^~~~~~~~~~~~~~~~~~~~~[m[K
      |                                                                                              [32m[Ktum_ics_ur_robot_lli[m[K
[01m[K/opt/ros/noetic/include/tum_ics_ur_robot_msgs/ControlData.h:441:129:[m[K [01;31m[Kerror: [m[Kexpected unqualified-id before â€˜[01m[K<[m[Kâ€™ token
  441 |   template<typename Stream> static void stream(Stream& s, const std::string& indent, const ::tum_ics_ur_robot_msgs::ControlData_[01;31m[K<[m[KContainerAllocator>& v)
      |                                                                                                                                 [01;31m[K^[m[K
[01m[K/opt/ros/noetic/include/tum_ics_ur_robot_msgs/ControlData.h:441:129:[m[K [01;31m[Kerror: [m[Kexpected â€˜[01m[K)[m[Kâ€™ before â€˜[01m[K<[m[Kâ€™ token
  441 |   template<typename Stream> static void stream[34m[K([m[KStream& s, const std::string& indent, const ::tum_ics_ur_robot_msgs::ControlData_[01;31m[K<[m[KContainerAllocator>& v)
      |                                               [34m[K~[m[K                                                                                 [01;31m[K^[m[K
      |                                                                                                                                 [32m[K)[m[K
[01m[K/opt/ros/noetic/include/tum_ics_ur_robot_msgs/ControlData.h:441:129:[m[K [01;31m[Kerror: [m[Kexpected initializer before â€˜[01m[K<[m[Kâ€™ token
In file included from [01m[K/home/gin/ros/workspaces/final/src/utilities/control_core/include/control_core/math.h:33[m[K,
                 from [01m[K/home/gin/ros/workspaces/final/src/tum_ics_ur10_controller_tutorial/src/jointspace_controller_1.cpp:4[m[K:
[01m[K/home/gin/ros/workspaces/final/src/utilities/control_core/include/control_core/math/transform.h:49:8:[m[K [01;31m[Kerror: [m[Kâ€˜[01m[KVector3[m[Kâ€™ does not name a type; did you mean â€˜[01m[KQVector3D[m[Kâ€™?
   49 | inline [01;31m[KVector3[m[K changeRefFrame(
      |        [01;31m[K^~~~~~~[m[K
      |        [32m[KQVector3D[m[K
[01m[K/home/gin/ros/workspaces/final/src/utilities/control_core/include/control_core/math/transform.h:57:8:[m[K [01;31m[Kerror: [m[Kâ€˜[01m[KVector3[m[Kâ€™ does not name a type; did you mean â€˜[01m[KQVector3D[m[Kâ€™?
   57 | inline [01;31m[KVector3[m[K changeRefFrame(
      |        [01;31m[K^~~~~~~[m[K
      |        [32m[KQVector3D[m[K
[01m[K/home/gin/ros/workspaces/final/src/utilities/control_core/include/control_core/math/transform.h:77:8:[m[K [01;31m[Kerror: [m[Kâ€˜[01m[KAngularAcceleration[m[Kâ€™ does not name a type
   77 | inline [01;31m[KAngularAcceleration[m[K changeRefFrame(
      |        [01;31m[K^~~~~~~~~~~~~~~~~~~[m[K
[01m[K/home/gin/ros/workspaces/final/src/utilities/control_core/include/control_core/math/transform.h:85:8:[m[K [01;31m[Kerror: [m[Kâ€˜[01m[KAngularAcceleration[m[Kâ€™ does not name a type
   85 | inline [01;31m[KAngularAcceleration[m[K changeRefFrame(
      |        [01;31m[K^~~~~~~~~~~~~~~~~~~[m[K
[01m[K/home/gin/ros/workspaces/final/src/utilities/control_core/include/control_core/math/transform.h:105:8:[m[K [01;31m[Kerror: [m[Kâ€˜[01m[KAngularPosition[m[Kâ€™ does not name a type
  105 | inline [01;31m[KAngularPosition[m[K changeRefFrame(
      |        [01;31m[K^~~~~~~~~~~~~~~[m[K
[01m[K/home/gin/ros/workspaces/final/src/utilities/control_core/include/control_core/math/transform.h:113:8:[m[K [01;31m[Kerror: [m[Kâ€˜[01m[KAngularPosition[m[Kâ€™ does not name a type
  113 | inline [01;31m[KAngularPosition[m[K changeRefFrame(
      |        [01;31m[K^~~~~~~~~~~~~~~[m[K
[01m[K/home/gin/ros/workspaces/final/src/utilities/control_core/include/control_core/math/transform.h:133:8:[m[K [01;31m[Kerror: [m[Kâ€˜[01m[KAngularVelocity[m[Kâ€™ does not name a type
  133 | inline [01;31m[KAngularVelocity[m[K changeRefFrame(
      |        [01;31m[K^~~~~~~~~~~~~~~[m[K
[01m[K/home/gin/ros/workspaces/final/src/utilities/control_core/include/control_core/math/transform.h:141:8:[m[K [01;31m[Kerror: [m[Kâ€˜[01m[KAngularVelocity[m[Kâ€™ does not name a type
  141 | inline [01;31m[KAngularVelocity[m[K changeRefFrame(
      |        [01;31m[K^~~~~~~~~~~~~~~[m[K
[01m[K/home/gin/ros/workspaces/final/src/utilities/control_core/include/control_core/math/transform.h:161:8:[m[K [01;31m[Kerror: [m[Kâ€˜[01m[KForce[m[Kâ€™ does not name a type
  161 | inline [01;31m[KForce[m[K changeRefFrame(
      |        [01;31m[K^~~~~[m[K
[01m[K/home/gin/ros/workspaces/final/src/utilities/control_core/include/control_core/math/transform.h:169:8:[m[K [01;31m[Kerror: [m[Kâ€˜[01m[KForce[m[Kâ€™ does not name a type
  169 | inline [01;31m[KForce[m[K changeRefFrame(
      |        [01;31m[K^~~~~[m[K
[01m[K/home/gin/ros/workspaces/final/src/utilities/control_core/include/control_core/math/transform.h:189:8:[m[K [01;31m[Kerror: [m[Kâ€˜[01m[KLinearAcceleration[m[Kâ€™ does not name a type
  189 | inline [01;31m[KLinearAcceleration[m[K changeRefFrame(
      |        [01;31m[K^~~~~~~~~~~~~~~~~~[m[K
[01m[K/home/gin/ros/workspaces/final/src/utilities/control_core/include/control_core/math/transform.h:197:8:[m[K [01;31m[Kerror: [m[Kâ€˜[01m[KLinearAcceleration[m[Kâ€™ does not name a type
  197 | inline [01;31m[KLinearAcceleration[m[K changeRefFrame(
      |        [01;31m[K^~~~~~~~~~~~~~~~~~[m[K
[01m[K/home/gin/ros/workspaces/final/src/utilities/control_core/include/control_core/math/transform.h:217:8:[m[K [01;31m[Kerror: [m[Kâ€˜[01m[KLinearPosition[m[Kâ€™ does not name a type
  217 | inline [01;31m[KLinearPosition[m[K changeRefFrame(
      |        [01;31m[K^~~~~~~~~~~~~~[m[K
[01m[K/home/gin/ros/workspaces/final/src/utilities/control_core/include/control_core/math/transform.h:225:8:[m[K [01;31m[Kerror: [m[Kâ€˜[01m[KLinearPosition[m[Kâ€™ does not name a type
  225 | inline [01;31m[KLinearPosition[m[K changeRefFrame(
      |        [01;31m[K^~~~~~~~~~~~~~[m[K
[01m[K/home/gin/ros/workspaces/final/src/utilities/control_core/include/control_core/math/transform.h:246:8:[m[K [01;31m[Kerror: [m[Kâ€˜[01m[KLinearVelocity[m[Kâ€™ does not name a type
  246 | inline [01;31m[KLinearVelocity[m[K changeRefFrame(
      |        [01;31m[K^~~~~~~~~~~~~~[m[K
[01m[K/home/gin/ros/workspaces/final/src/utilities/control_core/include/control_core/math/transform.h:254:8:[m[K [01;31m[Kerror: [m[Kâ€˜[01m[KLinearVelocity[m[Kâ€™ does not name a type
  254 | inline [01;31m[KLinearVelocity[m[K changeRefFrame(
      |        [01;31m[K^~~~~~~~~~~~~~[m[K
[01m[K/home/gin/ros/workspaces/final/src/utilities/control_core/include/control_core/math/transform.h:274:8:[m[K [01;31m[Kerror: [m[Kâ€˜[01m[KMoment[m[Kâ€™ does not name a type
  274 | inline [01;31m[KMoment[m[K changeRefFrame(
      |        [01;31m[K^~~~~~[m[K
[01m[K/home/gin/ros/workspaces/final/src/utilities/control_core/include/control_core/math/transform.h:282:8:[m[K [01;31m[Kerror: [m[Kâ€˜[01m[KMoment[m[Kâ€™ does not name a type
  282 | inline [01;31m[KMoment[m[K changeRefFrame(
      |        [01;31m[K^~~~~~[m[K
[01m[K/home/gin/ros/workspaces/final/src/utilities/control_core/include/control_core/math/transform.h:304:11:[m[K [01;31m[Kerror: [m[Kâ€˜[01m[KHomogeneousTransformation[m[Kâ€™ does not name a type
  304 |     const [01;31m[KHomogeneousTransformation[m[K& T_parent_child)
      |           [01;31m[K^~~~~~~~~~~~~~~~~~~~~~~~~[m[K
[01m[K/home/gin/ros/workspaces/final/src/utilities/control_core/include/control_core/math/transform.h:315:11:[m[K [01;31m[Kerror: [m[Kâ€˜[01m[KCartesianPosition[m[Kâ€™ does not name a type
  315 |     const [01;31m[KCartesianPosition[m[K& X_parent_child)
      |           [01;31m[K^~~~~~~~~~~~~~~~~[m[K
[01m[K/home/gin/ros/workspaces/final/src/utilities/control_core/include/control_core/math/transform.h:313:16:[m[K [01;31m[Kerror: [m[Kredefinition of â€˜[01m[Ktemplate<class Derived> Derived tum_ics_ur_robot_lli::cc::changeRefFrame(const control_core::CartesianBase<Derived>&, const int&)[m[Kâ€™
  313 | inline Derived [01;31m[KchangeRefFrame[m[K(
      |                [01;31m[K^~~~~~~~~~~~~~[m[K
[01m[K/home/gin/ros/workspaces/final/src/utilities/control_core/include/control_core/math/transform.h:302:16:[m[K [01;36m[Knote: [m[Kâ€˜[01m[Ktemplate<class Derived> Derived tum_ics_ur_robot_lli::cc::changeRefFrame(const control_core::CartesianBase<Derived>&, const int&)[m[Kâ€™ previously declared here
  302 | inline Derived [01;36m[KchangeRefFrame[m[K(
      |                [01;36m[K^~~~~~~~~~~~~~[m[K
[01m[K/home/gin/ros/workspaces/final/src/utilities/control_core/include/control_core/math/transform.h:335:8:[m[K [01;31m[Kerror: [m[Kâ€˜[01m[KWrench[m[Kâ€™ does not name a type
  335 | inline [01;31m[KWrench[m[K changeRefFrame(const Wrench& Worg,
      |        [01;31m[K^~~~~~[m[K
[01m[K/home/gin/ros/workspaces/final/src/utilities/control_core/include/control_core/math/transform.h:344:8:[m[K [01;31m[Kerror: [m[Kâ€˜[01m[KWrench[m[Kâ€™ does not name a type
  344 | inline [01;31m[KWrench[m[K changeRefFrame(const Wrench& Worg,
      |        [01;31m[K^~~~~~[m[K
[01m[K/home/gin/ros/workspaces/final/src/utilities/control_core/include/control_core/math/transform.h:368:9:[m[K [01;31m[Kerror: [m[Kâ€˜[01m[KHomogeneousTransformation[m[Kâ€™ does not name a type
  368 |   const [01;31m[KHomogeneousTransformation[m[K& T_parent_child)
      |         [01;31m[K^~~~~~~~~~~~~~~~~~~~~~~~~[m[K
[01m[K/home/gin/ros/workspaces/final/src/utilities/control_core/include/control_core/math/transform.h:393:9:[m[K [01;31m[Kerror: [m[Kâ€˜[01m[KCartesianPosition[m[Kâ€™ does not name a type
  393 |   const [01;31m[KCartesianPosition[m[K& X_parent_child)
      |         [01;31m[K^~~~~~~~~~~~~~~~~[m[K
[01m[K/home/gin/ros/workspaces/final/src/utilities/control_core/include/control_core/math/transform.h:391:16:[m[K [01;31m[Kerror: [m[Kredefinition of â€˜[01m[Ktemplate<class Derived> Derived tum_ics_ur_robot_lli::cc::changeRefFrame(const control_core::StateBase<_Derived>&, const int&)[m[Kâ€™
  391 | inline Derived [01;31m[KchangeRefFrame[m[K(
      |                [01;31m[K^~~~~~~~~~~~~~[m[K
[01m[K/home/gin/ros/workspaces/final/src/utilities/control_core/include/control_core/math/transform.h:366:16:[m[K [01;36m[Knote: [m[Kâ€˜[01m[Ktemplate<class Derived> Derived tum_ics_ur_robot_lli::cc::changeRefFrame(const control_core::StateBase<_Derived>&, const int&)[m[Kâ€™ previously declared here
  366 | inline Derived [01;36m[KchangeRefFrame[m[K(
      |                [01;36m[K^~~~~~~~~~~~~~[m[K
In file included from [01m[K/home/gin/ros/workspaces/final/src/utilities/control_core/include/control_core/math.h:34[m[K,
                 from [01m[K/home/gin/ros/workspaces/final/src/tum_ics_ur10_controller_tutorial/src/jointspace_controller_1.cpp:4[m[K:
[01m[K/home/gin/ros/workspaces/final/src/utilities/control_core/include/control_core/math/quaternion.h:63:8:[m[K [01;31m[Kerror: [m[Kâ€˜[01m[KMatrix4[m[Kâ€™ does not name a type; did you mean â€˜[01m[KQMatrix[m[Kâ€™?
   63 | inline [01;31m[KMatrix4[m[K QMatrix(const control_core::QuaternionBase<Derived>& Q)
      |        [01;31m[K^~~~~~~[m[K
      |        [32m[KQMatrix[m[K
[01m[K/home/gin/ros/workspaces/final/src/utilities/control_core/include/control_core/math/quaternion.h:83:8:[m[K [01;31m[Kerror: [m[Kâ€˜[01m[KMatrix4[m[Kâ€™ does not name a type; did you mean â€˜[01m[KQMatrix[m[Kâ€™?
   83 | inline [01;31m[KMatrix4[m[K QConjugateMatrix(const control_core::QuaternionBase<Derived>& Q)
      |        [01;31m[K^~~~~~~[m[K
      |        [32m[KQMatrix[m[K
[01m[K/home/gin/ros/workspaces/final/src/utilities/control_core/include/control_core/math/quaternion.h:104:8:[m[K [01;31m[Kerror: [m[Kâ€˜[01m[KAngularVelocity[m[Kâ€™ does not name a type
  104 | inline [01;31m[KAngularVelocity[m[K omegaWorld(
      |        [01;31m[K^~~~~~~~~~~~~~~[m[K
[01m[K/home/gin/ros/workspaces/final/src/utilities/control_core/include/control_core/math/quaternion.h:122:8:[m[K [01;31m[Kerror: [m[Kâ€˜[01m[KAngularVelocity[m[Kâ€™ does not name a type
  122 | inline [01;31m[KAngularVelocity[m[K omegaBody(
      |        [01;31m[K^~~~~~~~~~~~~~~[m[K
[01m[K/home/gin/ros/workspaces/final/src/utilities/control_core/include/control_core/math/quaternion.h:139:8:[m[K [01;31m[Kerror: [m[Kâ€˜[01m[KAngularAcceleration[m[Kâ€™ does not name a type
  139 | inline [01;31m[KAngularAcceleration[m[K alphaWorld(
      |        [01;31m[K^~~~~~~~~~~~~~~~~~~[m[K
[01m[K/home/gin/ros/workspaces/final/src/utilities/control_core/include/control_core/math/quaternion.h:156:8:[m[K [01;31m[Kerror: [m[Kâ€˜[01m[KAngularAcceleration[m[Kâ€™ does not name a type
  156 | inline [01;31m[KAngularAcceleration[m[K alphaBody(
      |        [01;31m[K^~~~~~~~~~~~~~~~~~~[m[K
[01m[K/home/gin/ros/workspaces/final/src/utilities/control_core/include/control_core/math/quaternion.h:174:8:[m[K [01;31m[Kerror: [m[Kâ€˜[01m[KAngularPosition[m[Kâ€™ does not name a type
  174 | inline [01;31m[KAngularPosition[m[K integrateOmegaBody(
      |        [01;31m[K^~~~~~~~~~~~~~~[m[K
[01m[K/home/gin/ros/workspaces/final/src/utilities/control_core/include/control_core/math/quaternion.h:192:8:[m[K [01;31m[Kerror: [m[Kâ€˜[01m[KAngularPosition[m[Kâ€™ does not name a type
  192 | inline [01;31m[KAngularPosition[m[K integrateOmegaWorld(
      |        [01;31m[K^~~~~~~~~~~~~~~[m[K
[01m[K/home/gin/ros/workspaces/final/src/utilities/control_core/include/control_core/math/quaternion.h:209:8:[m[K [01;31m[Kerror: [m[Kâ€˜[01m[KVector3[m[Kâ€™ does not name a type; did you mean â€˜[01m[KQVector3D[m[Kâ€™?
  209 | inline [01;31m[KVector3[m[K logErrorWorld(                                                   // TODO: and for
      |        [01;31m[K^~~~~~~[m[K
      |        [32m[KQVector3D[m[K
[01m[K/home/gin/ros/workspaces/final/src/utilities/control_core/include/control_core/math/quaternion.h:233:8:[m[K [01;31m[Kerror: [m[Kâ€˜[01m[KVector3[m[Kâ€™ does not name a type; did you mean â€˜[01m[KQVector3D[m[Kâ€™?
  233 | inline [01;31m[KVector3[m[K logErrorLocal(
      |        [01;31m[K^~~~~~~[m[K
      |        [32m[KQVector3D[m[K
[01m[K/home/gin/ros/workspaces/final/src/utilities/control_core/include/control_core/math/quaternion.h:258:8:[m[K [01;31m[Kerror: [m[Kâ€˜[01m[KAngularPosition[m[Kâ€™ does not name a type
  258 | inline [01;31m[KAngularPosition[m[K slerp(
      |        [01;31m[K^~~~~~~~~~~~~~~[m[K
[01m[K/home/gin/ros/workspaces/final/src/utilities/control_core/include/control_core/math/quaternion.h:312:8:[m[K [01;31m[Kerror: [m[Kâ€˜[01m[KAngularPosition[m[Kâ€™ does not name a type
  312 | inline [01;31m[KAngularPosition[m[K slerpP(
      |        [01;31m[K^~~~~~~~~~~~~~~[m[K
[01m[K/home/gin/ros/workspaces/final/src/utilities/control_core/include/control_core/math/quaternion.h:363:8:[m[K [01;31m[Kerror: [m[Kâ€˜[01m[KAngularPosition[m[Kâ€™ does not name a type
  363 | inline [01;31m[KAngularPosition[m[K slerpPP(
      |        [01;31m[K^~~~~~~~~~~~~~~[m[K
In file included from [01m[K/home/gin/ros/workspaces/final/src/utilities/control_core/include/control_core/math.h:35[m[K,
                 from [01m[K/home/gin/ros/workspaces/final/src/tum_ics_ur10_controller_tutorial/src/jointspace_controller_1.cpp:4[m[K:
[01m[K/home/gin/ros/workspaces/final/src/utilities/control_core/include/control_core/math/error_functions.h:47:10:[m[K [01;31m[Kerror: [m[Kâ€˜[01m[KCartesianVector[m[Kâ€™ does not name a type
   47 |   inline [01;31m[KCartesianVector[m[K& cartesianErrorWorld(
      |          [01;31m[K^~~~~~~~~~~~~~~[m[K
[01m[K/home/gin/ros/workspaces/final/src/utilities/control_core/include/control_core/math/error_functions.h:70:10:[m[K [01;31m[Kerror: [m[Kâ€˜[01m[KCartesianVector[m[Kâ€™ does not name a type
   70 |   inline [01;31m[KCartesianVector[m[K cartesianErrorWorld(
      |          [01;31m[K^~~~~~~~~~~~~~~[m[K
[01m[K/home/gin/ros/workspaces/final/src/utilities/control_core/include/control_core/math/error_functions.h:90:10:[m[K [01;31m[Kerror: [m[Kâ€˜[01m[KCartesianVector[m[Kâ€™ does not name a type
   90 |   inline [01;31m[KCartesianVector[m[K& cartesianErrorWorld(
      |          [01;31m[K^~~~~~~~~~~~~~~[m[K
[01m[K/home/gin/ros/workspaces/final/src/utilities/control_core/include/control_core/math/error_functions.h:114:10:[m[K [01;31m[Kerror: [m[Kâ€˜[01m[KCartesianVector[m[Kâ€™ does not name a type
  114 |   inline [01;31m[KCartesianVector[m[K cartesianErrorWorld(
      |          [01;31m[K^~~~~~~~~~~~~~~[m[K
[01m[K/home/gin/ros/workspaces/final/src/utilities/control_core/include/control_core/math/error_functions.h:129:14:[m[K [01;31m[Kerror: [m[Kâ€˜[01m[KAngularPosition[m[Kâ€™ in namespace â€˜[01m[Ktum_ics_ur_robot_lli::cc[m[Kâ€™ does not name a type
  129 |   inline cc::[01;31m[KAngularPosition[m[K shortestPath(
      |              [01;31m[K^~~~~~~~~~~~~~~[m[K
[01m[K/home/gin/ros/workspaces/final/src/utilities/control_core/include/control_core/math/error_functions.h:143:14:[m[K [01;31m[Kerror: [m[Kâ€˜[01m[KCartesianPosition[m[Kâ€™ in namespace â€˜[01m[Ktum_ics_ur_robot_lli::cc[m[Kâ€™ does not name a type
  143 |   inline cc::[01;31m[KCartesianPosition[m[K shortestPath(
      |              [01;31m[K^~~~~~~~~~~~~~~~~[m[K
In file included from [01m[K/home/gin/ros/workspaces/final/src/utilities/control_core/include/control_core/math.h:36[m[K,
                 from [01m[K/home/gin/ros/workspaces/final/src/tum_ics_ur10_controller_tutorial/src/jointspace_controller_1.cpp:4[m[K:
[01m[K/home/gin/ros/workspaces/final/src/utilities/control_core/include/control_core/math/cross_product.h:[m[K In function â€˜[01m[KEigen::Matrix<typename Derived::Scalar, 3, 3> tum_ics_ur_robot_lli::cc::hat(const Eigen::MatrixBase<Derived>&)[m[Kâ€™:
[01m[K/home/gin/ros/workspaces/final/src/utilities/control_core/include/control_core/math/cross_product.h:40:5:[m[K [01;31m[Kerror: [m[Kâ€˜[01m[KMatrix3[m[Kâ€™ was not declared in this scope; did you mean â€˜[01m[Kcc::Matrix3[m[Kâ€™?
   40 |     [01;31m[KMatrix3[m[K ret;
      |     [01;31m[K^~~~~~~[m[K
      |     [32m[Kcc::Matrix3[m[K
In file included from [01m[K/home/gin/ros/workspaces/final/src/ur_model/include/ur_model/ur_model.h:27[m[K,
                 from [01m[K/home/gin/ros/workspaces/final/src/tum_ics_ur10_controller_tutorial/include/tum_ics_ur10_controller_tutorial/jointspace_controller_1.h:5[m[K,
                 from [01m[K/home/gin/ros/workspaces/final/src/tum_ics_ur10_controller_tutorial/src/jointspace_controller_1.cpp:1[m[K:
[01m[K/home/gin/ros/workspaces/final/src/utilities/control_core/include/control_core/types.h:139:46:[m[K [01;36m[Knote: [m[Kâ€˜[01m[Kcc::Matrix3[m[Kâ€™ declared here
  139 |   typedef control_core::Matrix<Scalar, 3, 3> [01;36m[KMatrix3[m[K;
      |                                              [01;36m[K^~~~~~~[m[K
In file included from [01m[K/home/gin/ros/workspaces/final/src/utilities/control_core/include/control_core/math.h:36[m[K,
                 from [01m[K/home/gin/ros/workspaces/final/src/tum_ics_ur10_controller_tutorial/src/jointspace_controller_1.cpp:4[m[K:
[01m[K/home/gin/ros/workspaces/final/src/utilities/control_core/include/control_core/math/cross_product.h:41:5:[m[K [01;31m[Kerror: [m[Kâ€˜[01m[Kret[m[Kâ€™ was not declared in this scope
   41 |     [01;31m[Kret[m[K << 0.0, -v(2), v(1), v(2), 0.0, -v(0), -v(1), v(0), 0.0;
      |     [01;31m[K^~~[m[K
In file included from [01m[K/home/gin/ros/workspaces/final/src/tum_ics_ur10_controller_tutorial/src/jointspace_controller_1.cpp:4[m[K:
[01m[K/home/gin/ros/workspaces/final/src/utilities/control_core/include/control_core/math.h:[m[K At global scope:
[01m[K/home/gin/ros/workspaces/final/src/utilities/control_core/include/control_core/math.h:47:10:[m[K [01;31m[Kerror: [m[Kâ€˜[01m[KScalar[m[Kâ€™ does not name a type; did you mean â€˜[01m[KtfScalar[m[Kâ€™?
   47 |   inline [01;31m[KScalar[m[K factorial(Scalar x)
      |          [01;31m[K^~~~~~[m[K
      |          [32m[KtfScalar[m[K
[01m[K/home/gin/ros/workspaces/final/src/utilities/control_core/include/control_core/math.h:57:19:[m[K [01;31m[Kerror: [m[Kâ€˜[01m[KScalar[m[Kâ€™ was not declared in this scope; did you mean â€˜[01m[Kcc::Scalar[m[Kâ€™?
   57 |   inline int sign([01;31m[KScalar[m[K x)
      |                   [01;31m[K^~~~~~[m[K
      |                   [32m[Kcc::Scalar[m[K
In file included from [01m[K/home/gin/ros/workspaces/final/src/ur_model/include/ur_model/ur_model.h:27[m[K,
                 from [01m[K/home/gin/ros/workspaces/final/src/tum_ics_ur10_controller_tutorial/include/tum_ics_ur10_controller_tutorial/jointspace_controller_1.h:5[m[K,
                 from [01m[K/home/gin/ros/workspaces/final/src/tum_ics_ur10_controller_tutorial/src/jointspace_controller_1.cpp:1[m[K:
[01m[K/home/gin/ros/workspaces/final/src/utilities/control_core/include/control_core/types.h:62:27:[m[K [01;36m[Knote: [m[Kâ€˜[01m[Kcc::Scalar[m[Kâ€™ declared here
   62 |   typedef CC_TYPES_SCALAR [01;36m[KScalar[m[K;
      |                           [01;36m[K^~~~~~[m[K
In file included from [01m[K/home/gin/ros/workspaces/final/src/tum_ics_ur10_controller_tutorial/src/jointspace_controller_1.cpp:4[m[K:
[01m[K/home/gin/ros/workspaces/final/src/utilities/control_core/include/control_core/math.h:67:10:[m[K [01;31m[Kerror: [m[Kâ€˜[01m[KScalar[m[Kâ€™ does not name a type; did you mean â€˜[01m[KtfScalar[m[Kâ€™?
   67 |   inline [01;31m[KScalar[m[K deg2rad(Scalar deg)
      |          [01;31m[K^~~~~~[m[K
      |          [32m[KtfScalar[m[K
[01m[K/home/gin/ros/workspaces/final/src/utilities/control_core/include/control_core/math.h:78:10:[m[K [01;31m[Kerror: [m[Kâ€˜[01m[KScalar[m[Kâ€™ does not name a type; did you mean â€˜[01m[KtfScalar[m[Kâ€™?
   78 |   inline [01;31m[KScalar[m[K rad2deg(Scalar rad)
      |          [01;31m[K^~~~~~[m[K
      |          [32m[KtfScalar[m[K
[01m[K/home/gin/ros/workspaces/final/src/utilities/control_core/include/control_core/math.h:142:17:[m[K [01;31m[Kerror: [m[Kâ€˜[01m[KLinearPosition[m[Kâ€™ in namespace â€˜[01m[Ktum_ics_ur_robot_lli::cc[m[Kâ€™ does not name a type
  142 |       const cc::[01;31m[KLinearPosition[m[K &lower,
      |                 [01;31m[K^~~~~~~~~~~~~~[m[K
[01m[K/home/gin/ros/workspaces/final/src/utilities/control_core/include/control_core/math.h:143:17:[m[K [01;31m[Kerror: [m[Kâ€˜[01m[KLinearPosition[m[Kâ€™ in namespace â€˜[01m[Ktum_ics_ur_robot_lli::cc[m[Kâ€™ does not name a type
  143 |       const cc::[01;31m[KLinearPosition[m[K &upper)
      |                 [01;31m[K^~~~~~~~~~~~~~[m[K
[01m[K/home/gin/ros/workspaces/final/src/utilities/control_core/include/control_core/math.h:[m[K In function â€˜[01m[Kbool tum_ics_ur_robot_lli::cc::clampSetZero(control_core::LinearPositionRef<OtherDerived>, control_core::LinearVelocityRef<Derived2>, const int&, const int&)[m[Kâ€™:
[01m[K/home/gin/ros/workspaces/final/src/utilities/control_core/include/control_core/math.h:148:27:[m[K [01;31m[Kerror: [m[Kexpression cannot be used as a function
  148 |       if (val(i) > upper(i[01;31m[K)[m[K)
      |                           [01;31m[K^[m[K
[01m[K/home/gin/ros/workspaces/final/src/utilities/control_core/include/control_core/math.h:151:25:[m[K [01;31m[Kerror: [m[Kexpression cannot be used as a function
  151 |         val(i) = upper(i[01;31m[K)[m[K;
      |                         [01;31m[K^[m[K
[01m[K/home/gin/ros/workspaces/final/src/utilities/control_core/include/control_core/math.h:154:32:[m[K [01;31m[Kerror: [m[Kexpression cannot be used as a function
  154 |       else if (val(i) < lower(i[01;31m[K)[m[K)
      |                                [01;31m[K^[m[K
[01m[K/home/gin/ros/workspaces/final/src/utilities/control_core/include/control_core/math.h:157:25:[m[K [01;31m[Kerror: [m[Kexpression cannot be used as a function
  157 |         val(i) = lower(i[01;31m[K)[m[K;
      |                         [01;31m[K^[m[K
[01m[K/home/gin/ros/workspaces/final/src/tum_ics_ur10_controller_tutorial/src/jointspace_controller_1.cpp:[m[K At global scope:
[01m[K/home/gin/ros/workspaces/final/src/tum_ics_ur10_controller_tutorial/src/jointspace_controller_1.cpp:15:67:[m[K [01;31m[Kerror: [m[Kâ€˜[01m[Ktum_ics_ur_robot_lli::ros::Publisher[m[Kâ€™ has not been declared
   15 |     void vis_pose(Quaterniond Q, Vector3d X, std::string id, ros::[01;31m[KPublisher[m[K pub);
      |                                                                   [01;31m[K^~~~~~~~~[m[K
[01m[K/home/gin/ros/workspaces/final/src/tum_ics_ur10_controller_tutorial/src/jointspace_controller_1.cpp:16:58:[m[K [01;31m[Kerror: [m[Kâ€˜[01m[Ktum_ics_ur_robot_lli::ros::Publisher[m[Kâ€™ has not been declared
   16 |     void vis_trajectory(Vector3d v, std::string id, ros::[01;31m[KPublisher[m[K pub);
      |                                                          [01;31m[K^~~~~~~~~[m[K
[01m[K/home/gin/ros/workspaces/final/src/tum_ics_ur10_controller_tutorial/src/jointspace_controller_1.cpp:22:5:[m[K [01;31m[Kerror: [m[Kâ€˜[01m[KJointSpaceController_1[m[Kâ€™ does not name a type
   22 |     [01;31m[KJointSpaceController_1[m[K::JointSpaceController_1(double weight, const QString &name) :
      |     [01;31m[K^~~~~~~~~~~~~~~~~~~~~~[m[K
[01m[K/home/gin/ros/workspaces/final/src/tum_ics_ur10_controller_tutorial/src/jointspace_controller_1.cpp:91:5:[m[K [01;31m[Kerror: [m[Kâ€˜[01m[KJointSpaceController_1[m[Kâ€™ does not name a type
   91 |     [01;31m[KJointSpaceController_1[m[K::~JointSpaceController_1()
      |     [01;31m[K^~~~~~~~~~~~~~~~~~~~~~[m[K
[01m[K/home/gin/ros/workspaces/final/src/tum_ics_ur10_controller_tutorial/src/jointspace_controller_1.cpp:95:10:[m[K [01;31m[Kerror: [m[Kâ€˜[01m[KJointSpaceController_1[m[Kâ€™ has not been declared
   95 |     void [01;31m[KJointSpaceController_1[m[K::setQInit(const JointState &qinit)
      |          [01;31m[K^~~~~~~~~~~~~~~~~~~~~~[m[K
[01m[K/home/gin/ros/workspaces/final/src/tum_ics_ur10_controller_tutorial/src/jointspace_controller_1.cpp:[m[K In function â€˜[01m[Kvoid tum_ics_ur_robot_lli::tum_ics_ur_robot_lli::RobotControllers::setQInit(const tum_ics_ur_robot_lli::JointState&)[m[Kâ€™:
[01m[K/home/gin/ros/workspaces/final/src/tum_ics_ur10_controller_tutorial/src/jointspace_controller_1.cpp:97:7:[m[K [01;31m[Kerror: [m[Kâ€˜[01m[KqInit_[m[Kâ€™ was not declared in this scope; did you mean â€˜[01m[Kqinit[m[Kâ€™?
   97 |       [01;31m[KqInit_[m[K = qinit;
      |       [01;31m[K^~~~~~[m[K
      |       [32m[Kqinit[m[K
[01m[K/home/gin/ros/workspaces/final/src/tum_ics_ur10_controller_tutorial/src/jointspace_controller_1.cpp:[m[K At global scope:
[01m[K/home/gin/ros/workspaces/final/src/tum_ics_ur10_controller_tutorial/src/jointspace_controller_1.cpp:99:10:[m[K [01;31m[Kerror: [m[Kâ€˜[01m[KJointSpaceController_1[m[Kâ€™ has not been declared
   99 |     void [01;31m[KJointSpaceController_1[m[K::setQHome(const JointState &qhome)
      |          [01;31m[K^~~~~~~~~~~~~~~~~~~~~~[m[K
[01m[K/home/gin/ros/workspaces/final/src/tum_ics_ur10_controller_tutorial/src/jointspace_controller_1.cpp:[m[K In function â€˜[01m[Kvoid tum_ics_ur_robot_lli::tum_ics_ur_robot_lli::RobotControllers::setQHome(const tum_ics_ur_robot_lli::JointState&)[m[Kâ€™:
[01m[K/home/gin/ros/workspaces/final/src/tum_ics_ur10_controller_tutorial/src/jointspace_controller_1.cpp:101:7:[m[K [01;31m[Kerror: [m[Kâ€˜[01m[KqHome_[m[Kâ€™ was not declared in this scope; did you mean â€˜[01m[Kqhome[m[Kâ€™?
  101 |       [01;31m[KqHome_[m[K = qhome;
      |       [01;31m[K^~~~~~[m[K
      |       [32m[Kqhome[m[K
[01m[K/home/gin/ros/workspaces/final/src/tum_ics_ur10_controller_tutorial/src/jointspace_controller_1.cpp:[m[K At global scope:
[01m[K/home/gin/ros/workspaces/final/src/tum_ics_ur10_controller_tutorial/src/jointspace_controller_1.cpp:103:10:[m[K [01;31m[Kerror: [m[Kâ€˜[01m[KJointSpaceController_1[m[Kâ€™ has not been declared
  103 |     void [01;31m[KJointSpaceController_1[m[K::setQPark(const JointState &qpark)
      |          [01;31m[K^~~~~~~~~~~~~~~~~~~~~~[m[K
[01m[K/home/gin/ros/workspaces/final/src/tum_ics_ur10_controller_tutorial/src/jointspace_controller_1.cpp:[m[K In function â€˜[01m[Kvoid tum_ics_ur_robot_lli::tum_ics_ur_robot_lli::RobotControllers::setQPark(const tum_ics_ur_robot_lli::JointState&)[m[Kâ€™:
[01m[K/home/gin/ros/workspaces/final/src/tum_ics_ur10_controller_tutorial/src/jointspace_controller_1.cpp:105:7:[m[K [01;31m[Kerror: [m[Kâ€˜[01m[KqPark_[m[Kâ€™ was not declared in this scope; did you mean â€˜[01m[Kqpark[m[Kâ€™?
  105 |       [01;31m[KqPark_[m[K = qpark;
      |       [01;31m[K^~~~~~[m[K
      |       [32m[Kqpark[m[K
[01m[K/home/gin/ros/workspaces/final/src/tum_ics_ur10_controller_tutorial/src/jointspace_controller_1.cpp:[m[K At global scope:
[01m[K/home/gin/ros/workspaces/final/src/tum_ics_ur10_controller_tutorial/src/jointspace_controller_1.cpp:108:10:[m[K [01;31m[Kerror: [m[Kâ€˜[01m[KJointSpaceController_1[m[Kâ€™ has not been declared
  108 |     bool [01;31m[KJointSpaceController_1[m[K::start()
      |          [01;31m[K^~~~~~~~~~~~~~~~~~~~~~[m[K
[01m[K/home/gin/ros/workspaces/final/src/tum_ics_ur10_controller_tutorial/src/jointspace_controller_1.cpp:114:10:[m[K [01;31m[Kerror: [m[Kâ€˜[01m[KJointSpaceController_1[m[Kâ€™ has not been declared
  114 |     bool [01;31m[KJointSpaceController_1[m[K::stop()
      |          [01;31m[K^~~~~~~~~~~~~~~~~~~~~~[m[K
[01m[K/home/gin/ros/workspaces/final/src/tum_ics_ur10_controller_tutorial/src/jointspace_controller_1.cpp:120:10:[m[K [01;31m[Kerror: [m[Kâ€˜[01m[KJointSpaceController_1[m[Kâ€™ has not been declared
  120 |     bool [01;31m[KJointSpaceController_1[m[K::init()
      |          [01;31m[K^~~~~~~~~~~~~~~~~~~~~~[m[K
[01m[K/home/gin/ros/workspaces/final/src/tum_ics_ur10_controller_tutorial/src/jointspace_controller_1.cpp:[m[K In function â€˜[01m[Kbool tum_ics_ur_robot_lli::tum_ics_ur_robot_lli::RobotControllers::init()[m[Kâ€™:
[01m[K/home/gin/ros/workspaces/final/src/tum_ics_ur10_controller_tutorial/src/jointspace_controller_1.cpp:128:17:[m[K [01;31m[Kerror: [m[Kâ€˜[01m[Ktum_ics_ur_robot_lli::ros::param[m[Kâ€™ has not been declared
  128 |       if (!ros::[01;31m[Kparam[m[K::has(ns))
      |                 [01;31m[K^~~~~[m[K
[01m[K/home/gin/ros/workspaces/final/src/tum_ics_ur10_controller_tutorial/src/jointspace_controller_1.cpp:131:9:[m[K [01;31m[Kerror: [m[Kâ€˜[01m[Km_error[m[Kâ€™ was not declared in this scope; did you mean â€˜[01m[Kperror[m[Kâ€™?
  131 |         [01;31m[Km_error[m[K = true;
      |         [01;31m[K^~~~~~~[m[K
      |         [32m[Kperror[m[K
[01m[K/home/gin/ros/workspaces/final/src/tum_ics_ur10_controller_tutorial/src/jointspace_controller_1.cpp:138:12:[m[K [01;31m[Kerror: [m[Kâ€˜[01m[Ktum_ics_ur_robot_lli::ros::param[m[Kâ€™ has not been declared
  138 |       ros::[01;31m[Kparam[m[K::get(ns + "/q_gains_d", vec);
      |            [01;31m[K^~~~~[m[K
[01m[K/home/gin/ros/workspaces/final/src/tum_ics_ur10_controller_tutorial/src/jointspace_controller_1.cpp:142:9:[m[K [01;31m[Kerror: [m[Kâ€˜[01m[Km_error[m[Kâ€™ was not declared in this scope; did you mean â€˜[01m[Kperror[m[Kâ€™?
  142 |         [01;31m[Km_error[m[K = true;
      |         [01;31m[K^~~~~~~[m[K
      |         [32m[Kperror[m[K
[01m[K/home/gin/ros/workspaces/final/src/tum_ics_ur10_controller_tutorial/src/jointspace_controller_1.cpp:147:9:[m[K [01;31m[Kerror: [m[Kâ€˜[01m[KqKd_[m[Kâ€™ was not declared in this scope
  147 |         [01;31m[KqKd_[m[K(i, i) = vec[i];
      |         [01;31m[K^~~~[m[K
In file included from [01m[K/opt/ros/noetic/include/ros/ros.h:40[m[K,
                 from [01m[K/opt/ros/noetic/include/tum_ics_ur_robot_lli/RobotTime.h:10[m[K,
                 from [01m[K/opt/ros/noetic/include/tum_ics_ur_robot_lli/RobotControllers/Controller.h:15[m[K,
                 from [01m[K/opt/ros/noetic/include/tum_ics_ur_robot_lli/RobotControllers/ControlEffort.h:4[m[K,
                 from [01m[K/home/gin/ros/workspaces/final/src/tum_ics_ur10_controller_tutorial/include/tum_ics_ur10_controller_tutorial/jointspace_controller_1.h:4[m[K,
                 from [01m[K/home/gin/ros/workspaces/final/src/tum_ics_ur10_controller_tutorial/src/jointspace_controller_1.cpp:1[m[K:
[01m[K/home/gin/ros/workspaces/final/src/tum_ics_ur10_controller_tutorial/src/jointspace_controller_1.cpp:149:36:[m[K [01;31m[Kerror: [m[Kâ€˜[01m[KqKd_[m[Kâ€™ was not declared in this scope
  149 |       ROS_WARN_STREAM("qKd: \n" << [01;31m[KqKd_[m[K);
      |                                    [01;31m[K^~~~[m[K
[01m[K/opt/ros/noetic/include/ros/console.h:361:64:[m[K [01;36m[Knote: [m[Kin definition of macro â€˜[01m[KROSCONSOLE_PRINT_STREAM_AT_LOCATION_WITH_FILTER[m[Kâ€™
  361 |     __rosconsole_print_stream_at_location_with_filter__ss__ << [01;36m[Kargs[m[K; \
      |                                                                [01;36m[K^~~~[m[K
[01m[K/opt/ros/noetic/include/ros/console.h:409:7:[m[K [01;36m[Knote: [m[Kin expansion of macro â€˜[01m[KROSCONSOLE_PRINT_STREAM_AT_LOCATION[m[Kâ€™
  409 |       [01;36m[KROSCONSOLE_PRINT_STREAM_AT_LOCATION[m[K(args); \
      |       [01;36m[K^~~~~~~~~~~~~~~~~~~~~~~~~~~~~~~~~~~[m[K
[01m[K/opt/ros/noetic/include/ros/console.h:582:43:[m[K [01;36m[Knote: [m[Kin expansion of macro â€˜[01m[KROS_LOG_STREAM_COND[m[Kâ€™
  582 | #define ROS_LOG_STREAM(level, name, args) [01;36m[KROS_LOG_STREAM_COND[m[K(true, level, name, args)
      |                                           [01;36m[K^~~~~~~~~~~~~~~~~~~[m[K
[01m[K/opt/ros/noetic/include/rosconsole/macros_generated.h:163:31:[m[K [01;36m[Knote: [m[Kin expansion of macro â€˜[01m[KROS_LOG_STREAM[m[Kâ€™
  163 | #define ROS_WARN_STREAM(args) [01;36m[KROS_LOG_STREAM[m[K(::ros::console::levels::Warn, ROSCONSOLE_DEFAULT_NAME, args)
      |                               [01;36m[K^~~~~~~~~~~~~~[m[K
[01m[K/home/gin/ros/workspaces/final/src/tum_ics_ur10_controller_tutorial/src/jointspace_controller_1.cpp:149:7:[m[K [01;36m[Knote: [m[Kin expansion of macro â€˜[01m[KROS_WARN_STREAM[m[Kâ€™
  149 |       [01;36m[KROS_WARN_STREAM[m[K("qKd: \n" << qKd_);
      |       [01;36m[K^~~~~~~~~~~~~~~[m[K
[01m[K/home/gin/ros/workspaces/final/src/tum_ics_ur10_controller_tutorial/src/jointspace_controller_1.cpp:152:12:[m[K [01;31m[Kerror: [m[Kâ€˜[01m[Ktum_ics_ur_robot_lli::ros::param[m[Kâ€™ has not been declared
  152 |       ros::[01;31m[Kparam[m[K::get(ns + "/q_gains_p", vec);
      |            [01;31m[K^~~~~[m[K
[01m[K/home/gin/ros/workspaces/final/src/tum_ics_ur10_controller_tutorial/src/jointspace_controller_1.cpp:156:9:[m[K [01;31m[Kerror: [m[Kâ€˜[01m[Km_error[m[Kâ€™ was not declared in this scope; did you mean â€˜[01m[Kperror[m[Kâ€™?
  156 |         [01;31m[Km_error[m[K = true;
      |         [01;31m[K^~~~~~~[m[K
      |         [32m[Kperror[m[K
[01m[K/home/gin/ros/workspaces/final/src/tum_ics_ur10_controller_tutorial/src/jointspace_controller_1.cpp:161:9:[m[K [01;31m[Kerror: [m[Kâ€˜[01m[KqKp_[m[Kâ€™ was not declared in this scope
  161 |         [01;31m[KqKp_[m[K(i, i) = vec[i];
      |         [01;31m[K^~~~[m[K
In file included from [01m[K/opt/ros/noetic/include/ros/ros.h:40[m[K,
                 from [01m[K/opt/ros/noetic/include/tum_ics_ur_robot_lli/RobotTime.h:10[m[K,
                 from [01m[K/opt/ros/noetic/include/tum_ics_ur_robot_lli/RobotControllers/Controller.h:15[m[K,
                 from [01m[K/opt/ros/noetic/include/tum_ics_ur_robot_lli/RobotControllers/ControlEffort.h:4[m[K,
                 from [01m[K/home/gin/ros/workspaces/final/src/tum_ics_ur10_controller_tutorial/include/tum_ics_ur10_controller_tutorial/jointspace_controller_1.h:4[m[K,
                 from [01m[K/home/gin/ros/workspaces/final/src/tum_ics_ur10_controller_tutorial/src/jointspace_controller_1.cpp:1[m[K:
[01m[K/home/gin/ros/workspaces/final/src/tum_ics_ur10_controller_tutorial/src/jointspace_controller_1.cpp:163:36:[m[K [01;31m[Kerror: [m[Kâ€˜[01m[KqKp_[m[Kâ€™ was not declared in this scope
  163 |       ROS_WARN_STREAM("qKp: \n" << [01;31m[KqKp_[m[K);
      |                                    [01;31m[K^~~~[m[K
[01m[K/opt/ros/noetic/include/ros/console.h:361:64:[m[K [01;36m[Knote: [m[Kin definition of macro â€˜[01m[KROSCONSOLE_PRINT_STREAM_AT_LOCATION_WITH_FILTER[m[Kâ€™
  361 |     __rosconsole_print_stream_at_location_with_filter__ss__ << [01;36m[Kargs[m[K; \
      |                                                                [01;36m[K^~~~[m[K
[01m[K/opt/ros/noetic/include/ros/console.h:409:7:[m[K [01;36m[Knote: [m[Kin expansion of macro â€˜[01m[KROSCONSOLE_PRINT_STREAM_AT_LOCATION[m[Kâ€™
  409 |       [01;36m[KROSCONSOLE_PRINT_STREAM_AT_LOCATION[m[K(args); \
      |       [01;36m[K^~~~~~~~~~~~~~~~~~~~~~~~~~~~~~~~~~~[m[K
[01m[K/opt/ros/noetic/include/ros/console.h:582:43:[m[K [01;36m[Knote: [m[Kin expansion of macro â€˜[01m[KROS_LOG_STREAM_COND[m[Kâ€™
  582 | #define ROS_LOG_STREAM(level, name, args) [01;36m[KROS_LOG_STREAM_COND[m[K(true, level, name, args)
      |                                           [01;36m[K^~~~~~~~~~~~~~~~~~~[m[K
[01m[K/opt/ros/noetic/include/rosconsole/macros_generated.h:163:31:[m[K [01;36m[Knote: [m[Kin expansion of macro â€˜[01m[KROS_LOG_STREAM[m[Kâ€™
  163 | #define ROS_WARN_STREAM(args) [01;36m[KROS_LOG_STREAM[m[K(::ros::console::levels::Warn, ROSCONSOLE_DEFAULT_NAME, args)
      |                               [01;36m[K^~~~~~~~~~~~~~[m[K
[01m[K/home/gin/ros/workspaces/final/src/tum_ics_ur10_controller_tutorial/src/jointspace_controller_1.cpp:163:7:[m[K [01;36m[Knote: [m[Kin expansion of macro â€˜[01m[KROS_WARN_STREAM[m[Kâ€™
  163 |       [01;36m[KROS_WARN_STREAM[m[K("qKp: \n" << qKp_);
      |       [01;36m[K^~~~~~~~~~~~~~~[m[K
[01m[K/home/gin/ros/workspaces/final/src/tum_ics_ur10_controller_tutorial/src/jointspace_controller_1.cpp:166:12:[m[K [01;31m[Kerror: [m[Kâ€˜[01m[Ktum_ics_ur_robot_lli::ros::param[m[Kâ€™ has not been declared
  166 |       ros::[01;31m[Kparam[m[K::get(ns + "/q_gains_i", vec);
      |            [01;31m[K^~~~~[m[K
[01m[K/home/gin/ros/workspaces/final/src/tum_ics_ur10_controller_tutorial/src/jointspace_controller_1.cpp:170:9:[m[K [01;31m[Kerror: [m[Kâ€˜[01m[Km_error[m[Kâ€™ was not declared in this scope; did you mean â€˜[01m[Kperror[m[Kâ€™?
  170 |         [01;31m[Km_error[m[K = true;
      |         [01;31m[K^~~~~~~[m[K
      |         [32m[Kperror[m[K
[01m[K/home/gin/ros/workspaces/final/src/tum_ics_ur10_controller_tutorial/src/jointspace_controller_1.cpp:175:9:[m[K [01;31m[Kerror: [m[Kâ€˜[01m[KqKi_[m[Kâ€™ was not declared in this scope
  175 |         [01;31m[KqKi_[m[K(i, i) = vec[i];
      |         [01;31m[K^~~~[m[K
In file included from [01m[K/opt/ros/noetic/include/ros/ros.h:40[m[K,
                 from [01m[K/opt/ros/noetic/include/tum_ics_ur_robot_lli/RobotTime.h:10[m[K,
                 from [01m[K/opt/ros/noetic/include/tum_ics_ur_robot_lli/RobotControllers/Controller.h:15[m[K,
                 from [01m[K/opt/ros/noetic/include/tum_ics_ur_robot_lli/RobotControllers/ControlEffort.h:4[m[K,
                 from [01m[K/home/gin/ros/workspaces/final/src/tum_ics_ur10_controller_tutorial/include/tum_ics_ur10_controller_tutorial/jointspace_controller_1.h:4[m[K,
                 from [01m[K/home/gin/ros/workspaces/final/src/tum_ics_ur10_controller_tutorial/src/jointspace_controller_1.cpp:1[m[K:
[01m[K/home/gin/ros/workspaces/final/src/tum_ics_ur10_controller_tutorial/src/jointspace_controller_1.cpp:177:36:[m[K [01;31m[Kerror: [m[Kâ€˜[01m[KqKi_[m[Kâ€™ was not declared in this scope
  177 |       ROS_WARN_STREAM("qKi: \n" << [01;31m[KqKi_[m[K);
      |                                    [01;31m[K^~~~[m[K
[01m[K/opt/ros/noetic/include/ros/console.h:361:64:[m[K [01;36m[Knote: [m[Kin definition of macro â€˜[01m[KROSCONSOLE_PRINT_STREAM_AT_LOCATION_WITH_FILTER[m[Kâ€™
  361 |     __rosconsole_print_stream_at_location_with_filter__ss__ << [01;36m[Kargs[m[K; \
      |                                                                [01;36m[K^~~~[m[K
[01m[K/opt/ros/noetic/include/ros/console.h:409:7:[m[K [01;36m[Knote: [m[Kin expansion of macro â€˜[01m[KROSCONSOLE_PRINT_STREAM_AT_LOCATION[m[Kâ€™
  409 |       [01;36m[KROSCONSOLE_PRINT_STREAM_AT_LOCATION[m[K(args); \
      |       [01;36m[K^~~~~~~~~~~~~~~~~~~~~~~~~~~~~~~~~~~[m[K
[01m[K/opt/ros/noetic/include/ros/console.h:582:43:[m[K [01;36m[Knote: [m[Kin expansion of macro â€˜[01m[KROS_LOG_STREAM_COND[m[Kâ€™
  582 | #define ROS_LOG_STREAM(level, name, args) [01;36m[KROS_LOG_STREAM_COND[m[K(true, level, name, args)
      |                                           [01;36m[K^~~~~~~~~~~~~~~~~~~[m[K
[01m[K/opt/ros/noetic/include/rosconsole/macros_generated.h:163:31:[m[K [01;36m[Knote: [m[Kin expansion of macro â€˜[01m[KROS_LOG_STREAM[m[Kâ€™
  163 | #define ROS_WARN_STREAM(args) [01;36m[KROS_LOG_STREAM[m[K(::ros::console::levels::Warn, ROSCONSOLE_DEFAULT_NAME, args)
      |                               [01;36m[K^~~~~~~~~~~~~~[m[K
[01m[K/home/gin/ros/workspaces/final/src/tum_ics_ur10_controller_tutorial/src/jointspace_controller_1.cpp:177:7:[m[K [01;36m[Knote: [m[Kin expansion of macro â€˜[01m[KROS_WARN_STREAM[m[Kâ€™
  177 |       [01;36m[KROS_WARN_STREAM[m[K("qKi: \n" << qKi_);
      |       [01;36m[K^~~~~~~~~~~~~~~[m[K
[01m[K/home/gin/ros/workspaces/final/src/tum_ics_ur10_controller_tutorial/src/jointspace_controller_1.cpp:180:12:[m[K [01;31m[Kerror: [m[Kâ€˜[01m[Ktum_ics_ur_robot_lli::ros::param[m[Kâ€™ has not been declared
  180 |       ros::[01;31m[Kparam[m[K::get(ns + "/x_gains_d", vec);
      |            [01;31m[K^~~~~[m[K
[01m[K/home/gin/ros/workspaces/final/src/tum_ics_ur10_controller_tutorial/src/jointspace_controller_1.cpp:184:9:[m[K [01;31m[Kerror: [m[Kâ€˜[01m[Km_error[m[Kâ€™ was not declared in this scope; did you mean â€˜[01m[Kperror[m[Kâ€™?
  184 |         [01;31m[Km_error[m[K = true;
      |         [01;31m[K^~~~~~~[m[K
      |         [32m[Kperror[m[K
[01m[K/home/gin/ros/workspaces/final/src/tum_ics_ur10_controller_tutorial/src/jointspace_controller_1.cpp:189:9:[m[K [01;31m[Kerror: [m[Kâ€˜[01m[KxKd_[m[Kâ€™ was not declared in this scope
  189 |         [01;31m[KxKd_[m[K(i, i) = vec[i];
      |         [01;31m[K^~~~[m[K
In file included from [01m[K/opt/ros/noetic/include/ros/ros.h:40[m[K,
                 from [01m[K/opt/ros/noetic/include/tum_ics_ur_robot_lli/RobotTime.h:10[m[K,
                 from [01m[K/opt/ros/noetic/include/tum_ics_ur_robot_lli/RobotControllers/Controller.h:15[m[K,
                 from [01m[K/opt/ros/noetic/include/tum_ics_ur_robot_lli/RobotControllers/ControlEffort.h:4[m[K,
                 from [01m[K/home/gin/ros/workspaces/final/src/tum_ics_ur10_controller_tutorial/include/tum_ics_ur10_controller_tutorial/jointspace_controller_1.h:4[m[K,
                 from [01m[K/home/gin/ros/workspaces/final/src/tum_ics_ur10_controller_tutorial/src/jointspace_controller_1.cpp:1[m[K:
[01m[K/home/gin/ros/workspaces/final/src/tum_ics_ur10_controller_tutorial/src/jointspace_controller_1.cpp:191:36:[m[K [01;31m[Kerror: [m[Kâ€˜[01m[KxKd_[m[Kâ€™ was not declared in this scope
  191 |       ROS_WARN_STREAM("xKd: \n" << [01;31m[KxKd_[m[K);
      |                                    [01;31m[K^~~~[m[K
[01m[K/opt/ros/noetic/include/ros/console.h:361:64:[m[K [01;36m[Knote: [m[Kin definition of macro â€˜[01m[KROSCONSOLE_PRINT_STREAM_AT_LOCATION_WITH_FILTER[m[Kâ€™
  361 |     __rosconsole_print_stream_at_location_with_filter__ss__ << [01;36m[Kargs[m[K; \
      |                                                                [01;36m[K^~~~[m[K
[01m[K/opt/ros/noetic/include/ros/console.h:409:7:[m[K [01;36m[Knote: [m[Kin expansion of macro â€˜[01m[KROSCONSOLE_PRINT_STREAM_AT_LOCATION[m[Kâ€™
  409 |       [01;36m[KROSCONSOLE_PRINT_STREAM_AT_LOCATION[m[K(args); \
      |       [01;36m[K^~~~~~~~~~~~~~~~~~~~~~~~~~~~~~~~~~~[m[K
[01m[K/opt/ros/noetic/include/ros/console.h:582:43:[m[K [01;36m[Knote: [m[Kin expansion of macro â€˜[01m[KROS_LOG_STREAM_COND[m[Kâ€™
  582 | #define ROS_LOG_STREAM(level, name, args) [01;36m[KROS_LOG_STREAM_COND[m[K(true, level, name, args)
      |                                           [01;36m[K^~~~~~~~~~~~~~~~~~~[m[K
[01m[K/opt/ros/noetic/include/rosconsole/macros_generated.h:163:31:[m[K [01;36m[Knote: [m[Kin expansion of macro â€˜[01m[KROS_LOG_STREAM[m[Kâ€™
  163 | #define ROS_WARN_STREAM(args) [01;36m[KROS_LOG_STREAM[m[K(::ros::console::levels::Warn, ROSCONSOLE_DEFAULT_NAME, args)
      |                               [01;36m[K^~~~~~~~~~~~~~[m[K
[01m[K/home/gin/ros/workspaces/final/src/tum_ics_ur10_controller_tutorial/src/jointspace_controller_1.cpp:191:7:[m[K [01;36m[Knote: [m[Kin expansion of macro â€˜[01m[KROS_WARN_STREAM[m[Kâ€™
  191 |       [01;36m[KROS_WARN_STREAM[m[K("xKd: \n" << xKd_);
      |       [01;36m[K^~~~~~~~~~~~~~~[m[K
[01m[K/home/gin/ros/workspaces/final/src/tum_ics_ur10_controller_tutorial/src/jointspace_controller_1.cpp:196:12:[m[K [01;31m[Kerror: [m[Kâ€˜[01m[Ktum_ics_ur_robot_lli::ros::param[m[Kâ€™ has not been declared
  196 |       ros::[01;31m[Kparam[m[K::get(ns + "/x_gains_p", vec);
      |            [01;31m[K^~~~~[m[K
[01m[K/home/gin/ros/workspaces/final/src/tum_ics_ur10_controller_tutorial/src/jointspace_controller_1.cpp:200:9:[m[K [01;31m[Kerror: [m[Kâ€˜[01m[Km_error[m[Kâ€™ was not declared in this scope; did you mean â€˜[01m[Kperror[m[Kâ€™?
  200 |         [01;31m[Km_error[m[K = true;
      |         [01;31m[K^~~~~~~[m[K
      |         [32m[Kperror[m[K
[01m[K/home/gin/ros/workspaces/final/src/tum_ics_ur10_controller_tutorial/src/jointspace_controller_1.cpp:205:9:[m[K [01;31m[Kerror: [m[Kâ€˜[01m[KxKp_[m[Kâ€™ was not declared in this scope
  205 |         [01;31m[KxKp_[m[K(i, i) = vec[i];
      |         [01;31m[K^~~~[m[K
In file included from [01m[K/opt/ros/noetic/include/ros/ros.h:40[m[K,
                 from [01m[K/opt/ros/noetic/include/tum_ics_ur_robot_lli/RobotTime.h:10[m[K,
                 from [01m[K/opt/ros/noetic/include/tum_ics_ur_robot_lli/RobotControllers/Controller.h:15[m[K,
                 from [01m[K/opt/ros/noetic/include/tum_ics_ur_robot_lli/RobotControllers/ControlEffort.h:4[m[K,
                 from [01m[K/home/gin/ros/workspaces/final/src/tum_ics_ur10_controller_tutorial/include/tum_ics_ur10_controller_tutorial/jointspace_controller_1.h:4[m[K,
                 from [01m[K/home/gin/ros/workspaces/final/src/tum_ics_ur10_controller_tutorial/src/jointspace_controller_1.cpp:1[m[K:
[01m[K/home/gin/ros/workspaces/final/src/tum_ics_ur10_controller_tutorial/src/jointspace_controller_1.cpp:207:36:[m[K [01;31m[Kerror: [m[Kâ€˜[01m[KxKp_[m[Kâ€™ was not declared in this scope
  207 |       ROS_WARN_STREAM("xKp: \n" << [01;31m[KxKp_[m[K);
      |                                    [01;31m[K^~~~[m[K
[01m[K/opt/ros/noetic/include/ros/console.h:361:64:[m[K [01;36m[Knote: [m[Kin definition of macro â€˜[01m[KROSCONSOLE_PRINT_STREAM_AT_LOCATION_WITH_FILTER[m[Kâ€™
  361 |     __rosconsole_print_stream_at_location_with_filter__ss__ << [01;36m[Kargs[m[K; \
      |                                                                [01;36m[K^~~~[m[K
[01m[K/opt/ros/noetic/include/ros/console.h:409:7:[m[K [01;36m[Knote: [m[Kin expansion of macro â€˜[01m[KROSCONSOLE_PRINT_STREAM_AT_LOCATION[m[Kâ€™
  409 |       [01;36m[KROSCONSOLE_PRINT_STREAM_AT_LOCATION[m[K(args); \
      |       [01;36m[K^~~~~~~~~~~~~~~~~~~~~~~~~~~~~~~~~~~[m[K
[01m[K/opt/ros/noetic/include/ros/console.h:582:43:[m[K [01;36m[Knote: [m[Kin expansion of macro â€˜[01m[KROS_LOG_STREAM_COND[m[Kâ€™
  582 | #define ROS_LOG_STREAM(level, name, args) [01;36m[KROS_LOG_STREAM_COND[m[K(true, level, name, args)
      |                                           [01;36m[K^~~~~~~~~~~~~~~~~~~[m[K
[01m[K/opt/ros/noetic/include/rosconsole/macros_generated.h:163:31:[m[K [01;36m[Knote: [m[Kin expansion of macro â€˜[01m[KROS_LOG_STREAM[m[Kâ€™
  163 | #define ROS_WARN_STREAM(args) [01;36m[KROS_LOG_STREAM[m[K(::ros::console::levels::Warn, ROSCONSOLE_DEFAULT_NAME, args)
      |                               [01;36m[K^~~~~~~~~~~~~~[m[K
[01m[K/home/gin/ros/workspaces/final/src/tum_ics_ur10_controller_tutorial/src/jointspace_controller_1.cpp:207:7:[m[K [01;36m[Knote: [m[Kin expansion of macro â€˜[01m[KROS_WARN_STREAM[m[Kâ€™
  207 |       [01;36m[KROS_WARN_STREAM[m[K("xKp: \n" << xKp_);
      |       [01;36m[K^~~~~~~~~~~~~~~[m[K
[01m[K/home/gin/ros/workspaces/final/src/tum_ics_ur10_controller_tutorial/src/jointspace_controller_1.cpp:210:12:[m[K [01;31m[Kerror: [m[Kâ€˜[01m[Ktum_ics_ur_robot_lli::ros::param[m[Kâ€™ has not been declared
  210 |       ros::[01;31m[Kparam[m[K::get(ns + "/x_gains_i", vec);
      |            [01;31m[K^~~~~[m[K
[01m[K/home/gin/ros/workspaces/final/src/tum_ics_ur10_controller_tutorial/src/jointspace_controller_1.cpp:214:9:[m[K [01;31m[Kerror: [m[Kâ€˜[01m[Km_error[m[Kâ€™ was not declared in this scope; did you mean â€˜[01m[Kperror[m[Kâ€™?
  214 |         [01;31m[Km_error[m[K = true;
      |         [01;31m[K^~~~~~~[m[K
      |         [32m[Kperror[m[K
[01m[K/home/gin/ros/workspaces/final/src/tum_ics_ur10_controller_tutorial/src/jointspace_controller_1.cpp:219:9:[m[K [01;31m[Kerror: [m[Kâ€˜[01m[KxKi_[m[Kâ€™ was not declared in this scope
  219 |         [01;31m[KxKi_[m[K(i, i) = vec[i];
      |         [01;31m[K^~~~[m[K
In file included from [01m[K/opt/ros/noetic/include/ros/ros.h:40[m[K,
                 from [01m[K/opt/ros/noetic/include/tum_ics_ur_robot_lli/RobotTime.h:10[m[K,
                 from [01m[K/opt/ros/noetic/include/tum_ics_ur_robot_lli/RobotControllers/Controller.h:15[m[K,
                 from [01m[K/opt/ros/noetic/include/tum_ics_ur_robot_lli/RobotControllers/ControlEffort.h:4[m[K,
                 from [01m[K/home/gin/ros/workspaces/final/src/tum_ics_ur10_controller_tutorial/include/tum_ics_ur10_controller_tutorial/jointspace_controller_1.h:4[m[K,
                 from [01m[K/home/gin/ros/workspaces/final/src/tum_ics_ur10_controller_tutorial/src/jointspace_controller_1.cpp:1[m[K:
[01m[K/home/gin/ros/workspaces/final/src/tum_ics_ur10_controller_tutorial/src/jointspace_controller_1.cpp:221:36:[m[K [01;31m[Kerror: [m[Kâ€˜[01m[KxKi_[m[Kâ€™ was not declared in this scope
  221 |       ROS_WARN_STREAM("xKi: \n" << [01;31m[KxKi_[m[K);
      |                                    [01;31m[K^~~~[m[K
[01m[K/opt/ros/noetic/include/ros/console.h:361:64:[m[K [01;36m[Knote: [m[Kin definition of macro â€˜[01m[KROSCONSOLE_PRINT_STREAM_AT_LOCATION_WITH_FILTER[m[Kâ€™
  361 |     __rosconsole_print_stream_at_location_with_filter__ss__ << [01;36m[Kargs[m[K; \
      |                                                                [01;36m[K^~~~[m[K
[01m[K/opt/ros/noetic/include/ros/console.h:409:7:[m[K [01;36m[Knote: [m[Kin expansion of macro â€˜[01m[KROSCONSOLE_PRINT_STREAM_AT_LOCATION[m[Kâ€™
  409 |       [01;36m[KROSCONSOLE_PRINT_STREAM_AT_LOCATION[m[K(args); \
      |       [01;36m[K^~~~~~~~~~~~~~~~~~~~~~~~~~~~~~~~~~~[m[K
[01m[K/opt/ros/noetic/include/ros/console.h:582:43:[m[K [01;36m[Knote: [m[Kin expansion of macro â€˜[01m[KROS_LOG_STREAM_COND[m[Kâ€™
  582 | #define ROS_LOG_STREAM(level, name, args) [01;36m[KROS_LOG_STREAM_COND[m[K(true, level, name, args)
      |                                           [01;36m[K^~~~~~~~~~~~~~~~~~~[m[K
[01m[K/opt/ros/noetic/include/rosconsole/macros_generated.h:163:31:[m[K [01;36m[Knote: [m[Kin expansion of macro â€˜[01m[KROS_LOG_STREAM[m[Kâ€™
  163 | #define ROS_WARN_STREAM(args) [01;36m[KROS_LOG_STREAM[m[K(::ros::console::levels::Warn, ROSCONSOLE_DEFAULT_NAME, args)
      |                               [01;36m[K^~~~~~~~~~~~~~[m[K
[01m[K/home/gin/ros/workspaces/final/src/tum_ics_ur10_controller_tutorial/src/jointspace_controller_1.cpp:221:7:[m[K [01;36m[Knote: [m[Kin expansion of macro â€˜[01m[KROS_WARN_STREAM[m[Kâ€™
  221 |       [01;36m[KROS_WARN_STREAM[m[K("xKi: \n" << xKi_);
      |       [01;36m[K^~~~~~~~~~~~~~~[m[K
[01m[K/home/gin/ros/workspaces/final/src/tum_ics_ur10_controller_tutorial/src/jointspace_controller_1.cpp:224:12:[m[K [01;31m[Kerror: [m[Kâ€˜[01m[Ktum_ics_ur_robot_lli::ros::param[m[Kâ€™ has not been declared
  224 |       ros::[01;31m[Kparam[m[K::get(ns + "/imp_gains_p", vec);
      |            [01;31m[K^~~~~[m[K
[01m[K/home/gin/ros/workspaces/final/src/tum_ics_ur10_controller_tutorial/src/jointspace_controller_1.cpp:228:9:[m[K [01;31m[Kerror: [m[Kâ€˜[01m[Km_error[m[Kâ€™ was not declared in this scope; did you mean â€˜[01m[Kperror[m[Kâ€™?
  228 |         [01;31m[Km_error[m[K = true;
      |         [01;31m[K^~~~~~~[m[K
      |         [32m[Kperror[m[K
[01m[K/home/gin/ros/workspaces/final/src/tum_ics_ur10_controller_tutorial/src/jointspace_controller_1.cpp:233:9:[m[K [01;31m[Kerror: [m[Kâ€˜[01m[Kimp_Kp_[m[Kâ€™ was not declared in this scope
  233 |         [01;31m[Kimp_Kp_[m[K(i, i) = vec[i];
      |         [01;31m[K^~~~~~~[m[K
In file included from [01m[K/opt/ros/noetic/include/ros/ros.h:40[m[K,
                 from [01m[K/opt/ros/noetic/include/tum_ics_ur_robot_lli/RobotTime.h:10[m[K,
                 from [01m[K/opt/ros/noetic/include/tum_ics_ur_robot_lli/RobotControllers/Controller.h:15[m[K,
                 from [01m[K/opt/ros/noetic/include/tum_ics_ur_robot_lli/RobotControllers/ControlEffort.h:4[m[K,
                 from [01m[K/home/gin/ros/workspaces/final/src/tum_ics_ur10_controller_tutorial/include/tum_ics_ur10_controller_tutorial/jointspace_controller_1.h:4[m[K,
                 from [01m[K/home/gin/ros/workspaces/final/src/tum_ics_ur10_controller_tutorial/src/jointspace_controller_1.cpp:1[m[K:
[01m[K/home/gin/ros/workspaces/final/src/tum_ics_ur10_controller_tutorial/src/jointspace_controller_1.cpp:235:40:[m[K [01;31m[Kerror: [m[Kâ€˜[01m[Kimp_Kp_[m[Kâ€™ was not declared in this scope
  235 |       ROS_WARN_STREAM("imp_Kp_: \n" << [01;31m[Kimp_Kp_[m[K);
      |                                        [01;31m[K^~~~~~~[m[K
[01m[K/opt/ros/noetic/include/ros/console.h:361:64:[m[K [01;36m[Knote: [m[Kin definition of macro â€˜[01m[KROSCONSOLE_PRINT_STREAM_AT_LOCATION_WITH_FILTER[m[Kâ€™
  361 |     __rosconsole_print_stream_at_location_with_filter__ss__ << [01;36m[Kargs[m[K; \
      |                                                                [01;36m[K^~~~[m[K
[01m[K/opt/ros/noetic/include/ros/console.h:409:7:[m[K [01;36m[Knote: [m[Kin expansion of macro â€˜[01m[KROSCONSOLE_PRINT_STREAM_AT_LOCATION[m[Kâ€™
  409 |       [01;36m[KROSCONSOLE_PRINT_STREAM_AT_LOCATION[m[K(args); \
      |       [01;36m[K^~~~~~~~~~~~~~~~~~~~~~~~~~~~~~~~~~~[m[K
[01m[K/opt/ros/noetic/include/ros/console.h:582:43:[m[K [01;36m[Knote: [m[Kin expansion of macro â€˜[01m[KROS_LOG_STREAM_COND[m[Kâ€™
  582 | #define ROS_LOG_STREAM(level, name, args) [01;36m[KROS_LOG_STREAM_COND[m[K(true, level, name, args)
      |                                           [01;36m[K^~~~~~~~~~~~~~~~~~~[m[K
[01m[K/opt/ros/noetic/include/rosconsole/macros_generated.h:163:31:[m[K [01;36m[Knote: [m[Kin expansion of macro â€˜[01m[KROS_LOG_STREAM[m[Kâ€™
  163 | #define ROS_WARN_STREAM(args) [01;36m[KROS_LOG_STREAM[m[K(::ros::console::levels::Warn, ROSCONSOLE_DEFAULT_NAME, args)
      |                               [01;36m[K^~~~~~~~~~~~~~[m[K
[01m[K/home/gin/ros/workspaces/final/src/tum_ics_ur10_controller_tutorial/src/jointspace_controller_1.cpp:235:7:[m[K [01;36m[Knote: [m[Kin expansion of macro â€˜[01m[KROS_WARN_STREAM[m[Kâ€™
  235 |       [01;36m[KROS_WARN_STREAM[m[K("imp_Kp_: \n" << imp_Kp_);
      |       [01;36m[K^~~~~~~~~~~~~~~[m[K
[01m[K/home/gin/ros/workspaces/final/src/tum_ics_ur10_controller_tutorial/src/jointspace_controller_1.cpp:238:12:[m[K [01;31m[Kerror: [m[Kâ€˜[01m[Ktum_ics_ur_robot_lli::ros::param[m[Kâ€™ has not been declared
  238 |       ros::[01;31m[Kparam[m[K::get(ns + "/imp_gains_d", vec);
      |            [01;31m[K^~~~~[m[K
[01m[K/home/gin/ros/workspaces/final/src/tum_ics_ur10_controller_tutorial/src/jointspace_controller_1.cpp:242:9:[m[K [01;31m[Kerror: [m[Kâ€˜[01m[Km_error[m[Kâ€™ was not declared in this scope; did you mean â€˜[01m[Kperror[m[Kâ€™?
  242 |         [01;31m[Km_error[m[K = true;
      |         [01;31m[K^~~~~~~[m[K
      |         [32m[Kperror[m[K
[01m[K/home/gin/ros/workspaces/final/src/tum_ics_ur10_controller_tutorial/src/jointspace_controller_1.cpp:247:9:[m[K [01;31m[Kerror: [m[Kâ€˜[01m[Kimp_Kd_[m[Kâ€™ was not declared in this scope
  247 |         [01;31m[Kimp_Kd_[m[K(i, i) = vec[i];
      |         [01;31m[K^~~~~~~[m[K
In file included from [01m[K/opt/ros/noetic/include/ros/ros.h:40[m[K,
                 from [01m[K/opt/ros/noetic/include/tum_ics_ur_robot_lli/RobotTime.h:10[m[K,
                 from [01m[K/opt/ros/noetic/include/tum_ics_ur_robot_lli/RobotControllers/Controller.h:15[m[K,
                 from [01m[K/opt/ros/noetic/include/tum_ics_ur_robot_lli/RobotControllers/ControlEffort.h:4[m[K,
                 from [01m[K/home/gin/ros/workspaces/final/src/tum_ics_ur10_controller_tutorial/include/tum_ics_ur10_controller_tutorial/jointspace_controller_1.h:4[m[K,
                 from [01m[K/home/gin/ros/workspaces/final/src/tum_ics_ur10_controller_tutorial/src/jointspace_controller_1.cpp:1[m[K:
[01m[K/home/gin/ros/workspaces/final/src/tum_ics_ur10_controller_tutorial/src/jointspace_controller_1.cpp:249:40:[m[K [01;31m[Kerror: [m[Kâ€˜[01m[Kimp_Kd_[m[Kâ€™ was not declared in this scope
  249 |       ROS_WARN_STREAM("imp_Kd_: \n" << [01;31m[Kimp_Kd_[m[K);
      |                                        [01;31m[K^~~~~~~[m[K
[01m[K/opt/ros/noetic/include/ros/console.h:361:64:[m[K [01;36m[Knote: [m[Kin definition of macro â€˜[01m[KROSCONSOLE_PRINT_STREAM_AT_LOCATION_WITH_FILTER[m[Kâ€™
  361 |     __rosconsole_print_stream_at_location_with_filter__ss__ << [01;36m[Kargs[m[K; \
      |                                                                [01;36m[K^~~~[m[K
[01m[K/opt/ros/noetic/include/ros/console.h:409:7:[m[K [01;36m[Knote: [m[Kin expansion of macro â€˜[01m[KROSCONSOLE_PRINT_STREAM_AT_LOCATION[m[Kâ€™
  409 |       [01;36m[KROSCONSOLE_PRINT_STREAM_AT_LOCATION[m[K(args); \
      |       [01;36m[K^~~~~~~~~~~~~~~~~~~~~~~~~~~~~~~~~~~[m[K
[01m[K/opt/ros/noetic/include/ros/console.h:582:43:[m[K [01;36m[Knote: [m[Kin expansion of macro â€˜[01m[KROS_LOG_STREAM_COND[m[Kâ€™
  582 | #define ROS_LOG_STREAM(level, name, args) [01;36m[KROS_LOG_STREAM_COND[m[K(true, level, name, args)
      |                                           [01;36m[K^~~~~~~~~~~~~~~~~~~[m[K
[01m[K/opt/ros/noetic/include/rosconsole/macros_generated.h:163:31:[m[K [01;36m[Knote: [m[Kin expansion of macro â€˜[01m[KROS_LOG_STREAM[m[Kâ€™
  163 | #define ROS_WARN_STREAM(args) [01;36m[KROS_LOG_STREAM[m[K(::ros::console::levels::Warn, ROSCONSOLE_DEFAULT_NAME, args)
      |                               [01;36m[K^~~~~~~~~~~~~~[m[K
[01m[K/home/gin/ros/workspaces/final/src/tum_ics_ur10_controller_tutorial/src/jointspace_controller_1.cpp:249:7:[m[K [01;36m[Knote: [m[Kin expansion of macro â€˜[01m[KROS_WARN_STREAM[m[Kâ€™
  249 |       [01;36m[KROS_WARN_STREAM[m[K("imp_Kd_: \n" << imp_Kd_);
      |       [01;36m[K^~~~~~~~~~~~~~~[m[K
[01m[K/home/gin/ros/workspaces/final/src/tum_ics_ur10_controller_tutorial/src/jointspace_controller_1.cpp:252:12:[m[K [01;31m[Kerror: [m[Kâ€˜[01m[Ktum_ics_ur_robot_lli::ros::param[m[Kâ€™ has not been declared
  252 |       ros::[01;31m[Kparam[m[K::get(ns + "/q_goal", vec);
      |            [01;31m[K^~~~~[m[K
[01m[K/home/gin/ros/workspaces/final/src/tum_ics_ur10_controller_tutorial/src/jointspace_controller_1.cpp:256:9:[m[K [01;31m[Kerror: [m[Kâ€˜[01m[Km_error[m[Kâ€™ was not declared in this scope; did you mean â€˜[01m[Kperror[m[Kâ€™?
  256 |         [01;31m[Km_error[m[K = true;
      |         [01;31m[K^~~~~~~[m[K
      |         [32m[Kperror[m[K
[01m[K/home/gin/ros/workspaces/final/src/tum_ics_ur10_controller_tutorial/src/jointspace_controller_1.cpp:261:9:[m[K [01;31m[Kerror: [m[Kâ€˜[01m[Kq_goal_[m[Kâ€™ was not declared in this scope
  261 |         [01;31m[Kq_goal_[m[K(i) = vec[i];
      |         [01;31m[K^~~~~~~[m[K
[01m[K/home/gin/ros/workspaces/final/src/tum_ics_ur10_controller_tutorial/src/jointspace_controller_1.cpp:264:12:[m[K [01;31m[Kerror: [m[Kâ€˜[01m[Ktum_ics_ur_robot_lli::ros::param[m[Kâ€™ has not been declared
  264 |       ros::[01;31m[Kparam[m[K::get(ns + "/x_goal", vec);
      |            [01;31m[K^~~~~[m[K
[01m[K/home/gin/ros/workspaces/final/src/tum_ics_ur10_controller_tutorial/src/jointspace_controller_1.cpp:268:9:[m[K [01;31m[Kerror: [m[Kâ€˜[01m[Km_error[m[Kâ€™ was not declared in this scope; did you mean â€˜[01m[Kperror[m[Kâ€™?
  268 |         [01;31m[Km_error[m[K = true;
      |         [01;31m[K^~~~~~~[m[K
      |         [32m[Kperror[m[K
[01m[K/home/gin/ros/workspaces/final/src/tum_ics_ur10_controller_tutorial/src/jointspace_controller_1.cpp:273:9:[m[K [01;31m[Kerror: [m[Kâ€˜[01m[Kx_goal_[m[Kâ€™ was not declared in this scope
  273 |         [01;31m[Kx_goal_[m[K(i) = vec[i];
      |         [01;31m[K^~~~~~~[m[K
[01m[K/home/gin/ros/workspaces/final/src/tum_ics_ur10_controller_tutorial/src/jointspace_controller_1.cpp:277:12:[m[K [01;31m[Kerror: [m[Kâ€˜[01m[Ktum_ics_ur_robot_lli::ros::param[m[Kâ€™ has not been declared
  277 |       ros::[01;31m[Kparam[m[K::get(ns + "/time", totalTime_);
      |            [01;31m[K^~~~~[m[K
[01m[K/home/gin/ros/workspaces/final/src/tum_ics_ur10_controller_tutorial/src/jointspace_controller_1.cpp:277:37:[m[K [01;31m[Kerror: [m[Kâ€˜[01m[KtotalTime_[m[Kâ€™ was not declared in this scope
  277 |       ros::param::get(ns + "/time", [01;31m[KtotalTime_[m[K);
      |                                     [01;31m[K^~~~~~~~~~[m[K
In file included from [01m[K/opt/ros/noetic/include/ros/ros.h:40[m[K,
                 from [01m[K/opt/ros/noetic/include/tum_ics_ur_robot_lli/RobotTime.h:10[m[K,
                 from [01m[K/opt/ros/noetic/include/tum_ics_ur_robot_lli/RobotControllers/Controller.h:15[m[K,
                 from [01m[K/opt/ros/noetic/include/tum_ics_ur_robot_lli/RobotControllers/ControlEffort.h:4[m[K,
                 from [01m[K/home/gin/ros/workspaces/final/src/tum_ics_ur10_controller_tutorial/include/tum_ics_ur10_controller_tutorial/jointspace_controller_1.h:4[m[K,
                 from [01m[K/home/gin/ros/workspaces/final/src/tum_ics_ur10_controller_tutorial/src/jointspace_controller_1.cpp:1[m[K:
[01m[K/home/gin/ros/workspaces/final/src/tum_ics_ur10_controller_tutorial/src/jointspace_controller_1.cpp:284:43:[m[K [01;31m[Kerror: [m[Kâ€˜[01m[Kq_goal_[m[Kâ€™ was not declared in this scope
  284 |       ROS_WARN_STREAM("Goal [DEG]: \n" << [01;31m[Kq_goal_[m[K.transpose());
      |                                           [01;31m[K^~~~~~~[m[K
[01m[K/opt/ros/noetic/include/ros/console.h:361:64:[m[K [01;36m[Knote: [m[Kin definition of macro â€˜[01m[KROSCONSOLE_PRINT_STREAM_AT_LOCATION_WITH_FILTER[m[Kâ€™
  361 |     __rosconsole_print_stream_at_location_with_filter__ss__ << [01;36m[Kargs[m[K; \
      |                                                                [01;36m[K^~~~[m[K
[01m[K/opt/ros/noetic/include/ros/console.h:409:7:[m[K [01;36m[Knote: [m[Kin expansion of macro â€˜[01m[KROSCONSOLE_PRINT_STREAM_AT_LOCATION[m[Kâ€™
  409 |       [01;36m[KROSCONSOLE_PRINT_STREAM_AT_LOCATION[m[K(args); \
      |       [01;36m[K^~~~~~~~~~~~~~~~~~~~~~~~~~~~~~~~~~~[m[K
[01m[K/opt/ros/noetic/include/ros/console.h:582:43:[m[K [01;36m[Knote: [m[Kin expansion of macro â€˜[01m[KROS_LOG_STREAM_COND[m[Kâ€™
  582 | #define ROS_LOG_STREAM(level, name, args) [01;36m[KROS_LOG_STREAM_COND[m[K(true, level, name, args)
      |                                           [01;36m[K^~~~~~~~~~~~~~~~~~~[m[K
[01m[K/opt/ros/noetic/include/rosconsole/macros_generated.h:163:31:[m[K [01;36m[Knote: [m[Kin expansion of macro â€˜[01m[KROS_LOG_STREAM[m[Kâ€™
  163 | #define ROS_WARN_STREAM(args) [01;36m[KROS_LOG_STREAM[m[K(::ros::console::levels::Warn, ROSCONSOLE_DEFAULT_NAME, args)
      |                               [01;36m[K^~~~~~~~~~~~~~[m[K
[01m[K/home/gin/ros/workspaces/final/src/tum_ics_ur10_controller_tutorial/src/jointspace_controller_1.cpp:284:7:[m[K [01;36m[Knote: [m[Kin expansion of macro â€˜[01m[KROS_WARN_STREAM[m[Kâ€™
  284 |       [01;36m[KROS_WARN_STREAM[m[K("Goal [DEG]: \n" << q_goal_.transpose());
      |       [01;36m[K^~~~~~~~~~~~~~~[m[K
[01m[K/home/gin/ros/workspaces/final/src/tum_ics_ur10_controller_tutorial/src/jointspace_controller_1.cpp:286:7:[m[K [01;31m[Kerror: [m[Kâ€˜[01m[Kq_goal_[m[Kâ€™ was not declared in this scope
  286 |       [01;31m[Kq_goal_[m[K = DEG2RAD(q_goal_);
      |       [01;31m[K^~~~~~~[m[K
[01m[K/home/gin/ros/workspaces/final/src/tum_ics_ur10_controller_tutorial/src/jointspace_controller_1.cpp:289:12:[m[K [01;31m[Kerror: [m[Kâ€˜[01m[Ktum_ics_ur_robot_lli::ros::param[m[Kâ€™ has not been declared
  289 |       ros::[01;31m[Kparam[m[K::get(ns + "/q_gamma", vec);
      |            [01;31m[K^~~~~[m[K
[01m[K/home/gin/ros/workspaces/final/src/tum_ics_ur10_controller_tutorial/src/jointspace_controller_1.cpp:290:7:[m[K [01;31m[Kerror: [m[Kâ€˜[01m[Kq_gamma_[m[Kâ€™ was not declared in this scope
  290 |       [01;31m[Kq_gamma_[m[K = vec[0];
      |       [01;31m[K^~~~~~~~[m[K
[01m[K/home/gin/ros/workspaces/final/src/tum_ics_ur10_controller_tutorial/src/jointspace_controller_1.cpp:293:12:[m[K [01;31m[Kerror: [m[Kâ€˜[01m[Ktum_ics_ur_robot_lli::ros::param[m[Kâ€™ has not been declared
  293 |       ros::[01;31m[Kparam[m[K::get(ns + "/x_gamma", vec);
      |            [01;31m[K^~~~~[m[K
[01m[K/home/gin/ros/workspaces/final/src/tum_ics_ur10_controller_tutorial/src/jointspace_controller_1.cpp:294:7:[m[K [01;31m[Kerror: [m[Kâ€˜[01m[Kx_gamma_[m[Kâ€™ was not declared in this scope
  294 |       [01;31m[Kx_gamma_[m[K = vec[0];
      |       [01;31m[K^~~~~~~~[m[K
[01m[K/home/gin/ros/workspaces/final/src/tum_ics_ur10_controller_tutorial/src/jointspace_controller_1.cpp:299:12:[m[K [01;31m[Kerror: [m[Kâ€˜[01m[Ktum_ics_ur_robot_lli::ros::param[m[Kâ€™ has not been declared
  299 |       ros::[01;31m[Kparam[m[K::get(ns + "/rad_influence", vec);
      |            [01;31m[K^~~~~[m[K
[01m[K/home/gin/ros/workspaces/final/src/tum_ics_ur10_controller_tutorial/src/jointspace_controller_1.cpp:300:7:[m[K [01;31m[Kerror: [m[Kâ€˜[01m[Krad_influence_[m[Kâ€™ was not declared in this scope
  300 |       [01;31m[Krad_influence_[m[K = vec[0];
      |       [01;31m[K^~~~~~~~~~~~~~[m[K
[01m[K/home/gin/ros/workspaces/final/src/tum_ics_ur10_controller_tutorial/src/jointspace_controller_1.cpp:303:12:[m[K [01;31m[Kerror: [m[Kâ€˜[01m[Ktum_ics_ur_robot_lli::ros::param[m[Kâ€™ has not been declared
  303 |       ros::[01;31m[Kparam[m[K::get(ns + "/fac", vec);
      |            [01;31m[K^~~~~[m[K
In file included from [01m[K/opt/ros/noetic/include/ros/ros.h:40[m[K,
                 from [01m[K/opt/ros/noetic/include/tum_ics_ur_robot_lli/RobotTime.h:10[m[K,
                 from [01m[K/opt/ros/noetic/include/tum_ics_ur_robot_lli/RobotControllers/Controller.h:15[m[K,
                 from [01m[K/opt/ros/noetic/include/tum_ics_ur_robot_lli/RobotControllers/ControlEffort.h:4[m[K,
                 from [01m[K/home/gin/ros/workspaces/final/src/tum_ics_ur10_controller_tutorial/include/tum_ics_ur10_controller_tutorial/jointspace_controller_1.h:4[m[K,
                 from [01m[K/home/gin/ros/workspaces/final/src/tum_ics_ur10_controller_tutorial/src/jointspace_controller_1.cpp:1[m[K:
[01m[K/home/gin/ros/workspaces/final/src/tum_ics_ur10_controller_tutorial/src/jointspace_controller_1.cpp:305:38:[m[K [01;31m[Kerror: [m[Kâ€˜[01m[Kfac_[m[Kâ€™ was not declared in this scope
  305 |       ROS_WARN_STREAM("fac_ : \n" << [01;31m[Kfac_[m[K);
      |                                      [01;31m[K^~~~[m[K
[01m[K/opt/ros/noetic/include/ros/console.h:361:64:[m[K [01;36m[Knote: [m[Kin definition of macro â€˜[01m[KROSCONSOLE_PRINT_STREAM_AT_LOCATION_WITH_FILTER[m[Kâ€™
  361 |     __rosconsole_print_stream_at_location_with_filter__ss__ << [01;36m[Kargs[m[K; \
      |                                                                [01;36m[K^~~~[m[K
[01m[K/opt/ros/noetic/include/ros/console.h:409:7:[m[K [01;36m[Knote: [m[Kin expansion of macro â€˜[01m[KROSCONSOLE_PRINT_STREAM_AT_LOCATION[m[Kâ€™
  409 |       [01;36m[KROSCONSOLE_PRINT_STREAM_AT_LOCATION[m[K(args); \
      |       [01;36m[K^~~~~~~~~~~~~~~~~~~~~~~~~~~~~~~~~~~[m[K
[01m[K/opt/ros/noetic/include/ros/console.h:582:43:[m[K [01;36m[Knote: [m[Kin expansion of macro â€˜[01m[KROS_LOG_STREAM_COND[m[Kâ€™
  582 | #define ROS_LOG_STREAM(level, name, args) [01;36m[KROS_LOG_STREAM_COND[m[K(true, level, name, args)
      |                                           [01;36m[K^~~~~~~~~~~~~~~~~~~[m[K
[01m[K/opt/ros/noetic/include/rosconsole/macros_generated.h:163:31:[m[K [01;36m[Knote: [m[Kin expansion of macro â€˜[01m[KROS_LOG_STREAM[m[Kâ€™
  163 | #define ROS_WARN_STREAM(args) [01;36m[KROS_LOG_STREAM[m[K(::ros::console::levels::Warn, ROSCONSOLE_DEFAULT_NAME, args)
      |                               [01;36m[K^~~~~~~~~~~~~~[m[K
[01m[K/home/gin/ros/workspaces/final/src/tum_ics_ur10_controller_tutorial/src/jointspace_controller_1.cpp:305:7:[m[K [01;36m[Knote: [m[Kin expansion of macro â€˜[01m[KROS_WARN_STREAM[m[Kâ€™
  305 |       [01;36m[KROS_WARN_STREAM[m[K("fac_ : \n" << fac_);
      |       [01;36m[K^~~~~~~~~~~~~~~[m[K
[01m[K/home/gin/ros/workspaces/final/src/tum_ics_ur10_controller_tutorial/src/jointspace_controller_1.cpp:[m[K At global scope:
[01m[K/home/gin/ros/workspaces/final/src/tum_ics_ur10_controller_tutorial/src/jointspace_controller_1.cpp:311:14:[m[K [01;31m[Kerror: [m[Kâ€˜[01m[KJointSpaceController_1[m[Kâ€™ has not been declared
  311 |     Vector6d [01;31m[KJointSpaceController_1[m[K::update(const RobotTime &time, const JointState &current)
      |              [01;31m[K^~~~~~~~~~~~~~~~~~~~~~[m[K
[01m[K/home/gin/ros/workspaces/final/src/tum_ics_ur10_controller_tutorial/src/jointspace_controller_1.cpp:[m[K In function â€˜[01m[KTum::Vector6d tum_ics_ur_robot_lli::tum_ics_ur_robot_lli::RobotControllers::update(const tum_ics_ur_robot_lli::RobotTime&, const tum_ics_ur_robot_lli::JointState&)[m[Kâ€™:
[01m[K/home/gin/ros/workspaces/final/src/tum_ics_ur10_controller_tutorial/src/jointspace_controller_1.cpp:350:15:[m[K [01;31m[Kerror: [m[Kâ€˜[01m[Kjoint_control[m[Kâ€™ was not declared in this scope
  350 |         tau = [01;31m[Kjoint_control[m[K( Q,  Qp,  Qpp,  1, 8, time);
      |               [01;31m[K^~~~~~~~~~~~~[m[K
[01m[K/home/gin/ros/workspaces/final/src/tum_ics_ur10_controller_tutorial/src/jointspace_controller_1.cpp:352:30:[m[K [01;31m[Kerror: [m[Kâ€˜[01m[KtotalTime_[m[Kâ€™ was not declared in this scope
  352 |       } else if (time.tD() < [01;31m[KtotalTime_[m[K) {
      |                              [01;31m[K^~~~~~~~~~[m[K
[01m[K/home/gin/ros/workspaces/final/src/tum_ics_ur10_controller_tutorial/src/jointspace_controller_1.cpp:354:15:[m[K [01;31m[Kerror: [m[Kâ€˜[01m[Koperational_control_multi_obstacle_avoidance_and_circular_motion[m[Kâ€™ was not declared in this scope
  354 |         tau = [01;31m[Koperational_control_multi_obstacle_avoidance_and_circular_motion[m[K( Q,  Qp,  Qpp,  8, totalTime_, time);
      |               [01;31m[K^~~~~~~~~~~~~~~~~~~~~~~~~~~~~~~~~~~~~~~~~~~~~~~~~~~~~~~~~~~~~~~~[m[K
[01m[K/home/gin/ros/workspaces/final/src/tum_ics_ur10_controller_tutorial/src/jointspace_controller_1.cpp:359:30:[m[K [01;31m[Kerror: [m[Kâ€˜[01m[KControlData[m[Kâ€™ is not a member of â€˜[01m[Ktum_ics_ur_robot_lli::tum_ics_ur_robot_msgs[m[Kâ€™; did you mean â€˜[01m[KControlData_[m[Kâ€™?
  359 |       tum_ics_ur_robot_msgs::[01;31m[KControlData[m[K msg;
      |                              [01;31m[K^~~~~~~~~~~[m[K
      |                              [32m[KControlData_[m[K
[01m[K/home/gin/ros/workspaces/final/src/tum_ics_ur10_controller_tutorial/src/jointspace_controller_1.cpp:360:7:[m[K [01;31m[Kerror: [m[Kâ€˜[01m[Kmsg[m[Kâ€™ was not declared in this scope
  360 |       [01;31m[Kmsg[m[K.header.stamp = ros::Time::now();
      |       [01;31m[K^~~[m[K
[01m[K/home/gin/ros/workspaces/final/src/tum_ics_ur10_controller_tutorial/src/jointspace_controller_1.cpp:360:31:[m[K [01;31m[Kerror: [m[Kâ€˜[01m[Ktum_ics_ur_robot_lli::ros::Time[m[Kâ€™ has not been declared
  360 |       msg.header.stamp = ros::[01;31m[KTime[m[K::now();
      |                               [01;31m[K^~~~[m[K
[01m[K/home/gin/ros/workspaces/final/src/tum_ics_ur10_controller_tutorial/src/jointspace_controller_1.cpp:368:21:[m[K [01;31m[Kerror: [m[Kâ€˜[01m[KDeltaQ_[m[Kâ€™ was not declared in this scope
  368 |         msg.Dq[i] = [01;31m[KDeltaQ_[m[K(i);
      |                     [01;31m[K^~~~~~~[m[K
[01m[K/home/gin/ros/workspaces/final/src/tum_ics_ur10_controller_tutorial/src/jointspace_controller_1.cpp:369:22:[m[K [01;31m[Kerror: [m[Kâ€˜[01m[KDeltaQp_[m[Kâ€™ was not declared in this scope
  369 |         msg.Dqp[i] = [01;31m[KDeltaQp_[m[K(i);
      |                      [01;31m[K^~~~~~~~[m[K
[01m[K/home/gin/ros/workspaces/final/src/tum_ics_ur10_controller_tutorial/src/jointspace_controller_1.cpp:375:7:[m[K [01;31m[Kerror: [m[Kâ€˜[01m[Kcontrol_data_pub_[m[Kâ€™ was not declared in this scope
  375 |       [01;31m[Kcontrol_data_pub_[m[K.publish(msg);
      |       [01;31m[K^~~~~~~~~~~~~~~~~[m[K
[01m[K/home/gin/ros/workspaces/final/src/tum_ics_ur10_controller_tutorial/src/jointspace_controller_1.cpp:378:11:[m[K [01;31m[Kerror: [m[Kâ€˜[01m[KHomogeneousTransformation[m[Kâ€™ is not a member of â€˜[01m[Ktum_ics_ur_robot_lli::cc[m[Kâ€™
  378 |       cc::[01;31m[KHomogeneousTransformation[m[K T_ef = model_.T_ef_0(Q);
      |           [01;31m[K^~~~~~~~~~~~~~~~~~~~~~~~~[m[K
[01m[K/home/gin/ros/workspaces/final/src/tum_ics_ur10_controller_tutorial/src/jointspace_controller_1.cpp:378:11:[m[K [01;36m[Knote: [m[Ksuggested alternatives:
In file included from [01m[K/home/gin/ros/workspaces/final/src/utilities/control_core/include/control_core/type_bases/matrix_base.h:28[m[K,
                 from [01m[K/home/gin/ros/workspaces/final/src/utilities/control_core/include/control_core/types/matrix.h:28[m[K,
                 from [01m[K/home/gin/ros/workspaces/final/src/utilities/control_core/include/control_core/types.h:34[m[K,
                 from [01m[K/home/gin/ros/workspaces/final/src/ur_model/include/ur_model/ur_model.h:27[m[K,
                 from [01m[K/home/gin/ros/workspaces/final/src/tum_ics_ur10_controller_tutorial/include/tum_ics_ur10_controller_tutorial/jointspace_controller_1.h:5[m[K,
                 from [01m[K/home/gin/ros/workspaces/final/src/tum_ics_ur10_controller_tutorial/src/jointspace_controller_1.cpp:1[m[K:
[01m[K/home/gin/ros/workspaces/final/src/utilities/control_core/include/control_core/utilities/forward_declarations.h:73:7:[m[K [01;36m[Knote: [m[K  â€˜[01m[Kcontrol_core::HomogeneousTransformation[m[Kâ€™
   73 | class [01;36m[KHomogeneousTransformation[m[K;
      |       [01;36m[K^~~~~~~~~~~~~~~~~~~~~~~~~[m[K
In file included from [01m[K/home/gin/ros/workspaces/final/src/ur_model/include/ur_model/ur_model.h:27[m[K,
                 from [01m[K/home/gin/ros/workspaces/final/src/tum_ics_ur10_controller_tutorial/include/tum_ics_ur10_controller_tutorial/jointspace_controller_1.h:5[m[K,
                 from [01m[K/home/gin/ros/workspaces/final/src/tum_ics_ur10_controller_tutorial/src/jointspace_controller_1.cpp:1[m[K:
[01m[K/home/gin/ros/workspaces/final/src/utilities/control_core/include/control_core/types.h:80:59:[m[K [01;36m[Knote: [m[K  â€˜[01m[Kcc::HomogeneousTransformation[m[Kâ€™
   80 |   typedef control_core::HomogeneousTransformation<Scalar> [01;36m[KHomogeneousTransformation[m[K;
      |                                                           [01;36m[K^~~~~~~~~~~~~~~~~~~~~~~~~[m[K
[01m[K/home/gin/ros/workspaces/final/src/tum_ics_ur10_controller_tutorial/src/jointspace_controller_1.cpp:379:23:[m[K [01;31m[Kerror: [m[Kâ€˜[01m[KT_ef[m[Kâ€™ was not declared in this scope
  379 |       Vector3d ef_v = [01;31m[KT_ef[m[K.translation();
      |                       [01;31m[K^~~~[m[K
[01m[K/home/gin/ros/workspaces/final/src/tum_ics_ur10_controller_tutorial/src/jointspace_controller_1.cpp:381:46:[m[K [01;31m[Kerror: [m[Kâ€˜[01m[Kvis_pub_ef[m[Kâ€™ was not declared in this scope; did you mean â€˜[01m[Kvis_pose[m[Kâ€™?
  381 |       vis_pose(ef_k, ef_v, "dh_arm_joint_0", [01;31m[Kvis_pub_ef[m[K);
      |                                              [01;31m[K^~~~~~~~~~[m[K
      |                                              [32m[Kvis_pose[m[K
[01m[K/home/gin/ros/workspaces/final/src/tum_ics_ur10_controller_tutorial/src/jointspace_controller_1.cpp:[m[K At global scope:
[01m[K/home/gin/ros/workspaces/final/src/tum_ics_ur10_controller_tutorial/src/jointspace_controller_1.cpp:386:14:[m[K [01;31m[Kerror: [m[Kâ€˜[01m[KJointSpaceController_1[m[Kâ€™ has not been declared
  386 |     Vector6d [01;31m[KJointSpaceController_1[m[K::joint_control(Vector6d Q, Vector6d Qp, Vector6d Qpp, double start_time, double end_time, const RobotTime &time) {
      |              [01;31m[K^~~~~~~~~~~~~~~~~~~~~~[m[K
[01m[K/home/gin/ros/workspaces/final/src/tum_ics_ur10_controller_tutorial/src/jointspace_controller_1.cpp:[m[K In function â€˜[01m[KTum::Vector6d tum_ics_ur_robot_lli::tum_ics_ur_robot_lli::RobotControllers::joint_control(Tum::Vector6d, Tum::Vector6d, Tum::Vector6d, double, double, const tum_ics_ur_robot_lli::RobotTime&)[m[Kâ€™:
[01m[K/home/gin/ros/workspaces/final/src/tum_ics_ur10_controller_tutorial/src/jointspace_controller_1.cpp:388:13:[m[K [01;31m[Kerror: [m[Kâ€˜[01m[Kq_goal_[m[Kâ€™ was not declared in this scope
  388 |       Qg << [01;31m[Kq_goal_[m[K;
      |             [01;31m[K^~~~~~~[m[K
[01m[K/home/gin/ros/workspaces/final/src/tum_ics_ur10_controller_tutorial/src/jointspace_controller_1.cpp:390:7:[m[K [01;31m[Kerror: [m[Kâ€˜[01m[KQinit_[m[Kâ€™ was not declared in this scope; did you mean â€˜[01m[Kinit[m[Kâ€™?
  390 |       [01;31m[KQinit_[m[K << qHome_.q;
      |       [01;31m[K^~~~~~[m[K
      |       [32m[Kinit[m[K
[01m[K/home/gin/ros/workspaces/final/src/tum_ics_ur10_controller_tutorial/src/jointspace_controller_1.cpp:390:17:[m[K [01;31m[Kerror: [m[Kâ€˜[01m[KqHome_[m[Kâ€™ was not declared in this scope
  390 |       Qinit_ << [01;31m[KqHome_[m[K.q;
      |                 [01;31m[K^~~~~~[m[K
[01m[K/home/gin/ros/workspaces/final/src/tum_ics_ur10_controller_tutorial/src/jointspace_controller_1.cpp:392:35:[m[K [01;31m[Kerror: [m[Kâ€˜[01m[Kinterpolate_joint2[m[Kâ€™ was not declared in this scope
  392 |       std::vector<Vector6d> out = [01;31m[Kinterpolate_joint2[m[K(Qinit_, Qg, start_time, end_time, time.tD());
      |                                   [01;31m[K^~~~~~~~~~~~~~~~~~[m[K
[01m[K/home/gin/ros/workspaces/final/src/tum_ics_ur10_controller_tutorial/src/jointspace_controller_1.cpp:410:7:[m[K [01;31m[Kerror: [m[Kâ€˜[01m[KDeltaQ_[m[Kâ€™ was not declared in this scope
  410 |       [01;31m[KDeltaQ_[m[K = Q - Qd;
      |       [01;31m[K^~~~~~~[m[K
[01m[K/home/gin/ros/workspaces/final/src/tum_ics_ur10_controller_tutorial/src/jointspace_controller_1.cpp:411:7:[m[K [01;31m[Kerror: [m[Kâ€˜[01m[KDeltaQp_[m[Kâ€™ was not declared in this scope
  411 |       [01;31m[KDeltaQp_[m[K = Qp - Qdp;
      |       [01;31m[K^~~~~~~~[m[K
[01m[K/home/gin/ros/workspaces/final/src/tum_ics_ur10_controller_tutorial/src/jointspace_controller_1.cpp:412:7:[m[K [01;31m[Kerror: [m[Kâ€˜[01m[KDeltaQi_[m[Kâ€™ was not declared in this scope
  412 |       [01;31m[KDeltaQi_[m[K = DeltaQi_ +  delta_t * DeltaQ_;
      |       [01;31m[K^~~~~~~~[m[K
[01m[K/home/gin/ros/workspaces/final/src/tum_ics_ur10_controller_tutorial/src/jointspace_controller_1.cpp:415:28:[m[K [01;31m[Kerror: [m[Kâ€˜[01m[KqKp_[m[Kâ€™ was not declared in this scope
  415 |       Vector6d Qrp = Qdp - [01;31m[KqKp_[m[K*DeltaQ_ - qKi_ * DeltaQi_;
      |                            [01;31m[K^~~~[m[K
[01m[K/home/gin/ros/workspaces/final/src/tum_ics_ur10_controller_tutorial/src/jointspace_controller_1.cpp:415:43:[m[K [01;31m[Kerror: [m[Kâ€˜[01m[KqKi_[m[Kâ€™ was not declared in this scope
  415 |       Vector6d Qrp = Qdp - qKp_*DeltaQ_ - [01;31m[KqKi_[m[K * DeltaQi_;
      |                                           [01;31m[K^~~~[m[K
[01m[K/home/gin/ros/workspaces/final/src/tum_ics_ur10_controller_tutorial/src/jointspace_controller_1.cpp:419:7:[m[K [01;31m[Kerror: [m[Kâ€˜[01m[KYr_[m[Kâ€™ was not declared in this scope
  419 |       [01;31m[KYr_[m[K = model_.regressor(Q, Qp, Qrp, Qrpp);
      |       [01;31m[K^~~[m[K
[01m[K/home/gin/ros/workspaces/final/src/tum_ics_ur10_controller_tutorial/src/jointspace_controller_1.cpp:419:13:[m[K [01;31m[Kerror: [m[Kâ€˜[01m[Kmodel_[m[Kâ€™ was not declared in this scope; did you mean â€˜[01m[Kmode_t[m[Kâ€™?
  419 |       Yr_ = [01;31m[Kmodel_[m[K.regressor(Q, Qp, Qrp, Qrpp);
      |             [01;31m[K^~~~~~[m[K
      |             [32m[Kmode_t[m[K
[01m[K/home/gin/ros/workspaces/final/src/tum_ics_ur10_controller_tutorial/src/jointspace_controller_1.cpp:426:24:[m[K [01;31m[Kerror: [m[Kâ€˜[01m[Kq_gamma_[m[Kâ€™ was not declared in this scope
  426 |           Gamma(i,i) = [01;31m[Kq_gamma_[m[K;
      |                        [01;31m[K^~~~~~~~[m[K
[01m[K/home/gin/ros/workspaces/final/src/tum_ics_ur10_controller_tutorial/src/jointspace_controller_1.cpp:430:7:[m[K [01;31m[Kerror: [m[Kâ€˜[01m[KTheta_hat_[m[Kâ€™ was not declared in this scope
  430 |       [01;31m[KTheta_hat_[m[K = Theta_hat_ - A;
      |       [01;31m[K^~~~~~~~~~[m[K
[01m[K/home/gin/ros/workspaces/final/src/tum_ics_ur10_controller_tutorial/src/jointspace_controller_1.cpp:431:23:[m[K [01;31m[Kerror: [m[Kâ€˜[01m[KqKd_[m[Kâ€™ was not declared in this scope
  431 |       Vector6d tau = -[01;31m[KqKd_[m[K * Sq + Yr_*Theta_hat_;
      |                       [01;31m[K^~~~[m[K
[01m[K/home/gin/ros/workspaces/final/src/tum_ics_ur10_controller_tutorial/src/jointspace_controller_1.cpp:434:11:[m[K [01;31m[Kerror: [m[Kâ€˜[01m[KHomogeneousTransformation[m[Kâ€™ is not a member of â€˜[01m[Ktum_ics_ur_robot_lli::cc[m[Kâ€™
  434 |       cc::[01;31m[KHomogeneousTransformation[m[K T_ef_g = model_.T_ef_0(Qg);
      |           [01;31m[K^~~~~~~~~~~~~~~~~~~~~~~~~[m[K
[01m[K/home/gin/ros/workspaces/final/src/tum_ics_ur10_controller_tutorial/src/jointspace_controller_1.cpp:434:11:[m[K [01;36m[Knote: [m[Ksuggested alternatives:
In file included from [01m[K/home/gin/ros/workspaces/final/src/utilities/control_core/include/control_core/type_bases/matrix_base.h:28[m[K,
                 from [01m[K/home/gin/ros/workspaces/final/src/utilities/control_core/include/control_core/types/matrix.h:28[m[K,
                 from [01m[K/home/gin/ros/workspaces/final/src/utilities/control_core/include/control_core/types.h:34[m[K,
                 from [01m[K/home/gin/ros/workspaces/final/src/ur_model/include/ur_model/ur_model.h:27[m[K,
                 from [01m[K/home/gin/ros/workspaces/final/src/tum_ics_ur10_controller_tutorial/include/tum_ics_ur10_controller_tutorial/jointspace_controller_1.h:5[m[K,
                 from [01m[K/home/gin/ros/workspaces/final/src/tum_ics_ur10_controller_tutorial/src/jointspace_controller_1.cpp:1[m[K:
[01m[K/home/gin/ros/workspaces/final/src/utilities/control_core/include/control_core/utilities/forward_declarations.h:73:7:[m[K [01;36m[Knote: [m[K  â€˜[01m[Kcontrol_core::HomogeneousTransformation[m[Kâ€™
   73 | class [01;36m[KHomogeneousTransformation[m[K;
      |       [01;36m[K^~~~~~~~~~~~~~~~~~~~~~~~~[m[K
In file included from [01m[K/home/gin/ros/workspaces/final/src/ur_model/include/ur_model/ur_model.h:27[m[K,
                 from [01m[K/home/gin/ros/workspaces/final/src/tum_ics_ur10_controller_tutorial/include/tum_ics_ur10_controller_tutorial/jointspace_controller_1.h:5[m[K,
                 from [01m[K/home/gin/ros/workspaces/final/src/tum_ics_ur10_controller_tutorial/src/jointspace_controller_1.cpp:1[m[K:
[01m[K/home/gin/ros/workspaces/final/src/utilities/control_core/include/control_core/types.h:80:59:[m[K [01;36m[Knote: [m[K  â€˜[01m[Kcc::HomogeneousTransformation[m[Kâ€™
   80 |   typedef control_core::HomogeneousTransformation<Scalar> [01;36m[KHomogeneousTransformation[m[K;
      |                                                           [01;36m[K^~~~~~~~~~~~~~~~~~~~~~~~~[m[K
[01m[K/home/gin/ros/workspaces/final/src/tum_ics_ur10_controller_tutorial/src/jointspace_controller_1.cpp:435:25:[m[K [01;31m[Kerror: [m[Kâ€˜[01m[KT_ef_g[m[Kâ€™ was not declared in this scope
  435 |       Vector3d X_goal = [01;31m[KT_ef_g[m[K.translation();
      |                         [01;31m[K^~~~~~[m[K
[01m[K/home/gin/ros/workspaces/final/src/tum_ics_ur10_controller_tutorial/src/jointspace_controller_1.cpp:437:50:[m[K [01;31m[Kerror: [m[Kâ€˜[01m[Kvis_pub_d[m[Kâ€™ was not declared in this scope
  437 |       vis_pose(Q_goal, X_goal, "dh_arm_joint_0", [01;31m[Kvis_pub_d[m[K);
      |                                                  [01;31m[K^~~~~~~~~[m[K
[01m[K/home/gin/ros/workspaces/final/src/tum_ics_ur10_controller_tutorial/src/jointspace_controller_1.cpp:[m[K At global scope:
[01m[K/home/gin/ros/workspaces/final/src/tum_ics_ur10_controller_tutorial/src/jointspace_controller_1.cpp:442:14:[m[K [01;31m[Kerror: [m[Kâ€˜[01m[KJointSpaceController_1[m[Kâ€™ has not been declared
  442 |     Vector6d [01;31m[KJointSpaceController_1[m[K::operational_control_multi_obstacle_avoidance_and_circular_motion(Vector6d Q, Vector6d Qp, Vector6d Qpp, double start_time, double end_time, const RobotTime &time) {
      |              [01;31m[K^~~~~~~~~~~~~~~~~~~~~~[m[K
[01m[K/home/gin/ros/workspaces/final/src/tum_ics_ur10_controller_tutorial/src/jointspace_controller_1.cpp:[m[K In function â€˜[01m[KTum::Vector6d tum_ics_ur_robot_lli::tum_ics_ur_robot_lli::RobotControllers::operational_control_multi_obstacle_avoidance_and_circular_motion(Tum::Vector6d, Tum::Vector6d, Tum::Vector6d, double, double, const tum_ics_ur_robot_lli::RobotTime&)[m[Kâ€™:
[01m[K/home/gin/ros/workspaces/final/src/tum_ics_ur10_controller_tutorial/src/jointspace_controller_1.cpp:453:12:[m[K [01;31m[Kerror: [m[Kâ€˜[01m[KstartFlag_[m[Kâ€™ was not declared in this scope
  453 |       if (![01;31m[KstartFlag_[m[K)
      |            [01;31m[K^~~~~~~~~~[m[K
[01m[K/home/gin/ros/workspaces/final/src/tum_ics_ur10_controller_tutorial/src/jointspace_controller_1.cpp:455:9:[m[K [01;31m[Kerror: [m[Kâ€˜[01m[KT_ef_0_start_[m[Kâ€™ was not declared in this scope
  455 |         [01;31m[KT_ef_0_start_[m[K = model_.T_ef_0(Q);
      |         [01;31m[K^~~~~~~~~~~~~[m[K
[01m[K/home/gin/ros/workspaces/final/src/tum_ics_ur10_controller_tutorial/src/jointspace_controller_1.cpp:455:25:[m[K [01;31m[Kerror: [m[Kâ€˜[01m[Kmodel_[m[Kâ€™ was not declared in this scope; did you mean â€˜[01m[Kmode_t[m[Kâ€™?
  455 |         T_ef_0_start_ = [01;31m[Kmodel_[m[K.T_ef_0(Q);
      |                         [01;31m[K^~~~~~[m[K
      |                         [32m[Kmode_t[m[K
[01m[K/home/gin/ros/workspaces/final/src/tum_ics_ur10_controller_tutorial/src/jointspace_controller_1.cpp:456:9:[m[K [01;31m[Kerror: [m[Kâ€˜[01m[Kstart_orientation_[m[Kâ€™ was not declared in this scope
  456 |         [01;31m[Kstart_orientation_[m[K = T_ef_0_start_.orientation();
      |         [01;31m[K^~~~~~~~~~~~~~~~~~[m[K
[01m[K/home/gin/ros/workspaces/final/src/tum_ics_ur10_controller_tutorial/src/jointspace_controller_1.cpp:457:9:[m[K [01;31m[Kerror: [m[Kâ€˜[01m[Kstart_position_[m[Kâ€™ was not declared in this scope
  457 |         [01;31m[Kstart_position_[m[K = T_ef_0_start_.position();
      |         [01;31m[K^~~~~~~~~~~~~~~[m[K
[01m[K/home/gin/ros/workspaces/final/src/tum_ics_ur10_controller_tutorial/src/jointspace_controller_1.cpp:458:9:[m[K [01;31m[Kerror: [m[Kâ€˜[01m[Ktracking_start_time_[m[Kâ€™ was not declared in this scope
  458 |         [01;31m[Ktracking_start_time_[m[K = 0;
      |         [01;31m[K^~~~~~~~~~~~~~~~~~~~[m[K
[01m[K/home/gin/ros/workspaces/final/src/tum_ics_ur10_controller_tutorial/src/jointspace_controller_1.cpp:462:11:[m[K [01;31m[Kerror: [m[Kâ€˜[01m[Kneg_impadace_flank[m[Kâ€™ was not declared in this scope
  462 |       if ([01;31m[Kneg_impadace_flank[m[K) {
      |           [01;31m[K^~~~~~~~~~~~~~~~~~[m[K
[01m[K/home/gin/ros/workspaces/final/src/tum_ics_ur10_controller_tutorial/src/jointspace_controller_1.cpp:464:9:[m[K [01;31m[Kerror: [m[Kâ€˜[01m[Ktracking_start_time_[m[Kâ€™ was not declared in this scope
  464 |         [01;31m[Ktracking_start_time_[m[K = time.tD() - start_time;
      |         [01;31m[K^~~~~~~~~~~~~~~~~~~~[m[K
[01m[K/home/gin/ros/workspaces/final/src/tum_ics_ur10_controller_tutorial/src/jointspace_controller_1.cpp:465:9:[m[K [01;31m[Kerror: [m[Kâ€˜[01m[Kstart_orientation_[m[Kâ€™ was not declared in this scope
  465 |         [01;31m[Kstart_orientation_[m[K = model_.T_ef_0(Q).orientation();
      |         [01;31m[K^~~~~~~~~~~~~~~~~~[m[K
[01m[K/home/gin/ros/workspaces/final/src/tum_ics_ur10_controller_tutorial/src/jointspace_controller_1.cpp:465:30:[m[K [01;31m[Kerror: [m[Kâ€˜[01m[Kmodel_[m[Kâ€™ was not declared in this scope; did you mean â€˜[01m[Kmode_t[m[Kâ€™?
  465 |         start_orientation_ = [01;31m[Kmodel_[m[K.T_ef_0(Q).orientation();
      |                              [01;31m[K^~~~~~[m[K
      |                              [32m[Kmode_t[m[K
[01m[K/home/gin/ros/workspaces/final/src/tum_ics_ur10_controller_tutorial/src/jointspace_controller_1.cpp:466:9:[m[K [01;31m[Kerror: [m[Kâ€˜[01m[Kstart_position_[m[Kâ€™ was not declared in this scope
  466 |         [01;31m[Kstart_position_[m[K = model_.T_ef_0(Q).position();
      |         [01;31m[K^~~~~~~~~~~~~~~[m[K
[01m[K/home/gin/ros/workspaces/final/src/tum_ics_ur10_controller_tutorial/src/jointspace_controller_1.cpp:471:27:[m[K [01;31m[Kerror: [m[Kâ€˜[01m[Kstart_orientation_[m[Kâ€™ was not declared in this scope
  471 |       Quaterniond Q_start([01;31m[Kstart_orientation_[m[K);
      |                           [01;31m[K^~~~~~~~~~~~~~~~~~[m[K
[01m[K/home/gin/ros/workspaces/final/src/tum_ics_ur10_controller_tutorial/src/jointspace_controller_1.cpp:476:45:[m[K [01;31m[Kerror: [m[Kâ€˜[01m[Ktracking_start_time_[m[Kâ€™ was not declared in this scope
  476 |       Qd = Q_start.slerp(std::min(1.0, (t - [01;31m[Ktracking_start_time_[m[K)/3.0), Q_goal);
      |                                             [01;31m[K^~~~~~~~~~~~~~~~~~~~[m[K
[01m[K/home/gin/ros/workspaces/final/src/tum_ics_ur10_controller_tutorial/src/jointspace_controller_1.cpp:479:32:[m[K [01;31m[Kerror: [m[Kâ€˜[01m[KT_ef_0_start_[m[Kâ€™ was not declared in this scope
  479 |       Vector3d goal_position = [01;31m[KT_ef_0_start_[m[K.position();
      |                                [01;31m[K^~~~~~~~~~~~~[m[K
[01m[K/home/gin/ros/workspaces/final/src/tum_ics_ur10_controller_tutorial/src/jointspace_controller_1.cpp:480:54:[m[K [01;31m[Kerror: [m[Kâ€˜[01m[Kstart_position_[m[Kâ€™ was not declared in this scope; did you mean â€˜[01m[Kgoal_position[m[Kâ€™?
  480 |       std::vector<Vector3d> out = interpolate_joint2([01;31m[Kstart_position_[m[K, goal_position, 0, 2, (t - tracking_start_time_));
      |                                                      [01;31m[K^~~~~~~~~~~~~~~[m[K
      |                                                      [32m[Kgoal_position[m[K
[01m[K/home/gin/ros/workspaces/final/src/tum_ics_ur10_controller_tutorial/src/jointspace_controller_1.cpp:480:35:[m[K [01;31m[Kerror: [m[Kâ€˜[01m[Kinterpolate_joint2[m[Kâ€™ was not declared in this scope
  480 |       std::vector<Vector3d> out = [01;31m[Kinterpolate_joint2[m[K(start_position_, goal_position, 0, 2, (t - tracking_start_time_));
      |                                   [01;31m[K^~~~~~~~~~~~~~~~~~[m[K
[01m[K/home/gin/ros/workspaces/final/src/tum_ics_ur10_controller_tutorial/src/jointspace_controller_1.cpp:487:55:[m[K [01;31m[Kerror: [m[Kâ€˜[01m[Kvis_pub_circle[m[Kâ€™ was not declared in this scope
  487 |       vis_trajectory(goal_position, "dh_arm_joint_0", [01;31m[Kvis_pub_circle[m[K);
      |                                                       [01;31m[K^~~~~~~~~~~~~~[m[K
[01m[K/home/gin/ros/workspaces/final/src/tum_ics_ur10_controller_tutorial/src/jointspace_controller_1.cpp:505:44:[m[K [01;31m[Kerror: [m[Kâ€˜[01m[Kvis_pub_d[m[Kâ€™ was not declared in this scope
  505 |       vis_pose(kd, Xd_v, "dh_arm_joint_0", [01;31m[Kvis_pub_d[m[K);
      |                                            [01;31m[K^~~~~~~~~[m[K
[01m[K/home/gin/ros/workspaces/final/src/tum_ics_ur10_controller_tutorial/src/jointspace_controller_1.cpp:513:27:[m[K [01;31m[Kerror: [m[Kâ€˜[01m[Kobstacle_poses_[m[Kâ€™ was not declared in this scope
  513 |       for (int j = 0; j < [01;31m[Kobstacle_poses_[m[K.size(); j++) {
      |                           [01;31m[K^~~~~~~~~~~~~~~[m[K
[01m[K/home/gin/ros/workspaces/final/src/tum_ics_ur10_controller_tutorial/src/jointspace_controller_1.cpp:515:36:[m[K [01;31m[Kerror: [m[Kâ€˜[01m[Kdistance_to_j_joint[m[Kâ€™ was not declared in this scope
  515 |           joint_distances_0(i,j) = [01;31m[Kdistance_to_j_joint[m[K(Q, i, j).norm();
      |                                    [01;31m[K^~~~~~~~~~~~~~~~~~~[m[K
[01m[K/home/gin/ros/workspaces/final/src/tum_ics_ur10_controller_tutorial/src/jointspace_controller_1.cpp:521:42:[m[K [01;31m[Kerror: [m[Kâ€˜[01m[Krad_influence_[m[Kâ€™ was not declared in this scope
  521 |       if (joint_distances_0.minCoeff() < [01;31m[Krad_influence_[m[K) {
      |                                          [01;31m[K^~~~~~~~~~~~~~[m[K
[01m[K/home/gin/ros/workspaces/final/src/tum_ics_ur10_controller_tutorial/src/jointspace_controller_1.cpp:522:14:[m[K [01;31m[Kerror: [m[Kâ€˜[01m[Kimpedance_is_on[m[Kâ€™ was not declared in this scope
  522 |         if (![01;31m[Kimpedance_is_on[m[K) {
      |              [01;31m[K^~~~~~~~~~~~~~~[m[K
[01m[K/home/gin/ros/workspaces/final/src/tum_ics_ur10_controller_tutorial/src/jointspace_controller_1.cpp:526:65:[m[K [01;31m[Kerror: [m[Kâ€˜[01m[Kfac_[m[Kâ€™ was not declared in this scope
  526 |         tau = impedance_control(Q, Qp, Xd, Xdp, rad_influence_, [01;31m[Kfac_[m[K);
      |                                                                 [01;31m[K^~~~[m[K
[01m[K/home/gin/ros/workspaces/final/src/tum_ics_ur10_controller_tutorial/src/jointspace_controller_1.cpp:526:15:[m[K [01;31m[Kerror: [m[Kâ€˜[01m[Kimpedance_control[m[Kâ€™ was not declared in this scope
  526 |         tau = [01;31m[Kimpedance_control[m[K(Q, Qp, Xd, Xdp, rad_influence_, fac_);
      |               [01;31m[K^~~~~~~~~~~~~~~~~[m[K
[01m[K/home/gin/ros/workspaces/final/src/tum_ics_ur10_controller_tutorial/src/jointspace_controller_1.cpp:529:13:[m[K [01;31m[Kerror: [m[Kâ€˜[01m[Kimpedance_is_on[m[Kâ€™ was not declared in this scope
  529 |         if ([01;31m[Kimpedance_is_on[m[K) {
      |             [01;31m[K^~~~~~~~~~~~~~~[m[K
[01m[K/home/gin/ros/workspaces/final/src/tum_ics_ur10_controller_tutorial/src/jointspace_controller_1.cpp:531:11:[m[K [01;31m[Kerror: [m[Kâ€˜[01m[Kneg_impadace_flank[m[Kâ€™ was not declared in this scope
  531 |           [01;31m[Kneg_impadace_flank[m[K = true;
      |           [01;31m[K^~~~~~~~~~~~~~~~~~[m[K
[01m[K/home/gin/ros/workspaces/final/src/tum_ics_ur10_controller_tutorial/src/jointspace_controller_1.cpp:534:15:[m[K [01;31m[Kerror: [m[Kâ€˜[01m[Koperational_control[m[Kâ€™ was not declared in this scope
  534 |         tau = [01;31m[Koperational_control[m[K(Q, Qp, Xd, Xdp, Xdpp);
      |               [01;31m[K^~~~~~~~~~~~~~~~~~~[m[K
[01m[K/home/gin/ros/workspaces/final/src/tum_ics_ur10_controller_tutorial/src/jointspace_controller_1.cpp:545:27:[m[K [01;31m[Kerror: [m[Kâ€˜[01m[Kobstacle_poses_[m[Kâ€™ was not declared in this scope; did you mean â€˜[01m[Kobstacle_pos_w_h[m[Kâ€™?
  545 |       obstacle_pos_w_h << [01;31m[Kobstacle_poses_[m[K[0], 1;
      |                           [01;31m[K^~~~~~~~~~~~~~~[m[K
      |                           [32m[Kobstacle_pos_w_h[m[K
[01m[K/home/gin/ros/workspaces/final/src/tum_ics_ur10_controller_tutorial/src/jointspace_controller_1.cpp:551:53:[m[K [01;31m[Kerror: [m[Kâ€˜[01m[Kvis_pub_obstacle[m[Kâ€™ was not declared in this scope
  551 |       vis_pose(k, obstacle_pos_0, "dh_arm_joint_0", [01;31m[Kvis_pub_obstacle[m[K);
      |                                                     [01;31m[K^~~~~~~~~~~~~~~~[m[K
[01m[K/home/gin/ros/workspaces/final/src/tum_ics_ur10_controller_tutorial/src/jointspace_controller_1.cpp:[m[K At global scope:
[01m[K/home/gin/ros/workspaces/final/src/tum_ics_ur10_controller_tutorial/src/jointspace_controller_1.cpp:557:14:[m[K [01;31m[Kerror: [m[Kâ€˜[01m[KJointSpaceController_1[m[Kâ€™ has not been declared
  557 |     Vector6d [01;31m[KJointSpaceController_1[m[K::operational_control_multi_obstacle_avoidance(Vector6d Q, Vector6d Qp, Vector6d Qpp, double start_time, double end_time, const RobotTime &time) {
      |              [01;31m[K^~~~~~~~~~~~~~~~~~~~~~[m[K
[01m[K/home/gin/ros/workspaces/final/src/tum_ics_ur10_controller_tutorial/src/jointspace_controller_1.cpp:[m[K In function â€˜[01m[KTum::Vector6d tum_ics_ur_robot_lli::tum_ics_ur_robot_lli::RobotControllers::operational_control_multi_obstacle_avoidance(Tum::Vector6d, Tum::Vector6d, Tum::Vector6d, double, double, const tum_ics_ur_robot_lli::RobotTime&)[m[Kâ€™:
[01m[K/home/gin/ros/workspaces/final/src/tum_ics_ur10_controller_tutorial/src/jointspace_controller_1.cpp:568:12:[m[K [01;31m[Kerror: [m[Kâ€˜[01m[KstartFlag_[m[Kâ€™ was not declared in this scope
  568 |       if (![01;31m[KstartFlag_[m[K)
      |            [01;31m[K^~~~~~~~~~[m[K
[01m[K/home/gin/ros/workspaces/final/src/tum_ics_ur10_controller_tutorial/src/jointspace_controller_1.cpp:570:9:[m[K [01;31m[Kerror: [m[Kâ€˜[01m[KT_ef_0_start_[m[Kâ€™ was not declared in this scope
  570 |         [01;31m[KT_ef_0_start_[m[K = model_.T_ef_0(Q);
      |         [01;31m[K^~~~~~~~~~~~~[m[K
[01m[K/home/gin/ros/workspaces/final/src/tum_ics_ur10_controller_tutorial/src/jointspace_controller_1.cpp:570:25:[m[K [01;31m[Kerror: [m[Kâ€˜[01m[Kmodel_[m[Kâ€™ was not declared in this scope; did you mean â€˜[01m[Kmode_t[m[Kâ€™?
  570 |         T_ef_0_start_ = [01;31m[Kmodel_[m[K.T_ef_0(Q);
      |                         [01;31m[K^~~~~~[m[K
      |                         [32m[Kmode_t[m[K
[01m[K/home/gin/ros/workspaces/final/src/tum_ics_ur10_controller_tutorial/src/jointspace_controller_1.cpp:571:9:[m[K [01;31m[Kerror: [m[Kâ€˜[01m[Kstart_orientation_[m[Kâ€™ was not declared in this scope
  571 |         [01;31m[Kstart_orientation_[m[K = T_ef_0_start_.orientation();
      |         [01;31m[K^~~~~~~~~~~~~~~~~~[m[K
[01m[K/home/gin/ros/workspaces/final/src/tum_ics_ur10_controller_tutorial/src/jointspace_controller_1.cpp:572:9:[m[K [01;31m[Kerror: [m[Kâ€˜[01m[Kstart_position_[m[Kâ€™ was not declared in this scope
  572 |         [01;31m[Kstart_position_[m[K = T_ef_0_start_.position();
      |         [01;31m[K^~~~~~~~~~~~~~~[m[K
[01m[K/home/gin/ros/workspaces/final/src/tum_ics_ur10_controller_tutorial/src/jointspace_controller_1.cpp:573:9:[m[K [01;31m[Kerror: [m[Kâ€˜[01m[Ktracking_start_time_[m[Kâ€™ was not declared in this scope
  573 |         [01;31m[Ktracking_start_time_[m[K = 0;
      |         [01;31m[K^~~~~~~~~~~~~~~~~~~~[m[K
[01m[K/home/gin/ros/workspaces/final/src/tum_ics_ur10_controller_tutorial/src/jointspace_controller_1.cpp:577:11:[m[K [01;31m[Kerror: [m[Kâ€˜[01m[Kneg_impadace_flank[m[Kâ€™ was not declared in this scope
  577 |       if ([01;31m[Kneg_impadace_flank[m[K) {
      |           [01;31m[K^~~~~~~~~~~~~~~~~~[m[K
[01m[K/home/gin/ros/workspaces/final/src/tum_ics_ur10_controller_tutorial/src/jointspace_controller_1.cpp:579:9:[m[K [01;31m[Kerror: [m[Kâ€˜[01m[Ktracking_start_time_[m[Kâ€™ was not declared in this scope
  579 |         [01;31m[Ktracking_start_time_[m[K = time.tD() - start_time;
      |         [01;31m[K^~~~~~~~~~~~~~~~~~~~[m[K
[01m[K/home/gin/ros/workspaces/final/src/tum_ics_ur10_controller_tutorial/src/jointspace_controller_1.cpp:580:9:[m[K [01;31m[Kerror: [m[Kâ€˜[01m[Kstart_orientation_[m[Kâ€™ was not declared in this scope
  580 |         [01;31m[Kstart_orientation_[m[K = model_.T_ef_0(Q).orientation();
      |         [01;31m[K^~~~~~~~~~~~~~~~~~[m[K
[01m[K/home/gin/ros/workspaces/final/src/tum_ics_ur10_controller_tutorial/src/jointspace_controller_1.cpp:580:30:[m[K [01;31m[Kerror: [m[Kâ€˜[01m[Kmodel_[m[Kâ€™ was not declared in this scope; did you mean â€˜[01m[Kmode_t[m[Kâ€™?
  580 |         start_orientation_ = [01;31m[Kmodel_[m[K.T_ef_0(Q).orientation();
      |                              [01;31m[K^~~~~~[m[K
      |                              [32m[Kmode_t[m[K
[01m[K/home/gin/ros/workspaces/final/src/tum_ics_ur10_controller_tutorial/src/jointspace_controller_1.cpp:581:9:[m[K [01;31m[Kerror: [m[Kâ€˜[01m[Kstart_position_[m[Kâ€™ was not declared in this scope
  581 |         [01;31m[Kstart_position_[m[K = model_.T_ef_0(Q).position();
      |         [01;31m[K^~~~~~~~~~~~~~~[m[K
[01m[K/home/gin/ros/workspaces/final/src/tum_ics_ur10_controller_tutorial/src/jointspace_controller_1.cpp:586:27:[m[K [01;31m[Kerror: [m[Kâ€˜[01m[Kstart_orientation_[m[Kâ€™ was not declared in this scope
  586 |       Quaterniond Q_start([01;31m[Kstart_orientation_[m[K);
      |                           [01;31m[K^~~~~~~~~~~~~~~~~~[m[K
[01m[K/home/gin/ros/workspaces/final/src/tum_ics_ur10_controller_tutorial/src/jointspace_controller_1.cpp:591:45:[m[K [01;31m[Kerror: [m[Kâ€˜[01m[Ktracking_start_time_[m[Kâ€™ was not declared in this scope
  591 |       Qd = Q_start.slerp(std::min(1.0, (t - [01;31m[Ktracking_start_time_[m[K)/3.0), Q_goal);
      |                                             [01;31m[K^~~~~~~~~~~~~~~~~~~~[m[K
[01m[K/home/gin/ros/workspaces/final/src/tum_ics_ur10_controller_tutorial/src/jointspace_controller_1.cpp:594:32:[m[K [01;31m[Kerror: [m[Kâ€˜[01m[KT_ef_0_start_[m[Kâ€™ was not declared in this scope
  594 |       Vector3d goal_position = [01;31m[KT_ef_0_start_[m[K.position();
      |                                [01;31m[K^~~~~~~~~~~~~[m[K
[01m[K/home/gin/ros/workspaces/final/src/tum_ics_ur10_controller_tutorial/src/jointspace_controller_1.cpp:595:54:[m[K [01;31m[Kerror: [m[Kâ€˜[01m[Kstart_position_[m[Kâ€™ was not declared in this scope; did you mean â€˜[01m[Kgoal_position[m[Kâ€™?
  595 |       std::vector<Vector3d> out = interpolate_joint2([01;31m[Kstart_position_[m[K, goal_position, 0, 2, (t - tracking_start_time_));
      |                                                      [01;31m[K^~~~~~~~~~~~~~~[m[K
      |                                                      [32m[Kgoal_position[m[K
[01m[K/home/gin/ros/workspaces/final/src/tum_ics_ur10_controller_tutorial/src/jointspace_controller_1.cpp:595:35:[m[K [01;31m[Kerror: [m[Kâ€˜[01m[Kinterpolate_joint2[m[Kâ€™ was not declared in this scope
  595 |       std::vector<Vector3d> out = [01;31m[Kinterpolate_joint2[m[K(start_position_, goal_position, 0, 2, (t - tracking_start_time_));
      |                                   [01;31m[K^~~~~~~~~~~~~~~~~~[m[K
[01m[K/home/gin/ros/workspaces/final/src/tum_ics_ur10_controller_tutorial/src/jointspace_controller_1.cpp:602:55:[m[K [01;31m[Kerror: [m[Kâ€˜[01m[Kvis_pub_circle[m[Kâ€™ was not declared in this scope
  602 |       vis_trajectory(goal_position, "dh_arm_joint_0", [01;31m[Kvis_pub_circle[m[K);
      |                                                       [01;31m[K^~~~~~~~~~~~~~[m[K
[01m[K/home/gin/ros/workspaces/final/src/tum_ics_ur10_controller_tutorial/src/jointspace_controller_1.cpp:620:44:[m[K [01;31m[Kerror: [m[Kâ€˜[01m[Kvis_pub_d[m[Kâ€™ was not declared in this scope
  620 |       vis_pose(kd, Xd_v, "dh_arm_joint_0", [01;31m[Kvis_pub_d[m[K);
      |                                            [01;31m[K^~~~~~~~~[m[K
[01m[K/home/gin/ros/workspaces/final/src/tum_ics_ur10_controller_tutorial/src/jointspace_controller_1.cpp:628:27:[m[K [01;31m[Kerror: [m[Kâ€˜[01m[Kobstacle_poses_[m[Kâ€™ was not declared in this scope
  628 |       for (int j = 0; j < [01;31m[Kobstacle_poses_[m[K.size(); j++) {
      |                           [01;31m[K^~~~~~~~~~~~~~~[m[K
[01m[K/home/gin/ros/workspaces/final/src/tum_ics_ur10_controller_tutorial/src/jointspace_controller_1.cpp:630:36:[m[K [01;31m[Kerror: [m[Kâ€˜[01m[Kdistance_to_j_joint[m[Kâ€™ was not declared in this scope
  630 |           joint_distances_0(i,j) = [01;31m[Kdistance_to_j_joint[m[K(Q, i, j).norm();
      |                                    [01;31m[K^~~~~~~~~~~~~~~~~~~[m[K
[01m[K/home/gin/ros/workspaces/final/src/tum_ics_ur10_controller_tutorial/src/jointspace_controller_1.cpp:636:42:[m[K [01;31m[Kerror: [m[Kâ€˜[01m[Krad_influence_[m[Kâ€™ was not declared in this scope
  636 |       if (joint_distances_0.minCoeff() < [01;31m[Krad_influence_[m[K) {
      |                                          [01;31m[K^~~~~~~~~~~~~~[m[K
[01m[K/home/gin/ros/workspaces/final/src/tum_ics_ur10_controller_tutorial/src/jointspace_controller_1.cpp:637:14:[m[K [01;31m[Kerror: [m[Kâ€˜[01m[Kimpedance_is_on[m[Kâ€™ was not declared in this scope
  637 |         if (![01;31m[Kimpedance_is_on[m[K) {
      |              [01;31m[K^~~~~~~~~~~~~~~[m[K
[01m[K/home/gin/ros/workspaces/final/src/tum_ics_ur10_controller_tutorial/src/jointspace_controller_1.cpp:641:65:[m[K [01;31m[Kerror: [m[Kâ€˜[01m[Kfac_[m[Kâ€™ was not declared in this scope
  641 |         tau = impedance_control(Q, Qp, Xd, Xdp, rad_influence_, [01;31m[Kfac_[m[K);
      |                                                                 [01;31m[K^~~~[m[K
[01m[K/home/gin/ros/workspaces/final/src/tum_ics_ur10_controller_tutorial/src/jointspace_controller_1.cpp:641:15:[m[K [01;31m[Kerror: [m[Kâ€˜[01m[Kimpedance_control[m[Kâ€™ was not declared in this scope
  641 |         tau = [01;31m[Kimpedance_control[m[K(Q, Qp, Xd, Xdp, rad_influence_, fac_);
      |               [01;31m[K^~~~~~~~~~~~~~~~~[m[K
[01m[K/home/gin/ros/workspaces/final/src/tum_ics_ur10_controller_tutorial/src/jointspace_controller_1.cpp:644:13:[m[K [01;31m[Kerror: [m[Kâ€˜[01m[Kimpedance_is_on[m[Kâ€™ was not declared in this scope
  644 |         if ([01;31m[Kimpedance_is_on[m[K) {
      |             [01;31m[K^~~~~~~~~~~~~~~[m[K
[01m[K/home/gin/ros/workspaces/final/src/tum_ics_ur10_controller_tutorial/src/jointspace_controller_1.cpp:646:11:[m[K [01;31m[Kerror: [m[Kâ€˜[01m[Kneg_impadace_flank[m[Kâ€™ was not declared in this scope
  646 |           [01;31m[Kneg_impadace_flank[m[K = true;
      |           [01;31m[K^~~~~~~~~~~~~~~~~~[m[K
[01m[K/home/gin/ros/workspaces/final/src/tum_ics_ur10_controller_tutorial/src/jointspace_controller_1.cpp:649:15:[m[K [01;31m[Kerror: [m[Kâ€˜[01m[Koperational_control[m[Kâ€™ was not declared in this scope
  649 |         tau = [01;31m[Koperational_control[m[K(Q, Qp, Xd, Xdp, Xdpp);
      |               [01;31m[K^~~~~~~~~~~~~~~~~~~[m[K
[01m[K/home/gin/ros/workspaces/final/src/tum_ics_ur10_controller_tutorial/src/jointspace_controller_1.cpp:660:27:[m[K [01;31m[Kerror: [m[Kâ€˜[01m[Kobstacle_poses_[m[Kâ€™ was not declared in this scope; did you mean â€˜[01m[Kobstacle_pos_w_h[m[Kâ€™?
  660 |       obstacle_pos_w_h << [01;31m[Kobstacle_poses_[m[K[0], 1;
      |                           [01;31m[K^~~~~~~~~~~~~~~[m[K
      |                           [32m[Kobstacle_pos_w_h[m[K
[01m[K/home/gin/ros/workspaces/final/src/tum_ics_ur10_controller_tutorial/src/jointspace_controller_1.cpp:666:53:[m[K [01;31m[Kerror: [m[Kâ€˜[01m[Kvis_pub_obstacle[m[Kâ€™ was not declared in this scope
  666 |       vis_pose(k, obstacle_pos_0, "dh_arm_joint_0", [01;31m[Kvis_pub_obstacle[m[K);
      |                                                     [01;31m[K^~~~~~~~~~~~~~~~[m[K
[01m[K/home/gin/ros/workspaces/final/src/tum_ics_ur10_controller_tutorial/src/jointspace_controller_1.cpp:[m[K At global scope:
[01m[K/home/gin/ros/workspaces/final/src/tum_ics_ur10_controller_tutorial/src/jointspace_controller_1.cpp:673:14:[m[K [01;31m[Kerror: [m[Kâ€˜[01m[KJointSpaceController_1[m[Kâ€™ has not been declared
  673 |     Vector6d [01;31m[KJointSpaceController_1[m[K::operational_control_obstacle_avoidance(Vector6d Q, Vector6d Qp, Vector6d Qpp, double start_time, double end_time, const RobotTime &time) {
      |              [01;31m[K^~~~~~~~~~~~~~~~~~~~~~[m[K
[01m[K/home/gin/ros/workspaces/final/src/tum_ics_ur10_controller_tutorial/src/jointspace_controller_1.cpp:[m[K In function â€˜[01m[KTum::Vector6d tum_ics_ur_robot_lli::tum_ics_ur_robot_lli::RobotControllers::operational_control_obstacle_avoidance(Tum::Vector6d, Tum::Vector6d, Tum::Vector6d, double, double, const tum_ics_ur_robot_lli::RobotTime&)[m[Kâ€™:
[01m[K/home/gin/ros/workspaces/final/src/tum_ics_ur10_controller_tutorial/src/jointspace_controller_1.cpp:684:12:[m[K [01;31m[Kerror: [m[Kâ€˜[01m[KstartFlag_[m[Kâ€™ was not declared in this scope
  684 |       if (![01;31m[KstartFlag_[m[K)
      |            [01;31m[K^~~~~~~~~~[m[K
[01m[K/home/gin/ros/workspaces/final/src/tum_ics_ur10_controller_tutorial/src/jointspace_controller_1.cpp:686:9:[m[K [01;31m[Kerror: [m[Kâ€˜[01m[KT_ef_0_start_[m[Kâ€™ was not declared in this scope
  686 |         [01;31m[KT_ef_0_start_[m[K = model_.T_ef_0(Q);
      |         [01;31m[K^~~~~~~~~~~~~[m[K
[01m[K/home/gin/ros/workspaces/final/src/tum_ics_ur10_controller_tutorial/src/jointspace_controller_1.cpp:686:25:[m[K [01;31m[Kerror: [m[Kâ€˜[01m[Kmodel_[m[Kâ€™ was not declared in this scope; did you mean â€˜[01m[Kmode_t[m[Kâ€™?
  686 |         T_ef_0_start_ = [01;31m[Kmodel_[m[K.T_ef_0(Q);
      |                         [01;31m[K^~~~~~[m[K
      |                         [32m[Kmode_t[m[K
[01m[K/home/gin/ros/workspaces/final/src/tum_ics_ur10_controller_tutorial/src/jointspace_controller_1.cpp:687:9:[m[K [01;31m[Kerror: [m[Kâ€˜[01m[Kstart_orientation_[m[Kâ€™ was not declared in this scope
  687 |         [01;31m[Kstart_orientation_[m[K = T_ef_0_start_.orientation();
      |         [01;31m[K^~~~~~~~~~~~~~~~~~[m[K
[01m[K/home/gin/ros/workspaces/final/src/tum_ics_ur10_controller_tutorial/src/jointspace_controller_1.cpp:688:9:[m[K [01;31m[Kerror: [m[Kâ€˜[01m[Kstart_position_[m[Kâ€™ was not declared in this scope
  688 |         [01;31m[Kstart_position_[m[K = T_ef_0_start_.position();
      |         [01;31m[K^~~~~~~~~~~~~~~[m[K
[01m[K/home/gin/ros/workspaces/final/src/tum_ics_ur10_controller_tutorial/src/jointspace_controller_1.cpp:689:9:[m[K [01;31m[Kerror: [m[Kâ€˜[01m[Ktracking_start_time_[m[Kâ€™ was not declared in this scope
  689 |         [01;31m[Ktracking_start_time_[m[K = 0;
      |         [01;31m[K^~~~~~~~~~~~~~~~~~~~[m[K
[01m[K/home/gin/ros/workspaces/final/src/tum_ics_ur10_controller_tutorial/src/jointspace_controller_1.cpp:693:11:[m[K [01;31m[Kerror: [m[Kâ€˜[01m[Kimpedance_is_on[m[Kâ€™ was not declared in this scope
  693 |       if ([01;31m[Kimpedance_is_on[m[K) {
      |           [01;31m[K^~~~~~~~~~~~~~~[m[K
[01m[K/home/gin/ros/workspaces/final/src/tum_ics_ur10_controller_tutorial/src/jointspace_controller_1.cpp:694:9:[m[K [01;31m[Kerror: [m[Kâ€˜[01m[Ktracking_start_time_[m[Kâ€™ was not declared in this scope
  694 |         [01;31m[Ktracking_start_time_[m[K = time.tD() - start_time;
      |         [01;31m[K^~~~~~~~~~~~~~~~~~~~[m[K
[01m[K/home/gin/ros/workspaces/final/src/tum_ics_ur10_controller_tutorial/src/jointspace_controller_1.cpp:695:9:[m[K [01;31m[Kerror: [m[Kâ€˜[01m[Kstart_orientation_[m[Kâ€™ was not declared in this scope
  695 |         [01;31m[Kstart_orientation_[m[K = model_.T_ef_0(Q).orientation();
      |         [01;31m[K^~~~~~~~~~~~~~~~~~[m[K
[01m[K/home/gin/ros/workspaces/final/src/tum_ics_ur10_controller_tutorial/src/jointspace_controller_1.cpp:695:30:[m[K [01;31m[Kerror: [m[Kâ€˜[01m[Kmodel_[m[Kâ€™ was not declared in this scope; did you mean â€˜[01m[Kmode_t[m[Kâ€™?
  695 |         start_orientation_ = [01;31m[Kmodel_[m[K.T_ef_0(Q).orientation();
      |                              [01;31m[K^~~~~~[m[K
      |                              [32m[Kmode_t[m[K
[01m[K/home/gin/ros/workspaces/final/src/tum_ics_ur10_controller_tutorial/src/jointspace_controller_1.cpp:696:9:[m[K [01;31m[Kerror: [m[Kâ€˜[01m[Kstart_position_[m[Kâ€™ was not declared in this scope
  696 |         [01;31m[Kstart_position_[m[K = model_.T_ef_0(Q).position();
      |         [01;31m[K^~~~~~~~~~~~~~~[m[K
[01m[K/home/gin/ros/workspaces/final/src/tum_ics_ur10_controller_tutorial/src/jointspace_controller_1.cpp:701:27:[m[K [01;31m[Kerror: [m[Kâ€˜[01m[Kstart_orientation_[m[Kâ€™ was not declared in this scope
  701 |       Quaterniond Q_start([01;31m[Kstart_orientation_[m[K);
      |                           [01;31m[K^~~~~~~~~~~~~~~~~~[m[K
[01m[K/home/gin/ros/workspaces/final/src/tum_ics_ur10_controller_tutorial/src/jointspace_controller_1.cpp:706:45:[m[K [01;31m[Kerror: [m[Kâ€˜[01m[Ktracking_start_time_[m[Kâ€™ was not declared in this scope
  706 |       Qd = Q_start.slerp(std::min(1.0, (t - [01;31m[Ktracking_start_time_[m[K)/3.0), Q_goal);
      |                                             [01;31m[K^~~~~~~~~~~~~~~~~~~~[m[K
[01m[K/home/gin/ros/workspaces/final/src/tum_ics_ur10_controller_tutorial/src/jointspace_controller_1.cpp:709:32:[m[K [01;31m[Kerror: [m[Kâ€˜[01m[KT_ef_0_start_[m[Kâ€™ was not declared in this scope
  709 |       Vector3d goal_position = [01;31m[KT_ef_0_start_[m[K.position();
      |                                [01;31m[K^~~~~~~~~~~~~[m[K
[01m[K/home/gin/ros/workspaces/final/src/tum_ics_ur10_controller_tutorial/src/jointspace_controller_1.cpp:710:54:[m[K [01;31m[Kerror: [m[Kâ€˜[01m[Kstart_position_[m[Kâ€™ was not declared in this scope; did you mean â€˜[01m[Kgoal_position[m[Kâ€™?
  710 |       std::vector<Vector3d> out = interpolate_joint2([01;31m[Kstart_position_[m[K, goal_position, 0, 2, (t - tracking_start_time_));
      |                                                      [01;31m[K^~~~~~~~~~~~~~~[m[K
      |                                                      [32m[Kgoal_position[m[K
[01m[K/home/gin/ros/workspaces/final/src/tum_ics_ur10_controller_tutorial/src/jointspace_controller_1.cpp:710:35:[m[K [01;31m[Kerror: [m[Kâ€˜[01m[Kinterpolate_joint2[m[Kâ€™ was not declared in this scope
  710 |       std::vector<Vector3d> out = [01;31m[Kinterpolate_joint2[m[K(start_position_, goal_position, 0, 2, (t - tracking_start_time_));
      |                                   [01;31m[K^~~~~~~~~~~~~~~~~~[m[K
[01m[K/home/gin/ros/workspaces/final/src/tum_ics_ur10_controller_tutorial/src/jointspace_controller_1.cpp:717:55:[m[K [01;31m[Kerror: [m[Kâ€˜[01m[Kvis_pub_circle[m[Kâ€™ was not declared in this scope
  717 |       vis_trajectory(goal_position, "dh_arm_joint_0", [01;31m[Kvis_pub_circle[m[K);
      |                                                       [01;31m[K^~~~~~~~~~~~~~[m[K
[01m[K/home/gin/ros/workspaces/final/src/tum_ics_ur10_controller_tutorial/src/jointspace_controller_1.cpp:735:44:[m[K [01;31m[Kerror: [m[Kâ€˜[01m[Kvis_pub_d[m[Kâ€™ was not declared in this scope
  735 |       vis_pose(kd, Xd_v, "dh_arm_joint_0", [01;31m[Kvis_pub_d[m[K);
      |                                            [01;31m[K^~~~~~~~~[m[K
[01m[K/home/gin/ros/workspaces/final/src/tum_ics_ur10_controller_tutorial/src/jointspace_controller_1.cpp:743:23:[m[K [01;31m[Kerror: [m[Kâ€˜[01m[Kdistance_to_j_joint[m[Kâ€™ was not declared in this scope
  743 |       joint_dist_0 << [01;31m[Kdistance_to_j_joint[m[K(Q, 0, 0).norm(),
      |                       [01;31m[K^~~~~~~~~~~~~~~~~~~[m[K
[01m[K/home/gin/ros/workspaces/final/src/tum_ics_ur10_controller_tutorial/src/jointspace_controller_1.cpp:753:15:[m[K [01;31m[Kerror: [m[Kâ€˜[01m[Kimpedance_control[m[Kâ€™ was not declared in this scope
  753 |         tau = [01;31m[Kimpedance_control[m[K(Q, Qp, Xd, Xdp, rad_influence, fac);
      |               [01;31m[K^~~~~~~~~~~~~~~~~[m[K
[01m[K/home/gin/ros/workspaces/final/src/tum_ics_ur10_controller_tutorial/src/jointspace_controller_1.cpp:754:9:[m[K [01;31m[Kerror: [m[Kâ€˜[01m[Kimpedance_is_on[m[Kâ€™ was not declared in this scope
  754 |         [01;31m[Kimpedance_is_on[m[K = true;
      |         [01;31m[K^~~~~~~~~~~~~~~[m[K
[01m[K/home/gin/ros/workspaces/final/src/tum_ics_ur10_controller_tutorial/src/jointspace_controller_1.cpp:756:15:[m[K [01;31m[Kerror: [m[Kâ€˜[01m[Koperational_control[m[Kâ€™ was not declared in this scope
  756 |         tau = [01;31m[Koperational_control[m[K(Q, Qp, Xd, Xdp, Xdpp);
      |               [01;31m[K^~~~~~~~~~~~~~~~~~~[m[K
[01m[K/home/gin/ros/workspaces/final/src/tum_ics_ur10_controller_tutorial/src/jointspace_controller_1.cpp:[m[K At global scope:
[01m[K/home/gin/ros/workspaces/final/src/tum_ics_ur10_controller_tutorial/src/jointspace_controller_1.cpp:773:14:[m[K [01;31m[Kerror: [m[Kâ€˜[01m[KJointSpaceController_1[m[Kâ€™ has not been declared
  773 |     Vector6d [01;31m[KJointSpaceController_1[m[K::impedance_control(Vector6d Q, Vector6d Qp, Vector7d Xd, Vector6d Xdp, double rad_influence, double fac) {
      |              [01;31m[K^~~~~~~~~~~~~~~~~~~~~~[m[K
[01m[K/home/gin/ros/workspaces/final/src/tum_ics_ur10_controller_tutorial/src/jointspace_controller_1.cpp:[m[K In function â€˜[01m[KTum::Vector6d tum_ics_ur_robot_lli::tum_ics_ur_robot_lli::RobotControllers::impedance_control(Tum::Vector6d, Tum::Vector6d, Tum::Vector7d, Tum::Vector6d, double, double)[m[Kâ€™:
[01m[K/home/gin/ros/workspaces/final/src/tum_ics_ur10_controller_tutorial/src/jointspace_controller_1.cpp:776:11:[m[K [01;31m[Kerror: [m[Kâ€˜[01m[KHomogeneousTransformation[m[Kâ€™ is not a member of â€˜[01m[Ktum_ics_ur_robot_lli::cc[m[Kâ€™
  776 |       cc::[01;31m[KHomogeneousTransformation[m[K T_ef_0 = model_.T_ef_0(Q);
      |           [01;31m[K^~~~~~~~~~~~~~~~~~~~~~~~~[m[K
[01m[K/home/gin/ros/workspaces/final/src/tum_ics_ur10_controller_tutorial/src/jointspace_controller_1.cpp:776:11:[m[K [01;36m[Knote: [m[Ksuggested alternatives:
In file included from [01m[K/home/gin/ros/workspaces/final/src/utilities/control_core/include/control_core/type_bases/matrix_base.h:28[m[K,
                 from [01m[K/home/gin/ros/workspaces/final/src/utilities/control_core/include/control_core/types/matrix.h:28[m[K,
                 from [01m[K/home/gin/ros/workspaces/final/src/utilities/control_core/include/control_core/types.h:34[m[K,
                 from [01m[K/home/gin/ros/workspaces/final/src/ur_model/include/ur_model/ur_model.h:27[m[K,
                 from [01m[K/home/gin/ros/workspaces/final/src/tum_ics_ur10_controller_tutorial/include/tum_ics_ur10_controller_tutorial/jointspace_controller_1.h:5[m[K,
                 from [01m[K/home/gin/ros/workspaces/final/src/tum_ics_ur10_controller_tutorial/src/jointspace_controller_1.cpp:1[m[K:
[01m[K/home/gin/ros/workspaces/final/src/utilities/control_core/include/control_core/utilities/forward_declarations.h:73:7:[m[K [01;36m[Knote: [m[K  â€˜[01m[Kcontrol_core::HomogeneousTransformation[m[Kâ€™
   73 | class [01;36m[KHomogeneousTransformation[m[K;
      |       [01;36m[K^~~~~~~~~~~~~~~~~~~~~~~~~[m[K
In file included from [01m[K/home/gin/ros/workspaces/final/src/ur_model/include/ur_model/ur_model.h:27[m[K,
                 from [01m[K/home/gin/ros/workspaces/final/src/tum_ics_ur10_controller_tutorial/include/tum_ics_ur10_controller_tutorial/jointspace_controller_1.h:5[m[K,
                 from [01m[K/home/gin/ros/workspaces/final/src/tum_ics_ur10_controller_tutorial/src/jointspace_controller_1.cpp:1[m[K:
[01m[K/home/gin/ros/workspaces/final/src/utilities/control_core/include/control_core/types.h:80:59:[m[K [01;36m[Knote: [m[K  â€˜[01m[Kcc::HomogeneousTransformation[m[Kâ€™
   80 |   typedef control_core::HomogeneousTransformation<Scalar> [01;36m[KHomogeneousTransformation[m[K;
      |                                                           [01;36m[K^~~~~~~~~~~~~~~~~~~~~~~~~[m[K
[01m[K/home/gin/ros/workspaces/final/src/tum_ics_ur10_controller_tutorial/src/jointspace_controller_1.cpp:777:26:[m[K [01;31m[Kerror: [m[Kâ€˜[01m[KT_ef_0[m[Kâ€™ was not declared in this scope; did you mean â€˜[01m[KQ_ef_0[m[Kâ€™?
  777 |       Quaterniond Q_ef_0([01;31m[KT_ef_0[m[K.orientation());
      |                          [01;31m[K^~~~~~[m[K
      |                          [32m[KQ_ef_0[m[K
[01m[K/home/gin/ros/workspaces/final/src/tum_ics_ur10_controller_tutorial/src/jointspace_controller_1.cpp:782:25:[m[K [01;31m[Kerror: [m[Kâ€˜[01m[Kmodel_[m[Kâ€™ was not declared in this scope; did you mean â€˜[01m[Kmode_t[m[Kâ€™?
  782 |       Matrix6d J_ef_0 = [01;31m[Kmodel_[m[K.J_ef_0(Q);
      |                         [01;31m[K^~~~~~[m[K
      |                         [32m[Kmode_t[m[K
[01m[K/home/gin/ros/workspaces/final/src/tum_ics_ur10_controller_tutorial/src/jointspace_controller_1.cpp:788:7:[m[K [01;31m[Kerror: [m[Kâ€˜[01m[KDeltaX_[m[Kâ€™ was not declared in this scope
  788 |       [01;31m[KDeltaX_[m[K.head(3) = X_ef_0.head(3) - Xd.head(3);
      |       [01;31m[K^~~~~~~[m[K
[01m[K/home/gin/ros/workspaces/final/src/tum_ics_ur10_controller_tutorial/src/jointspace_controller_1.cpp:792:7:[m[K [01;31m[Kerror: [m[Kâ€˜[01m[KDeltaXp_[m[Kâ€™ was not declared in this scope
  792 |       [01;31m[KDeltaXp_[m[K.head(3) = Xp_ef_0.head(3) - Xdp.head(3);
      |       [01;31m[K^~~~~~~~[m[K
[01m[K/home/gin/ros/workspaces/final/src/tum_ics_ur10_controller_tutorial/src/jointspace_controller_1.cpp:808:55:[m[K [01;31m[Kerror: [m[Kâ€˜[01m[Kcalc_repel_forces[m[Kâ€™ was not declared in this scope
  808 |       std::vector<Eigen::Matrix<double,6,3>>  vFj_0 = [01;31m[Kcalc_repel_forces[m[K(Q, rad_influence, fac);
      |                                                       [01;31m[K^~~~~~~~~~~~~~~~~[m[K
[01m[K/home/gin/ros/workspaces/final/src/tum_ics_ur10_controller_tutorial/src/jointspace_controller_1.cpp:810:24:[m[K [01;31m[Kerror: [m[Kâ€˜[01m[Kimp_Kp_[m[Kâ€™ was not declared in this scope
  810 |       Vector3d F_att = [01;31m[Kimp_Kp_[m[K * (-DXef_0) - imp_Kd_ * (Xef_0p);
      |                        [01;31m[K^~~~~~~[m[K
[01m[K/home/gin/ros/workspaces/final/src/tum_ics_ur10_controller_tutorial/src/jointspace_controller_1.cpp:810:46:[m[K [01;31m[Kerror: [m[Kâ€˜[01m[Kimp_Kd_[m[Kâ€™ was not declared in this scope
  810 |       Vector3d F_att = imp_Kp_ * (-DXef_0) - [01;31m[Kimp_Kd_[m[K * (Xef_0p);
      |                                              [01;31m[K^~~~~~~[m[K
[01m[K/home/gin/ros/workspaces/final/src/tum_ics_ur10_controller_tutorial/src/jointspace_controller_1.cpp:[m[K At global scope:
[01m[K/home/gin/ros/workspaces/final/src/tum_ics_ur10_controller_tutorial/src/jointspace_controller_1.cpp:837:31:[m[K [01;31m[Kerror: [m[Kâ€˜[01m[KJointSpaceController_1[m[Kâ€™ has not been declared
  837 |     Eigen::Matrix<double,6,3> [01;31m[KJointSpaceController_1[m[K::calc_repel_force(Vector6d Q, double rad_influence, double fac) {
      |                               [01;31m[K^~~~~~~~~~~~~~~~~~~~~~[m[K
[01m[K/home/gin/ros/workspaces/final/src/tum_ics_ur10_controller_tutorial/src/jointspace_controller_1.cpp:[m[K In function â€˜[01m[KEigen::Matrix<double, 6, 3> tum_ics_ur_robot_lli::tum_ics_ur_robot_lli::RobotControllers::calc_repel_force(Tum::Vector6d, double, double)[m[Kâ€™:
[01m[K/home/gin/ros/workspaces/final/src/tum_ics_ur10_controller_tutorial/src/jointspace_controller_1.cpp:852:25:[m[K [01;31m[Kerror: [m[Kâ€˜[01m[Kdistance_to_j_joint[m[Kâ€™ was not declared in this scope
  852 |         Vector3d dj_0 = [01;31m[Kdistance_to_j_joint[m[K(Q, j, 0);
      |                         [01;31m[K^~~~~~~~~~~~~~~~~~~[m[K
[01m[K/home/gin/ros/workspaces/final/src/tum_ics_ur10_controller_tutorial/src/jointspace_controller_1.cpp:[m[K At global scope:
[01m[K/home/gin/ros/workspaces/final/src/tum_ics_ur10_controller_tutorial/src/jointspace_controller_1.cpp:867:44:[m[K [01;31m[Kerror: [m[Kâ€˜[01m[KJointSpaceController_1[m[Kâ€™ has not been declared
  867 |     std::vector<Eigen::Matrix<double,6,3>> [01;31m[KJointSpaceController_1[m[K::calc_repel_forces(Vector6d Q, double rad_influence, double fac) {
      |                                            [01;31m[K^~~~~~~~~~~~~~~~~~~~~~[m[K
[01m[K/home/gin/ros/workspaces/final/src/tum_ics_ur10_controller_tutorial/src/jointspace_controller_1.cpp:[m[K In function â€˜[01m[Kstd::vector<Eigen::Matrix<double, 6, 3> > tum_ics_ur_robot_lli::tum_ics_ur_robot_lli::RobotControllers::calc_repel_forces(Tum::Vector6d, double, double)[m[Kâ€™:
[01m[K/home/gin/ros/workspaces/final/src/tum_ics_ur10_controller_tutorial/src/jointspace_controller_1.cpp:880:27:[m[K [01;31m[Kerror: [m[Kâ€˜[01m[Kobstacle_poses_[m[Kâ€™ was not declared in this scope
  880 |       for (int i = 0; i < [01;31m[Kobstacle_poses_[m[K.size(); i++) {
      |                           [01;31m[K^~~~~~~~~~~~~~~[m[K
[01m[K/home/gin/ros/workspaces/final/src/tum_ics_ur10_controller_tutorial/src/jointspace_controller_1.cpp:884:27:[m[K [01;31m[Kerror: [m[Kâ€˜[01m[Kdistance_to_j_joint[m[Kâ€™ was not declared in this scope
  884 |           Vector3d dj_0 = [01;31m[Kdistance_to_j_joint[m[K(Q, j, i);
      |                           [01;31m[K^~~~~~~~~~~~~~~~~~~[m[K
[01m[K/home/gin/ros/workspaces/final/src/tum_ics_ur10_controller_tutorial/src/jointspace_controller_1.cpp:[m[K At global scope:
[01m[K/home/gin/ros/workspaces/final/src/tum_ics_ur10_controller_tutorial/src/jointspace_controller_1.cpp:902:14:[m[K [01;31m[Kerror: [m[Kâ€˜[01m[KJointSpaceController_1[m[Kâ€™ has not been declared
  902 |     Vector3d [01;31m[KJointSpaceController_1[m[K::distance_to_j_joint(Vector6d Q, int j, int id) {
      |              [01;31m[K^~~~~~~~~~~~~~~~~~~~~~[m[K
[01m[K/home/gin/ros/workspaces/final/src/tum_ics_ur10_controller_tutorial/src/jointspace_controller_1.cpp:[m[K In function â€˜[01m[KEigen::Vector3d tum_ics_ur_robot_lli::tum_ics_ur_robot_lli::RobotControllers::distance_to_j_joint(Tum::Vector6d, int, int)[m[Kâ€™:
[01m[K/home/gin/ros/workspaces/final/src/tum_ics_ur10_controller_tutorial/src/jointspace_controller_1.cpp:910:11:[m[K [01;31m[Kerror: [m[Kâ€˜[01m[KHomogeneousTransformation[m[Kâ€™ is not a member of â€˜[01m[Ktum_ics_ur_robot_lli::cc[m[Kâ€™
  910 |       cc::[01;31m[KHomogeneousTransformation[m[K T_j_0 = model_.T_j_0(Q,j);
      |           [01;31m[K^~~~~~~~~~~~~~~~~~~~~~~~~[m[K
[01m[K/home/gin/ros/workspaces/final/src/tum_ics_ur10_controller_tutorial/src/jointspace_controller_1.cpp:910:11:[m[K [01;36m[Knote: [m[Ksuggested alternatives:
In file included from [01m[K/home/gin/ros/workspaces/final/src/utilities/control_core/include/control_core/type_bases/matrix_base.h:28[m[K,
                 from [01m[K/home/gin/ros/workspaces/final/src/utilities/control_core/include/control_core/types/matrix.h:28[m[K,
                 from [01m[K/home/gin/ros/workspaces/final/src/utilities/control_core/include/control_core/types.h:34[m[K,
                 from [01m[K/home/gin/ros/workspaces/final/src/ur_model/include/ur_model/ur_model.h:27[m[K,
                 from [01m[K/home/gin/ros/workspaces/final/src/tum_ics_ur10_controller_tutorial/include/tum_ics_ur10_controller_tutorial/jointspace_controller_1.h:5[m[K,
                 from [01m[K/home/gin/ros/workspaces/final/src/tum_ics_ur10_controller_tutorial/src/jointspace_controller_1.cpp:1[m[K:
[01m[K/home/gin/ros/workspaces/final/src/utilities/control_core/include/control_core/utilities/forward_declarations.h:73:7:[m[K [01;36m[Knote: [m[K  â€˜[01m[Kcontrol_core::HomogeneousTransformation[m[Kâ€™
   73 | class [01;36m[KHomogeneousTransformation[m[K;
      |       [01;36m[K^~~~~~~~~~~~~~~~~~~~~~~~~[m[K
In file included from [01m[K/home/gin/ros/workspaces/final/src/ur_model/include/ur_model/ur_model.h:27[m[K,
                 from [01m[K/home/gin/ros/workspaces/final/src/tum_ics_ur10_controller_tutorial/include/tum_ics_ur10_controller_tutorial/jointspace_controller_1.h:5[m[K,
                 from [01m[K/home/gin/ros/workspaces/final/src/tum_ics_ur10_controller_tutorial/src/jointspace_controller_1.cpp:1[m[K:
[01m[K/home/gin/ros/workspaces/final/src/utilities/control_core/include/control_core/types.h:80:59:[m[K [01;36m[Knote: [m[K  â€˜[01m[Kcc::HomogeneousTransformation[m[Kâ€™
   80 |   typedef control_core::HomogeneousTransformation<Scalar> [01;36m[KHomogeneousTransformation[m[K;
      |                                                           [01;36m[K^~~~~~~~~~~~~~~~~~~~~~~~~[m[K
[01m[K/home/gin/ros/workspaces/final/src/tum_ics_ur10_controller_tutorial/src/jointspace_controller_1.cpp:913:27:[m[K [01;31m[Kerror: [m[Kâ€˜[01m[Kobstacle_poses_[m[Kâ€™ was not declared in this scope; did you mean â€˜[01m[Kobstacle_pos_w_h[m[Kâ€™?
  913 |       obstacle_pos_w_h << [01;31m[Kobstacle_poses_[m[K[id], 1;
      |                           [01;31m[K^~~~~~~~~~~~~~~[m[K
      |                           [32m[Kobstacle_pos_w_h[m[K
[01m[K/home/gin/ros/workspaces/final/src/tum_ics_ur10_controller_tutorial/src/jointspace_controller_1.cpp:918:40:[m[K [01;31m[Kerror: [m[Kâ€˜[01m[KT_j_0[m[Kâ€™ was not declared in this scope
  918 |       Vector3d dj_0 = obstacle_pos_0 - [01;31m[KT_j_0[m[K.position();
      |                                        [01;31m[K^~~~~[m[K
[01m[K/home/gin/ros/workspaces/final/src/tum_ics_ur10_controller_tutorial/src/jointspace_controller_1.cpp:[m[K At global scope:
[01m[K/home/gin/ros/workspaces/final/src/tum_ics_ur10_controller_tutorial/src/jointspace_controller_1.cpp:926:27:[m[K [01;31m[Kerror: [m[Kâ€˜[01m[KJointSpaceController_1[m[Kâ€™ has not been declared
  926 |     std::vector<Vector3d> [01;31m[KJointSpaceController_1[m[K::distances_to_j_joint(Vector6d Q, int j) {
      |                           [01;31m[K^~~~~~~~~~~~~~~~~~~~~~[m[K
[01m[K/home/gin/ros/workspaces/final/src/tum_ics_ur10_controller_tutorial/src/jointspace_controller_1.cpp:[m[K In function â€˜[01m[Kstd::vector<Eigen::Matrix<double, 3, 1> > tum_ics_ur_robot_lli::tum_ics_ur_robot_lli::RobotControllers::distances_to_j_joint(Tum::Vector6d, int)[m[Kâ€™:
[01m[K/home/gin/ros/workspaces/final/src/tum_ics_ur10_controller_tutorial/src/jointspace_controller_1.cpp:930:27:[m[K [01;31m[Kerror: [m[Kâ€˜[01m[Kobstacle_poses_[m[Kâ€™ was not declared in this scope
  930 |       for (int i = 0; i < [01;31m[Kobstacle_poses_[m[K.size(); i++) {
      |                           [01;31m[K^~~~~~~~~~~~~~~[m[K
[01m[K/home/gin/ros/workspaces/final/src/tum_ics_ur10_controller_tutorial/src/jointspace_controller_1.cpp:[m[K At global scope:
[01m[K/home/gin/ros/workspaces/final/src/tum_ics_ur10_controller_tutorial/src/jointspace_controller_1.cpp:940:14:[m[K [01;31m[Kerror: [m[Kâ€˜[01m[KJointSpaceController_1[m[Kâ€™ has not been declared
  940 |     Vector6d [01;31m[KJointSpaceController_1[m[K::operational_control_tracking_and_circular_motion(Vector6d Q, Vector6d Qp, Vector6d Qpp, double start_time, double end_time, const RobotTime &time) {
      |              [01;31m[K^~~~~~~~~~~~~~~~~~~~~~[m[K
[01m[K/home/gin/ros/workspaces/final/src/tum_ics_ur10_controller_tutorial/src/jointspace_controller_1.cpp:[m[K In function â€˜[01m[KTum::Vector6d tum_ics_ur_robot_lli::tum_ics_ur_robot_lli::RobotControllers::operational_control_tracking_and_circular_motion(Tum::Vector6d, Tum::Vector6d, Tum::Vector6d, double, double, const tum_ics_ur_robot_lli::RobotTime&)[m[Kâ€™:
[01m[K/home/gin/ros/workspaces/final/src/tum_ics_ur10_controller_tutorial/src/jointspace_controller_1.cpp:944:12:[m[K [01;31m[Kerror: [m[Kâ€˜[01m[KstartFlag_[m[Kâ€™ was not declared in this scope
  944 |       if (![01;31m[KstartFlag_[m[K)
      |            [01;31m[K^~~~~~~~~~[m[K
[01m[K/home/gin/ros/workspaces/final/src/tum_ics_ur10_controller_tutorial/src/jointspace_controller_1.cpp:946:9:[m[K [01;31m[Kerror: [m[Kâ€˜[01m[KT_ef_0_start_[m[Kâ€™ was not declared in this scope
  946 |         [01;31m[KT_ef_0_start_[m[K = model_.T_ef_0(Q);
      |         [01;31m[K^~~~~~~~~~~~~[m[K
[01m[K/home/gin/ros/workspaces/final/src/tum_ics_ur10_controller_tutorial/src/jointspace_controller_1.cpp:946:25:[m[K [01;31m[Kerror: [m[Kâ€˜[01m[Kmodel_[m[Kâ€™ was not declared in this scope; did you mean â€˜[01m[Kmode_t[m[Kâ€™?
  946 |         T_ef_0_start_ = [01;31m[Kmodel_[m[K.T_ef_0(Q);
      |                         [01;31m[K^~~~~~[m[K
      |                         [32m[Kmode_t[m[K
[01m[K/home/gin/ros/workspaces/final/src/tum_ics_ur10_controller_tutorial/src/jointspace_controller_1.cpp:947:9:[m[K [01;31m[Kerror: [m[Kâ€˜[01m[Kstart_orientation_[m[Kâ€™ was not declared in this scope
  947 |         [01;31m[Kstart_orientation_[m[K = T_ef_0_start_.orientation();
      |         [01;31m[K^~~~~~~~~~~~~~~~~~[m[K
[01m[K/home/gin/ros/workspaces/final/src/tum_ics_ur10_controller_tutorial/src/jointspace_controller_1.cpp:948:9:[m[K [01;31m[Kerror: [m[Kâ€˜[01m[Ktracking_start_time_[m[Kâ€™ was not declared in this scope
  948 |         [01;31m[Ktracking_start_time_[m[K = 0;
      |         [01;31m[K^~~~~~~~~~~~~~~~~~~~[m[K
[01m[K/home/gin/ros/workspaces/final/src/tum_ics_ur10_controller_tutorial/src/jointspace_controller_1.cpp:952:11:[m[K [01;31m[Kerror: [m[Kâ€˜[01m[Kid_changed_[m[Kâ€™ was not declared in this scope
  952 |       if ([01;31m[Kid_changed_[m[K) {
      |           [01;31m[K^~~~~~~~~~~[m[K
[01m[K/home/gin/ros/workspaces/final/src/tum_ics_ur10_controller_tutorial/src/jointspace_controller_1.cpp:953:9:[m[K [01;31m[Kerror: [m[Kâ€˜[01m[Ktracking_start_time_[m[Kâ€™ was not declared in this scope
  953 |         [01;31m[Ktracking_start_time_[m[K = time.tD() - start_time;
      |         [01;31m[K^~~~~~~~~~~~~~~~~~~~[m[K
[01m[K/home/gin/ros/workspaces/final/src/tum_ics_ur10_controller_tutorial/src/jointspace_controller_1.cpp:954:9:[m[K [01;31m[Kerror: [m[Kâ€˜[01m[Kstart_orientation_[m[Kâ€™ was not declared in this scope
  954 |         [01;31m[Kstart_orientation_[m[K = model_.T_ef_0(Q).orientation();
      |         [01;31m[K^~~~~~~~~~~~~~~~~~[m[K
[01m[K/home/gin/ros/workspaces/final/src/tum_ics_ur10_controller_tutorial/src/jointspace_controller_1.cpp:954:30:[m[K [01;31m[Kerror: [m[Kâ€˜[01m[Kmodel_[m[Kâ€™ was not declared in this scope; did you mean â€˜[01m[Kmode_t[m[Kâ€™?
  954 |         start_orientation_ = [01;31m[Kmodel_[m[K.T_ef_0(Q).orientation();
      |                              [01;31m[K^~~~~~[m[K
      |                              [32m[Kmode_t[m[K
[01m[K/home/gin/ros/workspaces/final/src/tum_ics_ur10_controller_tutorial/src/jointspace_controller_1.cpp:959:27:[m[K [01;31m[Kerror: [m[Kâ€˜[01m[Kstart_orientation_[m[Kâ€™ was not declared in this scope
  959 |       Quaterniond Q_start([01;31m[Kstart_orientation_[m[K);
      |                           [01;31m[K^~~~~~~~~~~~~~~~~~[m[K
[01m[K/home/gin/ros/workspaces/final/src/tum_ics_ur10_controller_tutorial/src/jointspace_controller_1.cpp:960:28:[m[K [01;31m[Kerror: [m[Kâ€˜[01m[Kquat_for_marker_tracking[m[Kâ€™ was not declared in this scope
  960 |       Quaterniond Q_goal = [01;31m[Kquat_for_marker_tracking[m[K(Q);
      |                            [01;31m[K^~~~~~~~~~~~~~~~~~~~~~~~[m[K
[01m[K/home/gin/ros/workspaces/final/src/tum_ics_ur10_controller_tutorial/src/jointspace_controller_1.cpp:964:45:[m[K [01;31m[Kerror: [m[Kâ€˜[01m[Ktracking_start_time_[m[Kâ€™ was not declared in this scope
  964 |       Qd = Q_start.slerp(std::min(1.0, (t - [01;31m[Ktracking_start_time_[m[K)/3.0), Q_goal);
      |                                             [01;31m[K^~~~~~~~~~~~~~~~~~~~[m[K
[01m[K/home/gin/ros/workspaces/final/src/tum_ics_ur10_controller_tutorial/src/jointspace_controller_1.cpp:967:23:[m[K [01;31m[Kerror: [m[Kâ€˜[01m[KT_ef_0_start_[m[Kâ€™ was not declared in this scope
  967 |       Vector3d Xd_v = [01;31m[KT_ef_0_start_[m[K.position() + circular_offset(t);
      |                       [01;31m[K^~~~~~~~~~~~~[m[K
[01m[K/home/gin/ros/workspaces/final/src/tum_ics_ur10_controller_tutorial/src/jointspace_controller_1.cpp:970:66:[m[K [01;31m[Kerror: [m[Kâ€˜[01m[Kvis_pub_circle[m[Kâ€™ was not declared in this scope
  970 |       vis_trajectory(T_ef_0_start_.position(), "dh_arm_joint_0", [01;31m[Kvis_pub_circle[m[K);
      |                                                                  [01;31m[K^~~~~~~~~~~~~~[m[K
[01m[K/home/gin/ros/workspaces/final/src/tum_ics_ur10_controller_tutorial/src/jointspace_controller_1.cpp:985:48:[m[K [01;31m[Kerror: [m[Kâ€˜[01m[Kvis_pub_d[m[Kâ€™ was not declared in this scope
  985 |       vis_pose(Q_goal, Xd_v, "dh_arm_joint_0", [01;31m[Kvis_pub_d[m[K);
      |                                                [01;31m[K^~~~~~~~~[m[K
[01m[K/home/gin/ros/workspaces/final/src/tum_ics_ur10_controller_tutorial/src/jointspace_controller_1.cpp:987:14:[m[K [01;31m[Kerror: [m[Kâ€˜[01m[Koperational_control[m[Kâ€™ was not declared in this scope
  987 |       return [01;31m[Koperational_control[m[K(Q, Qp, Xd, Xdp, Xdpp);
      |              [01;31m[K^~~~~~~~~~~~~~~~~~~[m[K
[01m[K/home/gin/ros/workspaces/final/src/tum_ics_ur10_controller_tutorial/src/jointspace_controller_1.cpp:[m[K At global scope:
[01m[K/home/gin/ros/workspaces/final/src/tum_ics_ur10_controller_tutorial/src/jointspace_controller_1.cpp:990:58:[m[K [01;31m[Kerror: [m[Kâ€˜[01m[Ktum_ics_ur_robot_lli::ros::Publisher[m[Kâ€™ has not been declared
  990 |     void vis_trajectory(Vector3d v, std::string id, ros::[01;31m[KPublisher[m[K pub) {
      |                                                          [01;31m[K^~~~~~~~~[m[K
[01m[K/home/gin/ros/workspaces/final/src/tum_ics_ur10_controller_tutorial/src/jointspace_controller_1.cpp:[m[K In function â€˜[01m[Kvoid tum_ics_ur_robot_lli::tum_ics_ur_robot_lli::RobotControllers::vis_trajectory(Eigen::Vector3d, std::string, int)[m[Kâ€™:
[01m[K/home/gin/ros/workspaces/final/src/tum_ics_ur10_controller_tutorial/src/jointspace_controller_1.cpp:994:40:[m[K [01;31m[Kerror: [m[Kâ€˜[01m[KTime[m[Kâ€™ is not a member of â€˜[01m[Ktum_ics_ur_robot_lli::ros[m[Kâ€™; did you mean â€˜[01m[Kros::Time[m[Kâ€™?
  994 |       poses_circle.header.stamp = ros::[01;31m[KTime[m[K();
      |                                        [01;31m[K^~~~[m[K
In file included from [01m[K/opt/ros/noetic/include/ros/serialization.h:34[m[K,
                 from [01m[K/opt/ros/noetic/include/sensor_msgs/JointState.h:14[m[K,
                 from [01m[K/opt/ros/noetic/include/tum_ics_ur_robot_lli/JointState.h:13[m[K,
                 from [01m[K/opt/ros/noetic/include/tum_ics_ur_robot_lli/RobotControllers/Controller.h:14[m[K,
                 from [01m[K/opt/ros/noetic/include/tum_ics_ur_robot_lli/RobotControllers/ControlEffort.h:4[m[K,
                 from [01m[K/home/gin/ros/workspaces/final/src/tum_ics_ur10_controller_tutorial/include/tum_ics_ur10_controller_tutorial/jointspace_controller_1.h:4[m[K,
                 from [01m[K/home/gin/ros/workspaces/final/src/tum_ics_ur10_controller_tutorial/src/jointspace_controller_1.cpp:1[m[K:
[01m[K/opt/ros/noetic/include/ros/time.h:170:22:[m[K [01;36m[Knote: [m[Kâ€˜[01m[Kros::Time[m[Kâ€™ declared here
  170 |   class ROSTIME_DECL [01;36m[KTime[m[K : public TimeBase<Time, Duration>
      |                      [01;36m[K^~~~[m[K
[01m[K/home/gin/ros/workspaces/final/src/tum_ics_ur10_controller_tutorial/src/jointspace_controller_1.cpp:1013:11:[m[K [01;31m[Kerror: [m[Krequest for member â€˜[01m[Kpublish[m[Kâ€™ in â€˜[01m[Kpub[m[Kâ€™, which is of non-class type â€˜[01m[Kint[m[Kâ€™
 1013 |       pub.[01;31m[Kpublish[m[K( poses_circle );
      |           [01;31m[K^~~~~~~[m[K
[01m[K/home/gin/ros/workspaces/final/src/tum_ics_ur10_controller_tutorial/src/jointspace_controller_1.cpp:[m[K At global scope:
[01m[K/home/gin/ros/workspaces/final/src/tum_ics_ur10_controller_tutorial/src/jointspace_controller_1.cpp:1023:10:[m[K [01;31m[Kerror: [m[Kâ€˜[01m[KJointSpaceController_1[m[Kâ€™ has not been declared
 1023 |     void [01;31m[KJointSpaceController_1[m[K::marker_sub_callback(const object_msgs::Objects& msg) {
      |          [01;31m[K^~~~~~~~~~~~~~~~~~~~~~[m[K
[01m[K/home/gin/ros/workspaces/final/src/tum_ics_ur10_controller_tutorial/src/jointspace_controller_1.cpp:[m[K In function â€˜[01m[Kvoid tum_ics_ur_robot_lli::tum_ics_ur_robot_lli::RobotControllers::marker_sub_callback(const Objects&)[m[Kâ€™:
[01m[K/home/gin/ros/workspaces/final/src/tum_ics_ur10_controller_tutorial/src/jointspace_controller_1.cpp:1027:7:[m[K [01;31m[Kerror: [m[Kâ€˜[01m[Ktarget_pos_[m[Kâ€™ was not declared in this scope
 1027 |       [01;31m[Ktarget_pos_[m[K = pos;
      |       [01;31m[K^~~~~~~~~~~[m[K
[01m[K/home/gin/ros/workspaces/final/src/tum_ics_ur10_controller_tutorial/src/jointspace_controller_1.cpp:1029:11:[m[K [01;31m[Kerror: [m[Kâ€˜[01m[Ktarget_id_[m[Kâ€™ was not declared in this scope
 1029 |       if ([01;31m[Ktarget_id_[m[K != id_new) {
      |           [01;31m[K^~~~~~~~~~[m[K
[01m[K/home/gin/ros/workspaces/final/src/tum_ics_ur10_controller_tutorial/src/jointspace_controller_1.cpp:1031:9:[m[K [01;31m[Kerror: [m[Kâ€˜[01m[Kid_changed_[m[Kâ€™ was not declared in this scope
 1031 |         [01;31m[Kid_changed_[m[K = true;
      |         [01;31m[K^~~~~~~~~~~[m[K
[01m[K/home/gin/ros/workspaces/final/src/tum_ics_ur10_controller_tutorial/src/jointspace_controller_1.cpp:[m[K At global scope:
[01m[K/home/gin/ros/workspaces/final/src/tum_ics_ur10_controller_tutorial/src/jointspace_controller_1.cpp:1036:10:[m[K [01;31m[Kerror: [m[Kâ€˜[01m[KJointSpaceController_1[m[Kâ€™ has not been declared
 1036 |     void [01;31m[KJointSpaceController_1[m[K::obstacle_sub_callback(const object_msgs::Objects& msg) {
      |          [01;31m[K^~~~~~~~~~~~~~~~~~~~~~[m[K
[01m[K/home/gin/ros/workspaces/final/src/tum_ics_ur10_controller_tutorial/src/jointspace_controller_1.cpp:[m[K In function â€˜[01m[Kvoid tum_ics_ur_robot_lli::tum_ics_ur_robot_lli::RobotControllers::obstacle_sub_callback(const Objects&)[m[Kâ€™:
[01m[K/home/gin/ros/workspaces/final/src/tum_ics_ur10_controller_tutorial/src/jointspace_controller_1.cpp:1045:7:[m[K [01;31m[Kerror: [m[Kâ€˜[01m[Kobstacle_poses_[m[Kâ€™ was not declared in this scope
 1045 |       [01;31m[Kobstacle_poses_[m[K = poses;
      |       [01;31m[K^~~~~~~~~~~~~~~[m[K
[01m[K/home/gin/ros/workspaces/final/src/tum_ics_ur10_controller_tutorial/src/jointspace_controller_1.cpp:[m[K At global scope:
[01m[K/home/gin/ros/workspaces/final/src/tum_ics_ur10_controller_tutorial/src/jointspace_controller_1.cpp:1054:14:[m[K [01;31m[Kerror: [m[Kâ€˜[01m[KJointSpaceController_1[m[Kâ€™ has not been declared
 1054 |     Vector6d [01;31m[KJointSpaceController_1[m[K::operational_control_tracking(Vector6d Q, Vector6d Qp, Vector6d Qpp, double start_time, double end_time, const RobotTime &time) {
      |              [01;31m[K^~~~~~~~~~~~~~~~~~~~~~[m[K
[01m[K/home/gin/ros/workspaces/final/src/tum_ics_ur10_controller_tutorial/src/jointspace_controller_1.cpp:[m[K In function â€˜[01m[KTum::Vector6d tum_ics_ur_robot_lli::tum_ics_ur_robot_lli::RobotControllers::operational_control_tracking(Tum::Vector6d, Tum::Vector6d, Tum::Vector6d, double, double, const tum_ics_ur_robot_lli::RobotTime&)[m[Kâ€™:
[01m[K/home/gin/ros/workspaces/final/src/tum_ics_ur10_controller_tutorial/src/jointspace_controller_1.cpp:1058:12:[m[K [01;31m[Kerror: [m[Kâ€˜[01m[KstartFlag_[m[Kâ€™ was not declared in this scope
 1058 |       if (![01;31m[KstartFlag_[m[K)
      |            [01;31m[K^~~~~~~~~~[m[K
[01m[K/home/gin/ros/workspaces/final/src/tum_ics_ur10_controller_tutorial/src/jointspace_controller_1.cpp:1060:9:[m[K [01;31m[Kerror: [m[Kâ€˜[01m[KT_ef_0_start_[m[Kâ€™ was not declared in this scope
 1060 |         [01;31m[KT_ef_0_start_[m[K = model_.T_ef_0(Q);
      |         [01;31m[K^~~~~~~~~~~~~[m[K
[01m[K/home/gin/ros/workspaces/final/src/tum_ics_ur10_controller_tutorial/src/jointspace_controller_1.cpp:1060:25:[m[K [01;31m[Kerror: [m[Kâ€˜[01m[Kmodel_[m[Kâ€™ was not declared in this scope; did you mean â€˜[01m[Kmode_t[m[Kâ€™?
 1060 |         T_ef_0_start_ = [01;31m[Kmodel_[m[K.T_ef_0(Q);
      |                         [01;31m[K^~~~~~[m[K
      |                         [32m[Kmode_t[m[K
[01m[K/home/gin/ros/workspaces/final/src/tum_ics_ur10_controller_tutorial/src/jointspace_controller_1.cpp:1061:9:[m[K [01;31m[Kerror: [m[Kâ€˜[01m[Kstart_orientation_[m[Kâ€™ was not declared in this scope
 1061 |         [01;31m[Kstart_orientation_[m[K = T_ef_0_start_.orientation();
      |         [01;31m[K^~~~~~~~~~~~~~~~~~[m[K
[01m[K/home/gin/ros/workspaces/final/src/tum_ics_ur10_controller_tutorial/src/jointspace_controller_1.cpp:1062:9:[m[K [01;31m[Kerror: [m[Kâ€˜[01m[Ktracking_start_time_[m[Kâ€™ was not declared in this scope
 1062 |         [01;31m[Ktracking_start_time_[m[K = 0;
      |         [01;31m[K^~~~~~~~~~~~~~~~~~~~[m[K
[01m[K/home/gin/ros/workspaces/final/src/tum_ics_ur10_controller_tutorial/src/jointspace_controller_1.cpp:1066:11:[m[K [01;31m[Kerror: [m[Kâ€˜[01m[Kid_changed_[m[Kâ€™ was not declared in this scope
 1066 |       if ([01;31m[Kid_changed_[m[K) {
      |           [01;31m[K^~~~~~~~~~~[m[K
[01m[K/home/gin/ros/workspaces/final/src/tum_ics_ur10_controller_tutorial/src/jointspace_controller_1.cpp:1067:9:[m[K [01;31m[Kerror: [m[Kâ€˜[01m[Ktracking_start_time_[m[Kâ€™ was not declared in this scope
 1067 |         [01;31m[Ktracking_start_time_[m[K = time.tD() - start_time;
      |         [01;31m[K^~~~~~~~~~~~~~~~~~~~[m[K
[01m[K/home/gin/ros/workspaces/final/src/tum_ics_ur10_controller_tutorial/src/jointspace_controller_1.cpp:1068:9:[m[K [01;31m[Kerror: [m[Kâ€˜[01m[Kstart_orientation_[m[Kâ€™ was not declared in this scope
 1068 |         [01;31m[Kstart_orientation_[m[K = model_.T_ef_0(Q).orientation();
      |         [01;31m[K^~~~~~~~~~~~~~~~~~[m[K
[01m[K/home/gin/ros/workspaces/final/src/tum_ics_ur10_controller_tutorial/src/jointspace_controller_1.cpp:1068:30:[m[K [01;31m[Kerror: [m[Kâ€˜[01m[Kmodel_[m[Kâ€™ was not declared in this scope; did you mean â€˜[01m[Kmode_t[m[Kâ€™?
 1068 |         start_orientation_ = [01;31m[Kmodel_[m[K.T_ef_0(Q).orientation();
      |                              [01;31m[K^~~~~~[m[K
      |                              [32m[Kmode_t[m[K
[01m[K/home/gin/ros/workspaces/final/src/tum_ics_ur10_controller_tutorial/src/jointspace_controller_1.cpp:1073:27:[m[K [01;31m[Kerror: [m[Kâ€˜[01m[Kstart_orientation_[m[Kâ€™ was not declared in this scope
 1073 |       Quaterniond Q_start([01;31m[Kstart_orientation_[m[K);
      |                           [01;31m[K^~~~~~~~~~~~~~~~~~[m[K
[01m[K/home/gin/ros/workspaces/final/src/tum_ics_ur10_controller_tutorial/src/jointspace_controller_1.cpp:1074:28:[m[K [01;31m[Kerror: [m[Kâ€˜[01m[Kquat_for_marker_tracking[m[Kâ€™ was not declared in this scope
 1074 |       Quaterniond Q_goal = [01;31m[Kquat_for_marker_tracking[m[K(Q);
      |                            [01;31m[K^~~~~~~~~~~~~~~~~~~~~~~~[m[K
[01m[K/home/gin/ros/workspaces/final/src/tum_ics_ur10_controller_tutorial/src/jointspace_controller_1.cpp:1078:45:[m[K [01;31m[Kerror: [m[Kâ€˜[01m[Ktracking_start_time_[m[Kâ€™ was not declared in this scope
 1078 |       Qd = Q_start.slerp(std::min(1.0, (t - [01;31m[Ktracking_start_time_[m[K)/3.0), Q_goal);
      |                                             [01;31m[K^~~~~~~~~~~~~~~~~~~~[m[K
[01m[K/home/gin/ros/workspaces/final/src/tum_ics_ur10_controller_tutorial/src/jointspace_controller_1.cpp:1080:23:[m[K [01;31m[Kerror: [m[Kâ€˜[01m[KT_ef_0_start_[m[Kâ€™ was not declared in this scope
 1080 |       Vector3d Xd_v = [01;31m[KT_ef_0_start_[m[K.position();
      |                       [01;31m[K^~~~~~~~~~~~~[m[K
[01m[K/home/gin/ros/workspaces/final/src/tum_ics_ur10_controller_tutorial/src/jointspace_controller_1.cpp:1095:48:[m[K [01;31m[Kerror: [m[Kâ€˜[01m[Kvis_pub_d[m[Kâ€™ was not declared in this scope
 1095 |       vis_pose(Q_goal, Xd_v, "dh_arm_joint_0", [01;31m[Kvis_pub_d[m[K);
      |                                                [01;31m[K^~~~~~~~~[m[K
[01m[K/home/gin/ros/workspaces/final/src/tum_ics_ur10_controller_tutorial/src/jointspace_controller_1.cpp:1098:14:[m[K [01;31m[Kerror: [m[Kâ€˜[01m[Koperational_control[m[Kâ€™ was not declared in this scope
 1098 |       return [01;31m[Koperational_control[m[K(Q, Qp, Xd, Xdp, Xdpp);
      |              [01;31m[K^~~~~~~~~~~~~~~~~~~[m[K
[01m[K/home/gin/ros/workspaces/final/src/tum_ics_ur10_controller_tutorial/src/jointspace_controller_1.cpp:[m[K At global scope:
[01m[K/home/gin/ros/workspaces/final/src/tum_ics_ur10_controller_tutorial/src/jointspace_controller_1.cpp:1101:17:[m[K [01;31m[Kerror: [m[Kâ€˜[01m[KJointSpaceController_1[m[Kâ€™ has not been declared
 1101 |     Quaterniond [01;31m[KJointSpaceController_1[m[K::quat_for_marker_tracking(Vector6d Q) {
      |                 [01;31m[K^~~~~~~~~~~~~~~~~~~~~~[m[K
[01m[K/home/gin/ros/workspaces/final/src/tum_ics_ur10_controller_tutorial/src/jointspace_controller_1.cpp:[m[K In function â€˜[01m[KEigen::Quaterniond tum_ics_ur_robot_lli::tum_ics_ur_robot_lli::RobotControllers::quat_for_marker_tracking(Tum::Vector6d)[m[Kâ€™:
[01m[K/home/gin/ros/workspaces/final/src/tum_ics_ur10_controller_tutorial/src/jointspace_controller_1.cpp:1111:38:[m[K [01;31m[Kerror: [m[Kâ€˜[01m[KT_ef_0_start_[m[Kâ€™ was not declared in this scope; did you mean â€˜[01m[KT_ef_w_start[m[Kâ€™?
 1111 |       Matrix4d T_ef_w_start = T0_w * [01;31m[KT_ef_0_start_[m[K.matrix();
      |                                      [01;31m[K^~~~~~~~~~~~~[m[K
      |                                      [32m[KT_ef_w_start[m[K
[01m[K/home/gin/ros/workspaces/final/src/tum_ics_ur10_controller_tutorial/src/jointspace_controller_1.cpp:1114:11:[m[K [01;31m[Kerror: [m[Kâ€˜[01m[KHomogeneousTransformation[m[Kâ€™ is not a member of â€˜[01m[Ktum_ics_ur_robot_lli::cc[m[Kâ€™
 1114 |       cc::[01;31m[KHomogeneousTransformation[m[K T_ef_0 = model_.T_ef_0(Q);
      |           [01;31m[K^~~~~~~~~~~~~~~~~~~~~~~~~[m[K
[01m[K/home/gin/ros/workspaces/final/src/tum_ics_ur10_controller_tutorial/src/jointspace_controller_1.cpp:1114:11:[m[K [01;36m[Knote: [m[Ksuggested alternatives:
In file included from [01m[K/home/gin/ros/workspaces/final/src/utilities/control_core/include/control_core/type_bases/matrix_base.h:28[m[K,
                 from [01m[K/home/gin/ros/workspaces/final/src/utilities/control_core/include/control_core/types/matrix.h:28[m[K,
                 from [01m[K/home/gin/ros/workspaces/final/src/utilities/control_core/include/control_core/types.h:34[m[K,
                 from [01m[K/home/gin/ros/workspaces/final/src/ur_model/include/ur_model/ur_model.h:27[m[K,
                 from [01m[K/home/gin/ros/workspaces/final/src/tum_ics_ur10_controller_tutorial/include/tum_ics_ur10_controller_tutorial/jointspace_controller_1.h:5[m[K,
                 from [01m[K/home/gin/ros/workspaces/final/src/tum_ics_ur10_controller_tutorial/src/jointspace_controller_1.cpp:1[m[K:
[01m[K/home/gin/ros/workspaces/final/src/utilities/control_core/include/control_core/utilities/forward_declarations.h:73:7:[m[K [01;36m[Knote: [m[K  â€˜[01m[Kcontrol_core::HomogeneousTransformation[m[Kâ€™
   73 | class [01;36m[KHomogeneousTransformation[m[K;
      |       [01;36m[K^~~~~~~~~~~~~~~~~~~~~~~~~[m[K
In file included from [01m[K/home/gin/ros/workspaces/final/src/ur_model/include/ur_model/ur_model.h:27[m[K,
                 from [01m[K/home/gin/ros/workspaces/final/src/tum_ics_ur10_controller_tutorial/include/tum_ics_ur10_controller_tutorial/jointspace_controller_1.h:5[m[K,
                 from [01m[K/home/gin/ros/workspaces/final/src/tum_ics_ur10_controller_tutorial/src/jointspace_controller_1.cpp:1[m[K:
[01m[K/home/gin/ros/workspaces/final/src/utilities/control_core/include/control_core/types.h:80:59:[m[K [01;36m[Knote: [m[K  â€˜[01m[Kcc::HomogeneousTransformation[m[Kâ€™
   80 |   typedef control_core::HomogeneousTransformation<Scalar> [01;36m[KHomogeneousTransformation[m[K;
      |                                                           [01;36m[K^~~~~~~~~~~~~~~~~~~~~~~~~[m[K
[01m[K/home/gin/ros/workspaces/final/src/tum_ics_ur10_controller_tutorial/src/jointspace_controller_1.cpp:1119:27:[m[K [01;31m[Kerror: [m[Kâ€˜[01m[Ktarget_pos_[m[Kâ€™ was not declared in this scope; did you mean â€˜[01m[Ktarget_pos_w_hom[m[Kâ€™?
 1119 |       target_pos_w_hom << [01;31m[Ktarget_pos_[m[K, 1;
      |                           [01;31m[K^~~~~~~~~~~[m[K
      |                           [32m[Ktarget_pos_w_hom[m[K
[01m[K/home/gin/ros/workspaces/final/src/tum_ics_ur10_controller_tutorial/src/jointspace_controller_1.cpp:1126:33:[m[K [01;31m[Kerror: [m[Kâ€˜[01m[Kvis_pub_m[m[Kâ€™ was not declared in this scope
 1126 |       vis_pose(km, vm, "world", [01;31m[Kvis_pub_m[m[K);
      |                                 [01;31m[K^~~~~~~~~[m[K
[01m[K/home/gin/ros/workspaces/final/src/tum_ics_ur10_controller_tutorial/src/jointspace_controller_1.cpp:[m[K At global scope:
[01m[K/home/gin/ros/workspaces/final/src/tum_ics_ur10_controller_tutorial/src/jointspace_controller_1.cpp:1163:14:[m[K [01;31m[Kerror: [m[Kâ€˜[01m[KJointSpaceController_1[m[Kâ€™ has not been declared
 1163 |     Vector6d [01;31m[KJointSpaceController_1[m[K::operational_control_circular_motion(Vector6d Q, Vector6d Qp, Vector6d Qpp, double start_time, double end_time, const RobotTime &time) {
      |              [01;31m[K^~~~~~~~~~~~~~~~~~~~~~[m[K
[01m[K/home/gin/ros/workspaces/final/src/tum_ics_ur10_controller_tutorial/src/jointspace_controller_1.cpp:[m[K In function â€˜[01m[KTum::Vector6d tum_ics_ur_robot_lli::tum_ics_ur_robot_lli::RobotControllers::operational_control_circular_motion(Tum::Vector6d, Tum::Vector6d, Tum::Vector6d, double, double, const tum_ics_ur_robot_lli::RobotTime&)[m[Kâ€™:
[01m[K/home/gin/ros/workspaces/final/src/tum_ics_ur10_controller_tutorial/src/jointspace_controller_1.cpp:1177:12:[m[K [01;31m[Kerror: [m[Kâ€˜[01m[KstartFlag_[m[Kâ€™ was not declared in this scope
 1177 |       if (![01;31m[KstartFlag_[m[K)
      |            [01;31m[K^~~~~~~~~~[m[K
[01m[K/home/gin/ros/workspaces/final/src/tum_ics_ur10_controller_tutorial/src/jointspace_controller_1.cpp:1179:11:[m[K [01;31m[Kerror: [m[Kâ€˜[01m[KT_ef_0_start_[m[Kâ€™ was not declared in this scope
 1179 |           [01;31m[KT_ef_0_start_[m[K = model_.T_ef_0(Q);
      |           [01;31m[K^~~~~~~~~~~~~[m[K
[01m[K/home/gin/ros/workspaces/final/src/tum_ics_ur10_controller_tutorial/src/jointspace_controller_1.cpp:1179:27:[m[K [01;31m[Kerror: [m[Kâ€˜[01m[Kmodel_[m[Kâ€™ was not declared in this scope; did you mean â€˜[01m[Kmode_t[m[Kâ€™?
 1179 |           T_ef_0_start_ = [01;31m[Kmodel_[m[K.T_ef_0(Q);
      |                           [01;31m[K^~~~~~[m[K
      |                           [32m[Kmode_t[m[K
[01m[K/home/gin/ros/workspaces/final/src/tum_ics_ur10_controller_tutorial/src/jointspace_controller_1.cpp:1184:27:[m[K [01;31m[Kerror: [m[Kâ€˜[01m[KT_ef_0_start_[m[Kâ€™ was not declared in this scope
 1184 |       Quaterniond Q_start([01;31m[KT_ef_0_start_[m[K.orientation());
      |                           [01;31m[K^~~~~~~~~~~~~[m[K
[01m[K/home/gin/ros/workspaces/final/src/tum_ics_ur10_controller_tutorial/src/jointspace_controller_1.cpp:1191:66:[m[K [01;31m[Kerror: [m[Kâ€˜[01m[Kvis_pub_circle[m[Kâ€™ was not declared in this scope
 1191 |       vis_trajectory(T_ef_0_start_.position(), "dh_arm_joint_0", [01;31m[Kvis_pub_circle[m[K);
      |                                                                  [01;31m[K^~~~~~~~~~~~~~[m[K
[01m[K/home/gin/ros/workspaces/final/src/tum_ics_ur10_controller_tutorial/src/jointspace_controller_1.cpp:1207:44:[m[K [01;31m[Kerror: [m[Kâ€˜[01m[Kvis_pub_d[m[Kâ€™ was not declared in this scope
 1207 |       vis_pose(kd, Xd_v, "dh_arm_joint_0", [01;31m[Kvis_pub_d[m[K);
      |                                            [01;31m[K^~~~~~~~~[m[K
[01m[K/home/gin/ros/workspaces/final/src/tum_ics_ur10_controller_tutorial/src/jointspace_controller_1.cpp:1210:14:[m[K [01;31m[Kerror: [m[Kâ€˜[01m[Koperational_control[m[Kâ€™ was not declared in this scope
 1210 |       return [01;31m[Koperational_control[m[K(Q, Qp, Xd, Xdp, Xdpp);
      |              [01;31m[K^~~~~~~~~~~~~~~~~~~[m[K
[01m[K/home/gin/ros/workspaces/final/src/tum_ics_ur10_controller_tutorial/src/jointspace_controller_1.cpp:[m[K At global scope:
[01m[K/home/gin/ros/workspaces/final/src/tum_ics_ur10_controller_tutorial/src/jointspace_controller_1.cpp:1213:14:[m[K [01;31m[Kerror: [m[Kâ€˜[01m[KJointSpaceController_1[m[Kâ€™ has not been declared
 1213 |     Vector6d [01;31m[KJointSpaceController_1[m[K::operational_control(Vector6d Q, Vector6d Qp, Vector7d Xd, Vector6d Xdp, Vector6d Xdpp) {
      |              [01;31m[K^~~~~~~~~~~~~~~~~~~~~~[m[K
[01m[K/home/gin/ros/workspaces/final/src/tum_ics_ur10_controller_tutorial/src/jointspace_controller_1.cpp:[m[K In function â€˜[01m[KTum::Vector6d tum_ics_ur_robot_lli::tum_ics_ur_robot_lli::RobotControllers::operational_control(Tum::Vector6d, Tum::Vector6d, Tum::Vector7d, Tum::Vector6d, Tum::Vector6d)[m[Kâ€™:
[01m[K/home/gin/ros/workspaces/final/src/tum_ics_ur10_controller_tutorial/src/jointspace_controller_1.cpp:1219:25:[m[K [01;31m[Kerror: [m[Kâ€˜[01m[Kmodel_[m[Kâ€™ was not declared in this scope; did you mean â€˜[01m[Kmode_t[m[Kâ€™?
 1219 |       Matrix6d J_ef_0 = [01;31m[Kmodel_[m[K.J_ef_0(Q);
      |                         [01;31m[K^~~~~~[m[K
      |                         [32m[Kmode_t[m[K
[01m[K/home/gin/ros/workspaces/final/src/tum_ics_ur10_controller_tutorial/src/jointspace_controller_1.cpp:1224:11:[m[K [01;31m[Kerror: [m[Kâ€˜[01m[KHomogeneousTransformation[m[Kâ€™ is not a member of â€˜[01m[Ktum_ics_ur_robot_lli::cc[m[Kâ€™
 1224 |       cc::[01;31m[KHomogeneousTransformation[m[K T_ef_0 = model_.T_ef_0(Q);
      |           [01;31m[K^~~~~~~~~~~~~~~~~~~~~~~~~[m[K
[01m[K/home/gin/ros/workspaces/final/src/tum_ics_ur10_controller_tutorial/src/jointspace_controller_1.cpp:1224:11:[m[K [01;36m[Knote: [m[Ksuggested alternatives:
In file included from [01m[K/home/gin/ros/workspaces/final/src/utilities/control_core/include/control_core/type_bases/matrix_base.h:28[m[K,
                 from [01m[K/home/gin/ros/workspaces/final/src/utilities/control_core/include/control_core/types/matrix.h:28[m[K,
                 from [01m[K/home/gin/ros/workspaces/final/src/utilities/control_core/include/control_core/types.h:34[m[K,
                 from [01m[K/home/gin/ros/workspaces/final/src/ur_model/include/ur_model/ur_model.h:27[m[K,
                 from [01m[K/home/gin/ros/workspaces/final/src/tum_ics_ur10_controller_tutorial/include/tum_ics_ur10_controller_tutorial/jointspace_controller_1.h:5[m[K,
                 from [01m[K/home/gin/ros/workspaces/final/src/tum_ics_ur10_controller_tutorial/src/jointspace_controller_1.cpp:1[m[K:
[01m[K/home/gin/ros/workspaces/final/src/utilities/control_core/include/control_core/utilities/forward_declarations.h:73:7:[m[K [01;36m[Knote: [m[K  â€˜[01m[Kcontrol_core::HomogeneousTransformation[m[Kâ€™
   73 | class [01;36m[KHomogeneousTransformation[m[K;
      |       [01;36m[K^~~~~~~~~~~~~~~~~~~~~~~~~[m[K
In file included from [01m[K/home/gin/ros/workspaces/final/src/ur_model/include/ur_model/ur_model.h:27[m[K,
                 from [01m[K/home/gin/ros/workspaces/final/src/tum_ics_ur10_controller_tutorial/include/tum_ics_ur10_controller_tutorial/jointspace_controller_1.h:5[m[K,
                 from [01m[K/home/gin/ros/workspaces/final/src/tum_ics_ur10_controller_tutorial/src/jointspace_controller_1.cpp:1[m[K:
[01m[K/home/gin/ros/workspaces/final/src/utilities/control_core/include/control_core/types.h:80:59:[m[K [01;36m[Knote: [m[K  â€˜[01m[Kcc::HomogeneousTransformation[m[Kâ€™
   80 |   typedef control_core::HomogeneousTransformation<Scalar> [01;36m[KHomogeneousTransformation[m[K;
      |                                                           [01;36m[K^~~~~~~~~~~~~~~~~~~~~~~~~[m[K
[01m[K/home/gin/ros/workspaces/final/src/tum_ics_ur10_controller_tutorial/src/jointspace_controller_1.cpp:1225:26:[m[K [01;31m[Kerror: [m[Kâ€˜[01m[KT_ef_0[m[Kâ€™ was not declared in this scope; did you mean â€˜[01m[KQ_ef_0[m[Kâ€™?
 1225 |       Quaterniond Q_ef_0([01;31m[KT_ef_0[m[K.orientation());
      |                          [01;31m[K^~~~~~[m[K
      |                          [32m[KQ_ef_0[m[K
[01m[K/home/gin/ros/workspaces/final/src/tum_ics_ur10_controller_tutorial/src/jointspace_controller_1.cpp:1240:7:[m[K [01;31m[Kerror: [m[Kâ€˜[01m[KDeltaX_[m[Kâ€™ was not declared in this scope
 1240 |       [01;31m[KDeltaX_[m[K.head(3) = X_ef_0.head(3) - Xd.head(3);
      |       [01;31m[K^~~~~~~[m[K
[01m[K/home/gin/ros/workspaces/final/src/tum_ics_ur10_controller_tutorial/src/jointspace_controller_1.cpp:1244:7:[m[K [01;31m[Kerror: [m[Kâ€˜[01m[KDeltaXp_[m[Kâ€™ was not declared in this scope
 1244 |       [01;31m[KDeltaXp_[m[K.head(3) = Xp_ef_0.head(3) - Xdp.head(3);
      |       [01;31m[K^~~~~~~~[m[K
[01m[K/home/gin/ros/workspaces/final/src/tum_ics_ur10_controller_tutorial/src/jointspace_controller_1.cpp:1247:7:[m[K [01;31m[Kerror: [m[Kâ€˜[01m[KDeltaXi_[m[Kâ€™ was not declared in this scope
 1247 |       [01;31m[KDeltaXi_[m[K = DeltaXi_ +  delta_t * DeltaX_;
      |       [01;31m[K^~~~~~~~[m[K
[01m[K/home/gin/ros/workspaces/final/src/tum_ics_ur10_controller_tutorial/src/jointspace_controller_1.cpp:1250:28:[m[K [01;31m[Kerror: [m[Kâ€˜[01m[KxKp_[m[Kâ€™ was not declared in this scope
 1250 |       Vector6d Xrp = Xdp - [01;31m[KxKp_[m[K*DeltaX_ - xKi_*DeltaXi_;
      |                            [01;31m[K^~~~[m[K
[01m[K/home/gin/ros/workspaces/final/src/tum_ics_ur10_controller_tutorial/src/jointspace_controller_1.cpp:1250:43:[m[K [01;31m[Kerror: [m[Kâ€˜[01m[KxKi_[m[Kâ€™ was not declared in this scope
 1250 |       Vector6d Xrp = Xdp - xKp_*DeltaX_ - [01;31m[KxKi_[m[K*DeltaXi_;
      |                                           [01;31m[K^~~~[m[K
[01m[K/home/gin/ros/workspaces/final/src/tum_ics_ur10_controller_tutorial/src/jointspace_controller_1.cpp:1256:7:[m[K [01;31m[Kerror: [m[Kâ€˜[01m[KYr_[m[Kâ€™ was not declared in this scope
 1256 |       [01;31m[KYr_[m[K = model_.regressor(Q, Qp, Qrp, Qrpp);
      |       [01;31m[K^~~[m[K
[01m[K/home/gin/ros/workspaces/final/src/tum_ics_ur10_controller_tutorial/src/jointspace_controller_1.cpp:1264:24:[m[K [01;31m[Kerror: [m[Kâ€˜[01m[Kx_gamma_[m[Kâ€™ was not declared in this scope
 1264 |           Gamma(i,i) = [01;31m[Kx_gamma_[m[K;
      |                        [01;31m[K^~~~~~~~[m[K
[01m[K/home/gin/ros/workspaces/final/src/tum_ics_ur10_controller_tutorial/src/jointspace_controller_1.cpp:1267:7:[m[K [01;31m[Kerror: [m[Kâ€˜[01m[KTheta_hat_[m[Kâ€™ was not declared in this scope; did you mean â€˜[01m[KTheta_hat_d[m[Kâ€™?
 1267 |       [01;31m[KTheta_hat_[m[K = Theta_hat_ - Theta_hat_d*delta_t;
      |       [01;31m[K^~~~~~~~~~[m[K
      |       [32m[KTheta_hat_d[m[K
[01m[K/home/gin/ros/workspaces/final/src/tum_ics_ur10_controller_tutorial/src/jointspace_controller_1.cpp:1270:23:[m[K [01;31m[Kerror: [m[Kâ€˜[01m[KxKd_[m[Kâ€™ was not declared in this scope
 1270 |       Vector6d tau = -[01;31m[KxKd_[m[K * Jinv*Sx + Yr_*Theta_hat_;
      |                       [01;31m[K^~~~[m[K
[01m[K/home/gin/ros/workspaces/final/src/tum_ics_ur10_controller_tutorial/src/jointspace_controller_1.cpp:[m[K At global scope:
[01m[K/home/gin/ros/workspaces/final/src/tum_ics_ur10_controller_tutorial/src/jointspace_controller_1.cpp:1290:67:[m[K [01;31m[Kerror: [m[Kâ€˜[01m[Ktum_ics_ur_robot_lli::ros::Publisher[m[Kâ€™ has not been declared
 1290 |     void vis_pose(Quaterniond Q, Vector3d X, std::string id, ros::[01;31m[KPublisher[m[K pub) {
      |                                                                   [01;31m[K^~~~~~~~~[m[K
[01m[K/home/gin/ros/workspaces/final/src/tum_ics_ur10_controller_tutorial/src/jointspace_controller_1.cpp:[m[K In function â€˜[01m[Kvoid tum_ics_ur_robot_lli::tum_ics_ur_robot_lli::RobotControllers::vis_pose(Eigen::Quaterniond, Eigen::Vector3d, std::string, int)[m[Kâ€™:
[01m[K/home/gin/ros/workspaces/final/src/tum_ics_ur10_controller_tutorial/src/jointspace_controller_1.cpp:1293:32:[m[K [01;31m[Kerror: [m[Kâ€˜[01m[KTime[m[Kâ€™ is not a member of â€˜[01m[Ktum_ics_ur_robot_lli::ros[m[Kâ€™; did you mean â€˜[01m[Kros::Time[m[Kâ€™?
 1293 |       pose.header.stamp = ros::[01;31m[KTime[m[K();
      |                                [01;31m[K^~~~[m[K
In file included from [01m[K/opt/ros/noetic/include/ros/serialization.h:34[m[K,
                 from [01m[K/opt/ros/noetic/include/sensor_msgs/JointState.h:14[m[K,
                 from [01m[K/opt/ros/noetic/include/tum_ics_ur_robot_lli/JointState.h:13[m[K,
                 from [01m[K/opt/ros/noetic/include/tum_ics_ur_robot_lli/RobotControllers/Controller.h:14[m[K,
                 from [01m[K/opt/ros/noetic/include/tum_ics_ur_robot_lli/RobotControllers/ControlEffort.h:4[m[K,
                 from [01m[K/home/gin/ros/workspaces/final/src/tum_ics_ur10_controller_tutorial/include/tum_ics_ur10_controller_tutorial/jointspace_controller_1.h:4[m[K,
                 from [01m[K/home/gin/ros/workspaces/final/src/tum_ics_ur10_controller_tutorial/src/jointspace_controller_1.cpp:1[m[K:
[01m[K/opt/ros/noetic/include/ros/time.h:170:22:[m[K [01;36m[Knote: [m[Kâ€˜[01m[Kros::Time[m[Kâ€™ declared here
  170 |   class ROSTIME_DECL [01;36m[KTime[m[K : public TimeBase<Time, Duration>
      |                      [01;36m[K^~~~[m[K
[01m[K/home/gin/ros/workspaces/final/src/tum_ics_ur10_controller_tutorial/src/jointspace_controller_1.cpp:1301:11:[m[K [01;31m[Kerror: [m[Krequest for member â€˜[01m[Kpublish[m[Kâ€™ in â€˜[01m[Kpub[m[Kâ€™, which is of non-class type â€˜[01m[Kint[m[Kâ€™
 1301 |       pub.[01;31m[Kpublish[m[K( pose );
      |           [01;31m[K^~~~~~~[m[K
[01m[K/home/gin/ros/workspaces/final/src/tum_ics_ur10_controller_tutorial/src/jointspace_controller_1.cpp:[m[K At global scope:
[01m[K/home/gin/ros/workspaces/final/src/tum_ics_ur10_controller_tutorial/src/jointspace_controller_1.cpp:1323:14:[m[K [01;31m[Kerror: [m[Kâ€˜[01m[KJointSpaceController_1[m[Kâ€™ has not been declared
 1323 |     Vector6d [01;31m[KJointSpaceController_1[m[K::interpolate_joint(Vector6d pc, Vector6d pg, double total_time, double ct) {
      |              [01;31m[K^~~~~~~~~~~~~~~~~~~~~~[m[K
[01m[K/home/gin/ros/workspaces/final/src/tum_ics_ur10_controller_tutorial/src/jointspace_controller_1.cpp:1336:27:[m[K [01;31m[Kerror: [m[Kâ€˜[01m[KJointSpaceController_1[m[Kâ€™ has not been declared
 1336 |     std::vector<Vector6d> [01;31m[KJointSpaceController_1[m[K::interpolate_joint2(Vector6d c, Vector6d g, double ti, double tg, double t) {
      |                           [01;31m[K^~~~~~~~~~~~~~~~~~~~~~[m[K
[01m[K/home/gin/ros/workspaces/final/src/tum_ics_ur10_controller_tutorial/src/jointspace_controller_1.cpp:1392:27:[m[K [01;31m[Kerror: [m[Kâ€˜[01m[KJointSpaceController_1[m[Kâ€™ has not been declared
 1392 |     std::vector<Vector3d> [01;31m[KJointSpaceController_1[m[K::interpolate_joint2(Vector3d c, Vector3d g, double ti, double tg, double t) {
      |                           [01;31m[K^~~~~~~~~~~~~~~~~~~~~~[m[K
[01m[K/home/gin/ros/workspaces/final/src/tum_ics_ur10_controller_tutorial/src/jointspace_controller_1.cpp:1449:1:[m[K [01;31m[Kerror: [m[Kexpected â€˜[01m[K}[m[Kâ€™ at end of input
 1449 | [01;31m[K}[m[K // namespace tum_ics_ur_robot_lli
      | [01;31m[K^[m[K
In file included from [01m[K/home/gin/ros/workspaces/final/src/tum_ics_ur10_controller_tutorial/src/jointspace_controller_1.cpp:1[m[K:
[01m[K/home/gin/ros/workspaces/final/src/tum_ics_ur10_controller_tutorial/include/tum_ics_ur10_controller_tutorial/jointspace_controller_1.h:12:1:[m[K [01;36m[Knote: [m[Kto match this â€˜[01m[K{[m[Kâ€™
   12 | [01;36m[K{[m[K
      | [01;36m[K^[m[K
make[2]: *** [CMakeFiles/ur10_control.dir/build.make:76: CMakeFiles/ur10_control.dir/src/jointspace_controller_1.cpp.o] Error 1
make[1]: *** [CMakeFiles/Makefile2:2045: CMakeFiles/ur10_control.dir/all] Error 2
make: *** [Makefile:141: all] Error 2
