[01m[K/home/gin/ros/workspaces/final/src/tum_ics_ur10_controller_tutorial/src/jointspace_controller_1.cpp:[m[K In member function â€˜[01m[KEigen::Quaterniond tum_ics_ur_robot_lli::RobotControllers::JointSpaceController_1::quat_for_marker_tracking_with_current_orientation(Tum::Vector6d)[m[Kâ€™:
[01m[K/home/gin/ros/workspaces/final/src/tum_ics_ur10_controller_tutorial/src/jointspace_controller_1.cpp:1449:32:[m[K [01;31m[Kerror: [m[Kâ€˜[01m[KEigen::Matrix4d[m[Kâ€™ {aka â€˜[01m[Kclass Eigen::Matrix<double, 4, 4>[m[Kâ€™} has no member named â€˜[01m[Korientation[m[Kâ€™
 1449 |       Matrix3d R_ef_0 = T_ef_w.[01;31m[Korientation[m[K();
      |                                [01;31m[K^~~~~~~~~~~[m[K
[01m[K/home/gin/ros/workspaces/final/src/tum_ics_ur10_controller_tutorial/src/jointspace_controller_1.cpp:1491:26:[m[K [01;31m[Kerror: [m[Kâ€˜[01m[KR_ef_0_start[m[Kâ€™ was not declared in this scope; did you mean â€˜[01m[KT_ef_0_start_[m[Kâ€™?
 1491 |       Matrix3d R_goal =  [01;31m[KR_ef_0_start[m[K * Rx * Ry * Rz;
      |                          [01;31m[K^~~~~~~~~~~~[m[K
      |                          [32m[KT_ef_0_start_[m[K
make[2]: *** [CMakeFiles/ur10_control.dir/build.make:76: CMakeFiles/ur10_control.dir/src/jointspace_controller_1.cpp.o] Error 1
make[1]: *** [CMakeFiles/Makefile2:2045: CMakeFiles/ur10_control.dir/all] Error 2
make: *** [Makefile:141: all] Error 2
