[01m[K/home/gin/ros/workspaces/final/src/tum_ics_ur10_controller_tutorial/src/jointspace_controller.cpp:[m[K In member function â€˜[01m[KTum::Vector6d tum_ics_ur_robot_lli::RobotControllers::JointSpaceController_1::operational_control_multi_obstacle_avoidance(Tum::Vector6d, Tum::Vector6d, Tum::Vector6d, double, double, const tum_ics_ur_robot_lli::RobotTime&)[m[Kâ€™:
[01m[K/home/gin/ros/workspaces/final/src/tum_ics_ur10_controller_tutorial/src/jointspace_controller.cpp:645:93:[m[K [01;31m[Kerror: [m[Kcannot call member function â€˜[01m[KDerived& Eigen::DenseBase<Derived>::setConstant(const Scalar&) [with Derived = Eigen::Matrix<double, 6, 4>; Eigen::DenseBase<Derived>::Scalar = double][m[Kâ€™ without object
  645 |       Eigen::Matrix<double,6,4> joint_distances_0(Eigen::Matrix<double,6,4>::setConstant(100[01;31m[K)[m[K);
      |                                                                                             [01;31m[K^[m[K
make[2]: *** [CMakeFiles/ur10_control.dir/build.make:63: CMakeFiles/ur10_control.dir/src/jointspace_controller.cpp.o] Error 1
make[1]: *** [CMakeFiles/Makefile2:2045: CMakeFiles/ur10_control.dir/all] Error 2
make: *** [Makefile:141: all] Error 2
