[01m[K/home/gin/ros/workspaces/final/src/tum_ics_ur10_controller_tutorial/src/jointspace_controller.cpp:[m[K In member function â€˜[01m[Kvirtual Tum::Vector6d tum_ics_ur_robot_lli::RobotControllers::JointSpaceController_1::update(const tum_ics_ur_robot_lli::RobotTime&, const tum_ics_ur_robot_lli::JointState&)[m[Kâ€™:
[01m[K/home/gin/ros/workspaces/final/src/tum_ics_ur10_controller_tutorial/src/jointspace_controller.cpp:506:7:[m[K [01;31m[Kerror: [m[Kexpected primary-expression before â€˜[01m[K%[m[Kâ€™ token
  506 |       [01;31m[K%[m[KMatrixXd Gamma(144,144);
      |       [01;31m[K^[m[K
[01m[K/home/gin/ros/workspaces/final/src/tum_ics_ur10_controller_tutorial/src/jointspace_controller.cpp:506:17:[m[K [01;31m[Kerror: [m[Kexpected primary-expression before â€˜[01m[KGamma[m[Kâ€™
  506 |       %MatrixXd [01;31m[KGamma[m[K(144,144);
      |                 [01;31m[K^~~~~[m[K
[01m[K/home/gin/ros/workspaces/final/src/tum_ics_ur10_controller_tutorial/src/jointspace_controller.cpp:507:7:[m[K [01;31m[Kerror: [m[Kexpected primary-expression before â€˜[01m[K%[m[Kâ€™ token
  507 |       [01;31m[K%[m[KGamma.setIdentity();
      |       [01;31m[K^[m[K
[01m[K/home/gin/ros/workspaces/final/src/tum_ics_ur10_controller_tutorial/src/jointspace_controller.cpp:507:8:[m[K [01;31m[Kerror: [m[Kâ€˜[01m[KGamma[m[Kâ€™ was not declared in this scope; did you mean â€˜[01m[Kgamma[m[Kâ€™?
  507 |       %[01;31m[KGamma[m[K.setIdentity();
      |        [01;31m[K^~~~~[m[K
      |        [32m[Kgamma[m[K
[01m[K/home/gin/ros/workspaces/final/src/tum_ics_ur10_controller_tutorial/src/jointspace_controller.cpp:509:16:[m[K [01;31m[Kerror: [m[Kexpected unqualified-id before â€˜[01m[K=[m[Kâ€™ token
  509 |       for (int [01;31m[K=[m[K 0; i < 144; i++)
      |                [01;31m[K^[m[K
[01m[K/home/gin/ros/workspaces/final/src/tum_ics_ur10_controller_tutorial/src/jointspace_controller.cpp:509:15:[m[K [01;31m[Kerror: [m[Kexpected â€˜[01m[K;[m[Kâ€™ before â€˜[01m[K=[m[Kâ€™ token
  509 |       for (int[01;31m[K [m[K[32m[K=[m[K 0; i < 144; i++)
      |               [01;31m[K^[m[K[32m[K~[m[K
      |               [32m[K;[m[K
[01m[K/home/gin/ros/workspaces/final/src/tum_ics_ur10_controller_tutorial/src/jointspace_controller.cpp:509:16:[m[K [01;31m[Kerror: [m[Kexpected primary-expression before â€˜[01m[K=[m[Kâ€™ token
  509 |       for (int [01;31m[K=[m[K 0; i < 144; i++)
      |                [01;31m[K^[m[K
[01m[K/home/gin/ros/workspaces/final/src/tum_ics_ur10_controller_tutorial/src/jointspace_controller.cpp:509:21:[m[K [01;31m[Kerror: [m[Kâ€˜[01m[Ki[m[Kâ€™ was not declared in this scope; did you mean â€˜[01m[Kpi[m[Kâ€™?
  509 |       for (int = 0; [01;31m[Ki[m[K < 144; i++)
      |                     [01;31m[K^[m[K
      |                     [32m[Kpi[m[K
[01m[K/home/gin/ros/workspaces/final/src/tum_ics_ur10_controller_tutorial/src/jointspace_controller.cpp:509:28:[m[K [01;31m[Kerror: [m[Kexpected â€˜[01m[K)[m[Kâ€™ before â€˜[01m[K;[m[Kâ€™ token
  509 |       for [34m[K([m[Kint = 0; i < 144[01;31m[K;[m[K i++)
      |           [34m[K~[m[K                [01;31m[K^[m[K
      |                            [32m[K)[m[K
[01m[K/home/gin/ros/workspaces/final/src/tum_ics_ur10_controller_tutorial/src/jointspace_controller.cpp:509:30:[m[K [01;31m[Kerror: [m[Kâ€˜[01m[Ki[m[Kâ€™ was not declared in this scope; did you mean â€˜[01m[Kpi[m[Kâ€™?
  509 |       for (int = 0; i < 144; [01;31m[Ki[m[K++)
      |                              [01;31m[K^[m[K
      |                              [32m[Kpi[m[K
make[2]: *** [CMakeFiles/ur10_control.dir/build.make:63: CMakeFiles/ur10_control.dir/src/jointspace_controller.cpp.o] Error 1
make[1]: *** [CMakeFiles/Makefile2:1905: CMakeFiles/ur10_control.dir/all] Error 2
make: *** [Makefile:141: all] Error 2
