[01m[K/home/gin/ros/workspaces/final/src/tum_ics_ur10_controller_tutorial/src/jointspace_controller.cpp:[m[K In member function â€˜[01m[KTum::Vector6d tum_ics_ur_robot_lli::RobotControllers::JointSpaceController_1::operational_control(Tum::Vector6d, Tum::Vector6d, Tum::Vector6d, double, double, const tum_ics_ur_robot_lli::RobotTime&)[m[Kâ€™:
[01m[K/home/gin/ros/workspaces/final/src/tum_ics_ur10_controller_tutorial/src/jointspace_controller.cpp:645:7:[m[K [01;31m[Kerror: [m[Kâ€˜[01m[KDeltaXp[m[Kâ€™ was not declared in this scope; did you mean â€˜[01m[KDetlaXp[m[Kâ€™?
  645 |       [01;31m[KDeltaXp[m[K.head(3) = Xp_ef_0.head(3) - Xdp.head(3);
      |       [01;31m[K^~~~~~~[m[K
      |       [32m[KDetlaXp[m[K
[01m[K/home/gin/ros/workspaces/final/src/tum_ics_ur10_controller_tutorial/src/jointspace_controller.cpp:662:21:[m[K [01;31m[Kerror: [m[Kâ€˜[01m[KXp[m[Kâ€™ was not declared in this scope; did you mean â€˜[01m[KEp[m[Kâ€™?
  662 |       Vector6d Sx = [01;31m[KXp[m[K - Xrp;
      |                     [01;31m[K^~[m[K
      |                     [32m[KEp[m[K
make[2]: *** [CMakeFiles/ur10_control.dir/build.make:63: CMakeFiles/ur10_control.dir/src/jointspace_controller.cpp.o] Error 1
make[1]: *** [CMakeFiles/Makefile2:2045: CMakeFiles/ur10_control.dir/all] Error 2
make: *** [Makefile:141: all] Error 2
