In file included from [01m[K/home/gin/ros/workspaces/final/src/tum_ics_ur10_controller_tutorial/src/jointspace_controller.cpp:1[m[K:
[01m[K/home/gin/ros/workspaces/final/src/tum_ics_ur10_controller_tutorial/include/tum_ics_ur10_controller_tutorial/jointspace_controller.h:185:60:[m[K [01;31m[Kerror: [m[Kexpected identifier before â€˜[01m[K,[m[Kâ€™ token
  185 |       Vector6d operational_control(Vector6d Q, Vector6d Qp,[01;31m[K,[m[K Quaterniond Qd, Vector7d Xd, Vector6d Xdp, Vector6d Xdpp);
      |                                                            [01;31m[K^[m[K
[01m[K/home/gin/ros/workspaces/final/src/tum_ics_ur10_controller_tutorial/src/jointspace_controller.cpp:[m[K In member function â€˜[01m[KTum::Vector6d tum_ics_ur_robot_lli::RobotControllers::JointSpaceController_1::operational_control_circle_motion(Tum::Vector6d, Tum::Vector6d, Tum::Vector6d, double, double, const tum_ics_ur_robot_lli::RobotTime&)[m[Kâ€™:
[01m[K/home/gin/ros/workspaces/final/src/tum_ics_ur10_controller_tutorial/src/jointspace_controller.cpp:1224:66:[m[K [01;31m[Kerror: [m[Kno matching function for call to â€˜[01m[Ktum_ics_ur_robot_lli::RobotControllers::JointSpaceController_1::operational_control(Tum::Vector6d&, Tum::Vector6d&, Eigen::Quaterniond&, Tum::Vector7d&, Tum::Vector6d&, Tum::Vector6d&)[m[Kâ€™
 1224 |       Vector6d tau = operational_control(Q, Qp, Qd, Xd, Xdp, Xdpp[01;31m[K)[m[K;
      |                                                                  [01;31m[K^[m[K
In file included from [01m[K/home/gin/ros/workspaces/final/src/tum_ics_ur10_controller_tutorial/src/jointspace_controller.cpp:1[m[K:
[01m[K/home/gin/ros/workspaces/final/src/tum_ics_ur10_controller_tutorial/include/tum_ics_ur10_controller_tutorial/jointspace_controller.h:185:16:[m[K [01;36m[Knote: [m[Kcandidate: â€˜[01m[KTum::Vector6d tum_ics_ur_robot_lli::RobotControllers::JointSpaceController_1::operational_control(Tum::Vector6d, Tum::Vector6d, int, Eigen::Quaterniond, Tum::Vector7d, Tum::Vector6d, Tum::Vector6d)[m[Kâ€™
  185 |       Vector6d [01;36m[Koperational_control[m[K(Vector6d Q, Vector6d Qp,, Quaterniond Qd, Vector7d Xd, Vector6d Xdp, Vector6d Xdpp);
      |                [01;36m[K^~~~~~~~~~~~~~~~~~~[m[K
[01m[K/home/gin/ros/workspaces/final/src/tum_ics_ur10_controller_tutorial/include/tum_ics_ur10_controller_tutorial/jointspace_controller.h:185:16:[m[K [01;36m[Knote: [m[K  candidate expects 7 arguments, 6 provided
[01m[K/home/gin/ros/workspaces/final/src/tum_ics_ur10_controller_tutorial/src/jointspace_controller.cpp:[m[K At global scope:
[01m[K/home/gin/ros/workspaces/final/src/tum_ics_ur10_controller_tutorial/src/jointspace_controller.cpp:1252:14:[m[K [01;31m[Kerror: [m[Kno declaration matches â€˜[01m[KTum::Vector6d tum_ics_ur_robot_lli::RobotControllers::JointSpaceController_1::operational_control(Tum::Vector6d, Tum::Vector6d, Eigen::Quaterniond, Tum::Vector7d, Tum::Vector6d, Tum::Vector6d)[m[Kâ€™
 1252 |     Vector6d [01;31m[KJointSpaceController_1[m[K::operational_control(Vector6d Q, Vector6d Qp, Quaterniond Qd, Vector7d Xd, Vector6d Xdp, Vector6d Xdpp) {
      |              [01;31m[K^~~~~~~~~~~~~~~~~~~~~~[m[K
In file included from [01m[K/home/gin/ros/workspaces/final/src/tum_ics_ur10_controller_tutorial/src/jointspace_controller.cpp:1[m[K:
[01m[K/home/gin/ros/workspaces/final/src/tum_ics_ur10_controller_tutorial/include/tum_ics_ur10_controller_tutorial/jointspace_controller.h:185:16:[m[K [01;36m[Knote: [m[Kcandidate is: â€˜[01m[KTum::Vector6d tum_ics_ur_robot_lli::RobotControllers::JointSpaceController_1::operational_control(Tum::Vector6d, Tum::Vector6d, int, Eigen::Quaterniond, Tum::Vector7d, Tum::Vector6d, Tum::Vector6d)[m[Kâ€™
  185 |       Vector6d [01;36m[Koperational_control[m[K(Vector6d Q, Vector6d Qp,, Quaterniond Qd, Vector7d Xd, Vector6d Xdp, Vector6d Xdpp);
      |                [01;36m[K^~~~~~~~~~~~~~~~~~~[m[K
In file included from [01m[K/home/gin/ros/workspaces/final/src/tum_ics_ur10_controller_tutorial/src/jointspace_controller.cpp:1[m[K:
[01m[K/home/gin/ros/workspaces/final/src/tum_ics_ur10_controller_tutorial/include/tum_ics_ur10_controller_tutorial/jointspace_controller.h:73:11:[m[K [01;36m[Knote: [m[Kâ€˜[01m[Kclass tum_ics_ur_robot_lli::RobotControllers::JointSpaceController_1[m[Kâ€™ defined here
   73 |     class [01;36m[KJointSpaceController_1[m[K : public ControlEffort
      |           [01;36m[K^~~~~~~~~~~~~~~~~~~~~~[m[K
make[2]: *** [CMakeFiles/ur10_control.dir/build.make:63: CMakeFiles/ur10_control.dir/src/jointspace_controller.cpp.o] Error 1
make[1]: *** [CMakeFiles/Makefile2:2045: CMakeFiles/ur10_control.dir/all] Error 2
make: *** [Makefile:141: all] Error 2
