[01m[K/home/gin/ros/workspaces/final/src/tum_ics_ur10_controller_tutorial/src/jointspace_controller.cpp:[m[K In function â€˜[01m[Kvoid tum_ics_ur_robot_lli::RobotControllers::vis_trajectory(Eigen::Vector3d, std::string, ros::Publisher)[m[Kâ€™:
[01m[K/home/gin/ros/workspaces/final/src/tum_ics_ur10_controller_tutorial/src/jointspace_controller.cpp:655:9:[m[K [01;31m[Kerror: [m[Kâ€˜[01m[Koffset[m[Kâ€™ was not declared in this scope; did you mean â€˜[01m[Koff_t[m[Kâ€™?
  655 |         [01;31m[Koffset[m[K.setZero();
      |         [01;31m[K^~~~~~[m[K
      |         [32m[Koff_t[m[K
make[2]: *** [CMakeFiles/ur10_control.dir/build.make:63: CMakeFiles/ur10_control.dir/src/jointspace_controller.cpp.o] Error 1
make[1]: *** [CMakeFiles/Makefile2:2045: CMakeFiles/ur10_control.dir/all] Error 2
make: *** [Makefile:141: all] Error 2
