[01m[K/home/gin/ros/workspaces/final/src/tum_ics_ur10_controller_tutorial/src/jointspace_controller.cpp:[m[K In member function â€˜[01m[KTum::Vector6d tum_ics_ur_robot_lli::RobotControllers::JointSpaceController_1::joint_control(Tum::Vector6d, Tum::Vector6d, Tum::Vector6d, double, double, const tum_ics_ur_robot_lli::RobotTime&)[m[Kâ€™:
[01m[K/home/gin/ros/workspaces/final/src/tum_ics_ur10_controller_tutorial/src/jointspace_controller.cpp:513:41:[m[K [01;31m[Kerror: [m[Kexpected â€˜[01m[K,[m[Kâ€™ or â€˜[01m[K;[m[Kâ€™ before â€˜[01m[K:[m[Kâ€™ token
  513 |        Vector18d out = Vector18d::Zero()[01;31m[K:[m[K
      |                                         [01;31m[K^[m[K
[01m[K/home/gin/ros/workspaces/final/src/tum_ics_ur10_controller_tutorial/src/jointspace_controller.cpp:527:21:[m[K [01;31m[Kerror: [m[Kâ€˜[01m[KQd[m[Kâ€™ was not declared in this scope; did you mean â€˜[01m[KQt[m[Kâ€™?
  527 |       DeltaQ_ = Q - [01;31m[KQd[m[K;
      |                     [01;31m[K^~[m[K
      |                     [32m[KQt[m[K
[01m[K/home/gin/ros/workspaces/final/src/tum_ics_ur10_controller_tutorial/src/jointspace_controller.cpp:[m[K In member function â€˜[01m[KTum::Vector6d tum_ics_ur_robot_lli::RobotControllers::JointSpaceController_1::operational_control_obstacle_avoidance(Tum::Vector6d, Tum::Vector6d, Tum::Vector6d, double, double, const tum_ics_ur_robot_lli::RobotTime&)[m[Kâ€™:
[01m[K/home/gin/ros/workspaces/final/src/tum_ics_ur10_controller_tutorial/src/jointspace_controller.cpp:571:14:[m[K [01;31m[Kerror: [m[Kredeclaration of â€˜[01m[Kdouble t[m[Kâ€™
  571 |       double [01;31m[Kt[m[K = time.tD() - start_time;
      |              [01;31m[K^[m[K
[01m[K/home/gin/ros/workspaces/final/src/tum_ics_ur10_controller_tutorial/src/jointspace_controller.cpp:561:14:[m[K [01;36m[Knote: [m[Kâ€˜[01m[Kdouble t[m[Kâ€™ previously declared here
  561 |       double [01;36m[Kt[m[K = time.tD() - start_time;
      |              [01;36m[K^[m[K
[01m[K/home/gin/ros/workspaces/final/src/tum_ics_ur10_controller_tutorial/src/jointspace_controller.cpp:591:19:[m[K [01;31m[Kerror: [m[Kredeclaration of â€˜[01m[KEigen::Quaterniond Q_goal[m[Kâ€™
  591 |       Quaterniond [01;31m[KQ_goal[m[K = quat_for_marker_tracking(Q);
      |                   [01;31m[K^~~~~~[m[K
[01m[K/home/gin/ros/workspaces/final/src/tum_ics_ur10_controller_tutorial/src/jointspace_controller.cpp:569:19:[m[K [01;36m[Knote: [m[Kâ€˜[01m[KEigen::Quaterniond Q_goal[m[Kâ€™ previously declared here
  569 |       Quaterniond [01;36m[KQ_goal[m[K(R_goal);
      |                   [01;36m[K^~~~~~[m[K
make[2]: *** [CMakeFiles/ur10_control.dir/build.make:63: CMakeFiles/ur10_control.dir/src/jointspace_controller.cpp.o] Error 1
make[1]: *** [CMakeFiles/Makefile2:2045: CMakeFiles/ur10_control.dir/all] Error 2
make: *** [Makefile:141: all] Error 2
