[01m[K/home/gin/ros/workspaces/final/src/tum_ics_ur10_controller_tutorial/src/jointspace_controller.cpp:[m[K In member function â€˜[01m[KTum::Vector6d tum_ics_ur_robot_lli::RobotControllers::JointSpaceController_1::operational_control(Tum::Vector6d, Tum::Vector6d, Tum::Vector6d, double, double, const tum_ics_ur_robot_lli::RobotTime&)[m[Kâ€™:
[01m[K/home/gin/ros/workspaces/final/src/tum_ics_ur10_controller_tutorial/src/jointspace_controller.cpp:652:72:[m[K [01;31m[Kerror: [m[Kâ€˜[01m[KAngularPostion[m[Kâ€™ is not a member of â€˜[01m[Kcc[m[Kâ€™; did you mean â€˜[01m[KAngularPosition[m[Kâ€™?
  652 |       DeltaX.tail(3) = -cc::logErrorWorld(cc::AngularPosition(Qd), cc::[01;31m[KAngularPostion[m[K(Q_ef_0)); // ke(Q_ef_0 * Qd.inverse());
      |                                                                        [01;31m[K^~~~~~~~~~~~~~[m[K
      |                                                                        [32m[KAngularPosition[m[K
make[2]: *** [CMakeFiles/ur10_control.dir/build.make:63: CMakeFiles/ur10_control.dir/src/jointspace_controller.cpp.o] Error 1
make[1]: *** [CMakeFiles/Makefile2:2045: CMakeFiles/ur10_control.dir/all] Error 2
make: *** [Makefile:141: all] Error 2
