In file included from [01m[K/home/gin/ros/workspaces/final/src/tum_ics_ur10_controller_tutorial/src/jointspace_controller.cpp:1[m[K:
[01m[K/home/gin/ros/workspaces/final/src/tum_ics_ur10_controller_tutorial/include/tum_ics_ur10_controller_tutorial/jointspace_controller.h:199:72:[m[K [01;31m[Kerror: [m[Kexpected â€˜[01m[K;[m[Kâ€™ at end of member declaration
  199 |       Vector3d calc_repel_force(Vector6d Q, int j, double rad_influence[01;31m[K)[m[K
      |                                                                        [01;31m[K^[m[K
      |                                                                         [32m[K;[m[K
[01m[K/home/gin/ros/workspaces/final/src/tum_ics_ur10_controller_tutorial/src/jointspace_controller.cpp:[m[K In member function â€˜[01m[KTum::Vector6d tum_ics_ur_robot_lli::RobotControllers::JointSpaceController_1::operational_control_obstacle_avoidance(Tum::Vector6d, Tum::Vector6d, Tum::Vector6d, double, double, const tum_ics_ur_robot_lli::RobotTime&)[m[Kâ€™:
[01m[K/home/gin/ros/workspaces/final/src/tum_ics_ur10_controller_tutorial/src/jointspace_controller.cpp:667:15:[m[K [01;31m[Kerror: [m[Kâ€˜[01m[Knd1_0[m[Kâ€™ was not declared in this scope; did you mean â€˜[01m[Knd_0[m[Kâ€™?
  667 |       nd_0 << [01;31m[Knd1_0[m[K, nd2_0, nd3_0, nd4_0, nd5_0, nd6_0;
      |               [01;31m[K^~~~~[m[K
      |               [32m[Knd_0[m[K
[01m[K/home/gin/ros/workspaces/final/src/tum_ics_ur10_controller_tutorial/src/jointspace_controller.cpp:667:22:[m[K [01;31m[Kerror: [m[Kâ€˜[01m[Knd2_0[m[Kâ€™ was not declared in this scope; did you mean â€˜[01m[Knd_0[m[Kâ€™?
  667 |       nd_0 << nd1_0, [01;31m[Knd2_0[m[K, nd3_0, nd4_0, nd5_0, nd6_0;
      |                      [01;31m[K^~~~~[m[K
      |                      [32m[Knd_0[m[K
[01m[K/home/gin/ros/workspaces/final/src/tum_ics_ur10_controller_tutorial/src/jointspace_controller.cpp:667:29:[m[K [01;31m[Kerror: [m[Kâ€˜[01m[Knd3_0[m[Kâ€™ was not declared in this scope; did you mean â€˜[01m[Knd_0[m[Kâ€™?
  667 |       nd_0 << nd1_0, nd2_0, [01;31m[Knd3_0[m[K, nd4_0, nd5_0, nd6_0;
      |                             [01;31m[K^~~~~[m[K
      |                             [32m[Knd_0[m[K
[01m[K/home/gin/ros/workspaces/final/src/tum_ics_ur10_controller_tutorial/src/jointspace_controller.cpp:667:36:[m[K [01;31m[Kerror: [m[Kâ€˜[01m[Knd4_0[m[Kâ€™ was not declared in this scope; did you mean â€˜[01m[Knd_0[m[Kâ€™?
  667 |       nd_0 << nd1_0, nd2_0, nd3_0, [01;31m[Knd4_0[m[K, nd5_0, nd6_0;
      |                                    [01;31m[K^~~~~[m[K
      |                                    [32m[Knd_0[m[K
[01m[K/home/gin/ros/workspaces/final/src/tum_ics_ur10_controller_tutorial/src/jointspace_controller.cpp:667:43:[m[K [01;31m[Kerror: [m[Kâ€˜[01m[Knd5_0[m[Kâ€™ was not declared in this scope; did you mean â€˜[01m[Knd_0[m[Kâ€™?
  667 |       nd_0 << nd1_0, nd2_0, nd3_0, nd4_0, [01;31m[Knd5_0[m[K, nd6_0;
      |                                           [01;31m[K^~~~~[m[K
      |                                           [32m[Knd_0[m[K
[01m[K/home/gin/ros/workspaces/final/src/tum_ics_ur10_controller_tutorial/src/jointspace_controller.cpp:667:50:[m[K [01;31m[Kerror: [m[Kâ€˜[01m[Knd6_0[m[Kâ€™ was not declared in this scope; did you mean â€˜[01m[Knd_0[m[Kâ€™?
  667 |       nd_0 << nd1_0, nd2_0, nd3_0, nd4_0, nd5_0, [01;31m[Knd6_0[m[K;
      |                                                  [01;31m[K^~~~~[m[K
      |                                                  [32m[Knd_0[m[K
make[2]: *** [CMakeFiles/ur10_control.dir/build.make:63: CMakeFiles/ur10_control.dir/src/jointspace_controller.cpp.o] Error 1
make[1]: *** [CMakeFiles/Makefile2:2045: CMakeFiles/ur10_control.dir/all] Error 2
make: *** [Makefile:141: all] Error 2
