[01m[K/home/gin/ros/workspaces/final/src/tum_ics_ur10_controller_tutorial/src/jointspace_controller.cpp:225:10:[m[K [01;31m[Kerror: [m[Kno declaration matches â€˜[01m[Kbool tum_ics_ur_robot_lli::RobotControllers::JointSpaceController_1::init(const tum_ics_ur_robot_lli::JointState&)[m[Kâ€™
  225 |     bool [01;31m[KJointSpaceController_1[m[K::init(const JointState &current)
      |          [01;31m[K^~~~~~~~~~~~~~~~~~~~~~[m[K
In file included from [01m[K/home/gin/ros/workspaces/final/src/tum_ics_ur10_controller_tutorial/src/jointspace_controller.cpp:1[m[K:
[01m[K/home/gin/ros/workspaces/final/src/tum_ics_ur10_controller_tutorial/include/tum_ics_ur10_controller_tutorial/jointspace_controller.h:99:12:[m[K [01;36m[Knote: [m[Kcandidate is: â€˜[01m[Kvirtual bool tum_ics_ur_robot_lli::RobotControllers::JointSpaceController_1::init()[m[Kâ€™
   99 |       bool [01;36m[Kinit[m[K();
      |            [01;36m[K^~~~[m[K
[01m[K/home/gin/ros/workspaces/final/src/tum_ics_ur10_controller_tutorial/include/tum_ics_ur10_controller_tutorial/jointspace_controller.h:64:11:[m[K [01;36m[Knote: [m[Kâ€˜[01m[Kclass tum_ics_ur_robot_lli::RobotControllers::JointSpaceController_1[m[Kâ€™ defined here
   64 |     class [01;36m[KJointSpaceController_1[m[K : public ControlEffort
      |           [01;36m[K^~~~~~~~~~~~~~~~~~~~~~[m[K
make[2]: *** [CMakeFiles/ur10_control.dir/build.make:63: CMakeFiles/ur10_control.dir/src/jointspace_controller.cpp.o] Error 1
make[1]: *** [CMakeFiles/Makefile2:1905: CMakeFiles/ur10_control.dir/all] Error 2
make: *** [Makefile:141: all] Error 2
