[01m[K/home/gin/ros/workspaces/final/src/tum_ics_ur10_controller_tutorial/src/jointspace_controller.cpp:[m[K In member function â€˜[01m[KTum::Matrix6d tum_ics_ur_robot_lli::RobotControllers::JointSpaceController_1::calc_C(Tum::Vector6d, Tum::Vector6d, Tum::Vector12d, Tum::Matrix6d)[m[Kâ€™:
[01m[K/home/gin/ros/workspaces/final/src/tum_ics_ur10_controller_tutorial/src/jointspace_controller.cpp:612:7:[m[K [01;31m[Kerror: [m[Kâ€˜[01m[KC[m[Kâ€™ was not declared in this scope
  612 |       [01;31m[KC[m[K = Matrix6d::Zero();
      |       [01;31m[K^[m[K
[01m[K/home/gin/ros/workspaces/final/src/tum_ics_ur10_controller_tutorial/src/jointspace_controller.cpp:[m[K At global scope:
[01m[K/home/gin/ros/workspaces/final/src/tum_ics_ur10_controller_tutorial/src/jointspace_controller.cpp:711:14:[m[K [01;31m[Kerror: [m[Kno declaration matches â€˜[01m[KTum::Vector6d tum_ics_ur_robot_lli::RobotControllers::JointSpaceController_1::calc_G(Tum::Vector6d, Tum::Vector6d, Tum::Vector12d, Tum::Matrix6d)[m[Kâ€™
  711 |     Vector6d [01;31m[KJointSpaceController_1[m[K::calc_G(Vector6d Q, Vector6d Qp, Vector12d L, Matrix6d I) {
      |              [01;31m[K^~~~~~~~~~~~~~~~~~~~~~[m[K
In file included from [01m[K/home/gin/ros/workspaces/final/src/tum_ics_ur10_controller_tutorial/src/jointspace_controller.cpp:1[m[K:
[01m[K/home/gin/ros/workspaces/final/src/tum_ics_ur10_controller_tutorial/include/tum_ics_ur10_controller_tutorial/jointspace_controller.h:85:16:[m[K [01;36m[Knote: [m[Kcandidate is: â€˜[01m[KTum::Matrix6d tum_ics_ur_robot_lli::RobotControllers::JointSpaceController_1::calc_G(Tum::Vector6d, Tum::Vector6d, Tum::Vector12d, Tum::Matrix6d)[m[Kâ€™
   85 |       Matrix6d [01;36m[Kcalc_G[m[K(Vector6d Q, Vector6d Qp, Vector12d L, Matrix6d I);
      |                [01;36m[K^~~~~~[m[K
[01m[K/home/gin/ros/workspaces/final/src/tum_ics_ur10_controller_tutorial/include/tum_ics_ur10_controller_tutorial/jointspace_controller.h:64:11:[m[K [01;36m[Knote: [m[Kâ€˜[01m[Kclass tum_ics_ur_robot_lli::RobotControllers::JointSpaceController_1[m[Kâ€™ defined here
   64 |     class [01;36m[KJointSpaceController_1[m[K : public JointSpaceController
      |           [01;36m[K^~~~~~~~~~~~~~~~~~~~~~[m[K
make[2]: *** [CMakeFiles/ur10_control.dir/build.make:63: CMakeFiles/ur10_control.dir/src/jointspace_controller.cpp.o] Error 1
make[1]: *** [CMakeFiles/Makefile2:1831: CMakeFiles/ur10_control.dir/all] Error 2
make: *** [Makefile:141: all] Error 2
