[01m[K/home/gin/ros/workspaces/final/src/tum_ics_ur10_controller_tutorial/src/jointspace_controller.cpp:[m[K In member function â€˜[01m[Kdouble tum_ics_ur_robot_lli::RobotControllers::JointSpaceController_1::distance_to_j_joint(Tum::Vector6d, int)[m[Kâ€™:
[01m[K/home/gin/ros/workspaces/final/src/tum_ics_ur10_controller_tutorial/src/jointspace_controller.cpp:768:16:[m[K [01;31m[Kerror: [m[Kâ€˜[01m[Kef_k[m[Kâ€™ was not declared in this scope
  768 |       vis_pose([01;31m[Kef_k[m[K, obstacle_pos_0, "dh_arm_joint_0", vis_pub_obstacle);
      |                [01;31m[K^~~~[m[K
make[2]: *** [CMakeFiles/ur10_control.dir/build.make:63: CMakeFiles/ur10_control.dir/src/jointspace_controller.cpp.o] Error 1
make[1]: *** [CMakeFiles/Makefile2:2045: CMakeFiles/ur10_control.dir/all] Error 2
make: *** [Makefile:141: all] Error 2
