[01m[K/home/gin/ros/workspaces/final/src/tum_ics_ur10_controller_tutorial/src/jointspace_controller.cpp:[m[K In member function â€˜[01m[KTum::Vector6d tum_ics_ur_robot_lli::RobotControllers::JointSpaceController_1::operational_control_tracking(Tum::Vector6d, Tum::Vector6d, Tum::Vector6d, double, double, const tum_ics_ur_robot_lli::RobotTime&)[m[Kâ€™:
[01m[K/home/gin/ros/workspaces/final/src/tum_ics_ur10_controller_tutorial/src/jointspace_controller.cpp:895:16:[m[K [01;31m[Kerror: [m[Kâ€˜[01m[Kcx[m[Kâ€™ was not declared in this scope; did you mean â€˜[01m[KRx[m[Kâ€™?
  895 |             0, [01;31m[Kcx[m[K, -sx,
      |                [01;31m[K^~[m[K
      |                [32m[KRx[m[K
[01m[K/home/gin/ros/workspaces/final/src/tum_ics_ur10_controller_tutorial/src/jointspace_controller.cpp:895:21:[m[K [01;31m[Kerror: [m[Kâ€˜[01m[Ksx[m[Kâ€™ was not declared in this scope; did you mean â€˜[01m[KRx[m[Kâ€™?
  895 |             0, cx, -[01;31m[Ksx[m[K,
      |                     [01;31m[K^~[m[K
      |                     [32m[KRx[m[K
[01m[K/home/gin/ros/workspaces/final/src/tum_ics_ur10_controller_tutorial/src/jointspace_controller.cpp:899:13:[m[K [01;31m[Kerror: [m[Kâ€˜[01m[Kcy[m[Kâ€™ was not declared in this scope; did you mean â€˜[01m[KRy[m[Kâ€™?
  899 |       Ry << [01;31m[Kcy[m[K, 0, sy,
      |             [01;31m[K^~[m[K
      |             [32m[KRy[m[K
[01m[K/home/gin/ros/workspaces/final/src/tum_ics_ur10_controller_tutorial/src/jointspace_controller.cpp:899:20:[m[K [01;31m[Kerror: [m[Kâ€˜[01m[Ksy[m[Kâ€™ was not declared in this scope; did you mean â€˜[01m[KRy[m[Kâ€™?
  899 |       Ry << cy, 0, [01;31m[Ksy[m[K,
      |                    [01;31m[K^~[m[K
      |                    [32m[KRy[m[K
[01m[K/home/gin/ros/workspaces/final/src/tum_ics_ur10_controller_tutorial/src/jointspace_controller.cpp:904:13:[m[K [01;31m[Kerror: [m[Kâ€˜[01m[Kcz[m[Kâ€™ was not declared in this scope; did you mean â€˜[01m[KZz[m[Kâ€™?
  904 |       Rz << [01;31m[Kcz[m[K, -sz, 0,
      |             [01;31m[K^~[m[K
      |             [32m[KZz[m[K
[01m[K/home/gin/ros/workspaces/final/src/tum_ics_ur10_controller_tutorial/src/jointspace_controller.cpp:904:18:[m[K [01;31m[Kerror: [m[Kâ€˜[01m[Ksz[m[Kâ€™ was not declared in this scope; did you mean â€˜[01m[KZz[m[Kâ€™?
  904 |       Rz << cz, -[01;31m[Ksz[m[K, 0,
      |                  [01;31m[K^~[m[K
      |                  [32m[KZz[m[K
[01m[K/home/gin/ros/workspaces/final/src/tum_ics_ur10_controller_tutorial/src/jointspace_controller.cpp:921:28:[m[K [01;31m[Kerror: [m[Kâ€˜[01m[Kditarget_pos_efff[m[Kâ€™ was not declared in this scope; did you mean â€˜[01m[Ktarget_pos_ef[m[Kâ€™?
  921 |       double alpha = atan2([01;31m[Kditarget_pos_efff[m[K(1), target_pos_ef(2));
      |                            [01;31m[K^~~~~~~~~~~~~~~~~[m[K
      |                            [32m[Ktarget_pos_ef[m[K
make[2]: *** [CMakeFiles/ur10_control.dir/build.make:63: CMakeFiles/ur10_control.dir/src/jointspace_controller.cpp.o] Error 1
make[1]: *** [CMakeFiles/Makefile2:2045: CMakeFiles/ur10_control.dir/all] Error 2
make: *** [Makefile:141: all] Error 2
