[01m[K/home/gin/ros/workspaces/final/src/tum_ics_ur10_controller_tutorial/src/jointspace_controller.cpp:[m[K In lambda function:
[01m[K/home/gin/ros/workspaces/final/src/tum_ics_ur10_controller_tutorial/src/jointspace_controller.cpp:200:44:[m[K [01;31m[Kerror: [m[Kexpected â€˜[01m[K{[m[Kâ€™ before â€˜[01m[K;[m[Kâ€™ token
  200 |       Vector6d Q = [q1, q2 ,q3, q4, q5, q6][01;31m[K;[m[K
      |                                            [01;31m[K^[m[K
[01m[K/home/gin/ros/workspaces/final/src/tum_ics_ur10_controller_tutorial/src/jointspace_controller.cpp:[m[K In member function â€˜[01m[Kvirtual Tum::Vector6d tum_ics_ur_robot_lli::RobotControllers::JointSpaceController_1::update(const tum_ics_ur_robot_lli::RobotTime&, const tum_ics_ur_robot_lli::JointState&)[m[Kâ€™:
[01m[K/home/gin/ros/workspaces/final/src/tum_ics_ur10_controller_tutorial/src/jointspace_controller.cpp:200:44:[m[K [01;31m[Kerror: [m[Kconversion from â€˜[01m[Ktum_ics_ur_robot_lli::RobotControllers::JointSpaceController_1::update(const tum_ics_ur_robot_lli::RobotTime&, const tum_ics_ur_robot_lli::JointState&)::<lambda()>[m[Kâ€™ to non-scalar type â€˜[01m[KTum::Vector6d[m[Kâ€™ {aka â€˜[01m[KEigen::Matrix<double, 6, 1>[m[Kâ€™} requested
[01m[K/home/gin/ros/workspaces/final/src/tum_ics_ur10_controller_tutorial/src/jointspace_controller.cpp:272:16:[m[K [01;31m[Kerror: [m[Kredeclaration of â€˜[01m[KTum::Vector6d Q[m[Kâ€™
  272 |       Vector6d [01;31m[KQ[m[K = Vector6d::Zero();
      |                [01;31m[K^[m[K
[01m[K/home/gin/ros/workspaces/final/src/tum_ics_ur10_controller_tutorial/src/jointspace_controller.cpp:200:16:[m[K [01;36m[Knote: [m[Kâ€˜[01m[KTum::Vector6d Q[m[Kâ€™ previously declared here
  200 |       Vector6d [01;36m[KQ[m[K = [q1, q2 ,q3, q4, q5, q6];
      |                [01;36m[K^[m[K
make[2]: *** [CMakeFiles/ur10_control.dir/build.make:63: CMakeFiles/ur10_control.dir/src/jointspace_controller.cpp.o] Error 1
make[1]: *** [CMakeFiles/Makefile2:1831: CMakeFiles/ur10_control.dir/all] Error 2
make: *** [Makefile:141: all] Error 2
