[01m[K/home/gin/ros/workspaces/final/src/tum_ics_ur10_controller_tutorial/src/jointspace_controller.cpp:[m[K In member function â€˜[01m[KTum::Vector6d tum_ics_ur_robot_lli::RobotControllers::JointSpaceController_1::operational_control(Tum::Vector6d, Tum::Vector6d, Tum::Vector7d, Tum::Vector7d, Tum::Vector6d, Tum::Vector6d)[m[Kâ€™:
[01m[K/home/gin/ros/workspaces/final/src/tum_ics_ur10_controller_tutorial/src/jointspace_controller.cpp:1256:30:[m[K [01;31m[Kerror: [m[Kâ€˜[01m[Kdelta_t[m[Kâ€™ was not declared in this scope; did you mean â€˜[01m[Kdev_t[m[Kâ€™?
 1256 |       DeltaXi_ = DeltaXi_ +  [01;31m[Kdelta_t[m[K * DeltaX_;
      |                              [01;31m[K^~~~~~~[m[K
      |                              [32m[Kdev_t[m[K
[01m[K/home/gin/ros/workspaces/final/src/tum_ics_ur10_controller_tutorial/src/jointspace_controller.cpp:1269:21:[m[K [01;31m[Kerror: [m[Kâ€˜[01m[KXp_ef_0[m[Kâ€™ was not declared in this scope; did you mean â€˜[01m[KJ_ef_0[m[Kâ€™?
 1269 |       Vector6d Sx = [01;31m[KXp_ef_0[m[K - Xrp;
      |                     [01;31m[K^~~~~~~[m[K
      |                     [32m[KJ_ef_0[m[K
make[2]: *** [CMakeFiles/ur10_control.dir/build.make:63: CMakeFiles/ur10_control.dir/src/jointspace_controller.cpp.o] Error 1
make[1]: *** [CMakeFiles/Makefile2:2045: CMakeFiles/ur10_control.dir/all] Error 2
make: *** [Makefile:141: all] Error 2
