[01m[K/home/gin/ros/workspaces/final/src/tum_ics_ur10_controller_tutorial/src/jointspace_controller.cpp:[m[K In function â€˜[01m[Kbool tum_ics_ur_robot_lli::RobotControllers::is_all_less(Tum::Vector6d, double)[m[Kâ€™:
[01m[K/home/gin/ros/workspaces/final/src/tum_ics_ur10_controller_tutorial/src/jointspace_controller.cpp:636:14:[m[K [01;31m[Kerror: [m[Kâ€˜[01m[Kin_less[m[Kâ€™ was not declared in this scope; did you mean â€˜[01m[Kis_less[m[Kâ€™?
  636 |       return [01;31m[Kin_less[m[K;
      |              [01;31m[K^~~~~~~[m[K
      |              [32m[Kis_less[m[K
make[2]: *** [CMakeFiles/ur10_control.dir/build.make:63: CMakeFiles/ur10_control.dir/src/jointspace_controller.cpp.o] Error 1
make[1]: *** [CMakeFiles/Makefile2:2045: CMakeFiles/ur10_control.dir/all] Error 2
make: *** [Makefile:141: all] Error 2
