[01m[K/home/gin/ros/workspaces/final/src/tum_ics_ur10_controller_tutorial/src/jointspace_controller.cpp:[m[K In constructor â€˜[01m[Ktum_ics_ur_robot_lli::RobotControllers::JointSpaceController_1::JointSpaceController_1(double, const QString&)[m[Kâ€™:
[01m[K/home/gin/ros/workspaces/final/src/tum_ics_ur10_controller_tutorial/src/jointspace_controller.cpp:317:26:[m[K [01;31m[Kerror: [m[Kno match for call to â€˜[01m[K(ur::URModel) (const char [11])[m[Kâ€™
  317 |       model_("ur10_model"[01;31m[K)[m[K;
      |                          [01;31m[K^[m[K
[01m[K/home/gin/ros/workspaces/final/src/tum_ics_ur10_controller_tutorial/src/jointspace_controller.cpp:[m[K In member function â€˜[01m[KTum::Vector6d tum_ics_ur_robot_lli::RobotControllers::JointSpaceController_1::joint_control(Tum::Vector6d, Tum::Vector6d, Tum::Vector6d, double, double, const tum_ics_ur_robot_lli::RobotTime&)[m[Kâ€™:
[01m[K/home/gin/ros/workspaces/final/src/tum_ics_ur10_controller_tutorial/src/jointspace_controller.cpp:556:13:[m[K [01;31m[Kerror: [m[Kâ€˜[01m[Kmodel[m[Kâ€™ was not declared in this scope; did you mean â€˜[01m[Kmodel_[m[Kâ€™?
  556 |       Yr_ = [01;31m[Kmodel[m[K.regressor(Q, Qp, Qrp, Qrpp);
      |             [01;31m[K^~~~~[m[K
      |             [32m[Kmodel_[m[K
make[2]: *** [CMakeFiles/ur10_control.dir/build.make:63: CMakeFiles/ur10_control.dir/src/jointspace_controller.cpp.o] Error 1
make[1]: *** [CMakeFiles/Makefile2:2045: CMakeFiles/ur10_control.dir/all] Error 2
make: *** [Makefile:141: all] Error 2
