[01m[K/home/gin/ros/workspaces/final/src/tum_ics_ur10_controller_tutorial/src/jointspace_controller_1.cpp:[m[K In member function â€˜[01m[KTum::Vector6d tum_ics_ur_robot_lli::RobotControllers::JointSpaceController_1::operational_control_obstacle_avoidance(Tum::Vector6d, Tum::Vector6d, Tum::Vector6d, double, double, const tum_ics_ur_robot_lli::RobotTime&)[m[Kâ€™:
[01m[K/home/gin/ros/workspaces/final/src/tum_ics_ur10_controller_tutorial/src/jointspace_controller_1.cpp:638:15:[m[K [01;31m[Kerror: [m[Kâ€˜[01m[Kimpedance_control[m[Kâ€™ was not declared in this scope; did you mean â€˜[01m[Kimpedance_is_on[m[Kâ€™?
  638 |         tau = [01;31m[Kimpedance_control[m[K(Q, Qp, Xd, Xdp, rad_influence, fac);
      |               [01;31m[K^~~~~~~~~~~~~~~~~[m[K
      |               [32m[Kimpedance_is_on[m[K
make[2]: *** [CMakeFiles/ur10_control.dir/build.make:76: CMakeFiles/ur10_control.dir/src/jointspace_controller_1.cpp.o] Error 1
make[1]: *** [CMakeFiles/Makefile2:2045: CMakeFiles/ur10_control.dir/all] Error 2
make: *** [Makefile:141: all] Error 2
