[01m[K/home/gin/ros/workspaces/final/src/tum_ics_ur10_controller_tutorial/src/jointspace_controller.cpp:864:22:[m[K [01;31m[Kerror: [m[Kâ€˜[01m[KQuaterniiond[m[Kâ€™ was not declared in this scope; did you mean â€˜[01m[KQQuaternion[m[Kâ€™?
  864 |     Quaterniond w2kp([01;31m[KQuaterniiond[m[K k, Vector3d w) {
      |                      [01;31m[K^~~~~~~~~~~~[m[K
      |                      [32m[KQQuaternion[m[K
[01m[K/home/gin/ros/workspaces/final/src/tum_ics_ur10_controller_tutorial/src/jointspace_controller.cpp:864:47:[m[K [01;31m[Kerror: [m[Kexpected primary-expression before â€˜[01m[Kw[m[Kâ€™
  864 |     Quaterniond w2kp(Quaterniiond k, Vector3d [01;31m[Kw[m[K) {
      |                                               [01;31m[K^[m[K
[01m[K/home/gin/ros/workspaces/final/src/tum_ics_ur10_controller_tutorial/src/jointspace_controller.cpp:864:50:[m[K [01;31m[Kerror: [m[Kexpected â€˜[01m[K,[m[Kâ€™ or â€˜[01m[K;[m[Kâ€™ before â€˜[01m[K{[m[Kâ€™ token
  864 |     Quaterniond w2kp(Quaterniiond k, Vector3d w) [01;31m[K{[m[K
      |                                                  [01;31m[K^[m[K
make[2]: *** [CMakeFiles/ur10_control.dir/build.make:63: CMakeFiles/ur10_control.dir/src/jointspace_controller.cpp.o] Error 1
make[1]: *** [CMakeFiles/Makefile2:2045: CMakeFiles/ur10_control.dir/all] Error 2
make: *** [Makefile:141: all] Error 2
