[01m[K/home/gin/ros/workspaces/final/src/tum_ics_ur10_controller_tutorial/src/jointspace_controller.cpp:[m[K In member function â€˜[01m[KTum::Vector6d tum_ics_ur_robot_lli::RobotControllers::JointSpaceController_1::operational_control(Tum::Vector6d, Tum::Vector6d, Tum::Vector6d, double, double, const tum_ics_ur_robot_lli::RobotTime&)[m[Kâ€™:
[01m[K/home/gin/ros/workspaces/final/src/tum_ics_ur10_controller_tutorial/src/jointspace_controller.cpp:615:14:[m[K [01;31m[Kerror: [m[Kâ€˜[01m[Kfirst_iteration[m[Kâ€™ does not name a type
  615 |       static [01;31m[Kfirst_iteration[m[K = true;
      |              [01;31m[K^~~~~~~~~~~~~~~[m[K
[01m[K/home/gin/ros/workspaces/final/src/tum_ics_ur10_controller_tutorial/src/jointspace_controller.cpp:616:10:[m[K [01;31m[Kerror: [m[Kâ€˜[01m[Kfirst_iteration[m[Kâ€™ was not declared in this scope
  616 |       if([01;31m[Kfirst_iteration[m[K)
      |          [01;31m[K^~~~~~~~~~~~~~~[m[K
[01m[K/home/gin/ros/workspaces/final/src/tum_ics_ur10_controller_tutorial/src/jointspace_controller.cpp:619:9:[m[K [01;31m[Kerror: [m[Kâ€˜[01m[KT_ef_0_start_[m[Kâ€™ was not declared in this scope
  619 |         [01;31m[KT_ef_0_start_[m[K = model_.T_ef_0(Q);
      |         [01;31m[K^~~~~~~~~~~~~[m[K
[01m[K/home/gin/ros/workspaces/final/src/tum_ics_ur10_controller_tutorial/src/jointspace_controller.cpp:621:22:[m[K [01;31m[Kerror: [m[Kâ€˜[01m[KT_ef_0_start_[m[Kâ€™ was not declared in this scope
  621 |       Quaterniond Qd([01;31m[KT_ef_0_start_[m[K.orientation());
      |                      [01;31m[K^~~~~~~~~~~~~[m[K
make[2]: *** [CMakeFiles/ur10_control.dir/build.make:63: CMakeFiles/ur10_control.dir/src/jointspace_controller.cpp.o] Error 1
make[1]: *** [CMakeFiles/Makefile2:2045: CMakeFiles/ur10_control.dir/all] Error 2
make: *** [Makefile:141: all] Error 2
