[01m[K/home/gin/ros/workspaces/final/src/tum_ics_ur10_controller_tutorial/src/jointspace_controller.cpp:[m[K In member function â€˜[01m[KTum::Vector12d tum_ics_ur_robot_lli::RobotControllers::JointSpaceController_1::interpolate_joint2(Tum::Vector6d, Tum::Vector6d, double, double, double)[m[Kâ€™:
[01m[K/home/gin/ros/workspaces/final/src/tum_ics_ur10_controller_tutorial/src/jointspace_controller.cpp:624:9:[m[K [01;31m[Kerror: [m[Kâ€˜[01m[KVector18d[m[Kâ€™ was not declared in this scope
  624 |         [01;31m[KVector18d[m[K out;
      |         [01;31m[K^~~~~~~~~[m[K
[01m[K/home/gin/ros/workspaces/final/src/tum_ics_ur10_controller_tutorial/src/jointspace_controller.cpp:625:9:[m[K [01;31m[Kerror: [m[Kâ€˜[01m[Kout[m[Kâ€™ was not declared in this scope; did you mean â€˜[01m[Koct[m[Kâ€™?
  625 |         [01;31m[Kout[m[K << c, z, z;
      |         [01;31m[K^~~[m[K
      |         [32m[Koct[m[K
[01m[K/home/gin/ros/workspaces/final/src/tum_ics_ur10_controller_tutorial/src/jointspace_controller.cpp:630:9:[m[K [01;31m[Kerror: [m[Kâ€˜[01m[KVector18d[m[Kâ€™ was not declared in this scope
  630 |         [01;31m[KVector18d[m[K out;
      |         [01;31m[K^~~~~~~~~[m[K
[01m[K/home/gin/ros/workspaces/final/src/tum_ics_ur10_controller_tutorial/src/jointspace_controller.cpp:631:9:[m[K [01;31m[Kerror: [m[Kâ€˜[01m[Kout[m[Kâ€™ was not declared in this scope; did you mean â€˜[01m[Koct[m[Kâ€™?
  631 |         [01;31m[Kout[m[K << g, z, z;
      |         [01;31m[K^~~[m[K
      |         [32m[Koct[m[K
[01m[K/home/gin/ros/workspaces/final/src/tum_ics_ur10_controller_tutorial/src/jointspace_controller.cpp:658:16:[m[K [01;31m[Kerror: [m[Kredeclaration of â€˜[01m[KTum::Vector6d avt[m[Kâ€™
  658 |       Vector6d [01;31m[Kavt[m[K = at.transpose()*a;
      |                [01;31m[K^~~[m[K
[01m[K/home/gin/ros/workspaces/final/src/tum_ics_ur10_controller_tutorial/src/jointspace_controller.cpp:657:16:[m[K [01;36m[Knote: [m[Kâ€˜[01m[KTum::Vector6d avt[m[Kâ€™ previously declared here
  657 |       Vector6d [01;36m[Kavt[m[K = vt.transpose()*a;
      |                [01;36m[K^~~[m[K
[01m[K/home/gin/ros/workspaces/final/src/tum_ics_ur10_controller_tutorial/src/jointspace_controller.cpp:658:22:[m[K [01;31m[Kerror: [m[Kâ€˜[01m[Kat[m[Kâ€™ was not declared in this scope; did you mean â€˜[01m[Kboost::mpl::at[m[Kâ€™?
  658 |       Vector6d avt = [01;31m[Kat[m[K.transpose()*a;
      |                      [01;31m[K^~[m[K
      |                      [32m[Kboost::mpl::at[m[K
In file included from [01m[K/usr/include/boost/mpl/vector/aux_/at.hpp:17[m[K,
                 from [01m[K/usr/include/boost/mpl/vector/vector0.hpp:17[m[K,
                 from [01m[K/usr/include/boost/mpl/vector/vector10.hpp:18[m[K,
                 from [01m[K/usr/include/boost/mpl/vector/vector20.hpp:18[m[K,
                 from [01m[K/usr/include/boost/mpl/vector.hpp:36[m[K,
                 from [01m[K/usr/include/boost/math/policies/policy.hpp:14[m[K,
                 from [01m[K/usr/include/boost/math/policies/error_handling.hpp:21[m[K,
                 from [01m[K/usr/include/boost/math/special_functions/round.hpp:14[m[K,
                 from [01m[K/opt/ros/noetic/include/ros/time.h:58[m[K,
                 from [01m[K/opt/ros/noetic/include/ros/serialization.h:34[m[K,
                 from [01m[K/opt/ros/noetic/include/sensor_msgs/JointState.h:14[m[K,
                 from [01m[K/opt/ros/noetic/include/tum_ics_ur_robot_lli/JointState.h:13[m[K,
                 from [01m[K/opt/ros/noetic/include/tum_ics_ur_robot_lli/RobotControllers/Controller.h:14[m[K,
                 from [01m[K/opt/ros/noetic/include/tum_ics_ur_robot_lli/RobotControllers/ControlEffort.h:4[m[K,
                 from [01m[K/home/gin/ros/workspaces/final/src/tum_ics_ur10_controller_tutorial/include/tum_ics_ur10_controller_tutorial/jointspace_controller.h:4[m[K,
                 from [01m[K/home/gin/ros/workspaces/final/src/tum_ics_ur10_controller_tutorial/src/jointspace_controller.cpp:1[m[K:
[01m[K/usr/include/boost/mpl/at_fwd.hpp:20:50:[m[K [01;36m[Knote: [m[Kâ€˜[01m[Kboost::mpl::at[m[Kâ€™ declared here
   20 | template< typename Sequence, typename N > struct [01;36m[Kat[m[K;
      |                                                  [01;36m[K^~[m[K
[01m[K/home/gin/ros/workspaces/final/src/tum_ics_ur10_controller_tutorial/src/jointspace_controller.cpp:660:14:[m[K [01;31m[Kerror: [m[Kâ€˜[01m[Kapt[m[Kâ€™ was not declared in this scope; did you mean â€˜[01m[Kavt[m[Kâ€™?
  660 |       out << [01;31m[Kapt[m[K, avt;
      |              [01;31m[K^~~[m[K
      |              [32m[Kavt[m[K
make[2]: *** [CMakeFiles/ur10_control.dir/build.make:63: CMakeFiles/ur10_control.dir/src/jointspace_controller.cpp.o] Error 1
make[1]: *** [CMakeFiles/Makefile2:1905: CMakeFiles/ur10_control.dir/all] Error 2
make: *** [Makefile:141: all] Error 2
