[01m[K/home/gin/ros/workspaces/final/src/tum_ics_ur10_controller_tutorial/src/jointspace_controller.cpp:[m[K In constructor â€˜[01m[Ktum_ics_ur_robot_lli::RobotControllers::JointSpaceController_1::JointSpaceController_1(double, const QString&)[m[Kâ€™:
[01m[K/home/gin/ros/workspaces/final/src/tum_ics_ur10_controller_tutorial/src/jointspace_controller.cpp:192:7:[m[K [01;31m[Kerror: [m[Kclass â€˜[01m[Ktum_ics_ur_robot_lli::RobotControllers::JointSpaceController_1[m[Kâ€™ does not have any field named â€˜[01m[Kgoal_[m[Kâ€™
  192 |       [01;31m[Kgoal_[m[K(Vector6d::Zero()),
      |       [01;31m[K^~~~~[m[K
make[2]: *** [CMakeFiles/ur10_control.dir/build.make:63: CMakeFiles/ur10_control.dir/src/jointspace_controller.cpp.o] Error 1
make[1]: *** [CMakeFiles/Makefile2:2045: CMakeFiles/ur10_control.dir/all] Error 2
make: *** [Makefile:141: all] Error 2
