[01m[K/home/gin/ros/workspaces/final/src/tum_ics_ur10_controller_tutorial/src/jointspace_controller.cpp:[m[K In member function â€˜[01m[KTum::Vector6d tum_ics_ur_robot_lli::RobotControllers::JointSpaceController_1::operational_control_obstacle_avoidance(Tum::Vector6d, Tum::Vector6d, Tum::Vector6d, double, double, const tum_ics_ur_robot_lli::RobotTime&)[m[Kâ€™:
[01m[K/home/gin/ros/workspaces/final/src/tum_ics_ur10_controller_tutorial/src/jointspace_controller.cpp:642:62:[m[K [01;31m[Kerror: [m[Kno matching function for call to â€˜[01m[Ktum_ics_ur_robot_lli::RobotControllers::JointSpaceController_1::impedance_control(Tum::Vector6d&, Tum::Vector6d&, Tum::Vector7d&, Tum::Vector6d&, double&)[m[Kâ€™
  642 |         tau = impedance_control(Q, Qp, Xd, Xdp, rad_influence[01;31m[K)[m[K;
      |                                                              [01;31m[K^[m[K
In file included from [01m[K/home/gin/ros/workspaces/final/src/tum_ics_ur10_controller_tutorial/src/jointspace_controller.cpp:1[m[K:
[01m[K/home/gin/ros/workspaces/final/src/tum_ics_ur10_controller_tutorial/include/tum_ics_ur10_controller_tutorial/jointspace_controller.h:199:16:[m[K [01;36m[Knote: [m[Kcandidate: â€˜[01m[KTum::Vector6d tum_ics_ur_robot_lli::RobotControllers::JointSpaceController_1::impedance_control(Tum::Vector6d, Tum::Vector6d, Tum::Vector7d, Tum::Vector6d, double, double)[m[Kâ€™
  199 |       Vector6d [01;36m[Kimpedance_control[m[K(Vector6d Q, Vector6d Qp, Vector7d Xd, Vector6d Xdp, double rad_influence, double fac);
      |                [01;36m[K^~~~~~~~~~~~~~~~~[m[K
[01m[K/home/gin/ros/workspaces/final/src/tum_ics_ur10_controller_tutorial/include/tum_ics_ur10_controller_tutorial/jointspace_controller.h:199:16:[m[K [01;36m[Knote: [m[K  candidate expects 6 arguments, 5 provided
make[2]: *** [CMakeFiles/ur10_control.dir/build.make:63: CMakeFiles/ur10_control.dir/src/jointspace_controller.cpp.o] Error 1
make[1]: *** [CMakeFiles/Makefile2:2045: CMakeFiles/ur10_control.dir/all] Error 2
make: *** [Makefile:141: all] Error 2
