[01m[K/home/gin/ros/workspaces/final/src/tum_ics_ur10_controller_tutorial/src/jointspace_controller.cpp:[m[K In member function â€˜[01m[KTum::Vector6d tum_ics_ur_robot_lli::RobotControllers::JointSpaceController_1::operational_control(Tum::Vector6d, Tum::Vector6d, Tum::Vector6d, double, double, const tum_ics_ur_robot_lli::RobotTime&)[m[Kâ€™:
[01m[K/home/gin/ros/workspaces/final/src/tum_ics_ur10_controller_tutorial/src/jointspace_controller.cpp:751:27:[m[K [01;31m[Kerror: [m[Kâ€˜[01m[Kclass ur::URModel[m[Kâ€™ has no member named â€˜[01m[KJ_ef_B[m[Kâ€™; did you mean â€˜[01m[KT_ef_B[m[Kâ€™?
  751 |       Matrix6d J = model_.[01;31m[KJ_ef_B[m[K(Q);
      |                           [01;31m[K^~~~~~[m[K
      |                           [32m[KT_ef_B[m[K
[01m[K/home/gin/ros/workspaces/final/src/tum_ics_ur10_controller_tutorial/src/jointspace_controller.cpp:799:28:[m[K [01;31m[Kerror: [m[Kâ€˜[01m[Kclass ur::URModel[m[Kâ€™ has no member named â€˜[01m[KJp_ef_B[m[Kâ€™; did you mean â€˜[01m[KJp_ef_0[m[Kâ€™?
  799 |       Matrix6d Jp = model_.[01;31m[KJp_ef_B[m[K(Q, Qp);
      |                            [01;31m[K^~~~~~~[m[K
      |                            [32m[KJp_ef_0[m[K
make[2]: *** [CMakeFiles/ur10_control.dir/build.make:63: CMakeFiles/ur10_control.dir/src/jointspace_controller.cpp.o] Error 1
make[1]: *** [CMakeFiles/Makefile2:2045: CMakeFiles/ur10_control.dir/all] Error 2
make: *** [Makefile:141: all] Error 2
