[01m[K/home/gin/ros/workspaces/final/src/tum_ics_ur10_controller_tutorial/src/jointspace_controller.cpp:[m[K In member function â€˜[01m[KTum::Matrix6d tum_ics_ur_robot_lli::RobotControllers::JointSpaceController_1::calc_repel_force(Tum::Vector6d, double)[m[Kâ€™:
[01m[K/home/gin/ros/workspaces/final/src/tum_ics_ur10_controller_tutorial/src/jointspace_controller.cpp:713:21:[m[K [01;31m[Kerror: [m[Kâ€˜[01m[Kobstacle_pos_0[m[Kâ€™ was not declared in this scope; did you mean â€˜[01m[Kobstacle_pos_[m[Kâ€™?
  713 |         vis_pose(k, [01;31m[Kobstacle_pos_0[m[K, "dh_arm_joint_0", vis_pub_obstacle);
      |                     [01;31m[K^~~~~~~~~~~~~~[m[K
      |                     [32m[Kobstacle_pos_[m[K
make[2]: *** [CMakeFiles/ur10_control.dir/build.make:63: CMakeFiles/ur10_control.dir/src/jointspace_controller.cpp.o] Error 1
make[1]: *** [CMakeFiles/Makefile2:2045: CMakeFiles/ur10_control.dir/all] Error 2
make: *** [Makefile:141: all] Error 2
