[01m[K/home/gin/ros/workspaces/final/src/tum_ics_ur10_controller_tutorial/src/jointspace_controller.cpp:[m[K In member function â€˜[01m[KTum::Vector6d tum_ics_ur_robot_lli::RobotControllers::JointSpaceController_1::operational_control(Tum::Vector6d, Tum::Vector6d, Tum::Vector6d, double, double, const tum_ics_ur_robot_lli::RobotTime&)[m[Kâ€™:
[01m[K/home/gin/ros/workspaces/final/src/tum_ics_ur10_controller_tutorial/src/jointspace_controller.cpp:772:50:[m[K [01;31m[Kerror: [m[Kno matching function for call to â€˜[01m[KlogErrorWorld(Eigen::Quaterniond&, Eigen::Quaterniond&)[m[Kâ€™
  772 |       Vector3d DeltaX_w = cc::logErrorWorld(kd, k[01;31m[K)[m[K;
      |                                                  [01;31m[K^[m[K
In file included from [01m[K/home/gin/ros/workspaces/final/src/utilities/control_core/include/control_core/math.h:34[m[K,
                 from [01m[K/home/gin/ros/workspaces/final/src/tum_ics_ur10_controller_tutorial/src/jointspace_controller.cpp:5[m[K:
[01m[K/home/gin/ros/workspaces/final/src/utilities/control_core/include/control_core/math/quaternion.h:209:16:[m[K [01;36m[Knote: [m[Kcandidate: â€˜[01m[Ktemplate<class Derived1, class Derived2> cc::Vector3 cc::logErrorWorld(const control_core::QuaternionBase<_Derived>&, const control_core::QuaternionBase<Derived2>&)[m[Kâ€™
  209 | inline Vector3 [01;36m[KlogErrorWorld[m[K(                                                   // TODO: and for
      |                [01;36m[K^~~~~~~~~~~~~[m[K
[01m[K/home/gin/ros/workspaces/final/src/utilities/control_core/include/control_core/math/quaternion.h:209:16:[m[K [01;36m[Knote: [m[K  template argument deduction/substitution failed:
[01m[K/home/gin/ros/workspaces/final/src/tum_ics_ur10_controller_tutorial/src/jointspace_controller.cpp:772:50:[m[K [01;36m[Knote: [m[K  â€˜[01m[KEigen::Quaterniond[m[Kâ€™ {aka â€˜[01m[KEigen::Quaternion<double>[m[Kâ€™} is not derived from â€˜[01m[Kconst control_core::QuaternionBase<_Derived>[m[Kâ€™
  772 |       Vector3d DeltaX_w = cc::logErrorWorld(kd, k[01;36m[K)[m[K;
      |                                                  [01;36m[K^[m[K
[01m[K/home/gin/ros/workspaces/final/src/tum_ics_ur10_controller_tutorial/src/jointspace_controller.cpp:773:25:[m[K [01;31m[Kerror: [m[Kno matching function for call to â€˜[01m[KlogErrorWorld()[m[Kâ€™
  773 |       cc::logErrorWorld([01;31m[K)[m[K
      |                         [01;31m[K^[m[K
In file included from [01m[K/home/gin/ros/workspaces/final/src/utilities/control_core/include/control_core/math.h:34[m[K,
                 from [01m[K/home/gin/ros/workspaces/final/src/tum_ics_ur10_controller_tutorial/src/jointspace_controller.cpp:5[m[K:
[01m[K/home/gin/ros/workspaces/final/src/utilities/control_core/include/control_core/math/quaternion.h:209:16:[m[K [01;36m[Knote: [m[Kcandidate: â€˜[01m[Ktemplate<class Derived1, class Derived2> cc::Vector3 cc::logErrorWorld(const control_core::QuaternionBase<_Derived>&, const control_core::QuaternionBase<Derived2>&)[m[Kâ€™
  209 | inline Vector3 [01;36m[KlogErrorWorld[m[K(                                                   // TODO: and for
      |                [01;36m[K^~~~~~~~~~~~~[m[K
[01m[K/home/gin/ros/workspaces/final/src/utilities/control_core/include/control_core/math/quaternion.h:209:16:[m[K [01;36m[Knote: [m[K  template argument deduction/substitution failed:
[01m[K/home/gin/ros/workspaces/final/src/tum_ics_ur10_controller_tutorial/src/jointspace_controller.cpp:773:25:[m[K [01;36m[Knote: [m[K  candidate expects 2 arguments, 0 provided
  773 |       cc::logErrorWorld([01;36m[K)[m[K
      |                         [01;36m[K^[m[K
[01m[K/home/gin/ros/workspaces/final/src/tum_ics_ur10_controller_tutorial/src/jointspace_controller.cpp:777:7:[m[K [01;31m[Kerror: [m[Kâ€˜[01m[KDeltaX[m[Kâ€™ was not declared in this scope; did you mean â€˜[01m[KDeltaQ_[m[Kâ€™?
  777 |       [01;31m[KDeltaX[m[K << DeltaX_v, DeltaX_w;
      |       [01;31m[K^~~~~~[m[K
      |       [32m[KDeltaQ_[m[K
make[2]: *** [CMakeFiles/ur10_control.dir/build.make:63: CMakeFiles/ur10_control.dir/src/jointspace_controller.cpp.o] Error 1
make[1]: *** [CMakeFiles/Makefile2:2045: CMakeFiles/ur10_control.dir/all] Error 2
make: *** [Makefile:141: all] Error 2
