[01m[K/home/gin/ros/workspaces/final/src/tum_ics_ur10_controller_tutorial/src/jointspace_controller.cpp:[m[K In member function â€˜[01m[KTum::Vector6d tum_ics_ur_robot_lli::RobotControllers::JointSpaceController_1::operational_control(Tum::Vector6d, Tum::Vector6d, Tum::Vector6d, double, double, const tum_ics_ur_robot_lli::RobotTime&)[m[Kâ€™:
[01m[K/home/gin/ros/workspaces/final/src/tum_ics_ur10_controller_tutorial/src/jointspace_controller.cpp:772:7:[m[K [01;31m[Kerror: [m[Kâ€˜[01m[Kcc::AngularPosition[m[Kâ€™ {aka â€˜[01m[Kcontrol_core::AngularPosition<double>[m[Kâ€™} is not a template
  772 |       [01;31m[Kcc[m[K::AngularPosition<cc::Scalar> a(Rd);
      |       [01;31m[K^~[m[K
[01m[K/home/gin/ros/workspaces/final/src/tum_ics_ur10_controller_tutorial/src/jointspace_controller.cpp:773:7:[m[K [01;31m[Kerror: [m[Kâ€˜[01m[Kcc::AngularPosition[m[Kâ€™ {aka â€˜[01m[Kcontrol_core::AngularPosition<double>[m[Kâ€™} is not a template
  773 |       [01;31m[Kcc[m[K::AngularPosition<cc::Scalar> b(R);
      |       [01;31m[K^~[m[K
[01m[K/home/gin/ros/workspaces/final/src/tum_ics_ur10_controller_tutorial/src/jointspace_controller.cpp:780:16:[m[K [01;31m[Kerror: [m[Kexpected initializer before â€˜[01m[KDeltaX[m[Kâ€™
  780 |       Vector6d [01;31m[KDeltaX[m[K;
      |                [01;31m[K^~~~~~[m[K
[01m[K/home/gin/ros/workspaces/final/src/tum_ics_ur10_controller_tutorial/src/jointspace_controller.cpp:781:7:[m[K [01;31m[Kerror: [m[Kâ€˜[01m[KDeltaX[m[Kâ€™ was not declared in this scope; did you mean â€˜[01m[KDeltaQ_[m[Kâ€™?
  781 |       [01;31m[KDeltaX[m[K << DeltaX_v, DeltaX_w;
      |       [01;31m[K^~~~~~[m[K
      |       [32m[KDeltaQ_[m[K
make[2]: *** [CMakeFiles/ur10_control.dir/build.make:63: CMakeFiles/ur10_control.dir/src/jointspace_controller.cpp.o] Error 1
make[1]: *** [CMakeFiles/Makefile2:2045: CMakeFiles/ur10_control.dir/all] Error 2
make: *** [Makefile:141: all] Error 2
