[01m[K/home/gin/ros/workspaces/final/src/tum_ics_ur10_controller_tutorial/src/jointspace_controller.cpp:[m[K In function â€˜[01m[Kdouble tum_ics_ur_robot_lli::RobotControllers::distance_to_j_joint(Tum::Vector6d, int)[m[Kâ€™:
[01m[K/home/gin/ros/workspaces/final/src/tum_ics_ur10_controller_tutorial/src/jointspace_controller.cpp:754:45:[m[K [01;31m[Kerror: [m[Kâ€˜[01m[Kmodel_[m[Kâ€™ was not declared in this scope; did you mean â€˜[01m[Kmode_t[m[Kâ€™?
  754 |       cc::HomogeneousTransformation T_j_0 = [01;31m[Kmodel_[m[K.T_j_0(Q,j);
      |                                             [01;31m[K^~~~~~[m[K
      |                                             [32m[Kmode_t[m[K
[01m[K/home/gin/ros/workspaces/final/src/tum_ics_ur10_controller_tutorial/src/jointspace_controller.cpp:757:27:[m[K [01;31m[Kerror: [m[Kâ€˜[01m[Kobstacle_pos_[m[Kâ€™ was not declared in this scope; did you mean â€˜[01m[Kobstacle_pos_w_h[m[Kâ€™?
  757 |       obstacle_pos_w_h << [01;31m[Kobstacle_pos_[m[K, 1;
      |                           [01;31m[K^~~~~~~~~~~~~[m[K
      |                           [32m[Kobstacle_pos_w_h[m[K
make[2]: *** [CMakeFiles/ur10_control.dir/build.make:63: CMakeFiles/ur10_control.dir/src/jointspace_controller.cpp.o] Error 1
make[1]: *** [CMakeFiles/Makefile2:2045: CMakeFiles/ur10_control.dir/all] Error 2
make: *** [Makefile:141: all] Error 2
