[01m[K/home/gin/ros/workspaces/final/src/tum_ics_ur10_controller_tutorial/src/jointspace_controller.cpp:[m[K In member function â€˜[01m[KTum::Vector6d tum_ics_ur_robot_lli::RobotControllers::JointSpaceController_1::operational_control(Tum::Vector6d, Tum::Vector6d, Tum::Vector6d, double, double, const tum_ics_ur_robot_lli::RobotTime&)[m[Kâ€™:
[01m[K/home/gin/ros/workspaces/final/src/tum_ics_ur10_controller_tutorial/src/jointspace_controller.cpp:573:7:[m[K [01;31m[Kerror: [m[Kâ€˜[01m[KVectord[m[Kâ€™ was not declared in this scope; did you mean â€˜[01m[KQVector[m[Kâ€™?
  573 |       [01;31m[KVectord[m[K Xdp_v;
      |       [01;31m[K^~~~~~~[m[K
      |       [32m[KQVector[m[K
[01m[K/home/gin/ros/workspaces/final/src/tum_ics_ur10_controller_tutorial/src/jointspace_controller.cpp:574:7:[m[K [01;31m[Kerror: [m[Kâ€˜[01m[KXdp_v[m[Kâ€™ was not declared in this scope; did you mean â€˜[01m[KXd_v[m[Kâ€™?
  574 |       [01;31m[KXdp_v[m[K << 0,0,0;
      |       [01;31m[K^~~~~[m[K
      |       [32m[KXd_v[m[K
make[2]: *** [CMakeFiles/ur10_control.dir/build.make:63: CMakeFiles/ur10_control.dir/src/jointspace_controller.cpp.o] Error 1
make[1]: *** [CMakeFiles/Makefile2:1905: CMakeFiles/ur10_control.dir/all] Error 2
make: *** [Makefile:141: all] Error 2
