[01m[K/home/gin/ros/workspaces/final/src/tum_ics_ur10_controller_tutorial/src/jointspace_controller.cpp:[m[K In constructor â€˜[01m[Ktum_ics_ur_robot_lli::RobotControllers::JointSpaceController_1::JointSpaceController_1(double, const QString&)[m[Kâ€™:
[01m[K/home/gin/ros/workspaces/final/src/tum_ics_ur10_controller_tutorial/src/jointspace_controller.cpp:212:17:[m[K [01;31m[Kerror: [m[Kreturning a value from a constructor
  212 |         return -[01;31m[K1[m[K;
      |                 [01;31m[K^[m[K
[01m[K/home/gin/ros/workspaces/final/src/tum_ics_ur10_controller_tutorial/src/jointspace_controller.cpp:[m[K In member function â€˜[01m[Kvirtual Tum::Vector6d tum_ics_ur_robot_lli::RobotControllers::JointSpaceController_1::update(const tum_ics_ur_robot_lli::RobotTime&, const tum_ics_ur_robot_lli::JointState&)[m[Kâ€™:
[01m[K/home/gin/ros/workspaces/final/src/tum_ics_ur10_controller_tutorial/src/jointspace_controller.cpp:511:37:[m[K [01;31m[Kerror: [m[Kinvalid use of non-static member function â€˜[01m[Kconst ros::Time& tum_ics_ur_robot_lli::RobotTime::tRc() const[m[Kâ€™
  511 |       model.broadcastFrames(Q, [01;31m[Ktime.tRc[m[K);
      |                                [01;31m[K~~~~~^~~[m[K
In file included from [01m[K/opt/ros/noetic/include/tum_ics_ur_robot_lli/RobotControllers/Controller.h:15[m[K,
                 from [01m[K/opt/ros/noetic/include/tum_ics_ur_robot_lli/RobotControllers/ControlEffort.h:4[m[K,
                 from [01m[K/home/gin/ros/workspaces/final/src/tum_ics_ur10_controller_tutorial/include/tum_ics_ur10_controller_tutorial/jointspace_controller.h:4[m[K,
                 from [01m[K/home/gin/ros/workspaces/final/src/tum_ics_ur10_controller_tutorial/src/jointspace_controller.cpp:1[m[K:
[01m[K/opt/ros/noetic/include/tum_ics_ur_robot_lli/RobotTime.h:71:22:[m[K [01;36m[Knote: [m[Kdeclared here
   71 |     const ros::Time& [01;36m[KtRc[m[K() const;
      |                      [01;36m[K^~~[m[K
make[2]: *** [CMakeFiles/ur10_control.dir/build.make:63: CMakeFiles/ur10_control.dir/src/jointspace_controller.cpp.o] Error 1
make[1]: *** [CMakeFiles/Makefile2:2045: CMakeFiles/ur10_control.dir/all] Error 2
make: *** [Makefile:141: all] Error 2
