[01m[K/home/gin/ros/workspaces/final/src/tum_ics_ur10_controller_tutorial/src/jointspace_controller_1.cpp:[m[K In function â€˜[01m[Kvoid tum_ics_ur_robot_lli::RobotControllers::plot_joint_data(Tum::Vector6d, Tum::Vector6d, Tum::Vector6d)[m[Kâ€™:
[01m[K/home/gin/ros/workspaces/final/src/tum_ics_ur10_controller_tutorial/src/jointspace_controller_1.cpp:1044:7:[m[K [01;31m[Kerror: [m[Kâ€˜[01m[Kplot_pub_joints[m[Kâ€™ was not declared in this scope
 1044 |       [01;31m[Kplot_pub_joints[m[K.publish(msg);
      |       [01;31m[K^~~~~~~~~~~~~~~[m[K
make[2]: *** [CMakeFiles/ur10_control.dir/build.make:76: CMakeFiles/ur10_control.dir/src/jointspace_controller_1.cpp.o] Error 1
make[1]: *** [CMakeFiles/Makefile2:2045: CMakeFiles/ur10_control.dir/all] Error 2
make: *** [Makefile:141: all] Error 2
