[01m[K/home/gin/ros/workspaces/final/src/tum_ics_ur10_controller_tutorial/src/jointspace_controller.cpp:18:31:[m[K [01;31m[Kerror: [m[Kâ€˜[01m[Kdoubel[m[Kâ€™ was not declared in this scope; did you mean â€˜[01m[Kdouble[m[Kâ€™?
   18 |     Vector6d calc_repel_force([01;31m[Kdoubel[m[K ndj_0, double rad_influence);
      |                               [01;31m[K^~~~~~[m[K
      |                               [32m[Kdouble[m[K
[01m[K/home/gin/ros/workspaces/final/src/tum_ics_ur10_controller_tutorial/src/jointspace_controller.cpp:18:45:[m[K [01;31m[Kerror: [m[Kexpected primary-expression before â€˜[01m[Kdouble[m[Kâ€™
   18 |     Vector6d calc_repel_force(doubel ndj_0, [01;31m[Kdouble[m[K rad_influence);
      |                                             [01;31m[K^~~~~~[m[K
[01m[K/home/gin/ros/workspaces/final/src/tum_ics_ur10_controller_tutorial/src/jointspace_controller.cpp:[m[K In member function â€˜[01m[KTum::Vector6d tum_ics_ur_robot_lli::RobotControllers::JointSpaceController_1::operational_control_obstacle_avoidance(Tum::Vector6d, Tum::Vector6d, Tum::Vector6d, double, double, const tum_ics_ur_robot_lli::RobotTime&)[m[Kâ€™:
[01m[K/home/gin/ros/workspaces/final/src/tum_ics_ur10_controller_tutorial/src/jointspace_controller.cpp:680:33:[m[K [01;31m[Kerror: [m[Kâ€˜[01m[Kepsi[m[Kâ€™ was not declared in this scope
  680 |         double mag = fac/(nd1_0+[01;31m[Kepsi[m[K);
      |                                 [01;31m[K^~~~[m[K
[01m[K/home/gin/ros/workspaces/final/src/tum_ics_ur10_controller_tutorial/src/jointspace_controller.cpp:688:33:[m[K [01;31m[Kerror: [m[Kâ€˜[01m[Kepsi[m[Kâ€™ was not declared in this scope
  688 |         double mag = fac/(nd2_0+[01;31m[Kepsi[m[K);
      |                                 [01;31m[K^~~~[m[K
[01m[K/home/gin/ros/workspaces/final/src/tum_ics_ur10_controller_tutorial/src/jointspace_controller.cpp:696:33:[m[K [01;31m[Kerror: [m[Kâ€˜[01m[Kepsi[m[Kâ€™ was not declared in this scope
  696 |         double mag = fac/(nd3_0+[01;31m[Kepsi[m[K);
      |                                 [01;31m[K^~~~[m[K
[01m[K/home/gin/ros/workspaces/final/src/tum_ics_ur10_controller_tutorial/src/jointspace_controller.cpp:[m[K At global scope:
[01m[K/home/gin/ros/workspaces/final/src/tum_ics_ur10_controller_tutorial/src/jointspace_controller.cpp:732:14:[m[K [01;31m[Kerror: [m[Kredefinition of â€˜[01m[KTum::Vector6d tum_ics_ur_robot_lli::RobotControllers::calc_repel_force[m[Kâ€™
  732 |     Vector6d [01;31m[Kcalc_repel_force[m[K(doubel ndj_0, double rad_influence) {
      |              [01;31m[K^~~~~~~~~~~~~~~~[m[K
[01m[K/home/gin/ros/workspaces/final/src/tum_ics_ur10_controller_tutorial/src/jointspace_controller.cpp:18:14:[m[K [01;36m[Knote: [m[Kâ€˜[01m[KTum::Vector6d tum_ics_ur_robot_lli::RobotControllers::calc_repel_force[m[Kâ€™ previously declared here
   18 |     Vector6d [01;36m[Kcalc_repel_force[m[K(doubel ndj_0, double rad_influence);
      |              [01;36m[K^~~~~~~~~~~~~~~~[m[K
[01m[K/home/gin/ros/workspaces/final/src/tum_ics_ur10_controller_tutorial/src/jointspace_controller.cpp:732:31:[m[K [01;31m[Kerror: [m[Kâ€˜[01m[Kdoubel[m[Kâ€™ was not declared in this scope; did you mean â€˜[01m[Kdouble[m[Kâ€™?
  732 |     Vector6d calc_repel_force([01;31m[Kdoubel[m[K ndj_0, double rad_influence) {
      |                               [01;31m[K^~~~~~[m[K
      |                               [32m[Kdouble[m[K
[01m[K/home/gin/ros/workspaces/final/src/tum_ics_ur10_controller_tutorial/src/jointspace_controller.cpp:732:45:[m[K [01;31m[Kerror: [m[Kexpected primary-expression before â€˜[01m[Kdouble[m[Kâ€™
  732 |     Vector6d calc_repel_force(doubel ndj_0, [01;31m[Kdouble[m[K rad_influence) {
      |                                             [01;31m[K^~~~~~[m[K
make[2]: *** [CMakeFiles/ur10_control.dir/build.make:63: CMakeFiles/ur10_control.dir/src/jointspace_controller.cpp.o] Error 1
make[1]: *** [CMakeFiles/Makefile2:2045: CMakeFiles/ur10_control.dir/all] Error 2
make: *** [Makefile:141: all] Error 2
