[01m[K/home/gin/ros/workspaces/final/src/tum_ics_ur10_controller_tutorial/src/jointspace_controller.cpp:[m[K In member function â€˜[01m[KTum::Vector6d tum_ics_ur_robot_lli::RobotControllers::JointSpaceController_1::operational_control_obstacle_avoidance(Tum::Vector6d, Tum::Vector6d, Tum::Vector6d, double, double, const tum_ics_ur_robot_lli::RobotTime&)[m[Kâ€™:
[01m[K/home/gin/ros/workspaces/final/src/tum_ics_ur10_controller_tutorial/src/jointspace_controller.cpp:589:19:[m[K [01;31m[Kerror: [m[Kredeclaration of â€˜[01m[KEigen::Quaterniond Q_goal[m[Kâ€™
  589 |       Quaterniond [01;31m[KQ_goal[m[K = quat_for_marker_tracking(Q);
      |                   [01;31m[K^~~~~~[m[K
[01m[K/home/gin/ros/workspaces/final/src/tum_ics_ur10_controller_tutorial/src/jointspace_controller.cpp:567:19:[m[K [01;36m[Knote: [m[Kâ€˜[01m[KEigen::Quaterniond Q_goal[m[Kâ€™ previously declared here
  567 |       Quaterniond [01;36m[KQ_goal[m[K(R_goal);
      |                   [01;36m[K^~~~~~[m[K
make[2]: *** [CMakeFiles/ur10_control.dir/build.make:63: CMakeFiles/ur10_control.dir/src/jointspace_controller.cpp.o] Error 1
make[1]: *** [CMakeFiles/Makefile2:2045: CMakeFiles/ur10_control.dir/all] Error 2
make: *** [Makefile:141: all] Error 2
