[01m[K/home/gin/ros/workspaces/final/src/tum_ics_ur10_controller_tutorial/src/jointspace_controller.cpp:[m[K In member function â€˜[01m[KTum::Vector6d tum_ics_ur_robot_lli::RobotControllers::JointSpaceController_1::joint_control(Tum::Vector6d, Tum::Vector6d, Tum::Vector6d, double, double, const tum_ics_ur_robot_lli::RobotTime&)[m[Kâ€™:
[01m[K/home/gin/ros/workspaces/final/src/tum_ics_ur10_controller_tutorial/src/jointspace_controller.cpp:516:40:[m[K [01;31m[Kerror: [m[Kâ€˜[01m[KVQinit_[m[Kâ€™ was not declared in this scope; did you mean â€˜[01m[KQinit_[m[Kâ€™?
  516 |        Vector6d Qd = interpolate_joint([01;31m[KVQinit_[m[K, Qg, end_time - start_time, time.tD())
      |                                        [01;31m[K^~~~~~~[m[K
      |                                        [32m[KQinit_[m[K
[01m[K/home/gin/ros/workspaces/final/src/tum_ics_ur10_controller_tutorial/src/jointspace_controller.cpp:526:7:[m[K [01;31m[Kerror: [m[Kâ€˜[01m[KQdp[m[Kâ€™ was not declared in this scope; did you mean â€˜[01m[KQd[m[Kâ€™?
  526 |       [01;31m[KQdp[m[K.setZero();
      |       [01;31m[K^~~[m[K
      |       [32m[KQd[m[K
make[2]: *** [CMakeFiles/ur10_control.dir/build.make:63: CMakeFiles/ur10_control.dir/src/jointspace_controller.cpp.o] Error 1
make[1]: *** [CMakeFiles/Makefile2:2045: CMakeFiles/ur10_control.dir/all] Error 2
make: *** [Makefile:141: all] Error 2
