[01m[K/home/gin/ros/workspaces/final/src/tum_ics_ur10_controller_tutorial/src/jointspace_controller.cpp:[m[K In member function â€˜[01m[KTum::Vector6d tum_ics_ur_robot_lli::RobotControllers::JointSpaceController_1::operational_control(Tum::Vector6d, Tum::Vector6d, Tum::Vector6d, double, double, const tum_ics_ur_robot_lli::RobotTime&)[m[Kâ€™:
[01m[K/home/gin/ros/workspaces/final/src/tum_ics_ur10_controller_tutorial/src/jointspace_controller.cpp:668:50:[m[K [01;31m[Kerror: [m[Kâ€˜[01m[Kcy_eul[m[Kâ€™ was not declared in this scope; did you mean â€˜[01m[KXp_eul[m[Kâ€™?
  668 |       Ep <<  1,             0,                dy*[01;31m[Kcy_eul[m[K,
      |                                                  [01;31m[K^~~~~~[m[K
      |                                                  [32m[KXp_eul[m[K
[01m[K/home/gin/ros/workspaces/final/src/tum_ics_ur10_controller_tutorial/src/jointspace_controller.cpp:669:20:[m[K [01;31m[Kerror: [m[Kâ€˜[01m[Ksx_eul[m[Kâ€™ was not declared in this scope; did you mean â€˜[01m[KXp_eul[m[Kâ€™?
  669 |             0, -dx*[01;31m[Ksx_eul[m[K, dy*sy_eul*sx_eul - dx*cy_eul*cx_eul,
      |                    [01;31m[K^~~~~~[m[K
      |                    [32m[KXp_eul[m[K
[01m[K/home/gin/ros/workspaces/final/src/tum_ics_ur10_controller_tutorial/src/jointspace_controller.cpp:669:31:[m[K [01;31m[Kerror: [m[Kâ€˜[01m[Ksy_eul[m[Kâ€™ was not declared in this scope; did you mean â€˜[01m[KXp_eul[m[Kâ€™?
  669 |             0, -dx*sx_eul, dy*[01;31m[Ksy_eul[m[K*sx_eul - dx*cy_eul*cx_eul,
      |                               [01;31m[K^~~~~~[m[K
      |                               [32m[KXp_eul[m[K
[01m[K/home/gin/ros/workspaces/final/src/tum_ics_ur10_controller_tutorial/src/jointspace_controller.cpp:669:57:[m[K [01;31m[Kerror: [m[Kâ€˜[01m[Kcx_eul[m[Kâ€™ was not declared in this scope; did you mean â€˜[01m[KXp_eul[m[Kâ€™?
  669 |             0, -dx*sx_eul, dy*sy_eul*sx_eul - dx*cy_eul*[01;31m[Kcx_eul[m[K,
      |                                                         [01;31m[K^~~~~~[m[K
      |                                                         [32m[KXp_eul[m[K
make[2]: *** [CMakeFiles/ur10_control.dir/build.make:63: CMakeFiles/ur10_control.dir/src/jointspace_controller.cpp.o] Error 1
make[1]: *** [CMakeFiles/Makefile2:2045: CMakeFiles/ur10_control.dir/all] Error 2
make: *** [Makefile:141: all] Error 2
