[01m[K/home/gin/ros/workspaces/final/src/tum_ics_ur10_controller_tutorial/src/jointspace_controller_1.cpp:[m[K In member function â€˜[01m[KTum::Vector6d tum_ics_ur_robot_lli::RobotControllers::JointSpaceController_1::operational_control_obstacle_avoidance(Tum::Vector6d, Tum::Vector6d, Tum::Vector6d, double, double, const tum_ics_ur_robot_lli::RobotTime&)[m[Kâ€™:
[01m[K/home/gin/ros/workspaces/final/src/tum_ics_ur10_controller_tutorial/src/jointspace_controller_1.cpp:741:37:[m[K [01;31m[Kerror: [m[Kâ€˜[01m[Krad_influence[m[Kâ€™ was not declared in this scope; did you mean â€˜[01m[Krad_influence_[m[Kâ€™?
  741 |       if (is_all_less(joint_dist_0, [01;31m[Krad_influence[m[K)) {
      |                                     [01;31m[K^~~~~~~~~~~~~[m[K
      |                                     [32m[Krad_influence_[m[K
[01m[K/home/gin/ros/workspaces/final/src/tum_ics_ur10_controller_tutorial/src/jointspace_controller_1.cpp:[m[K In member function â€˜[01m[KEigen::Matrix<double, 6, 3> tum_ics_ur_robot_lli::RobotControllers::JointSpaceController_1::calc_repel_force(Tum::Vector6d)[m[Kâ€™:
[01m[K/home/gin/ros/workspaces/final/src/tum_ics_ur10_controller_tutorial/src/jointspace_controller_1.cpp:837:21:[m[K [01;31m[Kerror: [m[Kâ€˜[01m[Krad_influence[m[Kâ€™ was not declared in this scope; did you mean â€˜[01m[Krad_influence_[m[Kâ€™?
  837 |         if (ndj_0 < [01;31m[Krad_influence[m[K) {
      |                     [01;31m[K^~~~~~~~~~~~~[m[K
      |                     [32m[Krad_influence_[m[K
[01m[K/home/gin/ros/workspaces/final/src/tum_ics_ur10_controller_tutorial/src/jointspace_controller_1.cpp:[m[K In member function â€˜[01m[Kstd::vector<Eigen::Matrix<double, 6, 3> > tum_ics_ur_robot_lli::RobotControllers::JointSpaceController_1::calc_repel_forces(Tum::Vector6d)[m[Kâ€™:
[01m[K/home/gin/ros/workspaces/final/src/tum_ics_ur10_controller_tutorial/src/jointspace_controller_1.cpp:868:23:[m[K [01;31m[Kerror: [m[Kâ€˜[01m[Krad_influence[m[Kâ€™ was not declared in this scope; did you mean â€˜[01m[Krad_influence_[m[Kâ€™?
  868 |           if (ndj_0 < [01;31m[Krad_influence[m[K) {
      |                       [01;31m[K^~~~~~~~~~~~~[m[K
      |                       [32m[Krad_influence_[m[K
make[2]: *** [CMakeFiles/ur10_control.dir/build.make:76: CMakeFiles/ur10_control.dir/src/jointspace_controller_1.cpp.o] Error 1
make[1]: *** [CMakeFiles/Makefile2:2045: CMakeFiles/ur10_control.dir/all] Error 2
make: *** [Makefile:141: all] Error 2
