In file included from [01m[K/home/gin/ros/workspaces/final/src/tum_ics_ur10_controller_tutorial/src/jointspace_controller.cpp:1[m[K:
[01m[K/home/gin/ros/workspaces/final/src/tum_ics_ur10_controller_tutorial/include/tum_ics_ur10_controller_tutorial/jointspace_controller.h:172:32:[m[K [01;31m[Kerror: [m[Kâ€˜[01m[Kvisualization_msgs[m[Kâ€™ has not been declared
  172 |       void marker_sub_callback([01;31m[Kvisualization_msgs[m[K::MarkerArrayConstPtr& msg);
      |                                [01;31m[K^~~~~~~~~~~~~~~~~~[m[K
[01m[K/home/gin/ros/workspaces/final/src/tum_ics_ur10_controller_tutorial/include/tum_ics_ur10_controller_tutorial/jointspace_controller.h:172:71:[m[K [01;31m[Kerror: [m[Kexpected â€˜[01m[K,[m[Kâ€™ or â€˜[01m[K...[m[Kâ€™ before â€˜[01m[K&[m[Kâ€™ token
  172 |       void marker_sub_callback(visualization_msgs::MarkerArrayConstPtr[01;31m[K&[m[K msg);
      |                                                                       [01;31m[K^[m[K
[01m[K/home/gin/ros/workspaces/final/src/tum_ics_ur10_controller_tutorial/src/jointspace_controller.cpp:[m[K In constructor â€˜[01m[Ktum_ics_ur_robot_lli::RobotControllers::JointSpaceController_1::JointSpaceController_1(double, const QString&)[m[Kâ€™:
[01m[K/home/gin/ros/workspaces/final/src/tum_ics_ur10_controller_tutorial/src/jointspace_controller.cpp:226:58:[m[K [01;31m[Kerror: [m[Kinvalid use of non-static member function â€˜[01m[Kvoid tum_ics_ur_robot_lli::RobotControllers::JointSpaceController_1::marker_sub_callback(int)[m[Kâ€™
  226 |       marker_sub = nh_.subscribe("target_markers", 1000, [01;31m[Kmarker_sub_callback[m[K);
      |                                                          [01;31m[K^~~~~~~~~~~~~~~~~~~[m[K
In file included from [01m[K/home/gin/ros/workspaces/final/src/tum_ics_ur10_controller_tutorial/src/jointspace_controller.cpp:1[m[K:
[01m[K/home/gin/ros/workspaces/final/src/tum_ics_ur10_controller_tutorial/include/tum_ics_ur10_controller_tutorial/jointspace_controller.h:172:12:[m[K [01;36m[Knote: [m[Kdeclared here
  172 |       void [01;36m[Kmarker_sub_callback[m[K(visualization_msgs::MarkerArrayConstPtr& msg);
      |            [01;36m[K^~~~~~~~~~~~~~~~~~~[m[K
[01m[K/home/gin/ros/workspaces/final/src/tum_ics_ur10_controller_tutorial/src/jointspace_controller.cpp:[m[K At global scope:
[01m[K/home/gin/ros/workspaces/final/src/tum_ics_ur10_controller_tutorial/src/jointspace_controller.cpp:591:10:[m[K [01;31m[Kerror: [m[Kno declaration matches â€˜[01m[Kvoid tum_ics_ur_robot_lli::RobotControllers::JointSpaceController_1::marker_sub_callback(visualization_msgs::MarkerArrayConstPtr&)[m[Kâ€™
  591 |     void [01;31m[KJointSpaceController_1[m[K::marker_sub_callback(visualization_msgs::MarkerArrayConstPtr& msg) {
      |          [01;31m[K^~~~~~~~~~~~~~~~~~~~~~[m[K
In file included from [01m[K/home/gin/ros/workspaces/final/src/tum_ics_ur10_controller_tutorial/src/jointspace_controller.cpp:1[m[K:
[01m[K/home/gin/ros/workspaces/final/src/tum_ics_ur10_controller_tutorial/include/tum_ics_ur10_controller_tutorial/jointspace_controller.h:172:12:[m[K [01;36m[Knote: [m[Kcandidate is: â€˜[01m[Kvoid tum_ics_ur_robot_lli::RobotControllers::JointSpaceController_1::marker_sub_callback(int)[m[Kâ€™
  172 |       void [01;36m[Kmarker_sub_callback[m[K(visualization_msgs::MarkerArrayConstPtr& msg);
      |            [01;36m[K^~~~~~~~~~~~~~~~~~~[m[K
In file included from [01m[K/home/gin/ros/workspaces/final/src/tum_ics_ur10_controller_tutorial/src/jointspace_controller.cpp:1[m[K:
[01m[K/home/gin/ros/workspaces/final/src/tum_ics_ur10_controller_tutorial/include/tum_ics_ur10_controller_tutorial/jointspace_controller.h:67:11:[m[K [01;36m[Knote: [m[Kâ€˜[01m[Kclass tum_ics_ur_robot_lli::RobotControllers::JointSpaceController_1[m[Kâ€™ defined here
   67 |     class [01;36m[KJointSpaceController_1[m[K : public ControlEffort
      |           [01;36m[K^~~~~~~~~~~~~~~~~~~~~~[m[K
make[2]: *** [CMakeFiles/ur10_control.dir/build.make:63: CMakeFiles/ur10_control.dir/src/jointspace_controller.cpp.o] Error 1
make[1]: *** [CMakeFiles/Makefile2:2045: CMakeFiles/ur10_control.dir/all] Error 2
make: *** [Makefile:141: all] Error 2
