In file included from [01m[K/usr/include/eigen3/Eigen/Core:366[m[K,
                 from [01m[K/usr/include/eigen3/Eigen/Dense:1[m[K,
                 from [01m[K/usr/include/eigen3/Eigen/Eigen:1[m[K,
                 from [01m[K/usr/include/tumtools/Math/EigenDefs.h:5[m[K,
                 from [01m[K/opt/ros/noetic/include/tum_ics_ur_robot_lli/JointState.h:11[m[K,
                 from [01m[K/opt/ros/noetic/include/tum_ics_ur_robot_lli/RobotControllers/Controller.h:14[m[K,
                 from [01m[K/opt/ros/noetic/include/tum_ics_ur_robot_lli/RobotControllers/ControlEffort.h:4[m[K,
                 from [01m[K/home/gin/ros/workspaces/final/src/tum_ics_ur10_controller_tutorial/include/tum_ics_ur10_controller_tutorial/jointspace_controller.h:4[m[K,
                 from [01m[K/home/gin/ros/workspaces/final/src/tum_ics_ur10_controller_tutorial/src/jointspace_controller.cpp:1[m[K:
/usr/include/eigen3/Eigen/src/Geometry/Quaternion.h: In instantiation of â€˜[01m[KDerived& Eigen::QuaternionBase<Derived>::operator=(const Eigen::MatrixBase<OtherDerived>&) [with OtherDerived = Eigen::Matrix<float, 3, 3>; Derived = Eigen::Quaternion<double>][m[Kâ€™:
[01m[K/usr/include/eigen3/Eigen/src/Geometry/Quaternion.h:275:90:[m[K   required from â€˜[01m[KEigen::Quaternion<Scalar, Options>::Quaternion(const Eigen::MatrixBase<OtherDerived>&) [with Derived = Eigen::Matrix<float, 3, 3>; _Scalar = double; int _Options = 0][m[Kâ€™
[01m[K/home/gin/ros/workspaces/final/src/tum_ics_ur10_controller_tutorial/src/jointspace_controller.cpp:403:22:[m[K   required from here
[01m[K/usr/include/eigen3/Eigen/src/Geometry/Quaternion.h:528:3:[m[K [01;31m[Kerror: [m[Kstatic assertion failed: YOU_MIXED_DIFFERENT_NUMERIC_TYPES__YOU_NEED_TO_USE_THE_CAST_METHOD_OF_MATRIXBASE_TO_CAST_NUMERIC_TYPES_EXPLICITLY
  528 |   [01;31m[KEIGEN_STATIC_ASSERT[m[K((internal::is_same<typename Derived::Scalar, typename MatrixDerived::Scalar>::value),
      |   [01;31m[K^~~~~~~~~~~~~~~~~~~[m[K
/usr/include/eigen3/Eigen/src/Core/AssignEvaluator.h: In instantiation of â€˜[01m[Kvoid Eigen::internal::call_assignment_no_alias(Dst&, const Src&, const Func&) [with Dst = Eigen::Matrix<float, 3, 3>; Src = Eigen::Block<Eigen::Matrix<double, 4, 4>, -1, -1, false>; Func = Eigen::internal::assign_op<float, double>][m[Kâ€™:
[01m[K/usr/include/eigen3/Eigen/src/Core/PlainObjectBase.h:732:41:[m[K   required from â€˜[01m[KDerived& Eigen::PlainObjectBase<Derived>::_set_noalias(const Eigen::DenseBase<OtherDerived>&) [with OtherDerived = Eigen::Block<Eigen::Matrix<double, 4, 4>, -1, -1, false>; Derived = Eigen::Matrix<float, 3, 3>][m[Kâ€™
[01m[K/usr/include/eigen3/Eigen/src/Core/PlainObjectBase.h:537:7:[m[K   required from â€˜[01m[KEigen::PlainObjectBase<Derived>::PlainObjectBase(const Eigen::DenseBase<OtherDerived>&) [with OtherDerived = Eigen::Block<Eigen::Matrix<double, 4, 4>, -1, -1, false>; Derived = Eigen::Matrix<float, 3, 3>][m[Kâ€™
[01m[K/usr/include/eigen3/Eigen/src/Core/Matrix.h:377:29:[m[K   required from â€˜[01m[KEigen::Matrix<_Scalar, _Rows, _Cols, _Options, _MaxRows, _MaxCols>::Matrix(const Eigen::EigenBase<OtherDerived>&) [with OtherDerived = Eigen::Block<Eigen::Matrix<double, 4, 4>, -1, -1, false>; _Scalar = float; int _Rows = 3; int _Cols = 3; int _Options = 0; int _MaxRows = 3; int _MaxCols = 3][m[Kâ€™
[01m[K/home/gin/ros/workspaces/final/src/tum_ics_ur10_controller_tutorial/src/jointspace_controller.cpp:402:41:[m[K   required from here
[01m[K/usr/include/eigen3/Eigen/src/Core/AssignEvaluator.h:834:3:[m[K [01;31m[Kerror: [m[Kstatic assertion failed: YOU_MIXED_DIFFERENT_NUMERIC_TYPES__YOU_NEED_TO_USE_THE_CAST_METHOD_OF_MATRIXBASE_TO_CAST_NUMERIC_TYPES_EXPLICITLY
  834 |   [01;31m[KEIGEN_CHECK_BINARY_COMPATIBILIY[m[K(Func,typename ActualDstTypeCleaned::Scalar,typename Src::Scalar);
      |   [01;31m[K^~~~~~~~~~~~~~~~~~~~~~~~~~~~~~~[m[K
make[2]: *** [CMakeFiles/ur10_control.dir/build.make:63: CMakeFiles/ur10_control.dir/src/jointspace_controller.cpp.o] Error 1
make[1]: *** [CMakeFiles/Makefile2:1831: CMakeFiles/ur10_control.dir/all] Error 2
make: *** [Makefile:141: all] Error 2
