In file included from [01m[K/home/gin/ros/workspaces/final/src/tum_ics_ur10_controller_tutorial/src/jointspace_controller.cpp:1[m[K:
[01m[K/home/gin/ros/workspaces/final/src/tum_ics_ur10_controller_tutorial/include/tum_ics_ur10_controller_tutorial/jointspace_controller.h:142:7:[m[K [01;31m[Kerror: [m[Kâ€˜[01m[KVector18d[m[Kâ€™ does not name a type
  142 |       [01;31m[KVector18d[m[K interpolate_joint2(Vector6d c, Vector6d g, double ti, double tg, double t);
      |       [01;31m[K^~~~~~~~~[m[K
[01m[K/home/gin/ros/workspaces/final/src/tum_ics_ur10_controller_tutorial/src/jointspace_controller.cpp:[m[K In member function â€˜[01m[KTum::Vector6d tum_ics_ur_robot_lli::RobotControllers::JointSpaceController_1::joint_control(Tum::Vector6d, Tum::Vector6d, Tum::Vector6d, double, double, const tum_ics_ur_robot_lli::RobotTime&)[m[Kâ€™:
[01m[K/home/gin/ros/workspaces/final/src/tum_ics_ur10_controller_tutorial/src/jointspace_controller.cpp:513:24:[m[K [01;31m[Kerror: [m[Kâ€˜[01m[Kinterpolate_joint2[m[Kâ€™ was not declared in this scope; did you mean â€˜[01m[Kinterpolate_joint[m[Kâ€™?
  513 |        Vector12d out = [01;31m[Kinterpolate_joint2[m[K(Qinit_, Qg, start_time, end_time, time.tD());
      |                        [01;31m[K^~~~~~~~~~~~~~~~~~[m[K
      |                        [32m[Kinterpolate_joint[m[K
[01m[K/home/gin/ros/workspaces/final/src/tum_ics_ur10_controller_tutorial/src/jointspace_controller.cpp:[m[K At global scope:
[01m[K/home/gin/ros/workspaces/final/src/tum_ics_ur10_controller_tutorial/src/jointspace_controller.cpp:620:5:[m[K [01;31m[Kerror: [m[Kâ€˜[01m[KVector18d[m[Kâ€™ does not name a type
  620 |     [01;31m[KVector18d[m[K JointSpaceController_1::interpolate_joint2(Vector6d c, Vector6d g, double ti, double tg, double t) {
      |     [01;31m[K^~~~~~~~~[m[K
make[2]: *** [CMakeFiles/ur10_control.dir/build.make:63: CMakeFiles/ur10_control.dir/src/jointspace_controller.cpp.o] Error 1
make[1]: *** [CMakeFiles/Makefile2:1905: CMakeFiles/ur10_control.dir/all] Error 2
make: *** [Makefile:141: all] Error 2
