[01m[K/home/gin/ros/workspaces/final/src/tum_ics_ur10_controller_tutorial/src/jointspace_controller_1.cpp:[m[K In member function â€˜[01m[Kvoid tum_ics_ur_robot_lli::RobotControllers::JointSpaceController_1::plot_joint_error_data(Tum::Vector6d, Tum::Vector6d, Tum::Vector6d)[m[Kâ€™:
[01m[K/home/gin/ros/workspaces/final/src/tum_ics_ur10_controller_tutorial/src/jointspace_controller_1.cpp:1039:32:[m[K [01;31m[Kerror: [m[Kâ€˜[01m[KQ[m[Kâ€™ was not declared in this scope; did you mean â€˜[01m[KQt[m[Kâ€™?
 1039 |         msg.position.push_back([01;31m[KQ[m[K(i));
      |                                [01;31m[K^[m[K
      |                                [32m[KQt[m[K
[01m[K/home/gin/ros/workspaces/final/src/tum_ics_ur10_controller_tutorial/src/jointspace_controller_1.cpp:1040:32:[m[K [01;31m[Kerror: [m[Kâ€˜[01m[KQp[m[Kâ€™ was not declared in this scope; did you mean â€˜[01m[KQt[m[Kâ€™?
 1040 |         msg.velocity.push_back([01;31m[KQp[m[K(i));
      |                                [01;31m[K^~[m[K
      |                                [32m[KQt[m[K
[01m[K/home/gin/ros/workspaces/final/src/tum_ics_ur10_controller_tutorial/src/jointspace_controller_1.cpp:1041:30:[m[K [01;31m[Kerror: [m[Kâ€˜[01m[KQpp[m[Kâ€™ was not declared in this scope; did you mean â€˜[01m[KQdp[m[Kâ€™?
 1041 |         msg.effort.push_back([01;31m[KQpp[m[K(i));
      |                              [01;31m[K^~~[m[K
      |                              [32m[KQdp[m[K
[01m[K/home/gin/ros/workspaces/final/src/tum_ics_ur10_controller_tutorial/src/jointspace_controller_1.cpp:[m[K In member function â€˜[01m[KTum::Vector6d tum_ics_ur_robot_lli::RobotControllers::JointSpaceController_1::joint_control(Tum::Vector6d, Tum::Vector6d, Tum::Vector6d, double, double, const tum_ics_ur_robot_lli::RobotTime&)[m[Kâ€™:
[01m[K/home/gin/ros/workspaces/final/src/tum_ics_ur10_controller_tutorial/src/jointspace_controller_1.cpp:1073:7:[m[K [01;31m[Kerror: [m[Kâ€˜[01m[Kplot_joint_data[m[Kâ€™ was not declared in this scope; did you mean â€˜[01m[Kplot_pose_data[m[Kâ€™?
 1073 |       [01;31m[Kplot_joint_data[m[K(Qd, Qdp, Qdpp);
      |       [01;31m[K^~~~~~~~~~~~~~~[m[K
      |       [32m[Kplot_pose_data[m[K
make[2]: *** [CMakeFiles/ur10_control.dir/build.make:76: CMakeFiles/ur10_control.dir/src/jointspace_controller_1.cpp.o] Error 1
make[1]: *** [CMakeFiles/Makefile2:2045: CMakeFiles/ur10_control.dir/all] Error 2
make: *** [Makefile:141: all] Error 2
