[01m[K/home/gin/ros/workspaces/final/src/tum_ics_ur10_controller_tutorial/src/jointspace_controller.cpp:[m[K In member function â€˜[01m[KTum::Vector6d tum_ics_ur_robot_lli::RobotControllers::JointSpaceController_1::operational_control_obstacle_avoidance(Tum::Vector6d, Tum::Vector6d, Tum::Vector6d, double, double, const tum_ics_ur_robot_lli::RobotTime&)[m[Kâ€™:
[01m[K/home/gin/ros/workspaces/final/src/tum_ics_ur10_controller_tutorial/src/jointspace_controller.cpp:602:128:[m[K [01;31m[Kerror: [m[Kno matching function for call to â€˜[01m[Ktum_ics_ur_robot_lli::RobotControllers::JointSpaceController_1::interpolate_joint2(Eigen::Vector3d&, control_core::LinearPositionRef<Eigen::Matrix<double, 4, 4> >, double&, double&, double)[m[Kâ€™
  602 |       std::vector<Vector3d> out = interpolate_joint2(start_position_, T_ef_0_start_.position(), start_time, end_time, time.tD()[01;31m[K)[m[K;
      |                                                                                                                                [01;31m[K^[m[K
In file included from [01m[K/home/gin/ros/workspaces/final/src/tum_ics_ur10_controller_tutorial/src/jointspace_controller.cpp:1[m[K:
[01m[K/home/gin/ros/workspaces/final/src/tum_ics_ur10_controller_tutorial/include/tum_ics_ur10_controller_tutorial/jointspace_controller.h:187:22:[m[K [01;36m[Knote: [m[Kcandidate: â€˜[01m[Ktemplate<class T> std::vector<T> tum_ics_ur_robot_lli::RobotControllers::JointSpaceController_1::interpolate_joint2(T, T, double, double, double)[m[Kâ€™
  187 |       std::vector<T> [01;36m[Kinterpolate_joint2[m[K(T c, T g, double ti, double tg, double t);
      |                      [01;36m[K^~~~~~~~~~~~~~~~~~[m[K
[01m[K/home/gin/ros/workspaces/final/src/tum_ics_ur10_controller_tutorial/include/tum_ics_ur10_controller_tutorial/jointspace_controller.h:187:22:[m[K [01;36m[Knote: [m[K  template argument deduction/substitution failed:
[01m[K/home/gin/ros/workspaces/final/src/tum_ics_ur10_controller_tutorial/src/jointspace_controller.cpp:602:128:[m[K [01;36m[Knote: [m[K  deduced conflicting types for parameter â€˜[01m[KT[m[Kâ€™ (â€˜[01m[KEigen::Matrix<double, 3, 1>[m[Kâ€™ and â€˜[01m[Kcontrol_core::LinearPositionRef<Eigen::Matrix<double, 4, 4> >[m[Kâ€™)
  602 |       std::vector<Vector3d> out = interpolate_joint2(start_position_, T_ef_0_start_.position(), start_time, end_time, time.tD()[01;36m[K)[m[K;
      |                                                                                                                                [01;36m[K^[m[K
[01m[K/home/gin/ros/workspaces/final/src/tum_ics_ur10_controller_tutorial/src/jointspace_controller.cpp:[m[K In member function â€˜[01m[Kstd::vector<T> tum_ics_ur_robot_lli::RobotControllers::JointSpaceController_1::interpolate_joint2(T, T, double, double, double)[m[Kâ€™:
[01m[K/home/gin/ros/workspaces/final/src/tum_ics_ur10_controller_tutorial/src/jointspace_controller.cpp:1196:16:[m[K [01;31m[Kerror: [m[Kdeclaration of â€˜[01m[KTum::Matrix6d T[m[Kâ€™ shadows template parameter
 1196 |       Matrix6d [01;31m[KT[m[K;
      |                [01;31m[K^[m[K
[01m[K/home/gin/ros/workspaces/final/src/tum_ics_ur10_controller_tutorial/src/jointspace_controller.cpp:1160:14:[m[K [01;36m[Knote: [m[Ktemplate parameter â€˜[01m[KT[m[Kâ€™ declared here
 1160 |     template<[01;36m[Kclass[m[K T>
      |              [01;36m[K^~~~~[m[K
make[2]: *** [CMakeFiles/ur10_control.dir/build.make:63: CMakeFiles/ur10_control.dir/src/jointspace_controller.cpp.o] Error 1
make[1]: *** [CMakeFiles/Makefile2:2045: CMakeFiles/ur10_control.dir/all] Error 2
make: *** [Makefile:141: all] Error 2
