[01m[K/home/gin/ros/workspaces/final/src/tum_ics_ur10_controller_tutorial/src/jointspace_controller.cpp:589:10:[m[K [01;31m[Kerror: [m[Kno declaration matches â€˜[01m[Kvoid tum_ics_ur_robot_lli::RobotControllers::JointSpaceController_1::marker_sub_callback(const Objects&)[m[Kâ€™
  589 |     void [01;31m[KJointSpaceController_1[m[K::marker_sub_callback(const object_msgs::Objects& msg) {
      |          [01;31m[K^~~~~~~~~~~~~~~~~~~~~~[m[K
In file included from [01m[K/home/gin/ros/workspaces/final/src/tum_ics_ur10_controller_tutorial/src/jointspace_controller.cpp:1[m[K:
[01m[K/home/gin/ros/workspaces/final/src/tum_ics_ur10_controller_tutorial/include/tum_ics_ur10_controller_tutorial/jointspace_controller.h:175:12:[m[K [01;36m[Knote: [m[Kcandidate is: â€˜[01m[Kvoid tum_ics_ur_robot_lli::RobotControllers::JointSpaceController_1::marker_sub_callback(const Object&)[m[Kâ€™
  175 |       void [01;36m[Kmarker_sub_callback[m[K(const object_msgs::Object& msg) ;
      |            [01;36m[K^~~~~~~~~~~~~~~~~~~[m[K
In file included from [01m[K/home/gin/ros/workspaces/final/src/tum_ics_ur10_controller_tutorial/src/jointspace_controller.cpp:1[m[K:
[01m[K/home/gin/ros/workspaces/final/src/tum_ics_ur10_controller_tutorial/include/tum_ics_ur10_controller_tutorial/jointspace_controller.h:69:11:[m[K [01;36m[Knote: [m[Kâ€˜[01m[Kclass tum_ics_ur_robot_lli::RobotControllers::JointSpaceController_1[m[Kâ€™ defined here
   69 |     class [01;36m[KJointSpaceController_1[m[K : public ControlEffort
      |           [01;36m[K^~~~~~~~~~~~~~~~~~~~~~[m[K
make[2]: *** [CMakeFiles/ur10_control.dir/build.make:63: CMakeFiles/ur10_control.dir/src/jointspace_controller.cpp.o] Error 1
make[1]: *** [CMakeFiles/Makefile2:2045: CMakeFiles/ur10_control.dir/all] Error 2
make: *** [Makefile:141: all] Error 2
