[01m[K/home/gin/ros/workspaces/final/src/tum_ics_ur10_controller_tutorial/src/jointspace_controller.cpp:[m[K In member function â€˜[01m[KTum::Vector6d tum_ics_ur_robot_lli::RobotControllers::JointSpaceController_1::operational_control(Tum::Vector6d, Tum::Vector6d, Tum::Vector6d, double, double, const tum_ics_ur_robot_lli::RobotTime&)[m[Kâ€™:
[01m[K/home/gin/ros/workspaces/final/src/tum_ics_ur10_controller_tutorial/src/jointspace_controller.cpp:777:7:[m[K [01;31m[Kerror: [m[Kâ€˜[01m[KScalar[m[Kâ€™ was not declared in this scope; did you mean â€˜[01m[Kcc::Scalar[m[Kâ€™?
  777 |       [01;31m[KScalar[m[K theta = 2.0*atan2(Deltak.vec().norm(), Deltak.w());
      |       [01;31m[K^~~~~~[m[K
      |       [32m[Kcc::Scalar[m[K
In file included from [01m[K/home/gin/ros/workspaces/final/src/ur_model/include/ur_model/ur_model.h:27[m[K,
                 from [01m[K/home/gin/ros/workspaces/final/src/tum_ics_ur10_controller_tutorial/include/tum_ics_ur10_controller_tutorial/jointspace_controller.h:5[m[K,
                 from [01m[K/home/gin/ros/workspaces/final/src/tum_ics_ur10_controller_tutorial/src/jointspace_controller.cpp:1[m[K:
[01m[K/home/gin/ros/workspaces/final/src/utilities/control_core/include/control_core/types.h:62:27:[m[K [01;36m[Knote: [m[Kâ€˜[01m[Kcc::Scalar[m[Kâ€™ declared here
   62 |   typedef CC_TYPES_SCALAR [01;36m[KScalar[m[K;
      |                           [01;36m[K^~~~~~[m[K
[01m[K/home/gin/ros/workspaces/final/src/tum_ics_ur10_controller_tutorial/src/jointspace_controller.cpp:778:27:[m[K [01;31m[Kerror: [m[Kâ€˜[01m[Ktheta[m[Kâ€™ was not declared in this scope; did you mean â€˜[01m[KTheta_[m[Kâ€™?
  778 |       Vector3d DeltaX_w = [01;31m[Ktheta[m[K/sin(theta/2.0)*Deltak.vec();
      |                           [01;31m[K^~~~~[m[K
      |                           [32m[KTheta_[m[K
[01m[K/home/gin/ros/workspaces/final/src/tum_ics_ur10_controller_tutorial/src/jointspace_controller.cpp:783:16:[m[K [01;31m[Kerror: [m[Kexpected initializer before â€˜[01m[KDeltaX[m[Kâ€™
  783 |       Vector6d [01;31m[KDeltaX[m[K;
      |                [01;31m[K^~~~~~[m[K
[01m[K/home/gin/ros/workspaces/final/src/tum_ics_ur10_controller_tutorial/src/jointspace_controller.cpp:784:7:[m[K [01;31m[Kerror: [m[Kâ€˜[01m[KDeltaX[m[Kâ€™ was not declared in this scope; did you mean â€˜[01m[KDeltak[m[Kâ€™?
  784 |       [01;31m[KDeltaX[m[K << DeltaX_v, DeltaX_w;
      |       [01;31m[K^~~~~~[m[K
      |       [32m[KDeltak[m[K
make[2]: *** [CMakeFiles/ur10_control.dir/build.make:63: CMakeFiles/ur10_control.dir/src/jointspace_controller.cpp.o] Error 1
make[1]: *** [CMakeFiles/Makefile2:2045: CMakeFiles/ur10_control.dir/all] Error 2
make: *** [Makefile:141: all] Error 2
