[01m[K/home/gin/ros/workspaces/final/src/tum_ics_ur10_controller_tutorial/src/jointspace_controller.cpp:[m[K In function â€˜[01m[KEigen::Vector3d tum_ics_ur_robot_lli::RobotControllers::ke(Eigen::Quaterniond)[m[Kâ€™:
[01m[K/home/gin/ros/workspaces/final/src/tum_ics_ur10_controller_tutorial/src/jointspace_controller.cpp:767:45:[m[K [01;31m[Kerror: [m[Kâ€˜[01m[KQ[m[Kâ€™ was not declared in this scope
  767 |         double theta = double(2)*std::atan2([01;31m[KQ[m[K.vec().norm(), Q.w());
      |                                             [01;31m[K^[m[K
make[2]: *** [CMakeFiles/ur10_control.dir/build.make:63: CMakeFiles/ur10_control.dir/src/jointspace_controller.cpp.o] Error 1
make[1]: *** [CMakeFiles/Makefile2:2045: CMakeFiles/ur10_control.dir/all] Error 2
make: *** [Makefile:141: all] Error 2
