In file included from [01m[K/home/gin/ros/workspaces/final/src/tum_ics_ur10_controller_tutorial/src/jointspace_controller.cpp:1[m[K:
[01m[K/home/gin/ros/workspaces/final/src/tum_ics_ur10_controller_tutorial/include/tum_ics_ur10_controller_tutorial/jointspace_controller.h:134:90:[m[K [01;31m[Kerror: [m[Kexpected â€˜[01m[K;[m[Kâ€™ at end of member declaration
  134 |       Vector12d interpolate_joint2(Vector6d c, Vector6d g, double ti, double tg, double t[01;31m[K)[m[K
      |                                                                                          [01;31m[K^[m[K
      |                                                                                           [32m[K;[m[K
[01m[K/home/gin/ros/workspaces/final/src/tum_ics_ur10_controller_tutorial/src/jointspace_controller.cpp:[m[K In member function â€˜[01m[Kvirtual Tum::Vector6d tum_ics_ur_robot_lli::RobotControllers::JointSpaceController_1::update(const tum_ics_ur_robot_lli::RobotTime&, const tum_ics_ur_robot_lli::JointState&)[m[Kâ€™:
[01m[K/home/gin/ros/workspaces/final/src/tum_ics_ur10_controller_tutorial/src/jointspace_controller.cpp:495:82:[m[K [01;31m[Kerror: [m[Kno matching function for call to â€˜[01m[Ktum_ics_ur_robot_lli::RobotControllers::JointSpaceController_1::interpolate_joint(Tum::Vector6d&, Tum::Vector6d&, int, double, double)[m[Kâ€™
  495 |        Vector12d out = interpolate_joint(Qinit_, Qg, 0, totalTime_/2.0, time.tD()[01;31m[K)[m[K;
      |                                                                                  [01;31m[K^[m[K
In file included from [01m[K/home/gin/ros/workspaces/final/src/tum_ics_ur10_controller_tutorial/src/jointspace_controller.cpp:1[m[K:
[01m[K/home/gin/ros/workspaces/final/src/tum_ics_ur10_controller_tutorial/include/tum_ics_ur10_controller_tutorial/jointspace_controller.h:132:16:[m[K [01;36m[Knote: [m[Kcandidate: â€˜[01m[KTum::Vector6d tum_ics_ur_robot_lli::RobotControllers::JointSpaceController_1::interpolate_joint(Tum::Vector6d, Tum::Vector6d, double, double)[m[Kâ€™
  132 |       Vector6d [01;36m[Kinterpolate_joint[m[K(Vector6d c, Vector6d g, double total_time, double ct);
      |                [01;36m[K^~~~~~~~~~~~~~~~~[m[K
[01m[K/home/gin/ros/workspaces/final/src/tum_ics_ur10_controller_tutorial/include/tum_ics_ur10_controller_tutorial/jointspace_controller.h:132:16:[m[K [01;36m[Knote: [m[K  candidate expects 4 arguments, 5 provided
[01m[K/home/gin/ros/workspaces/final/src/tum_ics_ur10_controller_tutorial/src/jointspace_controller.cpp:[m[K In member function â€˜[01m[KTum::Vector12d tum_ics_ur_robot_lli::RobotControllers::JointSpaceController_1::interpolate_joint2(Tum::Vector6d, Tum::Vector6d, double, double, double)[m[Kâ€™:
[01m[K/home/gin/ros/workspaces/final/src/tum_ics_ur10_controller_tutorial/src/jointspace_controller.cpp:604:34:[m[K [01;31m[Kerror: [m[Kâ€˜[01m[KZeros[m[Kâ€™ is not a member of â€˜[01m[KTum::Vector6d[m[Kâ€™ {aka â€˜[01m[KEigen::Matrix<double, 6, 1>[m[Kâ€™}
  604 |           Vector6d z = Vector6d::[01;31m[KZeros[m[K();
      |                                  [01;31m[K^~~~~[m[K
[01m[K/home/gin/ros/workspaces/final/src/tum_ics_ur10_controller_tutorial/src/jointspace_controller.cpp:606:34:[m[K [01;31m[Kerror: [m[Kâ€˜[01m[KZeros[m[Kâ€™ is not a member of â€˜[01m[KTum::Matrix6d[m[Kâ€™ {aka â€˜[01m[KEigen::Matrix<double, 6, 6>[m[Kâ€™}
  606 |           Matrix6d x = Matrix6d::[01;31m[KZeros[m[K();
      |                                  [01;31m[K^~~~~[m[K
make[2]: *** [CMakeFiles/ur10_control.dir/build.make:63: CMakeFiles/ur10_control.dir/src/jointspace_controller.cpp.o] Error 1
make[1]: *** [CMakeFiles/Makefile2:1905: CMakeFiles/ur10_control.dir/all] Error 2
make: *** [Makefile:141: all] Error 2
