[01m[K/home/gin/ros/workspaces/final/src/tum_ics_ur10_controller_tutorial/src/jointspace_controller_1.cpp:[m[K In constructor â€˜[01m[Ktum_ics_ur_robot_lli::RobotControllers::JointSpaceController_1::JointSpaceController_1(double, const QString&)[m[Kâ€™:
[01m[K/home/gin/ros/workspaces/final/src/tum_ics_ur10_controller_tutorial/src/jointspace_controller_1.cpp:71:52:[m[K [01;31m[Kerror: [m[Kâ€˜[01m[Kgeometry_msgs[m[Kâ€™ is not a member of â€˜[01m[Kgeometry_msgs[m[Kâ€™; did you mean â€˜[01m[Kgeometry_msgs[m[Kâ€™?
   71 |       plot_pub_pose = nh_.advertise<geometry_msgs::[01;31m[Kgeometry_msgs[m[K::PoseStamped>( "my_pose", 1 );
      |                                                    [01;31m[K^~~~~~~~~~~~~[m[K
In file included from [01m[K/opt/ros/noetic/include/geometry_msgs/PointStamped.h:19[m[K,
                 from [01m[K/opt/ros/noetic/include/tf/transform_datatypes.h:36[m[K,
                 from [01m[K/opt/ros/noetic/include/tf_conversions/tf_eigen.h:35[m[K,
                 from [01m[K/home/gin/ros/workspaces/final/src/utilities/control_core/include/control_core/conversions.h:31[m[K,
                 from [01m[K/home/gin/ros/workspaces/final/src/utilities/control_core/include/control_core/type_bases/rotation_base.h:27[m[K,
                 from [01m[K/home/gin/ros/workspaces/final/src/utilities/control_core/include/control_core/type_bases/rotation3_base.h:27[m[K,
                 from [01m[K/home/gin/ros/workspaces/final/src/utilities/control_core/include/control_core/types/rotation3.h:28[m[K,
                 from [01m[K/home/gin/ros/workspaces/final/src/utilities/control_core/include/control_core/types.h:35[m[K,
                 from [01m[K/home/gin/ros/workspaces/final/src/ur_model/include/ur_model/ur_model.h:27[m[K,
                 from [01m[K/home/gin/ros/workspaces/final/src/tum_ics_ur10_controller_tutorial/include/tum_ics_ur10_controller_tutorial/jointspace_controller_1.h:5[m[K,
                 from [01m[K/home/gin/ros/workspaces/final/src/tum_ics_ur10_controller_tutorial/src/jointspace_controller_1.cpp:1[m[K:
[01m[K/opt/ros/noetic/include/geometry_msgs/Point.h:19:11:[m[K [01;36m[Knote: [m[Kâ€˜[01m[Kgeometry_msgs[m[Kâ€™ declared here
   19 | namespace [01;36m[Kgeometry_msgs[m[K
      |           [01;36m[K^~~~~~~~~~~~~[m[K
[01m[K/home/gin/ros/workspaces/final/src/tum_ics_ur10_controller_tutorial/src/jointspace_controller_1.cpp:71:52:[m[K [01;31m[Kerror: [m[Kâ€˜[01m[Kgeometry_msgs[m[Kâ€™ is not a member of â€˜[01m[Kgeometry_msgs[m[Kâ€™; did you mean â€˜[01m[Kgeometry_msgs[m[Kâ€™?
   71 |       plot_pub_pose = nh_.advertise<geometry_msgs::[01;31m[Kgeometry_msgs[m[K::PoseStamped>( "my_pose", 1 );
      |                                                    [01;31m[K^~~~~~~~~~~~~[m[K
In file included from [01m[K/opt/ros/noetic/include/geometry_msgs/PointStamped.h:19[m[K,
                 from [01m[K/opt/ros/noetic/include/tf/transform_datatypes.h:36[m[K,
                 from [01m[K/opt/ros/noetic/include/tf_conversions/tf_eigen.h:35[m[K,
                 from [01m[K/home/gin/ros/workspaces/final/src/utilities/control_core/include/control_core/conversions.h:31[m[K,
                 from [01m[K/home/gin/ros/workspaces/final/src/utilities/control_core/include/control_core/type_bases/rotation_base.h:27[m[K,
                 from [01m[K/home/gin/ros/workspaces/final/src/utilities/control_core/include/control_core/type_bases/rotation3_base.h:27[m[K,
                 from [01m[K/home/gin/ros/workspaces/final/src/utilities/control_core/include/control_core/types/rotation3.h:28[m[K,
                 from [01m[K/home/gin/ros/workspaces/final/src/utilities/control_core/include/control_core/types.h:35[m[K,
                 from [01m[K/home/gin/ros/workspaces/final/src/ur_model/include/ur_model/ur_model.h:27[m[K,
                 from [01m[K/home/gin/ros/workspaces/final/src/tum_ics_ur10_controller_tutorial/include/tum_ics_ur10_controller_tutorial/jointspace_controller_1.h:5[m[K,
                 from [01m[K/home/gin/ros/workspaces/final/src/tum_ics_ur10_controller_tutorial/src/jointspace_controller_1.cpp:1[m[K:
[01m[K/opt/ros/noetic/include/geometry_msgs/Point.h:19:11:[m[K [01;36m[Knote: [m[Kâ€˜[01m[Kgeometry_msgs[m[Kâ€™ declared here
   19 | namespace [01;36m[Kgeometry_msgs[m[K
      |           [01;36m[K^~~~~~~~~~~~~[m[K
[01m[K/home/gin/ros/workspaces/final/src/tum_ics_ur10_controller_tutorial/src/jointspace_controller_1.cpp:71:27:[m[K [01;31m[Kerror: [m[Kparse error in template argument list
   71 |       plot_pub_pose = nh_.[01;31m[Kadvertise<geometry_msgs::geometry_msgs::PoseStamped>[m[K( "my_pose", 1 );
      |                           [01;31m[K^~~~~~~~~~~~~~~~~~~~~~~~~~~~~~~~~~~~~~~~~~~~~~~~~~~~[m[K
[01m[K/home/gin/ros/workspaces/final/src/tum_ics_ur10_controller_tutorial/src/jointspace_controller_1.cpp:71:94:[m[K [01;31m[Kerror: [m[Kno matching function for call to â€˜[01m[Kros::NodeHandle::advertise<<expression error> >(const char [8], int)[m[Kâ€™
   71 |       plot_pub_pose = nh_.advertise<geometry_msgs::geometry_msgs::PoseStamped>( "my_pose", 1 [01;31m[K)[m[K;
      |                                                                                              [01;31m[K^[m[K
In file included from [01m[K/opt/ros/noetic/include/ros/ros.h:45[m[K,
                 from [01m[K/opt/ros/noetic/include/tum_ics_ur_robot_lli/RobotTime.h:10[m[K,
                 from [01m[K/opt/ros/noetic/include/tum_ics_ur_robot_lli/RobotControllers/Controller.h:15[m[K,
                 from [01m[K/opt/ros/noetic/include/tum_ics_ur_robot_lli/RobotControllers/ControlEffort.h:4[m[K,
                 from [01m[K/home/gin/ros/workspaces/final/src/tum_ics_ur10_controller_tutorial/include/tum_ics_ur10_controller_tutorial/jointspace_controller_1.h:4[m[K,
                 from [01m[K/home/gin/ros/workspaces/final/src/tum_ics_ur10_controller_tutorial/src/jointspace_controller_1.cpp:1[m[K:
[01m[K/opt/ros/noetic/include/ros/node_handle.h:249:15:[m[K [01;36m[Knote: [m[Kcandidate: â€˜[01m[Ktemplate<class M> ros::Publisher ros::NodeHandle::advertise(const string&, uint32_t, bool)[m[Kâ€™
  249 |     Publisher [01;36m[Kadvertise[m[K(const std::string& topic, uint32_t queue_size, bool latch = false)
      |               [01;36m[K^~~~~~~~~[m[K
[01m[K/opt/ros/noetic/include/ros/node_handle.h:249:15:[m[K [01;36m[Knote: [m[K  template argument deduction/substitution failed:
[01m[K/home/gin/ros/workspaces/final/src/tum_ics_ur10_controller_tutorial/src/jointspace_controller_1.cpp:71:94:[m[K [01;31m[Kerror: [m[Ktemplate argument 1 is invalid
   71 |       plot_pub_pose = nh_.advertise<geometry_msgs::geometry_msgs::PoseStamped>( "my_pose", 1 [01;31m[K)[m[K;
      |                                                                                              [01;31m[K^[m[K
In file included from [01m[K/opt/ros/noetic/include/ros/ros.h:45[m[K,
                 from [01m[K/opt/ros/noetic/include/tum_ics_ur_robot_lli/RobotTime.h:10[m[K,
                 from [01m[K/opt/ros/noetic/include/tum_ics_ur_robot_lli/RobotControllers/Controller.h:15[m[K,
                 from [01m[K/opt/ros/noetic/include/tum_ics_ur_robot_lli/RobotControllers/ControlEffort.h:4[m[K,
                 from [01m[K/home/gin/ros/workspaces/final/src/tum_ics_ur10_controller_tutorial/include/tum_ics_ur10_controller_tutorial/jointspace_controller_1.h:4[m[K,
                 from [01m[K/home/gin/ros/workspaces/final/src/tum_ics_ur10_controller_tutorial/src/jointspace_controller_1.cpp:1[m[K:
[01m[K/opt/ros/noetic/include/ros/node_handle.h:315:13:[m[K [01;36m[Knote: [m[Kcandidate: â€˜[01m[Ktemplate<class M> ros::Publisher ros::NodeHandle::advertise(const string&, uint32_t, const SubscriberStatusCallback&, const SubscriberStatusCallback&, const VoidConstPtr&, bool)[m[Kâ€™
  315 |   Publisher [01;36m[Kadvertise[m[K(const std::string& topic, uint32_t queue_size,
      |             [01;36m[K^~~~~~~~~[m[K
[01m[K/opt/ros/noetic/include/ros/node_handle.h:315:13:[m[K [01;36m[Knote: [m[K  template argument deduction/substitution failed:
[01m[K/home/gin/ros/workspaces/final/src/tum_ics_ur10_controller_tutorial/src/jointspace_controller_1.cpp:71:94:[m[K [01;31m[Kerror: [m[Ktemplate argument 1 is invalid
   71 |       plot_pub_pose = nh_.advertise<geometry_msgs::geometry_msgs::PoseStamped>( "my_pose", 1 [01;31m[K)[m[K;
      |                                                                                              [01;31m[K^[m[K
[01m[K/home/gin/ros/workspaces/final/src/tum_ics_ur10_controller_tutorial/src/jointspace_controller_1.cpp:[m[K At global scope:
[01m[K/home/gin/ros/workspaces/final/src/tum_ics_ur10_controller_tutorial/src/jointspace_controller_1.cpp:1019:27:[m[K [01;31m[Kerror: [m[Kvariable or field â€˜[01m[Kplot_joint_data[m[Kâ€™ declared void
 1019 |     void plot_joint_data(Q[01;31m[K)[m[K {
      |                           [01;31m[K^[m[K
[01m[K/home/gin/ros/workspaces/final/src/tum_ics_ur10_controller_tutorial/src/jointspace_controller_1.cpp:1019:26:[m[K [01;31m[Kerror: [m[Kâ€˜[01m[KQ[m[Kâ€™ was not declared in this scope; did you mean â€˜[01m[KQt[m[Kâ€™?
 1019 |     void plot_joint_data([01;31m[KQ[m[K) {
      |                          [01;31m[K^[m[K
      |                          [32m[KQt[m[K
make[2]: *** [CMakeFiles/ur10_control.dir/build.make:76: CMakeFiles/ur10_control.dir/src/jointspace_controller_1.cpp.o] Error 1
make[1]: *** [CMakeFiles/Makefile2:2045: CMakeFiles/ur10_control.dir/all] Error 2
make: *** [Makefile:141: all] Error 2
