[01m[K/home/gin/ros/workspaces/final/src/tum_ics_ur10_controller_tutorial/src/jointspace_controller.cpp:[m[K In member function â€˜[01m[KTum::Vector6d tum_ics_ur_robot_lli::RobotControllers::JointSpaceController_1::operational_control(Tum::Vector6d, Tum::Vector6d, Tum::Vector6d, double, double, const tum_ics_ur_robot_lli::RobotTime&)[m[Kâ€™:
[01m[K/home/gin/ros/workspaces/final/src/tum_ics_ur10_controller_tutorial/src/jointspace_controller.cpp:685:16:[m[K [01;31m[Kerror: [m[Kexpected primary-expression before â€˜[01m[KJ[m[Kâ€™
  685 |       Matrix6d [01;31m[KJ[m[K = model_.J_ef_0(Q);
      |                [01;31m[K^[m[K
[01m[K/home/gin/ros/workspaces/final/src/tum_ics_ur10_controller_tutorial/src/jointspace_controller.cpp:686:23:[m[K [01;31m[Kerror: [m[Kâ€˜[01m[KJ[m[Kâ€™ was not declared in this scope
  686 |       Vector3d Xp_v = [01;31m[KJ[m[K.topRows(3) * Qp;
      |                       [01;31m[K^[m[K
make[2]: *** [CMakeFiles/ur10_control.dir/build.make:63: CMakeFiles/ur10_control.dir/src/jointspace_controller.cpp.o] Error 1
make[1]: *** [CMakeFiles/Makefile2:2045: CMakeFiles/ur10_control.dir/all] Error 2
make: *** [Makefile:141: all] Error 2
