[01m[K/home/gin/ros/workspaces/final/src/tum_ics_ur10_controller_tutorial/src/jointspace_controller.cpp:[m[K In constructor â€˜[01m[Ktum_ics_ur_robot_lli::RobotControllers::JointSpaceController_1::JointSpaceController_1(double, const QString&)[m[Kâ€™:
[01m[K/home/gin/ros/workspaces/final/src/tum_ics_ur10_controller_tutorial/src/jointspace_controller.cpp:311:7:[m[K [01;31m[Kerror: [m[Kâ€˜[01m[KTheta[m[Kâ€™ was not declared in this scope; did you mean â€˜[01m[KTheta_[m[Kâ€™?
  311 |       [01;31m[KTheta[m[K = calc_Theta();
      |       [01;31m[K^~~~~[m[K
      |       [32m[KTheta_[m[K
[01m[K/home/gin/ros/workspaces/final/src/tum_ics_ur10_controller_tutorial/src/jointspace_controller.cpp:312:7:[m[K [01;31m[Kerror: [m[Kâ€˜[01m[KTheta_hat[m[Kâ€™ was not declared in this scope; did you mean â€˜[01m[KTheta_hat_[m[Kâ€™?
  312 |       [01;31m[KTheta_hat[m[K = Theta;
      |       [01;31m[K^~~~~~~~~[m[K
      |       [32m[KTheta_hat_[m[K
make[2]: *** [CMakeFiles/ur10_control.dir/build.make:63: CMakeFiles/ur10_control.dir/src/jointspace_controller.cpp.o] Error 1
make[1]: *** [CMakeFiles/Makefile2:1905: CMakeFiles/ur10_control.dir/all] Error 2
make: *** [Makefile:141: all] Error 2
