[01m[K/home/gin/ros/workspaces/final/src/tum_ics_ur10_controller_tutorial/src/jointspace_controller.cpp:[m[K In member function â€˜[01m[Kstd::vector<Eigen::Matrix<double, 3, 1> > tum_ics_ur_robot_lli::RobotControllers::JointSpaceController_1::distances_to_j_joint(Tum::Vector6d, int)[m[Kâ€™:
[01m[K/home/gin/ros/workspaces/final/src/tum_ics_ur10_controller_tutorial/src/jointspace_controller.cpp:800:54:[m[K [01;31m[Kerror: [m[Kexpected â€˜[01m[K;[m[Kâ€™ before â€˜[01m[K)[m[Kâ€™ token
  800 |       for (int i = 0; i < obstacle_poses_.size(), i++[01;31m[K)[m[K {
      |                                                      [01;31m[K^[m[K
      |                                                      [32m[K;[m[K
[01m[K/home/gin/ros/workspaces/final/src/tum_ics_ur10_controller_tutorial/src/jointspace_controller.cpp:801:9:[m[K [01;31m[Kerror: [m[Kâ€˜[01m[Kmulti_dj_0[m[Kâ€™ was not declared in this scope
  801 |         [01;31m[Kmulti_dj_0[m[K.push_back(distance_to_j_joint(Q, j, i));
      |         [01;31m[K^~~~~~~~~~[m[K
[01m[K/home/gin/ros/workspaces/final/src/tum_ics_ur10_controller_tutorial/src/jointspace_controller.cpp:808:14:[m[K [01;31m[Kerror: [m[Kâ€˜[01m[Kmulti_dj_0[m[Kâ€™ was not declared in this scope
  808 |       return [01;31m[Kmulti_dj_0[m[K;
      |              [01;31m[K^~~~~~~~~~[m[K
make[2]: *** [CMakeFiles/ur10_control.dir/build.make:63: CMakeFiles/ur10_control.dir/src/jointspace_controller.cpp.o] Error 1
make[1]: *** [CMakeFiles/Makefile2:2045: CMakeFiles/ur10_control.dir/all] Error 2
make: *** [Makefile:141: all] Error 2
