[01m[K/home/gin/ros/workspaces/final/src/tum_ics_ur10_controller_tutorial/src/jointspace_controller.cpp:[m[K In member function â€˜[01m[Kvirtual Tum::Vector6d tum_ics_ur_robot_lli::RobotControllers::JointSpaceController_1::update(const tum_ics_ur_robot_lli::RobotTime&, const tum_ics_ur_robot_lli::JointState&)[m[Kâ€™:
[01m[K/home/gin/ros/workspaces/final/src/tum_ics_ur10_controller_tutorial/src/jointspace_controller.cpp:539:7:[m[K [01;31m[Kerror: [m[Kexpected â€˜[01m[K,[m[Kâ€™ or â€˜[01m[K;[m[Kâ€™ before â€˜[01m[KQuaterniond[m[Kâ€™
  539 |       [01;31m[KQuaterniond[m[K ef_k(T_ef.rotation());
      |       [01;31m[K^~~~~~~~~~~[m[K
[01m[K/home/gin/ros/workspaces/final/src/tum_ics_ur10_controller_tutorial/src/jointspace_controller.cpp:553:38:[m[K [01;31m[Kerror: [m[Kâ€˜[01m[Kef_k[m[Kâ€™ was not declared in this scope; did you mean â€˜[01m[Kef_v[m[Kâ€™?
  553 |       marker_ef.pose.orientation.x = [01;31m[Kef_k[m[K.x();
      |                                      [01;31m[K^~~~[m[K
      |                                      [32m[Kef_v[m[K
make[2]: *** [CMakeFiles/ur10_control.dir/build.make:63: CMakeFiles/ur10_control.dir/src/jointspace_controller.cpp.o] Error 1
make[1]: *** [CMakeFiles/Makefile2:2045: CMakeFiles/ur10_control.dir/all] Error 2
make: *** [Makefile:141: all] Error 2
