[01m[K/home/gin/ros/workspaces/final/src/tum_ics_ur10_controller_tutorial/src/jointspace_controller.cpp:[m[K In member function â€˜[01m[KTum::Vector6d tum_ics_ur_robot_lli::RobotControllers::JointSpaceController_1::joint_control(const tum_ics_ur_robot_lli::RobotTime&, double)[m[Kâ€™:
[01m[K/home/gin/ros/workspaces/final/src/tum_ics_ur10_controller_tutorial/src/jointspace_controller.cpp:595:18:[m[K [01;31m[Kerror: [m[Kâ€˜[01m[KQ[m[Kâ€™ was not declared in this scope; did you mean â€˜[01m[KQt[m[Kâ€™?
  595 |         Qinit_ = [01;31m[KQ[m[K;
      |                  [01;31m[K^[m[K
      |                  [32m[KQt[m[K
[01m[K/home/gin/ros/workspaces/final/src/tum_ics_ur10_controller_tutorial/src/jointspace_controller.cpp:621:17:[m[K [01;31m[Kerror: [m[Kâ€˜[01m[KQ[m[Kâ€™ was not declared in this scope; did you mean â€˜[01m[KQt[m[Kâ€™?
  621 |       DeltaQ_ = [01;31m[KQ[m[K - Qd;
      |                 [01;31m[K^[m[K
      |                 [32m[KQt[m[K
[01m[K/home/gin/ros/workspaces/final/src/tum_ics_ur10_controller_tutorial/src/jointspace_controller.cpp:622:18:[m[K [01;31m[Kerror: [m[Kâ€˜[01m[KQp[m[Kâ€™ was not declared in this scope; did you mean â€˜[01m[KQt[m[Kâ€™?
  622 |       DeltaQp_ = [01;31m[KQp[m[K - Qdp;
      |                  [01;31m[K^~[m[K
      |                  [32m[KQt[m[K
[01m[K/home/gin/ros/workspaces/final/src/tum_ics_ur10_controller_tutorial/src/jointspace_controller.cpp:636:45:[m[K [01;31m[Kerror: [m[Kâ€˜[01m[KQpp[m[Kâ€™ was not declared in this scope; did you mean â€˜[01m[KQrp[m[Kâ€™?
  636 |       MatrixRegressor_1 Yr = calc_Yr(Q, Qp, [01;31m[KQpp[m[K);
      |                                             [01;31m[K^~~[m[K
      |                                             [32m[KQrp[m[K
[01m[K/home/gin/ros/workspaces/final/src/tum_ics_ur10_controller_tutorial/src/jointspace_controller.cpp:641:30:[m[K [01;31m[Kerror: [m[Kâ€˜[01m[KL[m[Kâ€™ was not declared in this scope
  641 |           Theta = calc_Theta([01;31m[KL[m[K, I, masses, g);
      |                              [01;31m[K^[m[K
[01m[K/home/gin/ros/workspaces/final/src/tum_ics_ur10_controller_tutorial/src/jointspace_controller.cpp:641:33:[m[K [01;31m[Kerror: [m[Kâ€˜[01m[KI[m[Kâ€™ was not declared in this scope
  641 |           Theta = calc_Theta(L, [01;31m[KI[m[K, masses, g);
      |                                 [01;31m[K^[m[K
[01m[K/home/gin/ros/workspaces/final/src/tum_ics_ur10_controller_tutorial/src/jointspace_controller.cpp:641:36:[m[K [01;31m[Kerror: [m[Kâ€˜[01m[Kmasses[m[Kâ€™ was not declared in this scope
  641 |           Theta = calc_Theta(L, I, [01;31m[Kmasses[m[K, g);
      |                                    [01;31m[K^~~~~~[m[K
[01m[K/home/gin/ros/workspaces/final/src/tum_ics_ur10_controller_tutorial/src/jointspace_controller.cpp:641:44:[m[K [01;31m[Kerror: [m[Kâ€˜[01m[Kg[m[Kâ€™ was not declared in this scope; did you mean â€˜[01m[KQg[m[Kâ€™?
  641 |           Theta = calc_Theta(L, I, masses, [01;31m[Kg[m[K);
      |                                            [01;31m[K^[m[K
      |                                            [32m[KQg[m[K
[01m[K/home/gin/ros/workspaces/final/src/tum_ics_ur10_controller_tutorial/src/jointspace_controller.cpp:658:7:[m[K [01;31m[Kerror: [m[Kâ€˜[01m[Ktau[m[Kâ€™ was not declared in this scope; did you mean â€˜[01m[Ktan[m[Kâ€™?
  658 |       [01;31m[Ktau[m[K = -Kd_ * Sq + Yr*Theta;
      |       [01;31m[K^~~[m[K
      |       [32m[Ktan[m[K
make[2]: *** [CMakeFiles/ur10_control.dir/build.make:63: CMakeFiles/ur10_control.dir/src/jointspace_controller.cpp.o] Error 1
make[1]: *** [CMakeFiles/Makefile2:1905: CMakeFiles/ur10_control.dir/all] Error 2
make: *** [Makefile:141: all] Error 2
