[01m[K/home/gin/ros/workspaces/final/src/tum_ics_ur10_controller_tutorial/src/jointspace_controller.cpp:[m[K In member function â€˜[01m[Kvirtual Tum::Vector6d tum_ics_ur_robot_lli::RobotControllers::JointSpaceController_1::update(const tum_ics_ur_robot_lli::RobotTime&, const tum_ics_ur_robot_lli::JointState&)[m[Kâ€™:
[01m[K/home/gin/ros/workspaces/final/src/tum_ics_ur10_controller_tutorial/src/jointspace_controller.cpp:537:28:[m[K [01;31m[Kerror: [m[Kâ€˜[01m[Kcc::HomogeneousTransformation[m[Kâ€™ {aka â€˜[01m[Kclass control_core::HomogeneousTransformation<double>[m[Kâ€™} has no member named â€˜[01m[KtopRightCorner[m[Kâ€™
  537 |       Vector3d ef_v = T_ef.[01;31m[KtopRightCorner[m[K(3,1);
      |                            [01;31m[K^~~~~~~~~~~~~~[m[K
[01m[K/home/gin/ros/workspaces/final/src/tum_ics_ur10_controller_tutorial/src/jointspace_controller.cpp:538:28:[m[K [01;31m[Kerror: [m[Kâ€˜[01m[Kcc::HomogeneousTransformation[m[Kâ€™ {aka â€˜[01m[Kclass control_core::HomogeneousTransformation<double>[m[Kâ€™} has no member named â€˜[01m[KtopLeftCorner[m[Kâ€™
  538 |       Matrix3d R_ef = T_ef.[01;31m[KtopLeftCorner[m[K(3,3);
      |                            [01;31m[K^~~~~~~~~~~~~[m[K
make[2]: *** [CMakeFiles/ur10_control.dir/build.make:63: CMakeFiles/ur10_control.dir/src/jointspace_controller.cpp.o] Error 1
make[1]: *** [CMakeFiles/Makefile2:2045: CMakeFiles/ur10_control.dir/all] Error 2
make: *** [Makefile:141: all] Error 2
