[01m[K/home/gin/ros/workspaces/final/src/tum_ics_ur10_controller_tutorial/src/jointspace_controller_1.cpp:[m[K In member function â€˜[01m[KTum::Vector6d tum_ics_ur_robot_lli::RobotControllers::JointSpaceController_1::operational_control(Tum::Vector6d, Tum::Vector6d, Tum::Vector7d, Tum::Vector6d, Tum::Vector6d)[m[Kâ€™:
[01m[K/home/gin/ros/workspaces/final/src/tum_ics_ur10_controller_tutorial/src/jointspace_controller_1.cpp:1170:78:[m[K [01;31m[Kerror: [m[Kexpected â€˜[01m[K;[m[Kâ€™ before â€˜[01m[Kplot_pose_data[m[Kâ€™
 1170 |       plot_pose_data(Xd, Xdp, Xdpp, plot_pub_pose_dest_x, plot_pub_pose_dest)
      |                                                                              [01;31m[K^[m[K
      |                                                                              [32m[K;[m[K
 1171 |       [32m[Kplot_pose_data[m[K(X, Xp, Xpp, plot_pub_pose_x, plot_pub_pose)
      |       [32m[K~~~~~~~~~~~~~~[m[K                                                          
make[2]: *** [CMakeFiles/ur10_control.dir/build.make:76: CMakeFiles/ur10_control.dir/src/jointspace_controller_1.cpp.o] Error 1
make[1]: *** [CMakeFiles/Makefile2:2045: CMakeFiles/ur10_control.dir/all] Error 2
make: *** [Makefile:141: all] Error 2
