[01m[K/home/gin/ros/workspaces/final/src/tum_ics_ur10_controller_tutorial/src/jointspace_controller.cpp:[m[K In member function â€˜[01m[Kvirtual Tum::Vector6d tum_ics_ur_robot_lli::RobotControllers::JointSpaceController_1::update(const tum_ics_ur_robot_lli::RobotTime&, const tum_ics_ur_robot_lli::JointState&)[m[Kâ€™:
[01m[K/home/gin/ros/workspaces/final/src/tum_ics_ur10_controller_tutorial/src/jointspace_controller.cpp:566:13:[m[K [01;31m[Kerror: [m[Kâ€˜[01m[Ktum_ics_ur_robot_msgs::ControlData[m[Kâ€™ {aka â€˜[01m[Kstruct tum_ics_ur_robot_msgs::ControlData_<std::allocator<void> >[m[Kâ€™} has no member named â€˜[01m[KDqi[m[Kâ€™; did you mean â€˜[01m[KDq[m[Kâ€™?
  566 |         msg.[01;31m[KDqi[m[K[i] = DeltaQi_(i);
      |             [01;31m[K^~~[m[K
      |             [32m[KDq[m[K
make[2]: *** [CMakeFiles/ur10_control.dir/build.make:63: CMakeFiles/ur10_control.dir/src/jointspace_controller.cpp.o] Error 1
make[1]: *** [CMakeFiles/Makefile2:1905: CMakeFiles/ur10_control.dir/all] Error 2
make: *** [Makefile:141: all] Error 2
