[01m[K/home/gin/ros/workspaces/final/src/tum_ics_ur10_controller_tutorial/src/jointspace_controller.cpp:[m[K In member function â€˜[01m[KTum::Vector6d tum_ics_ur_robot_lli::RobotControllers::JointSpaceController_1::operational_control(Tum::Vector6d, Tum::Vector6d, Tum::Vector6d, double, double, const tum_ics_ur_robot_lli::RobotTime&)[m[Kâ€™:
[01m[K/home/gin/ros/workspaces/final/src/tum_ics_ur10_controller_tutorial/src/jointspace_controller.cpp:573:7:[m[K [01;31m[Kerror: [m[Kâ€˜[01m[KVectord[m[Kâ€™ was not declared in this scope; did you mean â€˜[01m[KQVector[m[Kâ€™?
  573 |       [01;31m[KVectord[m[K Xdp_v;
      |       [01;31m[K^~~~~~~[m[K
      |       [32m[KQVector[m[K
[01m[K/home/gin/ros/workspaces/final/src/tum_ics_ur10_controller_tutorial/src/jointspace_controller.cpp:574:7:[m[K [01;31m[Kerror: [m[Kâ€˜[01m[KXdp_v[m[Kâ€™ was not declared in this scope; did you mean â€˜[01m[KXd_v[m[Kâ€™?
  574 |       [01;31m[KXdp_v[m[K << 0,0,0;
      |       [01;31m[K^~~~~[m[K
      |       [32m[KXd_v[m[K
[01m[K/home/gin/ros/workspaces/final/src/tum_ics_ur10_controller_tutorial/src/jointspace_controller.cpp:581:25:[m[K [01;31m[Kerror: [m[Kâ€˜[01m[KX[m[Kâ€™ was not declared in this scope; did you mean â€˜[01m[Kboost::detail::function::X[m[Kâ€™?
  581 |       Vector6d DeltaX = [01;31m[KX[m[K - Xd;
      |                         [01;31m[K^[m[K
      |                         [32m[Kboost::detail::function::X[m[K
In file included from [01m[K/usr/include/boost/function/detail/prologue.hpp:17[m[K,
                 from [01m[K/usr/include/boost/function.hpp:30[m[K,
                 from [01m[K/opt/ros/noetic/include/ros/forwards.h:40[m[K,
                 from [01m[K/opt/ros/noetic/include/ros/common.h:37[m[K,
                 from [01m[K/opt/ros/noetic/include/ros/ros.h:43[m[K,
                 from [01m[K/opt/ros/noetic/include/tum_ics_ur_robot_lli/RobotTime.h:10[m[K,
                 from [01m[K/opt/ros/noetic/include/tum_ics_ur_robot_lli/RobotControllers/Controller.h:15[m[K,
                 from [01m[K/opt/ros/noetic/include/tum_ics_ur_robot_lli/RobotControllers/ControlEffort.h:4[m[K,
                 from [01m[K/home/gin/ros/workspaces/final/src/tum_ics_ur10_controller_tutorial/include/tum_ics_ur10_controller_tutorial/jointspace_controller.h:4[m[K,
                 from [01m[K/home/gin/ros/workspaces/final/src/tum_ics_ur10_controller_tutorial/src/jointspace_controller.cpp:1[m[K:
[01m[K/usr/include/boost/function/function_base.hpp:60:13:[m[K [01;36m[Knote: [m[Kâ€˜[01m[Kboost::detail::function::X[m[Kâ€™ declared here
   60 |       class [01;36m[KX[m[K;
      |             [01;36m[K^[m[K
[01m[K/home/gin/ros/workspaces/final/src/tum_ics_ur10_controller_tutorial/src/jointspace_controller.cpp:581:29:[m[K [01;31m[Kerror: [m[Kâ€˜[01m[KXd[m[Kâ€™ was not declared in this scope; did you mean â€˜[01m[Kkd[m[Kâ€™?
  581 |       Vector6d DeltaX = X - [01;31m[KXd[m[K;
      |                             [01;31m[K^~[m[K
      |                             [32m[Kkd[m[K
[01m[K/home/gin/ros/workspaces/final/src/tum_ics_ur10_controller_tutorial/src/jointspace_controller.cpp:582:26:[m[K [01;31m[Kerror: [m[Kâ€˜[01m[KXp[m[Kâ€™ was not declared in this scope; did you mean â€˜[01m[KQp[m[Kâ€™?
  582 |       Vector6d DeltaXp = [01;31m[KXp[m[K - Xdp;
      |                          [01;31m[K^~[m[K
      |                          [32m[KQp[m[K
[01m[K/home/gin/ros/workspaces/final/src/tum_ics_ur10_controller_tutorial/src/jointspace_controller.cpp:582:31:[m[K [01;31m[Kerror: [m[Kâ€˜[01m[KXdp[m[Kâ€™ was not declared in this scope
  582 |       Vector6d DeltaXp = Xp - [01;31m[KXdp[m[K;
      |                               [01;31m[K^~~[m[K
make[2]: *** [CMakeFiles/ur10_control.dir/build.make:63: CMakeFiles/ur10_control.dir/src/jointspace_controller.cpp.o] Error 1
make[1]: *** [CMakeFiles/Makefile2:1905: CMakeFiles/ur10_control.dir/all] Error 2
make: *** [Makefile:141: all] Error 2
