[01m[K/home/gin/ros/workspaces/final/src/tum_ics_ur10_controller_tutorial/src/jointspace_controller.cpp:[m[K In member function â€˜[01m[KTum::Vector6d tum_ics_ur_robot_lli::RobotControllers::JointSpaceController_1::operational_control_tracking(Tum::Vector6d, Tum::Vector6d, Tum::Vector6d, double, double, const tum_ics_ur_robot_lli::RobotTime&)[m[Kâ€™:
[01m[K/home/gin/ros/workspaces/final/src/tum_ics_ur10_controller_tutorial/src/jointspace_controller.cpp:916:16:[m[K [01;31m[Kerror: [m[Kâ€˜[01m[Kkm[m[Kâ€™ was not declared in this scope; did you mean â€˜[01m[Kke[m[Kâ€™?
  916 |       vis_pose([01;31m[Kkm[m[K, vm, "world", vis_pub_m);
      |                [01;31m[K^~[m[K
      |                [32m[Kke[m[K
[01m[K/home/gin/ros/workspaces/final/src/tum_ics_ur10_controller_tutorial/src/jointspace_controller.cpp:916:20:[m[K [01;31m[Kerror: [m[Kâ€˜[01m[Kvm[m[Kâ€™ was not declared in this scope; did you mean â€˜[01m[Ktm[m[Kâ€™?
  916 |       vis_pose(km, [01;31m[Kvm[m[K, "world", vis_pub_m);
      |                    [01;31m[K^~[m[K
      |                    [32m[Ktm[m[K
make[2]: *** [CMakeFiles/ur10_control.dir/build.make:63: CMakeFiles/ur10_control.dir/src/jointspace_controller.cpp.o] Error 1
make[1]: *** [CMakeFiles/Makefile2:2045: CMakeFiles/ur10_control.dir/all] Error 2
make: *** [Makefile:141: all] Error 2
