[01m[K/home/gin/ros/workspaces/final/src/tum_ics_ur10_controller_tutorial/src/jointspace_controller.cpp:[m[K In lambda function:
[01m[K/home/gin/ros/workspaces/final/src/tum_ics_ur10_controller_tutorial/src/jointspace_controller.cpp:200:44:[m[K [01;31m[Kerror: [m[Kexpected â€˜[01m[K{[m[Kâ€™ before â€˜[01m[K;[m[Kâ€™ token
  200 |       Vector6d Q = [q1, q2 ,q3, q4, q5, q6][01;31m[K;[m[K
      |                                            [01;31m[K^[m[K
[01m[K/home/gin/ros/workspaces/final/src/tum_ics_ur10_controller_tutorial/src/jointspace_controller.cpp:[m[K In member function â€˜[01m[Kvirtual Tum::Vector6d tum_ics_ur_robot_lli::RobotControllers::JointSpaceController_1::update(const tum_ics_ur_robot_lli::RobotTime&, const tum_ics_ur_robot_lli::JointState&)[m[Kâ€™:
[01m[K/home/gin/ros/workspaces/final/src/tum_ics_ur10_controller_tutorial/src/jointspace_controller.cpp:200:44:[m[K [01;31m[Kerror: [m[Kconversion from â€˜[01m[Ktum_ics_ur_robot_lli::RobotControllers::JointSpaceController_1::update(const tum_ics_ur_robot_lli::RobotTime&, const tum_ics_ur_robot_lli::JointState&)::<lambda()>[m[Kâ€™ to non-scalar type â€˜[01m[KTum::Vector6d[m[Kâ€™ {aka â€˜[01m[KEigen::Matrix<double, 6, 1>[m[Kâ€™} requested
[01m[K/home/gin/ros/workspaces/final/src/tum_ics_ur10_controller_tutorial/src/jointspace_controller.cpp:284:30:[m[K [01;31m[Kerror: [m[Kâ€˜[01m[KQp[m[Kâ€™ was not declared in this scope; did you mean â€˜[01m[KQt[m[Kâ€™?
  284 |       Matrix6d M = calc_M(Q, [01;31m[KQp[m[K, L, I);
      |                              [01;31m[K^~[m[K
      |                              [32m[KQt[m[K
[01m[K/home/gin/ros/workspaces/final/src/tum_ics_ur10_controller_tutorial/src/jointspace_controller.cpp:284:34:[m[K [01;31m[Kerror: [m[Kâ€˜[01m[KL[m[Kâ€™ was not declared in this scope
  284 |       Matrix6d M = calc_M(Q, Qp, [01;31m[KL[m[K, I);
      |                                  [01;31m[K^[m[K
[01m[K/home/gin/ros/workspaces/final/src/tum_ics_ur10_controller_tutorial/src/jointspace_controller.cpp:284:37:[m[K [01;31m[Kerror: [m[Kâ€˜[01m[KI[m[Kâ€™ was not declared in this scope
  284 |       Matrix6d M = calc_M(Q, Qp, L, [01;31m[KI[m[K);
      |                                     [01;31m[K^[m[K
make[2]: *** [CMakeFiles/ur10_control.dir/build.make:63: CMakeFiles/ur10_control.dir/src/jointspace_controller.cpp.o] Error 1
make[1]: *** [CMakeFiles/Makefile2:1831: CMakeFiles/ur10_control.dir/all] Error 2
make: *** [Makefile:141: all] Error 2
