[01m[K/home/gin/ros/workspaces/final/src/tum_ics_ur10_controller_tutorial/src/jointspace_controller.cpp:[m[K In constructor â€˜[01m[Ktum_ics_ur_robot_lli::RobotControllers::JointSpaceController_1::JointSpaceController_1(double, const QString&)[m[Kâ€™:
[01m[K/home/gin/ros/workspaces/final/src/tum_ics_ur10_controller_tutorial/src/jointspace_controller.cpp:225:16:[m[K [01;31m[Kerror: [m[Kâ€˜[01m[Kcalc_Theta[m[Kâ€™ was not declared in this scope
  225 |       Theta_ = [01;31m[Kcalc_Theta[m[K();
      |                [01;31m[K^~~~~~~~~~[m[K
[01m[K/home/gin/ros/workspaces/final/src/tum_ics_ur10_controller_tutorial/src/jointspace_controller.cpp:[m[K In member function â€˜[01m[KTum::Vector6d tum_ics_ur_robot_lli::RobotControllers::JointSpaceController_1::joint_control(Tum::Vector6d, Tum::Vector6d, Tum::Vector6d, double, double, const tum_ics_ur_robot_lli::RobotTime&)[m[Kâ€™:
[01m[K/home/gin/ros/workspaces/final/src/tum_ics_ur10_controller_tutorial/src/jointspace_controller.cpp:640:13:[m[K [01;31m[Kerror: [m[Kâ€˜[01m[Kcalc_Yr[m[Kâ€™ was not declared in this scope
  640 |       Yr_ = [01;31m[Kcalc_Yr[m[K(Yr_, Q, Qp, Qrp, Qrpp);
      |             [01;31m[K^~~~~~~[m[K
[01m[K/home/gin/ros/workspaces/final/src/tum_ics_ur10_controller_tutorial/src/jointspace_controller.cpp:[m[K In member function â€˜[01m[KTum::Vector6d tum_ics_ur_robot_lli::RobotControllers::JointSpaceController_1::operational_control(Tum::Vector6d, Tum::Vector6d, Tum::Vector6d, double, double, const tum_ics_ur_robot_lli::RobotTime&)[m[Kâ€™:
[01m[K/home/gin/ros/workspaces/final/src/tum_ics_ur10_controller_tutorial/src/jointspace_controller.cpp:784:21:[m[K [01;31m[Kerror: [m[Kâ€˜[01m[Kmodle[m[Kâ€™ was not declared in this scope; did you mean â€˜[01m[Kmodel[m[Kâ€™?
  784 |       Matrix6d Js = [01;31m[Kmodle[m[K.Jp_ef_0(Q, Qp);
      |                     [01;31m[K^~~~~[m[K
      |                     [32m[Kmodel[m[K
[01m[K/home/gin/ros/workspaces/final/src/tum_ics_ur10_controller_tutorial/src/jointspace_controller.cpp:786:13:[m[K [01;31m[Kerror: [m[Kâ€˜[01m[Kcalc_Yr[m[Kâ€™ was not declared in this scope
  786 |       Yr_ = [01;31m[Kcalc_Yr[m[K(Yr_, Q, Qp, Qrp, Qrpp);
      |             [01;31m[K^~~~~~~[m[K
make[2]: *** [CMakeFiles/ur10_control.dir/build.make:63: CMakeFiles/ur10_control.dir/src/jointspace_controller.cpp.o] Error 1
make[1]: *** [CMakeFiles/Makefile2:2045: CMakeFiles/ur10_control.dir/all] Error 2
make: *** [Makefile:141: all] Error 2
