[01m[K/home/gin/ros/workspaces/final/src/tum_ics_ur10_controller_tutorial/src/jointspace_controller.cpp:[m[K In function â€˜[01m[KEigen::Vector3d tum_ics_ur_robot_lli::RobotControllers::calc_repel_force(double)[m[Kâ€™:
[01m[K/home/gin/ros/workspaces/final/src/tum_ics_ur10_controller_tutorial/src/jointspace_controller.cpp:722:45:[m[K [01;31m[Kerror: [m[Kâ€˜[01m[Kmodel_[m[Kâ€™ was not declared in this scope; did you mean â€˜[01m[Kmode_t[m[Kâ€™?
  722 |       cc::HomogeneousTransformation T_j_0 = [01;31m[Kmodel_[m[K.T_j_0(Q,j);
      |                                             [01;31m[K^~~~~~[m[K
      |                                             [32m[Kmode_t[m[K
[01m[K/home/gin/ros/workspaces/final/src/tum_ics_ur10_controller_tutorial/src/jointspace_controller.cpp:722:58:[m[K [01;31m[Kerror: [m[Kâ€˜[01m[KQ[m[Kâ€™ was not declared in this scope; did you mean â€˜[01m[KQt[m[Kâ€™?
  722 |       cc::HomogeneousTransformation T_j_0 = model_.T_j_0([01;31m[KQ[m[K,j);
      |                                                          [01;31m[K^[m[K
      |                                                          [32m[KQt[m[K
[01m[K/home/gin/ros/workspaces/final/src/tum_ics_ur10_controller_tutorial/src/jointspace_controller.cpp:722:60:[m[K [01;31m[Kerror: [m[Kâ€˜[01m[Kj[m[Kâ€™ was not declared in this scope; did you mean â€˜[01m[Kjn[m[Kâ€™?
  722 |       cc::HomogeneousTransformation T_j_0 = model_.T_j_0(Q,[01;31m[Kj[m[K);
      |                                                            [01;31m[K^[m[K
      |                                                            [32m[Kjn[m[K
[01m[K/home/gin/ros/workspaces/final/src/tum_ics_ur10_controller_tutorial/src/jointspace_controller.cpp:725:27:[m[K [01;31m[Kerror: [m[Kâ€˜[01m[Kobstacle_pos_[m[Kâ€™ was not declared in this scope; did you mean â€˜[01m[Kobstacle_pos_w_h[m[Kâ€™?
  725 |       obstacle_pos_w_h << [01;31m[Kobstacle_pos_[m[K, 1;
      |                           [01;31m[K^~~~~~~~~~~~~[m[K
      |                           [32m[Kobstacle_pos_w_h[m[K
[01m[K/home/gin/ros/workspaces/final/src/tum_ics_ur10_controller_tutorial/src/jointspace_controller.cpp:747:53:[m[K [01;31m[Kerror: [m[Kâ€˜[01m[Kvis_pub_obstacle[m[Kâ€™ was not declared in this scope
  747 |       vis_pose(k, obstacle_pos_0, "dh_arm_joint_0", [01;31m[Kvis_pub_obstacle[m[K);
      |                                                     [01;31m[K^~~~~~~~~~~~~~~~[m[K
make[2]: *** [CMakeFiles/ur10_control.dir/build.make:63: CMakeFiles/ur10_control.dir/src/jointspace_controller.cpp.o] Error 1
make[1]: *** [CMakeFiles/Makefile2:2045: CMakeFiles/ur10_control.dir/all] Error 2
make: *** [Makefile:141: all] Error 2
